[ 2017-09-24T11:03:25+08:00 ] 127.0.0.1 /peoplecar/index.php?s=/Mobile/Regus/testid.html
INFO: [ app_init ] --START--
INFO: Run Behavior\BuildLiteBehavior [ RunTime:0.000000s ]
INFO: [ app_init ] --END-- [ RunTime:0.000000s ]
INFO: [ app_begin ] --START--
INFO: Run Behavior\ReadHtmlCacheBehavior [ RunTime:0.001000s ]
INFO: [ app_begin ] --END-- [ RunTime:0.001000s ]
SQL: SHOW COLUMNS FROM `syd_user` [ RunTime:0.0330s ]
SQL: SELECT * FROM `syd_user` WHERE ( account='admin' ) LIMIT 1   [ RunTime:0.0010s ]

[ 2017-09-24T11:03:25+08:00 ] 127.0.0.1 /peoplecar/index.php?s=/Mobile/Index/copyPageTwo.html
INFO: [ app_init ] --START--
INFO: Run Behavior\BuildLiteBehavior [ RunTime:0.000000s ]
INFO: [ app_init ] --END-- [ RunTime:0.000000s ]
INFO: [ app_begin ] --START--
INFO: Run Behavior\ReadHtmlCacheBehavior [ RunTime:0.001000s ]
INFO: [ app_begin ] --END-- [ RunTime:0.001000s ]
SQL: SHOW COLUMNS FROM `syd_user` [ RunTime:0.0370s ]
SQL: SELECT * FROM `syd_user` WHERE ( userid=1 ) LIMIT 1   [ RunTime:0.0010s ]
INFO: [ view_parse ] --START--
INFO: [ template_filter ] --START--
INFO: Run Behavior\ContentReplaceBehavior [ RunTime:0.000000s ]
INFO: [ template_filter ] --END-- [ RunTime:0.000000s ]
NOTIC: [8] Undefined index: m D:\xampp\htdocs\peoplecar\ThinkPHP\Common\functions.php 第 977 行.
NOTIC: [8] Undefined index: m D:\xampp\htdocs\peoplecar\ThinkPHP\Common\functions.php 第 977 行.
NOTIC: [8] Undefined index: m D:\xampp\htdocs\peoplecar\ThinkPHP\Common\functions.php 第 977 行.
NOTIC: [8] Undefined index: m D:\xampp\htdocs\peoplecar\ThinkPHP\Common\functions.php 第 977 行.
NOTIC: [8] Undefined index: m D:\xampp\htdocs\peoplecar\ThinkPHP\Common\functions.php 第 977 行.
NOTIC: [8] Undefined index: m D:\xampp\htdocs\peoplecar\ThinkPHP\Common\functions.php 第 977 行.
NOTIC: [8] Undefined index: m D:\xampp\htdocs\peoplecar\ThinkPHP\Common\functions.php 第 977 行.
NOTIC: [8] Undefined index: m D:\xampp\htdocs\peoplecar\ThinkPHP\Common\functions.php 第 977 行.
NOTIC: [8] Undefined index: m D:\xampp\htdocs\peoplecar\ThinkPHP\Common\functions.php 第 977 行.
NOTIC: [8] Undefined index: m D:\xampp\htdocs\peoplecar\ThinkPHP\Common\functions.php 第 977 行.
NOTIC: [8] Undefined index: m D:\xampp\htdocs\peoplecar\ThinkPHP\Common\functions.php 第 977 行.
NOTIC: [8] Undefined index: m D:\xampp\htdocs\peoplecar\ThinkPHP\Common\functions.php 第 977 行.
NOTIC: [8] Undefined index: m D:\xampp\htdocs\peoplecar\ThinkPHP\Common\functions.php 第 977 行.
NOTIC: [8] Undefined index: m D:\xampp\htdocs\peoplecar\ThinkPHP\Common\functions.php 第 977 行.
NOTIC: [8] Undefined index: m D:\xampp\htdocs\peoplecar\ThinkPHP\Common\functions.php 第 977 行.
NOTIC: [8] Undefined index: m D:\xampp\htdocs\peoplecar\ThinkPHP\Common\functions.php 第 977 行.
NOTIC: [8] Undefined index: m D:\xampp\htdocs\peoplecar\ThinkPHP\Common\functions.php 第 977 行.
INFO: Run Behavior\ParseTemplateBehavior [ RunTime:0.023001s ]
INFO: [ view_parse ] --END-- [ RunTime:0.023001s ]
INFO: [ view_filter ] --START--
INFO: Run Behavior\WriteHtmlCacheBehavior [ RunTime:0.000000s ]
INFO: [ view_filter ] --END-- [ RunTime:0.000000s ]
INFO: [ app_end ] --START--
INFO: Run Behavior\ShowPageTraceBehavior [ RunTime:0.001000s ]
INFO: [ app_end ] --END-- [ RunTime:0.001000s ]

[ 2017-09-24T11:15:46+08:00 ] 127.0.0.1 /peoplecar/index.php?s=/Index/user_register.html
INFO: [ app_init ] --START--
INFO: Run Behavior\BuildLiteBehavior [ RunTime:0.000000s ]
INFO: [ app_init ] --END-- [ RunTime:0.000000s ]
INFO: [ app_begin ] --START--
INFO: Run Behavior\ReadHtmlCacheBehavior [ RunTime:0.001000s ]
INFO: [ app_begin ] --END-- [ RunTime:0.001000s ]
INFO: [ view_parse ] --START--
INFO: [ template_filter ] --START--
INFO: Run Behavior\ContentReplaceBehavior [ RunTime:0.000000s ]
INFO: [ template_filter ] --END-- [ RunTime:0.000000s ]
INFO: Run Behavior\ParseTemplateBehavior [ RunTime:0.019001s ]
INFO: [ view_parse ] --END-- [ RunTime:0.019001s ]
INFO: [ view_filter ] --START--
INFO: Run Behavior\WriteHtmlCacheBehavior [ RunTime:0.000000s ]
INFO: [ view_filter ] --END-- [ RunTime:0.000000s ]
INFO: [ app_end ] --START--
INFO: Run Behavior\ShowPageTraceBehavior [ RunTime:0.001000s ]
INFO: [ app_end ] --END-- [ RunTime:0.001000s ]

[ 2017-09-24T11:16:42+08:00 ] 127.0.0.1 /peoplecar/index.php?s=/Mobile/Index/register.html
INFO: [ app_init ] --START--
INFO: Run Behavior\BuildLiteBehavior [ RunTime:0.000000s ]
INFO: [ app_init ] --END-- [ RunTime:0.001000s ]
INFO: [ app_begin ] --START--
INFO: Run Behavior\ReadHtmlCacheBehavior [ RunTime:0.001000s ]
INFO: [ app_begin ] --END-- [ RunTime:0.001000s ]
SQL: SHOW COLUMNS FROM `syd_user` [ RunTime:0.0370s ]
SQL: SELECT `userid` FROM `syd_user` WHERE ( account='admin' ) LIMIT 1   [ RunTime:0.0010s ]
SQL: SELECT * FROM `syd_user` WHERE ( account='adminc' ) LIMIT 1   [ RunTime:0.0000s ]
SQL: SELECT * FROM `syd_user` WHERE ( phone='13608524512' ) LIMIT 1   [ RunTime:0.0000s ]
SQL: INSERT INTO `syd_user` (`account`,`username`,`identity_card`,`phone`,`parent_id`,`salt`,`password`,`safety_salt`,`paypassword`,`lockuser`,`leve`,`time`) VALUES ('adminc','测试数据添加','123456779123456','13608524512','1','8fd','00a0e9863fa272f26edf8d491159bfdd','8fd','00a0e9863fa272f26edf8d491159bfdd','1','1','1506223002') [ RunTime:0.0000s ]
SQL: SELECT `userid` FROM `syd_user` WHERE ( account='adminc' ) LIMIT 1   [ RunTime:0.0000s ]
SQL: SHOW COLUMNS FROM `syd_store` [ RunTime:0.0390s ]
SQL: INSERT INTO `syd_store` (`uid`) VALUES ('5') [ RunTime:0.0050s ]
NOTIC: [8] Undefined index: m D:\xampp\htdocs\peoplecar\ThinkPHP\Common\functions.php 第 977 行.

[ 2017-09-24T11:16:48+08:00 ] 127.0.0.1 /peoplecar/index.php?s=/Index/copyPageTwo.html
INFO: [ app_init ] --START--
INFO: Run Behavior\BuildLiteBehavior [ RunTime:0.000000s ]
INFO: [ app_init ] --END-- [ RunTime:0.000000s ]
INFO: [ app_begin ] --START--
INFO: Run Behavior\ReadHtmlCacheBehavior [ RunTime:0.001000s ]
INFO: [ app_begin ] --END-- [ RunTime:0.001000s ]
SQL: SHOW COLUMNS FROM `syd_user` [ RunTime:0.0360s ]
SQL: SELECT * FROM `syd_user` WHERE ( userid=1 ) LIMIT 1   [ RunTime:0.0010s ]
INFO: [ view_parse ] --START--
INFO: [ template_filter ] --START--
INFO: Run Behavior\ContentReplaceBehavior [ RunTime:0.000000s ]
INFO: [ template_filter ] --END-- [ RunTime:0.000000s ]
NOTIC: [8] Undefined index: m D:\xampp\htdocs\peoplecar\ThinkPHP\Common\functions.php 第 977 行.
NOTIC: [8] Undefined index: m D:\xampp\htdocs\peoplecar\ThinkPHP\Common\functions.php 第 977 行.
NOTIC: [8] Undefined index: m D:\xampp\htdocs\peoplecar\ThinkPHP\Common\functions.php 第 977 行.
NOTIC: [8] Undefined index: m D:\xampp\htdocs\peoplecar\ThinkPHP\Common\functions.php 第 977 行.
NOTIC: [8] Undefined index: m D:\xampp\htdocs\peoplecar\ThinkPHP\Common\functions.php 第 977 行.
NOTIC: [8] Undefined index: m D:\xampp\htdocs\peoplecar\ThinkPHP\Common\functions.php 第 977 行.
NOTIC: [8] Undefined index: m D:\xampp\htdocs\peoplecar\ThinkPHP\Common\functions.php 第 977 行.
NOTIC: [8] Undefined index: m D:\xampp\htdocs\peoplecar\ThinkPHP\Common\functions.php 第 977 行.
NOTIC: [8] Undefined index: m D:\xampp\htdocs\peoplecar\ThinkPHP\Common\functions.php 第 977 行.
NOTIC: [8] Undefined index: m D:\xampp\htdocs\peoplecar\ThinkPHP\Common\functions.php 第 977 行.
NOTIC: [8] Undefined index: m D:\xampp\htdocs\peoplecar\ThinkPHP\Common\functions.php 第 977 行.
NOTIC: [8] Undefined index: m D:\xampp\htdocs\peoplecar\ThinkPHP\Common\functions.php 第 977 行.
NOTIC: [8] Undefined index: m D:\xampp\htdocs\peoplecar\ThinkPHP\Common\functions.php 第 977 行.
NOTIC: [8] Undefined index: m D:\xampp\htdocs\peoplecar\ThinkPHP\Common\functions.php 第 977 行.
NOTIC: [8] Undefined index: m D:\xampp\htdocs\peoplecar\ThinkPHP\Common\functions.php 第 977 行.
NOTIC: [8] Undefined index: m D:\xampp\htdocs\peoplecar\ThinkPHP\Common\functions.php 第 977 行.
NOTIC: [8] Undefined index: m D:\xampp\htdocs\peoplecar\ThinkPHP\Common\functions.php 第 977 行.
INFO: Run Behavior\ParseTemplateBehavior [ RunTime:0.019001s ]
INFO: [ view_parse ] --END-- [ RunTime:0.019001s ]
INFO: [ view_filter ] --START--
INFO: Run Behavior\WriteHtmlCacheBehavior [ RunTime:0.001000s ]
INFO: [ view_filter ] --END-- [ RunTime:0.001000s ]
INFO: [ app_end ] --START--
INFO: Run Behavior\ShowPageTraceBehavior [ RunTime:0.001000s ]
INFO: [ app_end ] --END-- [ RunTime:0.001000s ]

