[ 2017-10-18T13:24:11+08:00 ] ::1 /peoplecar/
INFO: [ app_init ] --START--
INFO: Run Behavior\BuildLiteBehavior [ RunTime:0.000000s ]
INFO: [ app_init ] --END-- [ RunTime:0.001000s ]
INFO: [ app_begin ] --START--
INFO: Run Behavior\ReadHtmlCacheBehavior [ RunTime:0.001000s ]
INFO: [ app_begin ] --END-- [ RunTime:0.001000s ]
NOTIC: [8] Undefined index: m D:\xampp\htdocs\peoplecar\ThinkPHP\Common\functions.php 第 977 行.

[ 2017-10-18T13:24:11+08:00 ] ::1 /peoplecar/index.php?s=/Regus/login.html
INFO: [ app_init ] --START--
INFO: Run Behavior\BuildLiteBehavior [ RunTime:0.000000s ]
INFO: [ app_init ] --END-- [ RunTime:0.000000s ]
INFO: [ app_begin ] --START--
INFO: Run Behavior\ReadHtmlCacheBehavior [ RunTime:0.001001s ]
INFO: [ app_begin ] --END-- [ RunTime:0.001001s ]
INFO: [ view_parse ] --START--
INFO: [ template_filter ] --START--
INFO: Run Behavior\ContentReplaceBehavior [ RunTime:0.000000s ]
INFO: [ template_filter ] --END-- [ RunTime:0.000000s ]
INFO: Run Behavior\ParseTemplateBehavior [ RunTime:0.010000s ]
INFO: [ view_parse ] --END-- [ RunTime:0.010000s ]
INFO: [ view_filter ] --START--
INFO: Run Behavior\WriteHtmlCacheBehavior [ RunTime:0.001000s ]
INFO: [ view_filter ] --END-- [ RunTime:0.001000s ]
INFO: [ app_end ] --START--
INFO: Run Behavior\ShowPageTraceBehavior [ RunTime:0.001000s ]
INFO: [ app_end ] --END-- [ RunTime:0.001000s ]

[ 2017-10-18T13:24:15+08:00 ] ::1 /peoplecar/index.php?s=/Regus/login.html
INFO: [ app_init ] --START--
INFO: Run Behavior\BuildLiteBehavior [ RunTime:0.000000s ]
INFO: [ app_init ] --END-- [ RunTime:0.001000s ]
INFO: [ app_begin ] --START--
INFO: Run Behavior\ReadHtmlCacheBehavior [ RunTime:0.001000s ]
INFO: [ app_begin ] --END-- [ RunTime:0.001000s ]
INFO: [ view_parse ] --START--
INFO: [ template_filter ] --START--
INFO: Run Behavior\ContentReplaceBehavior [ RunTime:0.000000s ]
INFO: [ template_filter ] --END-- [ RunTime:0.000000s ]
INFO: Run Behavior\ParseTemplateBehavior [ RunTime:0.012000s ]
INFO: [ view_parse ] --END-- [ RunTime:0.012000s ]
INFO: [ view_filter ] --START--
INFO: Run Behavior\WriteHtmlCacheBehavior [ RunTime:0.000000s ]
INFO: [ view_filter ] --END-- [ RunTime:0.000000s ]
INFO: [ app_end ] --START--
INFO: Run Behavior\ShowPageTraceBehavior [ RunTime:0.001000s ]
INFO: [ app_end ] --END-- [ RunTime:0.001000s ]

[ 2017-10-18T13:24:17+08:00 ] ::1 /peoplecar/index.php?s=/Regus/login.html
INFO: [ app_init ] --START--
INFO: Run Behavior\BuildLiteBehavior [ RunTime:0.000000s ]
INFO: [ app_init ] --END-- [ RunTime:0.001000s ]
INFO: [ app_begin ] --START--
INFO: Run Behavior\ReadHtmlCacheBehavior [ RunTime:0.001000s ]
INFO: [ app_begin ] --END-- [ RunTime:0.001000s ]
INFO: [ view_parse ] --START--
INFO: [ template_filter ] --START--
INFO: Run Behavior\ContentReplaceBehavior [ RunTime:0.000000s ]
INFO: [ template_filter ] --END-- [ RunTime:0.001000s ]
INFO: Run Behavior\ParseTemplateBehavior [ RunTime:0.010000s ]
INFO: [ view_parse ] --END-- [ RunTime:0.010000s ]
INFO: [ view_filter ] --START--
INFO: Run Behavior\WriteHtmlCacheBehavior [ RunTime:0.001000s ]
INFO: [ view_filter ] --END-- [ RunTime:0.001000s ]
INFO: [ app_end ] --START--
INFO: Run Behavior\ShowPageTraceBehavior [ RunTime:0.000000s ]
INFO: [ app_end ] --END-- [ RunTime:0.000000s ]

[ 2017-10-18T13:24:18+08:00 ] ::1 /peoplecar/index.php?s=/Regus/login.html
INFO: [ app_init ] --START--
INFO: Run Behavior\BuildLiteBehavior [ RunTime:0.000000s ]
INFO: [ app_init ] --END-- [ RunTime:0.000000s ]
INFO: [ app_begin ] --START--
INFO: Run Behavior\ReadHtmlCacheBehavior [ RunTime:0.001000s ]
INFO: [ app_begin ] --END-- [ RunTime:0.001000s ]
INFO: [ view_parse ] --START--
INFO: [ template_filter ] --START--
INFO: Run Behavior\ContentReplaceBehavior [ RunTime:0.000000s ]
INFO: [ template_filter ] --END-- [ RunTime:0.000000s ]
INFO: Run Behavior\ParseTemplateBehavior [ RunTime:0.011001s ]
INFO: [ view_parse ] --END-- [ RunTime:0.011001s ]
INFO: [ view_filter ] --START--
INFO: Run Behavior\WriteHtmlCacheBehavior [ RunTime:0.001000s ]
INFO: [ view_filter ] --END-- [ RunTime:0.001000s ]
INFO: [ app_end ] --START--
INFO: Run Behavior\ShowPageTraceBehavior [ RunTime:0.000000s ]
INFO: [ app_end ] --END-- [ RunTime:0.000000s ]

[ 2017-10-18T13:24:24+08:00 ] ::1 /peoplecar/index.php?s=/Regus/login.html
INFO: [ app_init ] --START--
INFO: Run Behavior\BuildLiteBehavior [ RunTime:0.000000s ]
INFO: [ app_init ] --END-- [ RunTime:0.000000s ]
INFO: [ app_begin ] --START--
INFO: Run Behavior\ReadHtmlCacheBehavior [ RunTime:0.001000s ]
INFO: [ app_begin ] --END-- [ RunTime:0.001000s ]
INFO: [ view_parse ] --START--
INFO: [ template_filter ] --START--
INFO: Run Behavior\ContentReplaceBehavior [ RunTime:0.000000s ]
INFO: [ template_filter ] --END-- [ RunTime:0.000000s ]
INFO: Run Behavior\ParseTemplateBehavior [ RunTime:0.009000s ]
INFO: [ view_parse ] --END-- [ RunTime:0.009000s ]
INFO: [ view_filter ] --START--
INFO: Run Behavior\WriteHtmlCacheBehavior [ RunTime:0.000000s ]
INFO: [ view_filter ] --END-- [ RunTime:0.000000s ]
INFO: [ app_end ] --START--
INFO: Run Behavior\ShowPageTraceBehavior [ RunTime:0.001000s ]
INFO: [ app_end ] --END-- [ RunTime:0.001000s ]

[ 2017-10-18T13:24:25+08:00 ] ::1 /peoplecar/index.php?s=/Regus/login.html
INFO: [ app_init ] --START--
INFO: Run Behavior\BuildLiteBehavior [ RunTime:0.000000s ]
INFO: [ app_init ] --END-- [ RunTime:0.000000s ]
INFO: [ app_begin ] --START--
INFO: Run Behavior\ReadHtmlCacheBehavior [ RunTime:0.001000s ]
INFO: [ app_begin ] --END-- [ RunTime:0.001000s ]
INFO: [ view_parse ] --START--
INFO: [ template_filter ] --START--
INFO: Run Behavior\ContentReplaceBehavior [ RunTime:0.000000s ]
INFO: [ template_filter ] --END-- [ RunTime:0.001000s ]
INFO: Run Behavior\ParseTemplateBehavior [ RunTime:0.012000s ]
INFO: [ view_parse ] --END-- [ RunTime:0.012000s ]
INFO: [ view_filter ] --START--
INFO: Run Behavior\WriteHtmlCacheBehavior [ RunTime:0.000000s ]
INFO: [ view_filter ] --END-- [ RunTime:0.000000s ]
INFO: [ app_end ] --START--
INFO: Run Behavior\ShowPageTraceBehavior [ RunTime:0.001000s ]
INFO: [ app_end ] --END-- [ RunTime:0.001000s ]

[ 2017-10-18T13:24:25+08:00 ] ::1 /peoplecar/index.php?s=/Regus/login.html
INFO: [ app_init ] --START--
INFO: Run Behavior\BuildLiteBehavior [ RunTime:0.000000s ]
INFO: [ app_init ] --END-- [ RunTime:0.001000s ]
INFO: [ app_begin ] --START--
INFO: Run Behavior\ReadHtmlCacheBehavior [ RunTime:0.001000s ]
INFO: [ app_begin ] --END-- [ RunTime:0.001000s ]
INFO: [ view_parse ] --START--
INFO: [ template_filter ] --START--
INFO: Run Behavior\ContentReplaceBehavior [ RunTime:0.001000s ]
INFO: [ template_filter ] --END-- [ RunTime:0.001000s ]
INFO: Run Behavior\ParseTemplateBehavior [ RunTime:0.009001s ]
INFO: [ view_parse ] --END-- [ RunTime:0.009001s ]
INFO: [ view_filter ] --START--
INFO: Run Behavior\WriteHtmlCacheBehavior [ RunTime:0.000000s ]
INFO: [ view_filter ] --END-- [ RunTime:0.000000s ]
INFO: [ app_end ] --START--
INFO: Run Behavior\ShowPageTraceBehavior [ RunTime:0.000000s ]
INFO: [ app_end ] --END-- [ RunTime:0.001000s ]

[ 2017-10-18T13:24:25+08:00 ] ::1 /peoplecar/index.php?s=/Regus/login.html
INFO: [ app_init ] --START--
INFO: Run Behavior\BuildLiteBehavior [ RunTime:0.000000s ]
INFO: [ app_init ] --END-- [ RunTime:0.000000s ]
INFO: [ app_begin ] --START--
INFO: Run Behavior\ReadHtmlCacheBehavior [ RunTime:0.001000s ]
INFO: [ app_begin ] --END-- [ RunTime:0.001000s ]
INFO: [ view_parse ] --START--
INFO: [ template_filter ] --START--
INFO: Run Behavior\ContentReplaceBehavior [ RunTime:0.000000s ]
INFO: [ template_filter ] --END-- [ RunTime:0.000000s ]
INFO: Run Behavior\ParseTemplateBehavior [ RunTime:0.008000s ]
INFO: [ view_parse ] --END-- [ RunTime:0.009000s ]
INFO: [ view_filter ] --START--
INFO: Run Behavior\WriteHtmlCacheBehavior [ RunTime:0.001000s ]
INFO: [ view_filter ] --END-- [ RunTime:0.001000s ]
INFO: [ app_end ] --START--
INFO: Run Behavior\ShowPageTraceBehavior [ RunTime:0.001000s ]
INFO: [ app_end ] --END-- [ RunTime:0.001000s ]

[ 2017-10-18T13:24:25+08:00 ] ::1 /peoplecar/index.php?s=/Regus/login.html
INFO: [ app_init ] --START--
INFO: Run Behavior\BuildLiteBehavior [ RunTime:0.000000s ]
INFO: [ app_init ] --END-- [ RunTime:0.000000s ]
INFO: [ app_begin ] --START--
INFO: Run Behavior\ReadHtmlCacheBehavior [ RunTime:0.001000s ]
INFO: [ app_begin ] --END-- [ RunTime:0.001000s ]
INFO: [ view_parse ] --START--
INFO: [ template_filter ] --START--
INFO: Run Behavior\ContentReplaceBehavior [ RunTime:0.000000s ]
INFO: [ template_filter ] --END-- [ RunTime:0.000000s ]
INFO: Run Behavior\ParseTemplateBehavior [ RunTime:0.008000s ]
INFO: [ view_parse ] --END-- [ RunTime:0.009001s ]
INFO: [ view_filter ] --START--
INFO: Run Behavior\WriteHtmlCacheBehavior [ RunTime:0.000000s ]
INFO: [ view_filter ] --END-- [ RunTime:0.000000s ]
INFO: [ app_end ] --START--
INFO: Run Behavior\ShowPageTraceBehavior [ RunTime:0.001000s ]
INFO: [ app_end ] --END-- [ RunTime:0.001000s ]

[ 2017-10-18T13:24:28+08:00 ] ::1 /peoplecar/index.php?s=/Regus/login.html
INFO: [ app_init ] --START--
INFO: Run Behavior\BuildLiteBehavior [ RunTime:0.000000s ]
INFO: [ app_init ] --END-- [ RunTime:0.001000s ]
INFO: [ app_begin ] --START--
INFO: Run Behavior\ReadHtmlCacheBehavior [ RunTime:0.001000s ]
INFO: [ app_begin ] --END-- [ RunTime:0.001000s ]
INFO: [ view_parse ] --START--
INFO: [ template_filter ] --START--
INFO: Run Behavior\ContentReplaceBehavior [ RunTime:0.000000s ]
INFO: [ template_filter ] --END-- [ RunTime:0.000000s ]
INFO: Run Behavior\ParseTemplateBehavior [ RunTime:0.011000s ]
INFO: [ view_parse ] --END-- [ RunTime:0.012000s ]
INFO: [ view_filter ] --START--
INFO: Run Behavior\WriteHtmlCacheBehavior [ RunTime:0.001000s ]
INFO: [ view_filter ] --END-- [ RunTime:0.001000s ]
INFO: [ app_end ] --START--
INFO: Run Behavior\ShowPageTraceBehavior [ RunTime:0.000000s ]
INFO: [ app_end ] --END-- [ RunTime:0.000000s ]

[ 2017-10-18T13:24:28+08:00 ] ::1 /peoplecar/index.php?s=/Regus/login.html
INFO: [ app_init ] --START--
INFO: Run Behavior\BuildLiteBehavior [ RunTime:0.000000s ]
INFO: [ app_init ] --END-- [ RunTime:0.001000s ]
INFO: [ app_begin ] --START--
INFO: Run Behavior\ReadHtmlCacheBehavior [ RunTime:0.000000s ]
INFO: [ app_begin ] --END-- [ RunTime:0.000000s ]
INFO: [ view_parse ] --START--
INFO: [ template_filter ] --START--
INFO: Run Behavior\ContentReplaceBehavior [ RunTime:0.000000s ]
INFO: [ template_filter ] --END-- [ RunTime:0.000000s ]
INFO: Run Behavior\ParseTemplateBehavior [ RunTime:0.010000s ]
INFO: [ view_parse ] --END-- [ RunTime:0.011000s ]
INFO: [ view_filter ] --START--
INFO: Run Behavior\WriteHtmlCacheBehavior [ RunTime:0.000000s ]
INFO: [ view_filter ] --END-- [ RunTime:0.000000s ]
INFO: [ app_end ] --START--
INFO: Run Behavior\ShowPageTraceBehavior [ RunTime:0.001000s ]
INFO: [ app_end ] --END-- [ RunTime:0.001000s ]

[ 2017-10-18T13:24:29+08:00 ] ::1 /peoplecar/index.php?s=/Regus/login.html
INFO: [ app_init ] --START--
INFO: Run Behavior\BuildLiteBehavior [ RunTime:0.000000s ]
INFO: [ app_init ] --END-- [ RunTime:0.001000s ]
INFO: [ app_begin ] --START--
INFO: Run Behavior\ReadHtmlCacheBehavior [ RunTime:0.001000s ]
INFO: [ app_begin ] --END-- [ RunTime:0.001000s ]
INFO: [ view_parse ] --START--
INFO: [ template_filter ] --START--
INFO: Run Behavior\ContentReplaceBehavior [ RunTime:0.000000s ]
INFO: [ template_filter ] --END-- [ RunTime:0.000000s ]
INFO: Run Behavior\ParseTemplateBehavior [ RunTime:0.009001s ]
INFO: [ view_parse ] --END-- [ RunTime:0.009001s ]
INFO: [ view_filter ] --START--
INFO: Run Behavior\WriteHtmlCacheBehavior [ RunTime:0.001000s ]
INFO: [ view_filter ] --END-- [ RunTime:0.001000s ]
INFO: [ app_end ] --START--
INFO: Run Behavior\ShowPageTraceBehavior [ RunTime:0.000000s ]
INFO: [ app_end ] --END-- [ RunTime:0.000000s ]

[ 2017-10-18T13:24:29+08:00 ] ::1 /peoplecar/index.php?s=/Regus/login.html
INFO: [ app_init ] --START--
INFO: Run Behavior\BuildLiteBehavior [ RunTime:0.000000s ]
INFO: [ app_init ] --END-- [ RunTime:0.000000s ]
INFO: [ app_begin ] --START--
INFO: Run Behavior\ReadHtmlCacheBehavior [ RunTime:0.000000s ]
INFO: [ app_begin ] --END-- [ RunTime:0.000000s ]
INFO: [ view_parse ] --START--
INFO: [ template_filter ] --START--
INFO: Run Behavior\ContentReplaceBehavior [ RunTime:0.000000s ]
INFO: [ template_filter ] --END-- [ RunTime:0.000000s ]
INFO: Run Behavior\ParseTemplateBehavior [ RunTime:0.011001s ]
INFO: [ view_parse ] --END-- [ RunTime:0.011001s ]
INFO: [ view_filter ] --START--
INFO: Run Behavior\WriteHtmlCacheBehavior [ RunTime:0.001000s ]
INFO: [ view_filter ] --END-- [ RunTime:0.001000s ]
INFO: [ app_end ] --START--
INFO: Run Behavior\ShowPageTraceBehavior [ RunTime:0.001000s ]
INFO: [ app_end ] --END-- [ RunTime:0.001000s ]

[ 2017-10-18T13:24:29+08:00 ] ::1 /peoplecar/index.php?s=/Regus/login.html
INFO: [ app_init ] --START--
INFO: Run Behavior\BuildLiteBehavior [ RunTime:0.000000s ]
INFO: [ app_init ] --END-- [ RunTime:0.001000s ]
INFO: [ app_begin ] --START--
INFO: Run Behavior\ReadHtmlCacheBehavior [ RunTime:0.001000s ]
INFO: [ app_begin ] --END-- [ RunTime:0.001000s ]
INFO: [ view_parse ] --START--
INFO: [ template_filter ] --START--
INFO: Run Behavior\ContentReplaceBehavior [ RunTime:0.000000s ]
INFO: [ template_filter ] --END-- [ RunTime:0.000000s ]
INFO: Run Behavior\ParseTemplateBehavior [ RunTime:0.009001s ]
INFO: [ view_parse ] --END-- [ RunTime:0.009001s ]
INFO: [ view_filter ] --START--
INFO: Run Behavior\WriteHtmlCacheBehavior [ RunTime:0.001000s ]
INFO: [ view_filter ] --END-- [ RunTime:0.001000s ]
INFO: [ app_end ] --START--
INFO: Run Behavior\ShowPageTraceBehavior [ RunTime:0.001000s ]
INFO: [ app_end ] --END-- [ RunTime:0.001000s ]

[ 2017-10-18T13:24:29+08:00 ] ::1 /peoplecar/index.php?s=/Regus/login.html
INFO: [ app_init ] --START--
INFO: Run Behavior\BuildLiteBehavior [ RunTime:0.000000s ]
INFO: [ app_init ] --END-- [ RunTime:0.000000s ]
INFO: [ app_begin ] --START--
INFO: Run Behavior\ReadHtmlCacheBehavior [ RunTime:0.001000s ]
INFO: [ app_begin ] --END-- [ RunTime:0.001000s ]
INFO: [ view_parse ] --START--
INFO: [ template_filter ] --START--
INFO: Run Behavior\ContentReplaceBehavior [ RunTime:0.000000s ]
INFO: [ template_filter ] --END-- [ RunTime:0.000000s ]
INFO: Run Behavior\ParseTemplateBehavior [ RunTime:0.010000s ]
INFO: [ view_parse ] --END-- [ RunTime:0.010000s ]
INFO: [ view_filter ] --START--
INFO: Run Behavior\WriteHtmlCacheBehavior [ RunTime:0.001000s ]
INFO: [ view_filter ] --END-- [ RunTime:0.001000s ]
INFO: [ app_end ] --START--
INFO: Run Behavior\ShowPageTraceBehavior [ RunTime:0.001000s ]
INFO: [ app_end ] --END-- [ RunTime:0.001000s ]

[ 2017-10-18T13:24:30+08:00 ] ::1 /peoplecar/index.php?s=/Regus/login.html
INFO: [ app_init ] --START--
INFO: Run Behavior\BuildLiteBehavior [ RunTime:0.001000s ]
INFO: [ app_init ] --END-- [ RunTime:0.001000s ]
INFO: [ app_begin ] --START--
INFO: Run Behavior\ReadHtmlCacheBehavior [ RunTime:0.001001s ]
INFO: [ app_begin ] --END-- [ RunTime:0.001001s ]
INFO: [ view_parse ] --START--
INFO: [ template_filter ] --START--
INFO: Run Behavior\ContentReplaceBehavior [ RunTime:0.000000s ]
INFO: [ template_filter ] --END-- [ RunTime:0.000000s ]
INFO: Run Behavior\ParseTemplateBehavior [ RunTime:0.011000s ]
INFO: [ view_parse ] --END-- [ RunTime:0.011000s ]
INFO: [ view_filter ] --START--
INFO: Run Behavior\WriteHtmlCacheBehavior [ RunTime:0.001000s ]
INFO: [ view_filter ] --END-- [ RunTime:0.001000s ]
INFO: [ app_end ] --START--
INFO: Run Behavior\ShowPageTraceBehavior [ RunTime:0.001000s ]
INFO: [ app_end ] --END-- [ RunTime:0.001000s ]

[ 2017-10-18T13:24:30+08:00 ] ::1 /peoplecar/index.php?s=/Regus/login.html
INFO: [ app_init ] --START--
INFO: Run Behavior\BuildLiteBehavior [ RunTime:0.000000s ]
INFO: [ app_init ] --END-- [ RunTime:0.001000s ]
INFO: [ app_begin ] --START--
INFO: Run Behavior\ReadHtmlCacheBehavior [ RunTime:0.000000s ]
INFO: [ app_begin ] --END-- [ RunTime:0.001000s ]
INFO: [ view_parse ] --START--
INFO: [ template_filter ] --START--
INFO: Run Behavior\ContentReplaceBehavior [ RunTime:0.000000s ]
INFO: [ template_filter ] --END-- [ RunTime:0.001000s ]
INFO: Run Behavior\ParseTemplateBehavior [ RunTime:0.009000s ]
INFO: [ view_parse ] --END-- [ RunTime:0.009000s ]
INFO: [ view_filter ] --START--
INFO: Run Behavior\WriteHtmlCacheBehavior [ RunTime:0.000000s ]
INFO: [ view_filter ] --END-- [ RunTime:0.001000s ]
INFO: [ app_end ] --START--
INFO: Run Behavior\ShowPageTraceBehavior [ RunTime:0.001001s ]
INFO: [ app_end ] --END-- [ RunTime:0.001001s ]

[ 2017-10-18T13:24:30+08:00 ] ::1 /peoplecar/index.php?s=/Regus/login.html
INFO: [ app_init ] --START--
INFO: Run Behavior\BuildLiteBehavior [ RunTime:0.000000s ]
INFO: [ app_init ] --END-- [ RunTime:0.001000s ]
INFO: [ app_begin ] --START--
INFO: Run Behavior\ReadHtmlCacheBehavior [ RunTime:0.001000s ]
INFO: [ app_begin ] --END-- [ RunTime:0.001000s ]
INFO: [ view_parse ] --START--
INFO: [ template_filter ] --START--
INFO: Run Behavior\ContentReplaceBehavior [ RunTime:0.000000s ]
INFO: [ template_filter ] --END-- [ RunTime:0.000000s ]
INFO: Run Behavior\ParseTemplateBehavior [ RunTime:0.010001s ]
INFO: [ view_parse ] --END-- [ RunTime:0.010001s ]
INFO: [ view_filter ] --START--
INFO: Run Behavior\WriteHtmlCacheBehavior [ RunTime:0.000000s ]
INFO: [ view_filter ] --END-- [ RunTime:0.000000s ]
INFO: [ app_end ] --START--
INFO: Run Behavior\ShowPageTraceBehavior [ RunTime:0.001000s ]
INFO: [ app_end ] --END-- [ RunTime:0.001000s ]

[ 2017-10-18T13:24:30+08:00 ] ::1 /peoplecar/index.php?s=/Regus/login.html
INFO: [ app_init ] --START--
INFO: Run Behavior\BuildLiteBehavior [ RunTime:0.000000s ]
INFO: [ app_init ] --END-- [ RunTime:0.001000s ]
INFO: [ app_begin ] --START--
INFO: Run Behavior\ReadHtmlCacheBehavior [ RunTime:0.000000s ]
INFO: [ app_begin ] --END-- [ RunTime:0.000000s ]
INFO: [ view_parse ] --START--
INFO: [ template_filter ] --START--
INFO: Run Behavior\ContentReplaceBehavior [ RunTime:0.000000s ]
INFO: [ template_filter ] --END-- [ RunTime:0.000000s ]
INFO: Run Behavior\ParseTemplateBehavior [ RunTime:0.011001s ]
INFO: [ view_parse ] --END-- [ RunTime:0.011001s ]
INFO: [ view_filter ] --START--
INFO: Run Behavior\WriteHtmlCacheBehavior [ RunTime:0.001000s ]
INFO: [ view_filter ] --END-- [ RunTime:0.001000s ]
INFO: [ app_end ] --START--
INFO: Run Behavior\ShowPageTraceBehavior [ RunTime:0.001000s ]
INFO: [ app_end ] --END-- [ RunTime:0.001000s ]

[ 2017-10-18T13:24:30+08:00 ] ::1 /peoplecar/index.php?s=/Regus/login.html
INFO: [ app_init ] --START--
INFO: Run Behavior\BuildLiteBehavior [ RunTime:0.000000s ]
INFO: [ app_init ] --END-- [ RunTime:0.001000s ]
INFO: [ app_begin ] --START--
INFO: Run Behavior\ReadHtmlCacheBehavior [ RunTime:0.001000s ]
INFO: [ app_begin ] --END-- [ RunTime:0.001000s ]
INFO: [ view_parse ] --START--
INFO: [ template_filter ] --START--
INFO: Run Behavior\ContentReplaceBehavior [ RunTime:0.000000s ]
INFO: [ template_filter ] --END-- [ RunTime:0.000000s ]
INFO: Run Behavior\ParseTemplateBehavior [ RunTime:0.013001s ]
INFO: [ view_parse ] --END-- [ RunTime:0.014001s ]
INFO: [ view_filter ] --START--
INFO: Run Behavior\WriteHtmlCacheBehavior [ RunTime:0.000000s ]
INFO: [ view_filter ] --END-- [ RunTime:0.000000s ]
INFO: [ app_end ] --START--
INFO: Run Behavior\ShowPageTraceBehavior [ RunTime:0.001000s ]
INFO: [ app_end ] --END-- [ RunTime:0.001000s ]

[ 2017-10-18T13:24:35+08:00 ] ::1 /peoplecar/index.php?s=/Regus/login.html
INFO: [ app_init ] --START--
INFO: Run Behavior\BuildLiteBehavior [ RunTime:0.000000s ]
INFO: [ app_init ] --END-- [ RunTime:0.001000s ]
INFO: [ app_begin ] --START--
INFO: Run Behavior\ReadHtmlCacheBehavior [ RunTime:0.001000s ]
INFO: [ app_begin ] --END-- [ RunTime:0.001000s ]
INFO: [ view_parse ] --START--
INFO: [ template_filter ] --START--
INFO: Run Behavior\ContentReplaceBehavior [ RunTime:0.000000s ]
INFO: [ template_filter ] --END-- [ RunTime:0.000000s ]
INFO: Run Behavior\ParseTemplateBehavior [ RunTime:0.014001s ]
INFO: [ view_parse ] --END-- [ RunTime:0.014001s ]
INFO: [ view_filter ] --START--
INFO: Run Behavior\WriteHtmlCacheBehavior [ RunTime:0.001000s ]
INFO: [ view_filter ] --END-- [ RunTime:0.001000s ]
INFO: [ app_end ] --START--
INFO: Run Behavior\ShowPageTraceBehavior [ RunTime:0.000000s ]
INFO: [ app_end ] --END-- [ RunTime:0.000000s ]

[ 2017-10-18T13:24:39+08:00 ] ::1 /peoplecar/index.php?s=/Regus/login.html
INFO: [ app_init ] --START--
INFO: Run Behavior\BuildLiteBehavior [ RunTime:0.000000s ]
INFO: [ app_init ] --END-- [ RunTime:0.001000s ]
INFO: [ app_begin ] --START--
INFO: Run Behavior\ReadHtmlCacheBehavior [ RunTime:0.001000s ]
INFO: [ app_begin ] --END-- [ RunTime:0.001000s ]
INFO: [ view_parse ] --START--
INFO: [ template_filter ] --START--
INFO: Run Behavior\ContentReplaceBehavior [ RunTime:0.001000s ]
INFO: [ template_filter ] --END-- [ RunTime:0.001000s ]
INFO: Run Behavior\ParseTemplateBehavior [ RunTime:0.010001s ]
INFO: [ view_parse ] --END-- [ RunTime:0.010001s ]
INFO: [ view_filter ] --START--
INFO: Run Behavior\WriteHtmlCacheBehavior [ RunTime:0.001000s ]
INFO: [ view_filter ] --END-- [ RunTime:0.001000s ]
INFO: [ app_end ] --START--
INFO: Run Behavior\ShowPageTraceBehavior [ RunTime:0.001000s ]
INFO: [ app_end ] --END-- [ RunTime:0.001000s ]

[ 2017-10-18T13:24:43+08:00 ] ::1 /peoplecar/index.php?s=/Regus/login.html
INFO: [ app_init ] --START--
INFO: Run Behavior\BuildLiteBehavior [ RunTime:0.000000s ]
INFO: [ app_init ] --END-- [ RunTime:0.000000s ]
INFO: [ app_begin ] --START--
INFO: Run Behavior\ReadHtmlCacheBehavior [ RunTime:0.001000s ]
INFO: [ app_begin ] --END-- [ RunTime:0.001000s ]
INFO: [ view_parse ] --START--
INFO: [ template_filter ] --START--
INFO: Run Behavior\ContentReplaceBehavior [ RunTime:0.000000s ]
INFO: [ template_filter ] --END-- [ RunTime:0.000000s ]
INFO: Run Behavior\ParseTemplateBehavior [ RunTime:0.009000s ]
INFO: [ view_parse ] --END-- [ RunTime:0.009000s ]
INFO: [ view_filter ] --START--
INFO: Run Behavior\WriteHtmlCacheBehavior [ RunTime:0.001000s ]
INFO: [ view_filter ] --END-- [ RunTime:0.001000s ]
INFO: [ app_end ] --START--
INFO: Run Behavior\ShowPageTraceBehavior [ RunTime:0.000000s ]
INFO: [ app_end ] --END-- [ RunTime:0.001001s ]

[ 2017-10-18T13:24:51+08:00 ] ::1 /peoplecar/index.php?s=/Mobile/Regus/testid.html
INFO: [ app_init ] --START--
INFO: Run Behavior\BuildLiteBehavior [ RunTime:0.000000s ]
INFO: [ app_init ] --END-- [ RunTime:0.001000s ]
INFO: [ app_begin ] --START--
INFO: Run Behavior\ReadHtmlCacheBehavior [ RunTime:0.001000s ]
INFO: [ app_begin ] --END-- [ RunTime:0.001000s ]
SQL: SHOW COLUMNS FROM `syd_user` [ RunTime:0.0120s ]
SQL: SELECT * FROM `syd_user` WHERE ( account='admin' ) LIMIT 1   [ RunTime:0.0010s ]

[ 2017-10-18T13:24:52+08:00 ] ::1 /peoplecar/index.php?s=/Mobile/Index/copyPageTwo.html
INFO: [ app_init ] --START--
INFO: Run Behavior\BuildLiteBehavior [ RunTime:0.000000s ]
INFO: [ app_init ] --END-- [ RunTime:0.001000s ]
INFO: [ app_begin ] --START--
INFO: Run Behavior\ReadHtmlCacheBehavior [ RunTime:0.000000s ]
INFO: [ app_begin ] --END-- [ RunTime:0.000000s ]
SQL: SHOW COLUMNS FROM `syd_user` [ RunTime:0.0110s ]
SQL: SELECT * FROM `syd_user` WHERE ( userid=1 ) LIMIT 1   [ RunTime:0.0010s ]
SQL: SHOW COLUMNS FROM `syd_store` [ RunTime:0.0190s ]
SQL: SELECT * FROM `syd_store` WHERE ( uid=1 ) LIMIT 1   [ RunTime:0.0010s ]
INFO: [ view_parse ] --START--
INFO: [ template_filter ] --START--
INFO: Run Behavior\ContentReplaceBehavior [ RunTime:0.000000s ]
INFO: [ template_filter ] --END-- [ RunTime:0.000000s ]
NOTIC: [8] Undefined index: m D:\xampp\htdocs\peoplecar\ThinkPHP\Common\functions.php 第 977 行.
NOTIC: [8] Undefined index: m D:\xampp\htdocs\peoplecar\ThinkPHP\Common\functions.php 第 977 行.
NOTIC: [8] Undefined index: m D:\xampp\htdocs\peoplecar\ThinkPHP\Common\functions.php 第 977 行.
NOTIC: [8] Undefined index: m D:\xampp\htdocs\peoplecar\ThinkPHP\Common\functions.php 第 977 行.
NOTIC: [8] Undefined index: m D:\xampp\htdocs\peoplecar\ThinkPHP\Common\functions.php 第 977 行.
NOTIC: [8] Undefined index: m D:\xampp\htdocs\peoplecar\ThinkPHP\Common\functions.php 第 977 行.
NOTIC: [8] Undefined index: m D:\xampp\htdocs\peoplecar\ThinkPHP\Common\functions.php 第 977 行.
NOTIC: [8] Undefined index: m D:\xampp\htdocs\peoplecar\ThinkPHP\Common\functions.php 第 977 行.
NOTIC: [8] Undefined index: m D:\xampp\htdocs\peoplecar\ThinkPHP\Common\functions.php 第 977 行.
NOTIC: [8] Undefined index: m D:\xampp\htdocs\peoplecar\ThinkPHP\Common\functions.php 第 977 行.
NOTIC: [8] Undefined index: m D:\xampp\htdocs\peoplecar\ThinkPHP\Common\functions.php 第 977 行.
NOTIC: [8] Undefined index: m D:\xampp\htdocs\peoplecar\ThinkPHP\Common\functions.php 第 977 行.
NOTIC: [8] Undefined index: m D:\xampp\htdocs\peoplecar\ThinkPHP\Common\functions.php 第 977 行.
NOTIC: [8] Undefined index: m D:\xampp\htdocs\peoplecar\ThinkPHP\Common\functions.php 第 977 行.
NOTIC: [8] Undefined index: m D:\xampp\htdocs\peoplecar\ThinkPHP\Common\functions.php 第 977 行.
NOTIC: [8] Undefined index: m D:\xampp\htdocs\peoplecar\ThinkPHP\Common\functions.php 第 977 行.
NOTIC: [8] Undefined index: m D:\xampp\htdocs\peoplecar\ThinkPHP\Common\functions.php 第 977 行.
NOTIC: [8] Undefined index: m D:\xampp\htdocs\peoplecar\ThinkPHP\Common\functions.php 第 977 行.
INFO: Run Behavior\ParseTemplateBehavior [ RunTime:0.016001s ]
INFO: [ view_parse ] --END-- [ RunTime:0.016001s ]
INFO: [ view_filter ] --START--
INFO: Run Behavior\WriteHtmlCacheBehavior [ RunTime:0.000000s ]
INFO: [ view_filter ] --END-- [ RunTime:0.000000s ]
INFO: [ app_end ] --START--
INFO: Run Behavior\ShowPageTraceBehavior [ RunTime:0.001000s ]
INFO: [ app_end ] --END-- [ RunTime:0.001000s ]

[ 2017-10-18T16:30:35+08:00 ] ::1 /peoplecar/index.php?s=/Mobile/Index/copyPageTwo.html
INFO: [ app_init ] --START--
INFO: Run Behavior\BuildLiteBehavior [ RunTime:0.000000s ]
INFO: [ app_init ] --END-- [ RunTime:0.000000s ]
INFO: [ app_begin ] --START--
INFO: Run Behavior\ReadHtmlCacheBehavior [ RunTime:0.001000s ]
INFO: [ app_begin ] --END-- [ RunTime:0.001000s ]
SQL: SHOW COLUMNS FROM `syd_user` [ RunTime:0.0390s ]
SQL: SELECT * FROM `syd_user` WHERE ( userid=1 ) LIMIT 1   [ RunTime:0.0010s ]
SQL: SHOW COLUMNS FROM `syd_store` [ RunTime:0.0400s ]
SQL: SELECT * FROM `syd_store` WHERE ( uid=1 ) LIMIT 1   [ RunTime:0.0010s ]
INFO: [ view_parse ] --START--
INFO: [ template_filter ] --START--
INFO: Run Behavior\ContentReplaceBehavior [ RunTime:0.001000s ]
INFO: [ template_filter ] --END-- [ RunTime:0.001000s ]
NOTIC: [8] Undefined index: m D:\xampp\htdocs\peoplecar\ThinkPHP\Common\functions.php 第 977 行.
NOTIC: [8] Undefined index: m D:\xampp\htdocs\peoplecar\ThinkPHP\Common\functions.php 第 977 行.
NOTIC: [8] Undefined index: m D:\xampp\htdocs\peoplecar\ThinkPHP\Common\functions.php 第 977 行.
NOTIC: [8] Undefined index: m D:\xampp\htdocs\peoplecar\ThinkPHP\Common\functions.php 第 977 行.
NOTIC: [8] Undefined index: m D:\xampp\htdocs\peoplecar\ThinkPHP\Common\functions.php 第 977 行.
NOTIC: [8] Undefined index: m D:\xampp\htdocs\peoplecar\ThinkPHP\Common\functions.php 第 977 行.
NOTIC: [8] Undefined index: m D:\xampp\htdocs\peoplecar\ThinkPHP\Common\functions.php 第 977 行.
NOTIC: [8] Undefined index: m D:\xampp\htdocs\peoplecar\ThinkPHP\Common\functions.php 第 977 行.
NOTIC: [8] Undefined index: m D:\xampp\htdocs\peoplecar\ThinkPHP\Common\functions.php 第 977 行.
NOTIC: [8] Undefined index: m D:\xampp\htdocs\peoplecar\ThinkPHP\Common\functions.php 第 977 行.
NOTIC: [8] Undefined index: m D:\xampp\htdocs\peoplecar\ThinkPHP\Common\functions.php 第 977 行.
NOTIC: [8] Undefined index: m D:\xampp\htdocs\peoplecar\ThinkPHP\Common\functions.php 第 977 行.
NOTIC: [8] Undefined index: m D:\xampp\htdocs\peoplecar\ThinkPHP\Common\functions.php 第 977 行.
NOTIC: [8] Undefined index: m D:\xampp\htdocs\peoplecar\ThinkPHP\Common\functions.php 第 977 行.
NOTIC: [8] Undefined index: m D:\xampp\htdocs\peoplecar\ThinkPHP\Common\functions.php 第 977 行.
NOTIC: [8] Undefined index: m D:\xampp\htdocs\peoplecar\ThinkPHP\Common\functions.php 第 977 行.
NOTIC: [8] Undefined index: m D:\xampp\htdocs\peoplecar\ThinkPHP\Common\functions.php 第 977 行.
NOTIC: [8] Undefined index: m D:\xampp\htdocs\peoplecar\ThinkPHP\Common\functions.php 第 977 行.
NOTIC: [8] Undefined index: m D:\xampp\htdocs\peoplecar\ThinkPHP\Common\functions.php 第 977 行.
NOTIC: [8] Undefined index: m D:\xampp\htdocs\peoplecar\ThinkPHP\Common\functions.php 第 977 行.
NOTIC: [8] Undefined index: m D:\xampp\htdocs\peoplecar\ThinkPHP\Common\functions.php 第 977 行.
INFO: Run Behavior\ParseTemplateBehavior [ RunTime:0.022001s ]
INFO: [ view_parse ] --END-- [ RunTime:0.022001s ]
INFO: [ view_filter ] --START--
INFO: Run Behavior\WriteHtmlCacheBehavior [ RunTime:0.000000s ]
INFO: [ view_filter ] --END-- [ RunTime:0.000000s ]
INFO: [ app_end ] --START--
INFO: Run Behavior\ShowPageTraceBehavior [ RunTime:0.001000s ]
INFO: [ app_end ] --END-- [ RunTime:0.001000s ]

[ 2017-10-18T16:44:46+08:00 ] ::1 /peoplecar/index.php?s=/Mobile/Index/copyPageTwo.html
INFO: [ app_init ] --START--
INFO: Run Behavior\BuildLiteBehavior [ RunTime:0.000000s ]
INFO: [ app_init ] --END-- [ RunTime:0.000000s ]
INFO: [ app_begin ] --START--
INFO: Run Behavior\ReadHtmlCacheBehavior [ RunTime:0.001000s ]
INFO: [ app_begin ] --END-- [ RunTime:0.001000s ]
SQL: SHOW COLUMNS FROM `syd_user` [ RunTime:0.0360s ]
SQL: SELECT * FROM `syd_user` WHERE ( userid=1 ) LIMIT 1   [ RunTime:0.0010s ]
SQL: SHOW COLUMNS FROM `syd_store` [ RunTime:0.0400s ]
SQL: SELECT * FROM `syd_store` WHERE ( uid=1 ) LIMIT 1   [ RunTime:0.0010s ]
INFO: [ view_parse ] --START--
INFO: [ template_filter ] --START--
INFO: Run Behavior\ContentReplaceBehavior [ RunTime:0.000000s ]
INFO: [ template_filter ] --END-- [ RunTime:0.000000s ]
NOTIC: [8] Undefined index: m D:\xampp\htdocs\peoplecar\ThinkPHP\Common\functions.php 第 977 行.
NOTIC: [8] Undefined index: m D:\xampp\htdocs\peoplecar\ThinkPHP\Common\functions.php 第 977 行.
NOTIC: [8] Undefined index: m D:\xampp\htdocs\peoplecar\ThinkPHP\Common\functions.php 第 977 行.
NOTIC: [8] Undefined index: m D:\xampp\htdocs\peoplecar\ThinkPHP\Common\functions.php 第 977 行.
NOTIC: [8] Undefined index: m D:\xampp\htdocs\peoplecar\ThinkPHP\Common\functions.php 第 977 行.
NOTIC: [8] Undefined index: m D:\xampp\htdocs\peoplecar\ThinkPHP\Common\functions.php 第 977 行.
NOTIC: [8] Undefined index: m D:\xampp\htdocs\peoplecar\ThinkPHP\Common\functions.php 第 977 行.
NOTIC: [8] Undefined index: m D:\xampp\htdocs\peoplecar\ThinkPHP\Common\functions.php 第 977 行.
NOTIC: [8] Undefined index: m D:\xampp\htdocs\peoplecar\ThinkPHP\Common\functions.php 第 977 行.
NOTIC: [8] Undefined index: m D:\xampp\htdocs\peoplecar\ThinkPHP\Common\functions.php 第 977 行.
NOTIC: [8] Undefined index: m D:\xampp\htdocs\peoplecar\ThinkPHP\Common\functions.php 第 977 行.
NOTIC: [8] Undefined index: m D:\xampp\htdocs\peoplecar\ThinkPHP\Common\functions.php 第 977 行.
NOTIC: [8] Undefined index: m D:\xampp\htdocs\peoplecar\ThinkPHP\Common\functions.php 第 977 行.
NOTIC: [8] Undefined index: m D:\xampp\htdocs\peoplecar\ThinkPHP\Common\functions.php 第 977 行.
NOTIC: [8] Undefined index: m D:\xampp\htdocs\peoplecar\ThinkPHP\Common\functions.php 第 977 行.
NOTIC: [8] Undefined index: m D:\xampp\htdocs\peoplecar\ThinkPHP\Common\functions.php 第 977 行.
NOTIC: [8] Undefined index: m D:\xampp\htdocs\peoplecar\ThinkPHP\Common\functions.php 第 977 行.
NOTIC: [8] Undefined index: m D:\xampp\htdocs\peoplecar\ThinkPHP\Common\functions.php 第 977 行.
NOTIC: [8] Undefined index: m D:\xampp\htdocs\peoplecar\ThinkPHP\Common\functions.php 第 977 行.
NOTIC: [8] Undefined index: m D:\xampp\htdocs\peoplecar\ThinkPHP\Common\functions.php 第 977 行.
NOTIC: [8] Undefined index: m D:\xampp\htdocs\peoplecar\ThinkPHP\Common\functions.php 第 977 行.
INFO: Run Behavior\ParseTemplateBehavior [ RunTime:0.023002s ]
INFO: [ view_parse ] --END-- [ RunTime:0.023002s ]
INFO: [ view_filter ] --START--
INFO: Run Behavior\WriteHtmlCacheBehavior [ RunTime:0.001000s ]
INFO: [ view_filter ] --END-- [ RunTime:0.001000s ]
INFO: [ app_end ] --START--
INFO: Run Behavior\ShowPageTraceBehavior [ RunTime:0.001000s ]
INFO: [ app_end ] --END-- [ RunTime:0.001000s ]

[ 2017-10-18T16:46:37+08:00 ] ::1 /peoplecar/index.php?s=/Mobile/Index/copyPageTwo.html
INFO: [ app_init ] --START--
INFO: Run Behavior\BuildLiteBehavior [ RunTime:0.000000s ]
INFO: [ app_init ] --END-- [ RunTime:0.001000s ]
INFO: [ app_begin ] --START--
INFO: Run Behavior\ReadHtmlCacheBehavior [ RunTime:0.001000s ]
INFO: [ app_begin ] --END-- [ RunTime:0.001000s ]
SQL: SHOW COLUMNS FROM `syd_user` [ RunTime:0.0300s ]
SQL: SELECT * FROM `syd_user` WHERE ( userid=1 ) LIMIT 1   [ RunTime:0.0010s ]
SQL: SHOW COLUMNS FROM `syd_store` [ RunTime:0.0370s ]
SQL: SELECT * FROM `syd_store` WHERE ( uid=1 ) LIMIT 1   [ RunTime:0.0000s ]
INFO: [ view_parse ] --START--
INFO: [ template_filter ] --START--
INFO: Run Behavior\ContentReplaceBehavior [ RunTime:0.001000s ]
INFO: [ template_filter ] --END-- [ RunTime:0.001000s ]
NOTIC: [8] Undefined index: m D:\xampp\htdocs\peoplecar\ThinkPHP\Common\functions.php 第 977 行.
NOTIC: [8] Undefined index: m D:\xampp\htdocs\peoplecar\ThinkPHP\Common\functions.php 第 977 行.
NOTIC: [8] Undefined index: m D:\xampp\htdocs\peoplecar\ThinkPHP\Common\functions.php 第 977 行.
NOTIC: [8] Undefined index: m D:\xampp\htdocs\peoplecar\ThinkPHP\Common\functions.php 第 977 行.
NOTIC: [8] Undefined index: m D:\xampp\htdocs\peoplecar\ThinkPHP\Common\functions.php 第 977 行.
NOTIC: [8] Undefined index: m D:\xampp\htdocs\peoplecar\ThinkPHP\Common\functions.php 第 977 行.
NOTIC: [8] Undefined index: m D:\xampp\htdocs\peoplecar\ThinkPHP\Common\functions.php 第 977 行.
NOTIC: [8] Undefined index: m D:\xampp\htdocs\peoplecar\ThinkPHP\Common\functions.php 第 977 行.
NOTIC: [8] Undefined index: m D:\xampp\htdocs\peoplecar\ThinkPHP\Common\functions.php 第 977 行.
NOTIC: [8] Undefined index: m D:\xampp\htdocs\peoplecar\ThinkPHP\Common\functions.php 第 977 行.
NOTIC: [8] Undefined index: m D:\xampp\htdocs\peoplecar\ThinkPHP\Common\functions.php 第 977 行.
NOTIC: [8] Undefined index: m D:\xampp\htdocs\peoplecar\ThinkPHP\Common\functions.php 第 977 行.
NOTIC: [8] Undefined index: m D:\xampp\htdocs\peoplecar\ThinkPHP\Common\functions.php 第 977 行.
NOTIC: [8] Undefined index: m D:\xampp\htdocs\peoplecar\ThinkPHP\Common\functions.php 第 977 行.
NOTIC: [8] Undefined index: m D:\xampp\htdocs\peoplecar\ThinkPHP\Common\functions.php 第 977 行.
NOTIC: [8] Undefined index: m D:\xampp\htdocs\peoplecar\ThinkPHP\Common\functions.php 第 977 行.
NOTIC: [8] Undefined index: m D:\xampp\htdocs\peoplecar\ThinkPHP\Common\functions.php 第 977 行.
NOTIC: [8] Undefined index: m D:\xampp\htdocs\peoplecar\ThinkPHP\Common\functions.php 第 977 行.
NOTIC: [8] Undefined index: m D:\xampp\htdocs\peoplecar\ThinkPHP\Common\functions.php 第 977 行.
NOTIC: [8] Undefined index: m D:\xampp\htdocs\peoplecar\ThinkPHP\Common\functions.php 第 977 行.
NOTIC: [8] Undefined index: m D:\xampp\htdocs\peoplecar\ThinkPHP\Common\functions.php 第 977 行.
INFO: Run Behavior\ParseTemplateBehavior [ RunTime:0.022001s ]
INFO: [ view_parse ] --END-- [ RunTime:0.022001s ]
INFO: [ view_filter ] --START--
INFO: Run Behavior\WriteHtmlCacheBehavior [ RunTime:0.001000s ]
INFO: [ view_filter ] --END-- [ RunTime:0.001000s ]
INFO: [ app_end ] --START--
INFO: Run Behavior\ShowPageTraceBehavior [ RunTime:0.001000s ]
INFO: [ app_end ] --END-- [ RunTime:0.001000s ]

[ 2017-10-18T16:47:32+08:00 ] ::1 /peoplecar/index.php?s=/Mobile/Index/copyPageTwo.html
INFO: [ app_init ] --START--
INFO: Run Behavior\BuildLiteBehavior [ RunTime:0.001000s ]
INFO: [ app_init ] --END-- [ RunTime:0.001000s ]
INFO: [ app_begin ] --START--
INFO: Run Behavior\ReadHtmlCacheBehavior [ RunTime:0.001000s ]
INFO: [ app_begin ] --END-- [ RunTime:0.001000s ]
SQL: SHOW COLUMNS FROM `syd_user` [ RunTime:0.0360s ]
SQL: SELECT * FROM `syd_user` WHERE ( userid=1 ) LIMIT 1   [ RunTime:0.0010s ]
SQL: SHOW COLUMNS FROM `syd_store` [ RunTime:0.0460s ]
SQL: SELECT * FROM `syd_store` WHERE ( uid=1 ) LIMIT 1   [ RunTime:0.0010s ]
INFO: [ view_parse ] --START--
INFO: [ template_filter ] --START--
INFO: Run Behavior\ContentReplaceBehavior [ RunTime:0.000000s ]
INFO: [ template_filter ] --END-- [ RunTime:0.001000s ]
NOTIC: [8] Undefined index: m D:\xampp\htdocs\peoplecar\ThinkPHP\Common\functions.php 第 977 行.
NOTIC: [8] Undefined index: m D:\xampp\htdocs\peoplecar\ThinkPHP\Common\functions.php 第 977 行.
NOTIC: [8] Undefined index: m D:\xampp\htdocs\peoplecar\ThinkPHP\Common\functions.php 第 977 行.
NOTIC: [8] Undefined index: m D:\xampp\htdocs\peoplecar\ThinkPHP\Common\functions.php 第 977 行.
NOTIC: [8] Undefined index: m D:\xampp\htdocs\peoplecar\ThinkPHP\Common\functions.php 第 977 行.
NOTIC: [8] Undefined index: m D:\xampp\htdocs\peoplecar\ThinkPHP\Common\functions.php 第 977 行.
NOTIC: [8] Undefined index: m D:\xampp\htdocs\peoplecar\ThinkPHP\Common\functions.php 第 977 行.
NOTIC: [8] Undefined index: m D:\xampp\htdocs\peoplecar\ThinkPHP\Common\functions.php 第 977 行.
NOTIC: [8] Undefined index: m D:\xampp\htdocs\peoplecar\ThinkPHP\Common\functions.php 第 977 行.
NOTIC: [8] Undefined index: m D:\xampp\htdocs\peoplecar\ThinkPHP\Common\functions.php 第 977 行.
NOTIC: [8] Undefined index: m D:\xampp\htdocs\peoplecar\ThinkPHP\Common\functions.php 第 977 行.
NOTIC: [8] Undefined index: m D:\xampp\htdocs\peoplecar\ThinkPHP\Common\functions.php 第 977 行.
NOTIC: [8] Undefined index: m D:\xampp\htdocs\peoplecar\ThinkPHP\Common\functions.php 第 977 行.
NOTIC: [8] Undefined index: m D:\xampp\htdocs\peoplecar\ThinkPHP\Common\functions.php 第 977 行.
NOTIC: [8] Undefined index: m D:\xampp\htdocs\peoplecar\ThinkPHP\Common\functions.php 第 977 行.
NOTIC: [8] Undefined index: m D:\xampp\htdocs\peoplecar\ThinkPHP\Common\functions.php 第 977 行.
NOTIC: [8] Undefined index: m D:\xampp\htdocs\peoplecar\ThinkPHP\Common\functions.php 第 977 行.
NOTIC: [8] Undefined index: m D:\xampp\htdocs\peoplecar\ThinkPHP\Common\functions.php 第 977 行.
NOTIC: [8] Undefined index: m D:\xampp\htdocs\peoplecar\ThinkPHP\Common\functions.php 第 977 行.
NOTIC: [8] Undefined index: m D:\xampp\htdocs\peoplecar\ThinkPHP\Common\functions.php 第 977 行.
NOTIC: [8] Undefined index: m D:\xampp\htdocs\peoplecar\ThinkPHP\Common\functions.php 第 977 行.
INFO: Run Behavior\ParseTemplateBehavior [ RunTime:0.023001s ]
INFO: [ view_parse ] --END-- [ RunTime:0.023001s ]
INFO: [ view_filter ] --START--
INFO: Run Behavior\WriteHtmlCacheBehavior [ RunTime:0.001000s ]
INFO: [ view_filter ] --END-- [ RunTime:0.001000s ]
INFO: [ app_end ] --START--
INFO: Run Behavior\ShowPageTraceBehavior [ RunTime:0.001000s ]
INFO: [ app_end ] --END-- [ RunTime:0.001000s ]

[ 2017-10-18T16:47:58+08:00 ] ::1 /peoplecar/index.php?s=/Mobile/Index/copyPageTwo.html
INFO: [ app_init ] --START--
INFO: Run Behavior\BuildLiteBehavior [ RunTime:0.000000s ]
INFO: [ app_init ] --END-- [ RunTime:0.001000s ]
INFO: [ app_begin ] --START--
INFO: Run Behavior\ReadHtmlCacheBehavior [ RunTime:0.001000s ]
INFO: [ app_begin ] --END-- [ RunTime:0.002000s ]
SQL: SHOW COLUMNS FROM `syd_user` [ RunTime:0.0390s ]
SQL: SELECT * FROM `syd_user` WHERE ( userid=1 ) LIMIT 1   [ RunTime:0.0000s ]
SQL: SHOW COLUMNS FROM `syd_store` [ RunTime:0.0380s ]
SQL: SELECT * FROM `syd_store` WHERE ( uid=1 ) LIMIT 1   [ RunTime:0.0000s ]
INFO: [ view_parse ] --START--
INFO: [ template_filter ] --START--
INFO: Run Behavior\ContentReplaceBehavior [ RunTime:0.001000s ]
INFO: [ template_filter ] --END-- [ RunTime:0.001000s ]
NOTIC: [8] Undefined index: m D:\xampp\htdocs\peoplecar\ThinkPHP\Common\functions.php 第 977 行.
NOTIC: [8] Undefined index: m D:\xampp\htdocs\peoplecar\ThinkPHP\Common\functions.php 第 977 行.
NOTIC: [8] Undefined index: m D:\xampp\htdocs\peoplecar\ThinkPHP\Common\functions.php 第 977 行.
NOTIC: [8] Undefined index: m D:\xampp\htdocs\peoplecar\ThinkPHP\Common\functions.php 第 977 行.
NOTIC: [8] Undefined index: m D:\xampp\htdocs\peoplecar\ThinkPHP\Common\functions.php 第 977 行.
NOTIC: [8] Undefined index: m D:\xampp\htdocs\peoplecar\ThinkPHP\Common\functions.php 第 977 行.
NOTIC: [8] Undefined index: m D:\xampp\htdocs\peoplecar\ThinkPHP\Common\functions.php 第 977 行.
NOTIC: [8] Undefined index: m D:\xampp\htdocs\peoplecar\ThinkPHP\Common\functions.php 第 977 行.
NOTIC: [8] Undefined index: m D:\xampp\htdocs\peoplecar\ThinkPHP\Common\functions.php 第 977 行.
NOTIC: [8] Undefined index: m D:\xampp\htdocs\peoplecar\ThinkPHP\Common\functions.php 第 977 行.
NOTIC: [8] Undefined index: m D:\xampp\htdocs\peoplecar\ThinkPHP\Common\functions.php 第 977 行.
NOTIC: [8] Undefined index: m D:\xampp\htdocs\peoplecar\ThinkPHP\Common\functions.php 第 977 行.
NOTIC: [8] Undefined index: m D:\xampp\htdocs\peoplecar\ThinkPHP\Common\functions.php 第 977 行.
NOTIC: [8] Undefined index: m D:\xampp\htdocs\peoplecar\ThinkPHP\Common\functions.php 第 977 行.
NOTIC: [8] Undefined index: m D:\xampp\htdocs\peoplecar\ThinkPHP\Common\functions.php 第 977 行.
NOTIC: [8] Undefined index: m D:\xampp\htdocs\peoplecar\ThinkPHP\Common\functions.php 第 977 行.
NOTIC: [8] Undefined index: m D:\xampp\htdocs\peoplecar\ThinkPHP\Common\functions.php 第 977 行.
NOTIC: [8] Undefined index: m D:\xampp\htdocs\peoplecar\ThinkPHP\Common\functions.php 第 977 行.
NOTIC: [8] Undefined index: m D:\xampp\htdocs\peoplecar\ThinkPHP\Common\functions.php 第 977 行.
NOTIC: [8] Undefined index: m D:\xampp\htdocs\peoplecar\ThinkPHP\Common\functions.php 第 977 行.
NOTIC: [8] Undefined index: m D:\xampp\htdocs\peoplecar\ThinkPHP\Common\functions.php 第 977 行.
INFO: Run Behavior\ParseTemplateBehavior [ RunTime:0.023001s ]
INFO: [ view_parse ] --END-- [ RunTime:0.023001s ]
INFO: [ view_filter ] --START--
INFO: Run Behavior\WriteHtmlCacheBehavior [ RunTime:0.001000s ]
INFO: [ view_filter ] --END-- [ RunTime:0.001000s ]
INFO: [ app_end ] --START--
INFO: Run Behavior\ShowPageTraceBehavior [ RunTime:0.001000s ]
INFO: [ app_end ] --END-- [ RunTime:0.001000s ]

[ 2017-10-18T16:48:27+08:00 ] ::1 /peoplecar/index.php?s=/Mobile/Index/copyPageTwo.html
INFO: [ app_init ] --START--
INFO: Run Behavior\BuildLiteBehavior [ RunTime:0.000000s ]
INFO: [ app_init ] --END-- [ RunTime:0.001001s ]
INFO: [ app_begin ] --START--
INFO: Run Behavior\ReadHtmlCacheBehavior [ RunTime:0.001000s ]
INFO: [ app_begin ] --END-- [ RunTime:0.001000s ]
SQL: SHOW COLUMNS FROM `syd_user` [ RunTime:0.0390s ]
SQL: SELECT * FROM `syd_user` WHERE ( userid=1 ) LIMIT 1   [ RunTime:0.0000s ]
SQL: SHOW COLUMNS FROM `syd_store` [ RunTime:0.0390s ]
SQL: SELECT * FROM `syd_store` WHERE ( uid=1 ) LIMIT 1   [ RunTime:0.0010s ]
INFO: [ view_parse ] --START--
INFO: [ template_filter ] --START--
INFO: Run Behavior\ContentReplaceBehavior [ RunTime:0.000000s ]
INFO: [ template_filter ] --END-- [ RunTime:0.000000s ]
NOTIC: [8] Undefined index: m D:\xampp\htdocs\peoplecar\ThinkPHP\Common\functions.php 第 977 行.
NOTIC: [8] Undefined index: m D:\xampp\htdocs\peoplecar\ThinkPHP\Common\functions.php 第 977 行.
NOTIC: [8] Undefined index: m D:\xampp\htdocs\peoplecar\ThinkPHP\Common\functions.php 第 977 行.
NOTIC: [8] Undefined index: m D:\xampp\htdocs\peoplecar\ThinkPHP\Common\functions.php 第 977 行.
NOTIC: [8] Undefined index: m D:\xampp\htdocs\peoplecar\ThinkPHP\Common\functions.php 第 977 行.
NOTIC: [8] Undefined index: m D:\xampp\htdocs\peoplecar\ThinkPHP\Common\functions.php 第 977 行.
NOTIC: [8] Undefined index: m D:\xampp\htdocs\peoplecar\ThinkPHP\Common\functions.php 第 977 行.
NOTIC: [8] Undefined index: m D:\xampp\htdocs\peoplecar\ThinkPHP\Common\functions.php 第 977 行.
NOTIC: [8] Undefined index: m D:\xampp\htdocs\peoplecar\ThinkPHP\Common\functions.php 第 977 行.
NOTIC: [8] Undefined index: m D:\xampp\htdocs\peoplecar\ThinkPHP\Common\functions.php 第 977 行.
NOTIC: [8] Undefined index: m D:\xampp\htdocs\peoplecar\ThinkPHP\Common\functions.php 第 977 行.
NOTIC: [8] Undefined index: m D:\xampp\htdocs\peoplecar\ThinkPHP\Common\functions.php 第 977 行.
NOTIC: [8] Undefined index: m D:\xampp\htdocs\peoplecar\ThinkPHP\Common\functions.php 第 977 行.
NOTIC: [8] Undefined index: m D:\xampp\htdocs\peoplecar\ThinkPHP\Common\functions.php 第 977 行.
NOTIC: [8] Undefined index: m D:\xampp\htdocs\peoplecar\ThinkPHP\Common\functions.php 第 977 行.
NOTIC: [8] Undefined index: m D:\xampp\htdocs\peoplecar\ThinkPHP\Common\functions.php 第 977 行.
NOTIC: [8] Undefined index: m D:\xampp\htdocs\peoplecar\ThinkPHP\Common\functions.php 第 977 行.
NOTIC: [8] Undefined index: m D:\xampp\htdocs\peoplecar\ThinkPHP\Common\functions.php 第 977 行.
NOTIC: [8] Undefined index: m D:\xampp\htdocs\peoplecar\ThinkPHP\Common\functions.php 第 977 行.
NOTIC: [8] Undefined index: m D:\xampp\htdocs\peoplecar\ThinkPHP\Common\functions.php 第 977 行.
NOTIC: [8] Undefined index: m D:\xampp\htdocs\peoplecar\ThinkPHP\Common\functions.php 第 977 行.
INFO: Run Behavior\ParseTemplateBehavior [ RunTime:0.022001s ]
INFO: [ view_parse ] --END-- [ RunTime:0.022001s ]
INFO: [ view_filter ] --START--
INFO: Run Behavior\WriteHtmlCacheBehavior [ RunTime:0.001000s ]
INFO: [ view_filter ] --END-- [ RunTime:0.001000s ]
INFO: [ app_end ] --START--
INFO: Run Behavior\ShowPageTraceBehavior [ RunTime:0.001001s ]
INFO: [ app_end ] --END-- [ RunTime:0.001001s ]

[ 2017-10-18T16:51:05+08:00 ] ::1 /peoplecar/index.php?s=/Mobile/Index/copyPageTwo.html
INFO: [ app_init ] --START--
INFO: Run Behavior\BuildLiteBehavior [ RunTime:0.000000s ]
INFO: [ app_init ] --END-- [ RunTime:0.001000s ]
INFO: [ app_begin ] --START--
INFO: Run Behavior\ReadHtmlCacheBehavior [ RunTime:0.001000s ]
INFO: [ app_begin ] --END-- [ RunTime:0.002000s ]
SQL: SHOW COLUMNS FROM `syd_user` [ RunTime:0.0340s ]
SQL: SELECT * FROM `syd_user` WHERE ( userid=1 ) LIMIT 1   [ RunTime:0.0000s ]
SQL: SHOW COLUMNS FROM `syd_store` [ RunTime:0.0390s ]
SQL: SELECT * FROM `syd_store` WHERE ( uid=1 ) LIMIT 1   [ RunTime:0.0010s ]
INFO: [ view_parse ] --START--
INFO: [ template_filter ] --START--
INFO: Run Behavior\ContentReplaceBehavior [ RunTime:0.001000s ]
INFO: [ template_filter ] --END-- [ RunTime:0.001000s ]
NOTIC: [8] Undefined index: m D:\xampp\htdocs\peoplecar\ThinkPHP\Common\functions.php 第 977 行.
NOTIC: [8] Undefined index: m D:\xampp\htdocs\peoplecar\ThinkPHP\Common\functions.php 第 977 行.
NOTIC: [8] Undefined index: m D:\xampp\htdocs\peoplecar\ThinkPHP\Common\functions.php 第 977 行.
NOTIC: [8] Undefined index: m D:\xampp\htdocs\peoplecar\ThinkPHP\Common\functions.php 第 977 行.
NOTIC: [8] Undefined index: m D:\xampp\htdocs\peoplecar\ThinkPHP\Common\functions.php 第 977 行.
NOTIC: [8] Undefined index: m D:\xampp\htdocs\peoplecar\ThinkPHP\Common\functions.php 第 977 行.
NOTIC: [8] Undefined index: m D:\xampp\htdocs\peoplecar\ThinkPHP\Common\functions.php 第 977 行.
NOTIC: [8] Undefined index: m D:\xampp\htdocs\peoplecar\ThinkPHP\Common\functions.php 第 977 行.
NOTIC: [8] Undefined index: m D:\xampp\htdocs\peoplecar\ThinkPHP\Common\functions.php 第 977 行.
NOTIC: [8] Undefined index: m D:\xampp\htdocs\peoplecar\ThinkPHP\Common\functions.php 第 977 行.
NOTIC: [8] Undefined index: m D:\xampp\htdocs\peoplecar\ThinkPHP\Common\functions.php 第 977 行.
NOTIC: [8] Undefined index: m D:\xampp\htdocs\peoplecar\ThinkPHP\Common\functions.php 第 977 行.
NOTIC: [8] Undefined index: m D:\xampp\htdocs\peoplecar\ThinkPHP\Common\functions.php 第 977 行.
NOTIC: [8] Undefined index: m D:\xampp\htdocs\peoplecar\ThinkPHP\Common\functions.php 第 977 行.
NOTIC: [8] Undefined index: m D:\xampp\htdocs\peoplecar\ThinkPHP\Common\functions.php 第 977 行.
NOTIC: [8] Undefined index: m D:\xampp\htdocs\peoplecar\ThinkPHP\Common\functions.php 第 977 行.
NOTIC: [8] Undefined index: m D:\xampp\htdocs\peoplecar\ThinkPHP\Common\functions.php 第 977 行.
NOTIC: [8] Undefined index: m D:\xampp\htdocs\peoplecar\ThinkPHP\Common\functions.php 第 977 行.
NOTIC: [8] Undefined index: m D:\xampp\htdocs\peoplecar\ThinkPHP\Common\functions.php 第 977 行.
NOTIC: [8] Undefined index: m D:\xampp\htdocs\peoplecar\ThinkPHP\Common\functions.php 第 977 行.
NOTIC: [8] Undefined index: m D:\xampp\htdocs\peoplecar\ThinkPHP\Common\functions.php 第 977 行.
INFO: Run Behavior\ParseTemplateBehavior [ RunTime:0.022001s ]
INFO: [ view_parse ] --END-- [ RunTime:0.022001s ]
INFO: [ view_filter ] --START--
INFO: Run Behavior\WriteHtmlCacheBehavior [ RunTime:0.001000s ]
INFO: [ view_filter ] --END-- [ RunTime:0.001000s ]
INFO: [ app_end ] --START--
INFO: Run Behavior\ShowPageTraceBehavior [ RunTime:0.001000s ]
INFO: [ app_end ] --END-- [ RunTime:0.001000s ]

[ 2017-10-18T16:53:05+08:00 ] ::1 /peoplecar/index.php?s=/Mobile/Index/copyPageTwo.html
INFO: [ app_init ] --START--
INFO: Run Behavior\BuildLiteBehavior [ RunTime:0.000000s ]
INFO: [ app_init ] --END-- [ RunTime:0.001000s ]
INFO: [ app_begin ] --START--
INFO: Run Behavior\ReadHtmlCacheBehavior [ RunTime:0.001000s ]
INFO: [ app_begin ] --END-- [ RunTime:0.001000s ]
SQL: SHOW COLUMNS FROM `syd_user` [ RunTime:0.0320s ]
SQL: SELECT * FROM `syd_user` WHERE ( userid=1 ) LIMIT 1   [ RunTime:0.0010s ]
SQL: SHOW COLUMNS FROM `syd_store` [ RunTime:0.0440s ]
SQL: SELECT * FROM `syd_store` WHERE ( uid=1 ) LIMIT 1   [ RunTime:0.0010s ]
INFO: [ view_parse ] --START--
INFO: [ template_filter ] --START--
INFO: Run Behavior\ContentReplaceBehavior [ RunTime:0.000000s ]
INFO: [ template_filter ] --END-- [ RunTime:0.000000s ]
NOTIC: [8] Undefined index: m D:\xampp\htdocs\peoplecar\ThinkPHP\Common\functions.php 第 977 行.
NOTIC: [8] Undefined index: m D:\xampp\htdocs\peoplecar\ThinkPHP\Common\functions.php 第 977 行.
NOTIC: [8] Undefined index: m D:\xampp\htdocs\peoplecar\ThinkPHP\Common\functions.php 第 977 行.
NOTIC: [8] Undefined index: m D:\xampp\htdocs\peoplecar\ThinkPHP\Common\functions.php 第 977 行.
NOTIC: [8] Undefined index: m D:\xampp\htdocs\peoplecar\ThinkPHP\Common\functions.php 第 977 行.
NOTIC: [8] Undefined index: m D:\xampp\htdocs\peoplecar\ThinkPHP\Common\functions.php 第 977 行.
NOTIC: [8] Undefined index: m D:\xampp\htdocs\peoplecar\ThinkPHP\Common\functions.php 第 977 行.
NOTIC: [8] Undefined index: m D:\xampp\htdocs\peoplecar\ThinkPHP\Common\functions.php 第 977 行.
NOTIC: [8] Undefined index: m D:\xampp\htdocs\peoplecar\ThinkPHP\Common\functions.php 第 977 行.
NOTIC: [8] Undefined index: m D:\xampp\htdocs\peoplecar\ThinkPHP\Common\functions.php 第 977 行.
NOTIC: [8] Undefined index: m D:\xampp\htdocs\peoplecar\ThinkPHP\Common\functions.php 第 977 行.
NOTIC: [8] Undefined index: m D:\xampp\htdocs\peoplecar\ThinkPHP\Common\functions.php 第 977 行.
NOTIC: [8] Undefined index: m D:\xampp\htdocs\peoplecar\ThinkPHP\Common\functions.php 第 977 行.
NOTIC: [8] Undefined index: m D:\xampp\htdocs\peoplecar\ThinkPHP\Common\functions.php 第 977 行.
NOTIC: [8] Undefined index: m D:\xampp\htdocs\peoplecar\ThinkPHP\Common\functions.php 第 977 行.
NOTIC: [8] Undefined index: m D:\xampp\htdocs\peoplecar\ThinkPHP\Common\functions.php 第 977 行.
NOTIC: [8] Undefined index: m D:\xampp\htdocs\peoplecar\ThinkPHP\Common\functions.php 第 977 行.
NOTIC: [8] Undefined index: m D:\xampp\htdocs\peoplecar\ThinkPHP\Common\functions.php 第 977 行.
NOTIC: [8] Undefined index: m D:\xampp\htdocs\peoplecar\ThinkPHP\Common\functions.php 第 977 行.
NOTIC: [8] Undefined index: m D:\xampp\htdocs\peoplecar\ThinkPHP\Common\functions.php 第 977 行.
NOTIC: [8] Undefined index: m D:\xampp\htdocs\peoplecar\ThinkPHP\Common\functions.php 第 977 行.
NOTIC: [8] Undefined index: m D:\xampp\htdocs\peoplecar\ThinkPHP\Common\functions.php 第 977 行.
INFO: Run Behavior\ParseTemplateBehavior [ RunTime:0.021001s ]
INFO: [ view_parse ] --END-- [ RunTime:0.021001s ]
INFO: [ view_filter ] --START--
INFO: Run Behavior\WriteHtmlCacheBehavior [ RunTime:0.001000s ]
INFO: [ view_filter ] --END-- [ RunTime:0.001000s ]
INFO: [ app_end ] --START--
INFO: Run Behavior\ShowPageTraceBehavior [ RunTime:0.002000s ]
INFO: [ app_end ] --END-- [ RunTime:0.002000s ]

[ 2017-10-18T16:53:08+08:00 ] ::1 /peoplecar/index.php?s=/Index/user_register.html
INFO: [ app_init ] --START--
INFO: Run Behavior\BuildLiteBehavior [ RunTime:0.001000s ]
INFO: [ app_init ] --END-- [ RunTime:0.001000s ]
INFO: [ app_begin ] --START--
INFO: Run Behavior\ReadHtmlCacheBehavior [ RunTime:0.001000s ]
INFO: [ app_begin ] --END-- [ RunTime:0.001000s ]
INFO: [ view_parse ] --START--
INFO: [ template_filter ] --START--
INFO: Run Behavior\ContentReplaceBehavior [ RunTime:0.000000s ]
INFO: [ template_filter ] --END-- [ RunTime:0.000000s ]
INFO: Run Behavior\ParseTemplateBehavior [ RunTime:0.015000s ]
INFO: [ view_parse ] --END-- [ RunTime:0.015000s ]
INFO: [ view_filter ] --START--
INFO: Run Behavior\WriteHtmlCacheBehavior [ RunTime:0.001000s ]
INFO: [ view_filter ] --END-- [ RunTime:0.001000s ]
INFO: [ app_end ] --START--
INFO: Run Behavior\ShowPageTraceBehavior [ RunTime:0.000000s ]
INFO: [ app_end ] --END-- [ RunTime:0.002001s ]

[ 2017-10-18T16:53:10+08:00 ] ::1 /peoplecar/index.php?s=/Index/copyPageTwo.html
INFO: [ app_init ] --START--
INFO: Run Behavior\BuildLiteBehavior [ RunTime:0.000000s ]
INFO: [ app_init ] --END-- [ RunTime:0.001000s ]
INFO: [ app_begin ] --START--
INFO: Run Behavior\ReadHtmlCacheBehavior [ RunTime:0.001000s ]
INFO: [ app_begin ] --END-- [ RunTime:0.001000s ]
SQL: SHOW COLUMNS FROM `syd_user` [ RunTime:0.0350s ]
SQL: SELECT * FROM `syd_user` WHERE ( userid=1 ) LIMIT 1   [ RunTime:0.0000s ]
SQL: SHOW COLUMNS FROM `syd_store` [ RunTime:0.0420s ]
SQL: SELECT * FROM `syd_store` WHERE ( uid=1 ) LIMIT 1   [ RunTime:0.0010s ]
INFO: [ view_parse ] --START--
INFO: [ template_filter ] --START--
INFO: Run Behavior\ContentReplaceBehavior [ RunTime:0.000000s ]
INFO: [ template_filter ] --END-- [ RunTime:0.000000s ]
NOTIC: [8] Undefined index: m D:\xampp\htdocs\peoplecar\ThinkPHP\Common\functions.php 第 977 行.
NOTIC: [8] Undefined index: m D:\xampp\htdocs\peoplecar\ThinkPHP\Common\functions.php 第 977 行.
NOTIC: [8] Undefined index: m D:\xampp\htdocs\peoplecar\ThinkPHP\Common\functions.php 第 977 行.
NOTIC: [8] Undefined index: m D:\xampp\htdocs\peoplecar\ThinkPHP\Common\functions.php 第 977 行.
NOTIC: [8] Undefined index: m D:\xampp\htdocs\peoplecar\ThinkPHP\Common\functions.php 第 977 行.
NOTIC: [8] Undefined index: m D:\xampp\htdocs\peoplecar\ThinkPHP\Common\functions.php 第 977 行.
NOTIC: [8] Undefined index: m D:\xampp\htdocs\peoplecar\ThinkPHP\Common\functions.php 第 977 行.
NOTIC: [8] Undefined index: m D:\xampp\htdocs\peoplecar\ThinkPHP\Common\functions.php 第 977 行.
NOTIC: [8] Undefined index: m D:\xampp\htdocs\peoplecar\ThinkPHP\Common\functions.php 第 977 行.
NOTIC: [8] Undefined index: m D:\xampp\htdocs\peoplecar\ThinkPHP\Common\functions.php 第 977 行.
NOTIC: [8] Undefined index: m D:\xampp\htdocs\peoplecar\ThinkPHP\Common\functions.php 第 977 行.
NOTIC: [8] Undefined index: m D:\xampp\htdocs\peoplecar\ThinkPHP\Common\functions.php 第 977 行.
NOTIC: [8] Undefined index: m D:\xampp\htdocs\peoplecar\ThinkPHP\Common\functions.php 第 977 行.
NOTIC: [8] Undefined index: m D:\xampp\htdocs\peoplecar\ThinkPHP\Common\functions.php 第 977 行.
NOTIC: [8] Undefined index: m D:\xampp\htdocs\peoplecar\ThinkPHP\Common\functions.php 第 977 行.
NOTIC: [8] Undefined index: m D:\xampp\htdocs\peoplecar\ThinkPHP\Common\functions.php 第 977 行.
NOTIC: [8] Undefined index: m D:\xampp\htdocs\peoplecar\ThinkPHP\Common\functions.php 第 977 行.
NOTIC: [8] Undefined index: m D:\xampp\htdocs\peoplecar\ThinkPHP\Common\functions.php 第 977 行.
NOTIC: [8] Undefined index: m D:\xampp\htdocs\peoplecar\ThinkPHP\Common\functions.php 第 977 行.
NOTIC: [8] Undefined index: m D:\xampp\htdocs\peoplecar\ThinkPHP\Common\functions.php 第 977 行.
NOTIC: [8] Undefined index: m D:\xampp\htdocs\peoplecar\ThinkPHP\Common\functions.php 第 977 行.
NOTIC: [8] Undefined index: m D:\xampp\htdocs\peoplecar\ThinkPHP\Common\functions.php 第 977 行.
INFO: Run Behavior\ParseTemplateBehavior [ RunTime:0.021001s ]
INFO: [ view_parse ] --END-- [ RunTime:0.022001s ]
INFO: [ view_filter ] --START--
INFO: Run Behavior\WriteHtmlCacheBehavior [ RunTime:0.000000s ]
INFO: [ view_filter ] --END-- [ RunTime:0.000000s ]
INFO: [ app_end ] --START--
INFO: Run Behavior\ShowPageTraceBehavior [ RunTime:0.001000s ]
INFO: [ app_end ] --END-- [ RunTime:0.002000s ]

[ 2017-10-18T16:54:25+08:00 ] ::1 /peoplecar/index.php?s=/Index/copyPageTwo.html
INFO: [ app_init ] --START--
INFO: Run Behavior\BuildLiteBehavior [ RunTime:0.000000s ]
INFO: [ app_init ] --END-- [ RunTime:0.000000s ]
INFO: [ app_begin ] --START--
INFO: Run Behavior\ReadHtmlCacheBehavior [ RunTime:0.001001s ]
INFO: [ app_begin ] --END-- [ RunTime:0.001001s ]
SQL: SHOW COLUMNS FROM `syd_user` [ RunTime:0.0360s ]
SQL: SELECT * FROM `syd_user` WHERE ( userid=1 ) LIMIT 1   [ RunTime:0.0010s ]
SQL: SHOW COLUMNS FROM `syd_store` [ RunTime:0.0420s ]
SQL: SELECT * FROM `syd_store` WHERE ( uid=1 ) LIMIT 1   [ RunTime:0.0000s ]
INFO: [ view_parse ] --START--
INFO: [ template_filter ] --START--
INFO: Run Behavior\ContentReplaceBehavior [ RunTime:0.000000s ]
INFO: [ template_filter ] --END-- [ RunTime:0.000000s ]
NOTIC: [8] Undefined index: m D:\xampp\htdocs\peoplecar\ThinkPHP\Common\functions.php 第 977 行.
NOTIC: [8] Undefined index: m D:\xampp\htdocs\peoplecar\ThinkPHP\Common\functions.php 第 977 行.
NOTIC: [8] Undefined index: m D:\xampp\htdocs\peoplecar\ThinkPHP\Common\functions.php 第 977 行.
NOTIC: [8] Undefined index: m D:\xampp\htdocs\peoplecar\ThinkPHP\Common\functions.php 第 977 行.
NOTIC: [8] Undefined index: m D:\xampp\htdocs\peoplecar\ThinkPHP\Common\functions.php 第 977 行.
NOTIC: [8] Undefined index: m D:\xampp\htdocs\peoplecar\ThinkPHP\Common\functions.php 第 977 行.
NOTIC: [8] Undefined index: m D:\xampp\htdocs\peoplecar\ThinkPHP\Common\functions.php 第 977 行.
NOTIC: [8] Undefined index: m D:\xampp\htdocs\peoplecar\ThinkPHP\Common\functions.php 第 977 行.
NOTIC: [8] Undefined index: m D:\xampp\htdocs\peoplecar\ThinkPHP\Common\functions.php 第 977 行.
NOTIC: [8] Undefined index: m D:\xampp\htdocs\peoplecar\ThinkPHP\Common\functions.php 第 977 行.
NOTIC: [8] Undefined index: m D:\xampp\htdocs\peoplecar\ThinkPHP\Common\functions.php 第 977 行.
NOTIC: [8] Undefined index: m D:\xampp\htdocs\peoplecar\ThinkPHP\Common\functions.php 第 977 行.
NOTIC: [8] Undefined index: m D:\xampp\htdocs\peoplecar\ThinkPHP\Common\functions.php 第 977 行.
NOTIC: [8] Undefined index: m D:\xampp\htdocs\peoplecar\ThinkPHP\Common\functions.php 第 977 行.
NOTIC: [8] Undefined index: m D:\xampp\htdocs\peoplecar\ThinkPHP\Common\functions.php 第 977 行.
NOTIC: [8] Undefined index: m D:\xampp\htdocs\peoplecar\ThinkPHP\Common\functions.php 第 977 行.
NOTIC: [8] Undefined index: m D:\xampp\htdocs\peoplecar\ThinkPHP\Common\functions.php 第 977 行.
NOTIC: [8] Undefined index: m D:\xampp\htdocs\peoplecar\ThinkPHP\Common\functions.php 第 977 行.
NOTIC: [8] Undefined index: m D:\xampp\htdocs\peoplecar\ThinkPHP\Common\functions.php 第 977 行.
NOTIC: [8] Undefined index: m D:\xampp\htdocs\peoplecar\ThinkPHP\Common\functions.php 第 977 行.
NOTIC: [8] Undefined index: m D:\xampp\htdocs\peoplecar\ThinkPHP\Common\functions.php 第 977 行.
NOTIC: [8] Undefined index: m D:\xampp\htdocs\peoplecar\ThinkPHP\Common\functions.php 第 977 行.
INFO: Run Behavior\ParseTemplateBehavior [ RunTime:0.023001s ]
INFO: [ view_parse ] --END-- [ RunTime:0.023001s ]
INFO: [ view_filter ] --START--
INFO: Run Behavior\WriteHtmlCacheBehavior [ RunTime:0.001000s ]
INFO: [ view_filter ] --END-- [ RunTime:0.001000s ]
INFO: [ app_end ] --START--
INFO: Run Behavior\ShowPageTraceBehavior [ RunTime:0.001000s ]
INFO: [ app_end ] --END-- [ RunTime:0.001000s ]

[ 2017-10-18T16:54:27+08:00 ] ::1 /peoplecar/index.php?s=/Index/user_register.html
INFO: [ app_init ] --START--
INFO: Run Behavior\BuildLiteBehavior [ RunTime:0.000000s ]
INFO: [ app_init ] --END-- [ RunTime:0.001000s ]
INFO: [ app_begin ] --START--
INFO: Run Behavior\ReadHtmlCacheBehavior [ RunTime:0.001000s ]
INFO: [ app_begin ] --END-- [ RunTime:0.001000s ]
INFO: [ view_parse ] --START--
INFO: [ template_filter ] --START--
INFO: Run Behavior\ContentReplaceBehavior [ RunTime:0.000000s ]
INFO: [ template_filter ] --END-- [ RunTime:0.000000s ]
INFO: Run Behavior\ParseTemplateBehavior [ RunTime:0.014001s ]
INFO: [ view_parse ] --END-- [ RunTime:0.014001s ]
INFO: [ view_filter ] --START--
INFO: Run Behavior\WriteHtmlCacheBehavior [ RunTime:0.000000s ]
INFO: [ view_filter ] --END-- [ RunTime:0.000000s ]
INFO: [ app_end ] --START--
INFO: Run Behavior\ShowPageTraceBehavior [ RunTime:0.001000s ]
INFO: [ app_end ] --END-- [ RunTime:0.001000s ]

[ 2017-10-18T16:54:29+08:00 ] ::1 /peoplecar/index.php?s=/Index/copyPageTwo.html
INFO: [ app_init ] --START--
INFO: Run Behavior\BuildLiteBehavior [ RunTime:0.000000s ]
INFO: [ app_init ] --END-- [ RunTime:0.001000s ]
INFO: [ app_begin ] --START--
INFO: Run Behavior\ReadHtmlCacheBehavior [ RunTime:0.001000s ]
INFO: [ app_begin ] --END-- [ RunTime:0.001000s ]
SQL: SHOW COLUMNS FROM `syd_user` [ RunTime:0.0390s ]
SQL: SELECT * FROM `syd_user` WHERE ( userid=1 ) LIMIT 1   [ RunTime:0.0010s ]
SQL: SHOW COLUMNS FROM `syd_store` [ RunTime:0.0390s ]
SQL: SELECT * FROM `syd_store` WHERE ( uid=1 ) LIMIT 1   [ RunTime:0.0000s ]
INFO: [ view_parse ] --START--
INFO: [ template_filter ] --START--
INFO: Run Behavior\ContentReplaceBehavior [ RunTime:0.001000s ]
INFO: [ template_filter ] --END-- [ RunTime:0.001000s ]
NOTIC: [8] Undefined index: m D:\xampp\htdocs\peoplecar\ThinkPHP\Common\functions.php 第 977 行.
NOTIC: [8] Undefined index: m D:\xampp\htdocs\peoplecar\ThinkPHP\Common\functions.php 第 977 行.
NOTIC: [8] Undefined index: m D:\xampp\htdocs\peoplecar\ThinkPHP\Common\functions.php 第 977 行.
NOTIC: [8] Undefined index: m D:\xampp\htdocs\peoplecar\ThinkPHP\Common\functions.php 第 977 行.
NOTIC: [8] Undefined index: m D:\xampp\htdocs\peoplecar\ThinkPHP\Common\functions.php 第 977 行.
NOTIC: [8] Undefined index: m D:\xampp\htdocs\peoplecar\ThinkPHP\Common\functions.php 第 977 行.
NOTIC: [8] Undefined index: m D:\xampp\htdocs\peoplecar\ThinkPHP\Common\functions.php 第 977 行.
NOTIC: [8] Undefined index: m D:\xampp\htdocs\peoplecar\ThinkPHP\Common\functions.php 第 977 行.
NOTIC: [8] Undefined index: m D:\xampp\htdocs\peoplecar\ThinkPHP\Common\functions.php 第 977 行.
NOTIC: [8] Undefined index: m D:\xampp\htdocs\peoplecar\ThinkPHP\Common\functions.php 第 977 行.
NOTIC: [8] Undefined index: m D:\xampp\htdocs\peoplecar\ThinkPHP\Common\functions.php 第 977 行.
NOTIC: [8] Undefined index: m D:\xampp\htdocs\peoplecar\ThinkPHP\Common\functions.php 第 977 行.
NOTIC: [8] Undefined index: m D:\xampp\htdocs\peoplecar\ThinkPHP\Common\functions.php 第 977 行.
NOTIC: [8] Undefined index: m D:\xampp\htdocs\peoplecar\ThinkPHP\Common\functions.php 第 977 行.
NOTIC: [8] Undefined index: m D:\xampp\htdocs\peoplecar\ThinkPHP\Common\functions.php 第 977 行.
NOTIC: [8] Undefined index: m D:\xampp\htdocs\peoplecar\ThinkPHP\Common\functions.php 第 977 行.
NOTIC: [8] Undefined index: m D:\xampp\htdocs\peoplecar\ThinkPHP\Common\functions.php 第 977 行.
NOTIC: [8] Undefined index: m D:\xampp\htdocs\peoplecar\ThinkPHP\Common\functions.php 第 977 行.
NOTIC: [8] Undefined index: m D:\xampp\htdocs\peoplecar\ThinkPHP\Common\functions.php 第 977 行.
NOTIC: [8] Undefined index: m D:\xampp\htdocs\peoplecar\ThinkPHP\Common\functions.php 第 977 行.
NOTIC: [8] Undefined index: m D:\xampp\htdocs\peoplecar\ThinkPHP\Common\functions.php 第 977 行.
NOTIC: [8] Undefined index: m D:\xampp\htdocs\peoplecar\ThinkPHP\Common\functions.php 第 977 行.
INFO: Run Behavior\ParseTemplateBehavior [ RunTime:0.021001s ]
INFO: [ view_parse ] --END-- [ RunTime:0.021001s ]
INFO: [ view_filter ] --START--
INFO: Run Behavior\WriteHtmlCacheBehavior [ RunTime:0.001000s ]
INFO: [ view_filter ] --END-- [ RunTime:0.001000s ]
INFO: [ app_end ] --START--
INFO: Run Behavior\ShowPageTraceBehavior [ RunTime:0.001000s ]
INFO: [ app_end ] --END-- [ RunTime:0.001000s ]

[ 2017-10-18T16:54:38+08:00 ] ::1 /peoplecar/index.php?s=/Index/copyPageTwo.html
INFO: [ app_init ] --START--
INFO: Run Behavior\BuildLiteBehavior [ RunTime:0.000000s ]
INFO: [ app_init ] --END-- [ RunTime:0.000000s ]
INFO: [ app_begin ] --START--
INFO: Run Behavior\ReadHtmlCacheBehavior [ RunTime:0.001000s ]
INFO: [ app_begin ] --END-- [ RunTime:0.001000s ]
SQL: SHOW COLUMNS FROM `syd_user` [ RunTime:0.0390s ]
SQL: SELECT * FROM `syd_user` WHERE ( userid=1 ) LIMIT 1   [ RunTime:0.0000s ]
SQL: SHOW COLUMNS FROM `syd_store` [ RunTime:0.0390s ]
SQL: SELECT * FROM `syd_store` WHERE ( uid=1 ) LIMIT 1   [ RunTime:0.0010s ]
INFO: [ view_parse ] --START--
INFO: [ template_filter ] --START--
INFO: Run Behavior\ContentReplaceBehavior [ RunTime:0.001000s ]
INFO: [ template_filter ] --END-- [ RunTime:0.001000s ]
NOTIC: [8] Undefined index: m D:\xampp\htdocs\peoplecar\ThinkPHP\Common\functions.php 第 977 行.
NOTIC: [8] Undefined index: m D:\xampp\htdocs\peoplecar\ThinkPHP\Common\functions.php 第 977 行.
NOTIC: [8] Undefined index: m D:\xampp\htdocs\peoplecar\ThinkPHP\Common\functions.php 第 977 行.
NOTIC: [8] Undefined index: m D:\xampp\htdocs\peoplecar\ThinkPHP\Common\functions.php 第 977 行.
NOTIC: [8] Undefined index: m D:\xampp\htdocs\peoplecar\ThinkPHP\Common\functions.php 第 977 行.
NOTIC: [8] Undefined index: m D:\xampp\htdocs\peoplecar\ThinkPHP\Common\functions.php 第 977 行.
NOTIC: [8] Undefined index: m D:\xampp\htdocs\peoplecar\ThinkPHP\Common\functions.php 第 977 行.
NOTIC: [8] Undefined index: m D:\xampp\htdocs\peoplecar\ThinkPHP\Common\functions.php 第 977 行.
NOTIC: [8] Undefined index: m D:\xampp\htdocs\peoplecar\ThinkPHP\Common\functions.php 第 977 行.
NOTIC: [8] Undefined index: m D:\xampp\htdocs\peoplecar\ThinkPHP\Common\functions.php 第 977 行.
NOTIC: [8] Undefined index: m D:\xampp\htdocs\peoplecar\ThinkPHP\Common\functions.php 第 977 行.
NOTIC: [8] Undefined index: m D:\xampp\htdocs\peoplecar\ThinkPHP\Common\functions.php 第 977 行.
NOTIC: [8] Undefined index: m D:\xampp\htdocs\peoplecar\ThinkPHP\Common\functions.php 第 977 行.
NOTIC: [8] Undefined index: m D:\xampp\htdocs\peoplecar\ThinkPHP\Common\functions.php 第 977 行.
NOTIC: [8] Undefined index: m D:\xampp\htdocs\peoplecar\ThinkPHP\Common\functions.php 第 977 行.
NOTIC: [8] Undefined index: m D:\xampp\htdocs\peoplecar\ThinkPHP\Common\functions.php 第 977 行.
NOTIC: [8] Undefined index: m D:\xampp\htdocs\peoplecar\ThinkPHP\Common\functions.php 第 977 行.
NOTIC: [8] Undefined index: m D:\xampp\htdocs\peoplecar\ThinkPHP\Common\functions.php 第 977 行.
NOTIC: [8] Undefined index: m D:\xampp\htdocs\peoplecar\ThinkPHP\Common\functions.php 第 977 行.
NOTIC: [8] Undefined index: m D:\xampp\htdocs\peoplecar\ThinkPHP\Common\functions.php 第 977 行.
NOTIC: [8] Undefined index: m D:\xampp\htdocs\peoplecar\ThinkPHP\Common\functions.php 第 977 行.
NOTIC: [8] Undefined index: m D:\xampp\htdocs\peoplecar\ThinkPHP\Common\functions.php 第 977 行.
INFO: Run Behavior\ParseTemplateBehavior [ RunTime:0.021001s ]
INFO: [ view_parse ] --END-- [ RunTime:0.022001s ]
INFO: [ view_filter ] --START--
INFO: Run Behavior\WriteHtmlCacheBehavior [ RunTime:0.001000s ]
INFO: [ view_filter ] --END-- [ RunTime:0.001000s ]
INFO: [ app_end ] --START--
INFO: Run Behavior\ShowPageTraceBehavior [ RunTime:0.002000s ]
INFO: [ app_end ] --END-- [ RunTime:0.002000s ]

[ 2017-10-18T16:54:41+08:00 ] ::1 /peoplecar/index.php?s=/Index/applyCar.html
INFO: [ app_init ] --START--
INFO: Run Behavior\BuildLiteBehavior [ RunTime:0.000000s ]
INFO: [ app_init ] --END-- [ RunTime:0.000000s ]
INFO: [ app_begin ] --START--
INFO: Run Behavior\ReadHtmlCacheBehavior [ RunTime:0.001000s ]
INFO: [ app_begin ] --END-- [ RunTime:0.001000s ]

[ 2017-10-18T16:55:49+08:00 ] ::1 /peoplecar/index.php?s=/Index/copyPageTwo.html
INFO: [ app_init ] --START--
INFO: Run Behavior\BuildLiteBehavior [ RunTime:0.000000s ]
INFO: [ app_init ] --END-- [ RunTime:0.001000s ]
INFO: [ app_begin ] --START--
INFO: Run Behavior\ReadHtmlCacheBehavior [ RunTime:0.000000s ]
INFO: [ app_begin ] --END-- [ RunTime:0.000000s ]
SQL: SHOW COLUMNS FROM `syd_user` [ RunTime:0.0380s ]
SQL: SELECT * FROM `syd_user` WHERE ( userid=1 ) LIMIT 1   [ RunTime:0.0010s ]
SQL: SHOW COLUMNS FROM `syd_store` [ RunTime:0.0430s ]
SQL: SELECT * FROM `syd_store` WHERE ( uid=1 ) LIMIT 1   [ RunTime:0.0010s ]
INFO: [ view_parse ] --START--
INFO: [ template_filter ] --START--
INFO: Run Behavior\ContentReplaceBehavior [ RunTime:0.000000s ]
INFO: [ template_filter ] --END-- [ RunTime:0.000000s ]
NOTIC: [8] Undefined index: m D:\xampp\htdocs\peoplecar\ThinkPHP\Common\functions.php 第 977 行.
NOTIC: [8] Undefined index: m D:\xampp\htdocs\peoplecar\ThinkPHP\Common\functions.php 第 977 行.
NOTIC: [8] Undefined index: m D:\xampp\htdocs\peoplecar\ThinkPHP\Common\functions.php 第 977 行.
NOTIC: [8] Undefined index: m D:\xampp\htdocs\peoplecar\ThinkPHP\Common\functions.php 第 977 行.
NOTIC: [8] Undefined index: m D:\xampp\htdocs\peoplecar\ThinkPHP\Common\functions.php 第 977 行.
NOTIC: [8] Undefined index: m D:\xampp\htdocs\peoplecar\ThinkPHP\Common\functions.php 第 977 行.
NOTIC: [8] Undefined index: m D:\xampp\htdocs\peoplecar\ThinkPHP\Common\functions.php 第 977 行.
NOTIC: [8] Undefined index: m D:\xampp\htdocs\peoplecar\ThinkPHP\Common\functions.php 第 977 行.
NOTIC: [8] Undefined index: m D:\xampp\htdocs\peoplecar\ThinkPHP\Common\functions.php 第 977 行.
NOTIC: [8] Undefined index: m D:\xampp\htdocs\peoplecar\ThinkPHP\Common\functions.php 第 977 行.
NOTIC: [8] Undefined index: m D:\xampp\htdocs\peoplecar\ThinkPHP\Common\functions.php 第 977 行.
NOTIC: [8] Undefined index: m D:\xampp\htdocs\peoplecar\ThinkPHP\Common\functions.php 第 977 行.
NOTIC: [8] Undefined index: m D:\xampp\htdocs\peoplecar\ThinkPHP\Common\functions.php 第 977 行.
NOTIC: [8] Undefined index: m D:\xampp\htdocs\peoplecar\ThinkPHP\Common\functions.php 第 977 行.
NOTIC: [8] Undefined index: m D:\xampp\htdocs\peoplecar\ThinkPHP\Common\functions.php 第 977 行.
NOTIC: [8] Undefined index: m D:\xampp\htdocs\peoplecar\ThinkPHP\Common\functions.php 第 977 行.
NOTIC: [8] Undefined index: m D:\xampp\htdocs\peoplecar\ThinkPHP\Common\functions.php 第 977 行.
NOTIC: [8] Undefined index: m D:\xampp\htdocs\peoplecar\ThinkPHP\Common\functions.php 第 977 行.
NOTIC: [8] Undefined index: m D:\xampp\htdocs\peoplecar\ThinkPHP\Common\functions.php 第 977 行.
NOTIC: [8] Undefined index: m D:\xampp\htdocs\peoplecar\ThinkPHP\Common\functions.php 第 977 行.
NOTIC: [8] Undefined index: m D:\xampp\htdocs\peoplecar\ThinkPHP\Common\functions.php 第 977 行.
NOTIC: [8] Undefined index: m D:\xampp\htdocs\peoplecar\ThinkPHP\Common\functions.php 第 977 行.
INFO: Run Behavior\ParseTemplateBehavior [ RunTime:0.022002s ]
INFO: [ view_parse ] --END-- [ RunTime:0.022002s ]
INFO: [ view_filter ] --START--
INFO: Run Behavior\WriteHtmlCacheBehavior [ RunTime:0.000000s ]
INFO: [ view_filter ] --END-- [ RunTime:0.000000s ]
INFO: [ app_end ] --START--
INFO: Run Behavior\ShowPageTraceBehavior [ RunTime:0.001000s ]
INFO: [ app_end ] --END-- [ RunTime:0.001000s ]

[ 2017-10-18T16:55:51+08:00 ] ::1 /peoplecar/index.php?s=/Index/applyCar.html
INFO: [ app_init ] --START--
INFO: Run Behavior\BuildLiteBehavior [ RunTime:0.000000s ]
INFO: [ app_init ] --END-- [ RunTime:0.000000s ]
INFO: [ app_begin ] --START--
INFO: Run Behavior\ReadHtmlCacheBehavior [ RunTime:0.001000s ]
INFO: [ app_begin ] --END-- [ RunTime:0.001000s ]
SQL: SHOW COLUMNS FROM `syd_user` [ RunTime:0.0290s ]
SQL: SELECT * FROM `syd_user` WHERE ( userid=1 ) LIMIT 1   [ RunTime:0.0010s ]

[ 2017-10-18T17:13:16+08:00 ] ::1 /peoplecar/index.php?s=/Index/applyCar.html
INFO: [ app_init ] --START--
INFO: Run Behavior\BuildLiteBehavior [ RunTime:0.000000s ]
INFO: [ app_init ] --END-- [ RunTime:0.001000s ]
INFO: [ app_begin ] --START--
INFO: Run Behavior\ReadHtmlCacheBehavior [ RunTime:0.001000s ]
INFO: [ app_begin ] --END-- [ RunTime:0.001000s ]
SQL: SHOW COLUMNS FROM `syd_user` [ RunTime:0.0390s ]
SQL: SELECT * FROM `syd_user` WHERE ( userid=1 ) LIMIT 1   [ RunTime:0.0010s ]
ERR: 1146:Table 'che.syd_apply_car' doesn't exist
 [ SQL语句 ] : SHOW COLUMNS FROM `syd_apply_car`
ERR: 1146:Table 'che.syd_apply_car' doesn't exist
 [ SQL语句 ] : SHOW COLUMNS FROM `syd_apply_car`

[ 2017-10-18T17:13:21+08:00 ] ::1 /peoplecar/index.php?s=/Index/applyCar.html
INFO: [ app_init ] --START--
INFO: Run Behavior\BuildLiteBehavior [ RunTime:0.000000s ]
INFO: [ app_init ] --END-- [ RunTime:0.001000s ]
INFO: [ app_begin ] --START--
INFO: Run Behavior\ReadHtmlCacheBehavior [ RunTime:0.001000s ]
INFO: [ app_begin ] --END-- [ RunTime:0.001000s ]
SQL: SHOW COLUMNS FROM `syd_user` [ RunTime:0.0390s ]
SQL: SELECT * FROM `syd_user` WHERE ( userid=1 ) LIMIT 1   [ RunTime:0.0000s ]
ERR: 1146:Table 'che.syd_apply_car' doesn't exist
 [ SQL语句 ] : SHOW COLUMNS FROM `syd_apply_car`
ERR: 1146:Table 'che.syd_apply_car' doesn't exist
 [ SQL语句 ] : SHOW COLUMNS FROM `syd_apply_car`

[ 2017-10-18T17:13:24+08:00 ] ::1 /peoplecar/index.php?s=/Index/copyPageTwo.html
INFO: [ app_init ] --START--
INFO: Run Behavior\BuildLiteBehavior [ RunTime:0.000000s ]
INFO: [ app_init ] --END-- [ RunTime:0.000000s ]
INFO: [ app_begin ] --START--
INFO: Run Behavior\ReadHtmlCacheBehavior [ RunTime:0.001000s ]
INFO: [ app_begin ] --END-- [ RunTime:0.001000s ]
SQL: SHOW COLUMNS FROM `syd_user` [ RunTime:0.0430s ]
SQL: SELECT * FROM `syd_user` WHERE ( userid=1 ) LIMIT 1   [ RunTime:0.0000s ]
SQL: SHOW COLUMNS FROM `syd_store` [ RunTime:0.0440s ]
SQL: SELECT * FROM `syd_store` WHERE ( uid=1 ) LIMIT 1   [ RunTime:0.0010s ]
INFO: [ view_parse ] --START--
INFO: [ template_filter ] --START--
INFO: Run Behavior\ContentReplaceBehavior [ RunTime:0.000000s ]
INFO: [ template_filter ] --END-- [ RunTime:0.000000s ]
NOTIC: [8] Undefined index: m D:\xampp\htdocs\peoplecar\ThinkPHP\Common\functions.php 第 977 行.
NOTIC: [8] Undefined index: m D:\xampp\htdocs\peoplecar\ThinkPHP\Common\functions.php 第 977 行.
NOTIC: [8] Undefined index: m D:\xampp\htdocs\peoplecar\ThinkPHP\Common\functions.php 第 977 行.
NOTIC: [8] Undefined index: m D:\xampp\htdocs\peoplecar\ThinkPHP\Common\functions.php 第 977 行.
NOTIC: [8] Undefined index: m D:\xampp\htdocs\peoplecar\ThinkPHP\Common\functions.php 第 977 行.
NOTIC: [8] Undefined index: m D:\xampp\htdocs\peoplecar\ThinkPHP\Common\functions.php 第 977 行.
NOTIC: [8] Undefined index: m D:\xampp\htdocs\peoplecar\ThinkPHP\Common\functions.php 第 977 行.
NOTIC: [8] Undefined index: m D:\xampp\htdocs\peoplecar\ThinkPHP\Common\functions.php 第 977 行.
NOTIC: [8] Undefined index: m D:\xampp\htdocs\peoplecar\ThinkPHP\Common\functions.php 第 977 行.
NOTIC: [8] Undefined index: m D:\xampp\htdocs\peoplecar\ThinkPHP\Common\functions.php 第 977 行.
NOTIC: [8] Undefined index: m D:\xampp\htdocs\peoplecar\ThinkPHP\Common\functions.php 第 977 行.
NOTIC: [8] Undefined index: m D:\xampp\htdocs\peoplecar\ThinkPHP\Common\functions.php 第 977 行.
NOTIC: [8] Undefined index: m D:\xampp\htdocs\peoplecar\ThinkPHP\Common\functions.php 第 977 行.
NOTIC: [8] Undefined index: m D:\xampp\htdocs\peoplecar\ThinkPHP\Common\functions.php 第 977 行.
NOTIC: [8] Undefined index: m D:\xampp\htdocs\peoplecar\ThinkPHP\Common\functions.php 第 977 行.
NOTIC: [8] Undefined index: m D:\xampp\htdocs\peoplecar\ThinkPHP\Common\functions.php 第 977 行.
NOTIC: [8] Undefined index: m D:\xampp\htdocs\peoplecar\ThinkPHP\Common\functions.php 第 977 行.
NOTIC: [8] Undefined index: m D:\xampp\htdocs\peoplecar\ThinkPHP\Common\functions.php 第 977 行.
NOTIC: [8] Undefined index: m D:\xampp\htdocs\peoplecar\ThinkPHP\Common\functions.php 第 977 行.
NOTIC: [8] Undefined index: m D:\xampp\htdocs\peoplecar\ThinkPHP\Common\functions.php 第 977 行.
NOTIC: [8] Undefined index: m D:\xampp\htdocs\peoplecar\ThinkPHP\Common\functions.php 第 977 行.
NOTIC: [8] Undefined index: m D:\xampp\htdocs\peoplecar\ThinkPHP\Common\functions.php 第 977 行.
INFO: Run Behavior\ParseTemplateBehavior [ RunTime:0.023002s ]
INFO: [ view_parse ] --END-- [ RunTime:0.023002s ]
INFO: [ view_filter ] --START--
INFO: Run Behavior\WriteHtmlCacheBehavior [ RunTime:0.000000s ]
INFO: [ view_filter ] --END-- [ RunTime:0.000000s ]
INFO: [ app_end ] --START--
INFO: Run Behavior\ShowPageTraceBehavior [ RunTime:0.001000s ]
INFO: [ app_end ] --END-- [ RunTime:0.001000s ]

[ 2017-10-18T17:13:26+08:00 ] ::1 /peoplecar/index.php?s=/Index/applyCar.html
INFO: [ app_init ] --START--
INFO: Run Behavior\BuildLiteBehavior [ RunTime:0.001000s ]
INFO: [ app_init ] --END-- [ RunTime:0.001000s ]
INFO: [ app_begin ] --START--
INFO: Run Behavior\ReadHtmlCacheBehavior [ RunTime:0.000000s ]
INFO: [ app_begin ] --END-- [ RunTime:0.000000s ]
SQL: SHOW COLUMNS FROM `syd_user` [ RunTime:0.0320s ]
SQL: SELECT * FROM `syd_user` WHERE ( userid=1 ) LIMIT 1   [ RunTime:0.0010s ]
ERR: 1146:Table 'che.syd_apply_car' doesn't exist
 [ SQL语句 ] : SHOW COLUMNS FROM `syd_apply_car`
ERR: 1146:Table 'che.syd_apply_car' doesn't exist
 [ SQL语句 ] : SHOW COLUMNS FROM `syd_apply_car`

[ 2017-10-18T17:14:45+08:00 ] ::1 /peoplecar/index.php?s=/Index/applyCar.html
INFO: [ app_init ] --START--
INFO: Run Behavior\BuildLiteBehavior [ RunTime:0.000000s ]
INFO: [ app_init ] --END-- [ RunTime:0.000000s ]
INFO: [ app_begin ] --START--
INFO: Run Behavior\ReadHtmlCacheBehavior [ RunTime:0.001000s ]
INFO: [ app_begin ] --END-- [ RunTime:0.001000s ]
SQL: SHOW COLUMNS FROM `syd_user` [ RunTime:0.0380s ]
SQL: SELECT * FROM `syd_user` WHERE ( userid=1 ) LIMIT 1   [ RunTime:0.0000s ]
SQL: SHOW COLUMNS FROM `syd_applycar` [ RunTime:0.0430s ]
SQL: SELECT * FROM `syd_applycar` WHERE `uid` = 1 AND `status` = 0 LIMIT 1   [ RunTime:0.0010s ]
SQL: INSERT INTO `syd_applycar` (`uid`,`username`,`phone`,`account`,`time`,`status`) VALUES ('1','测试','13601849547','admin','1508318085','0') [ RunTime:0.0070s ]
NOTIC: [8] Undefined index: m D:\xampp\htdocs\peoplecar\ThinkPHP\Common\functions.php 第 977 行.

[ 2017-10-18T17:14:47+08:00 ] ::1 /peoplecar/index.php?s=/Index/copyPageTwo.html
INFO: [ app_init ] --START--
INFO: Run Behavior\BuildLiteBehavior [ RunTime:0.000000s ]
INFO: [ app_init ] --END-- [ RunTime:0.000000s ]
INFO: [ app_begin ] --START--
INFO: Run Behavior\ReadHtmlCacheBehavior [ RunTime:0.001000s ]
INFO: [ app_begin ] --END-- [ RunTime:0.001000s ]
SQL: SHOW COLUMNS FROM `syd_user` [ RunTime:0.0360s ]
SQL: SELECT * FROM `syd_user` WHERE ( userid=1 ) LIMIT 1   [ RunTime:0.0010s ]
SQL: SHOW COLUMNS FROM `syd_store` [ RunTime:0.0420s ]
SQL: SELECT * FROM `syd_store` WHERE ( uid=1 ) LIMIT 1   [ RunTime:0.0000s ]
INFO: [ view_parse ] --START--
INFO: [ template_filter ] --START--
INFO: Run Behavior\ContentReplaceBehavior [ RunTime:0.000000s ]
INFO: [ template_filter ] --END-- [ RunTime:0.001000s ]
NOTIC: [8] Undefined index: m D:\xampp\htdocs\peoplecar\ThinkPHP\Common\functions.php 第 977 行.
NOTIC: [8] Undefined index: m D:\xampp\htdocs\peoplecar\ThinkPHP\Common\functions.php 第 977 行.
NOTIC: [8] Undefined index: m D:\xampp\htdocs\peoplecar\ThinkPHP\Common\functions.php 第 977 行.
NOTIC: [8] Undefined index: m D:\xampp\htdocs\peoplecar\ThinkPHP\Common\functions.php 第 977 行.
NOTIC: [8] Undefined index: m D:\xampp\htdocs\peoplecar\ThinkPHP\Common\functions.php 第 977 行.
NOTIC: [8] Undefined index: m D:\xampp\htdocs\peoplecar\ThinkPHP\Common\functions.php 第 977 行.
NOTIC: [8] Undefined index: m D:\xampp\htdocs\peoplecar\ThinkPHP\Common\functions.php 第 977 行.
NOTIC: [8] Undefined index: m D:\xampp\htdocs\peoplecar\ThinkPHP\Common\functions.php 第 977 行.
NOTIC: [8] Undefined index: m D:\xampp\htdocs\peoplecar\ThinkPHP\Common\functions.php 第 977 行.
NOTIC: [8] Undefined index: m D:\xampp\htdocs\peoplecar\ThinkPHP\Common\functions.php 第 977 行.
NOTIC: [8] Undefined index: m D:\xampp\htdocs\peoplecar\ThinkPHP\Common\functions.php 第 977 行.
NOTIC: [8] Undefined index: m D:\xampp\htdocs\peoplecar\ThinkPHP\Common\functions.php 第 977 行.
NOTIC: [8] Undefined index: m D:\xampp\htdocs\peoplecar\ThinkPHP\Common\functions.php 第 977 行.
NOTIC: [8] Undefined index: m D:\xampp\htdocs\peoplecar\ThinkPHP\Common\functions.php 第 977 行.
NOTIC: [8] Undefined index: m D:\xampp\htdocs\peoplecar\ThinkPHP\Common\functions.php 第 977 行.
NOTIC: [8] Undefined index: m D:\xampp\htdocs\peoplecar\ThinkPHP\Common\functions.php 第 977 行.
NOTIC: [8] Undefined index: m D:\xampp\htdocs\peoplecar\ThinkPHP\Common\functions.php 第 977 行.
NOTIC: [8] Undefined index: m D:\xampp\htdocs\peoplecar\ThinkPHP\Common\functions.php 第 977 行.
NOTIC: [8] Undefined index: m D:\xampp\htdocs\peoplecar\ThinkPHP\Common\functions.php 第 977 行.
NOTIC: [8] Undefined index: m D:\xampp\htdocs\peoplecar\ThinkPHP\Common\functions.php 第 977 行.
NOTIC: [8] Undefined index: m D:\xampp\htdocs\peoplecar\ThinkPHP\Common\functions.php 第 977 行.
NOTIC: [8] Undefined index: m D:\xampp\htdocs\peoplecar\ThinkPHP\Common\functions.php 第 977 行.
INFO: Run Behavior\ParseTemplateBehavior [ RunTime:0.021001s ]
INFO: [ view_parse ] --END-- [ RunTime:0.021001s ]
INFO: [ view_filter ] --START--
INFO: Run Behavior\WriteHtmlCacheBehavior [ RunTime:0.001000s ]
INFO: [ view_filter ] --END-- [ RunTime:0.001000s ]
INFO: [ app_end ] --START--
INFO: Run Behavior\ShowPageTraceBehavior [ RunTime:0.000000s ]
INFO: [ app_end ] --END-- [ RunTime:0.000000s ]

[ 2017-10-18T17:14:49+08:00 ] ::1 /peoplecar/index.php?s=/Index/applyCar.html
INFO: [ app_init ] --START--
INFO: Run Behavior\BuildLiteBehavior [ RunTime:0.000000s ]
INFO: [ app_init ] --END-- [ RunTime:0.001000s ]
INFO: [ app_begin ] --START--
INFO: Run Behavior\ReadHtmlCacheBehavior [ RunTime:0.002001s ]
INFO: [ app_begin ] --END-- [ RunTime:0.002001s ]
SQL: SHOW COLUMNS FROM `syd_user` [ RunTime:0.0270s ]
SQL: SELECT * FROM `syd_user` WHERE ( userid=1 ) LIMIT 1   [ RunTime:0.0020s ]
SQL: SHOW COLUMNS FROM `syd_applycar` [ RunTime:0.0310s ]
SQL: SELECT * FROM `syd_applycar` WHERE `uid` = 1 AND `status` = 0 LIMIT 1   [ RunTime:0.0010s ]
NOTIC: [8] Undefined index: m D:\xampp\htdocs\peoplecar\ThinkPHP\Common\functions.php 第 977 行.

[ 2017-10-18T17:14:51+08:00 ] ::1 /peoplecar/index.php?s=/Index/copyPageTwo.html
INFO: [ app_init ] --START--
INFO: Run Behavior\BuildLiteBehavior [ RunTime:0.000000s ]
INFO: [ app_init ] --END-- [ RunTime:0.001000s ]
INFO: [ app_begin ] --START--
INFO: Run Behavior\ReadHtmlCacheBehavior [ RunTime:0.000000s ]
INFO: [ app_begin ] --END-- [ RunTime:0.000000s ]
SQL: SHOW COLUMNS FROM `syd_user` [ RunTime:0.0360s ]
SQL: SELECT * FROM `syd_user` WHERE ( userid=1 ) LIMIT 1   [ RunTime:0.0010s ]
SQL: SHOW COLUMNS FROM `syd_store` [ RunTime:0.0420s ]
SQL: SELECT * FROM `syd_store` WHERE ( uid=1 ) LIMIT 1   [ RunTime:0.0000s ]
INFO: [ view_parse ] --START--
INFO: [ template_filter ] --START--
INFO: Run Behavior\ContentReplaceBehavior [ RunTime:0.001001s ]
INFO: [ template_filter ] --END-- [ RunTime:0.001001s ]
NOTIC: [8] Undefined index: m D:\xampp\htdocs\peoplecar\ThinkPHP\Common\functions.php 第 977 行.
NOTIC: [8] Undefined index: m D:\xampp\htdocs\peoplecar\ThinkPHP\Common\functions.php 第 977 行.
NOTIC: [8] Undefined index: m D:\xampp\htdocs\peoplecar\ThinkPHP\Common\functions.php 第 977 行.
NOTIC: [8] Undefined index: m D:\xampp\htdocs\peoplecar\ThinkPHP\Common\functions.php 第 977 行.
NOTIC: [8] Undefined index: m D:\xampp\htdocs\peoplecar\ThinkPHP\Common\functions.php 第 977 行.
NOTIC: [8] Undefined index: m D:\xampp\htdocs\peoplecar\ThinkPHP\Common\functions.php 第 977 行.
NOTIC: [8] Undefined index: m D:\xampp\htdocs\peoplecar\ThinkPHP\Common\functions.php 第 977 行.
NOTIC: [8] Undefined index: m D:\xampp\htdocs\peoplecar\ThinkPHP\Common\functions.php 第 977 行.
NOTIC: [8] Undefined index: m D:\xampp\htdocs\peoplecar\ThinkPHP\Common\functions.php 第 977 行.
NOTIC: [8] Undefined index: m D:\xampp\htdocs\peoplecar\ThinkPHP\Common\functions.php 第 977 行.
NOTIC: [8] Undefined index: m D:\xampp\htdocs\peoplecar\ThinkPHP\Common\functions.php 第 977 行.
NOTIC: [8] Undefined index: m D:\xampp\htdocs\peoplecar\ThinkPHP\Common\functions.php 第 977 行.
NOTIC: [8] Undefined index: m D:\xampp\htdocs\peoplecar\ThinkPHP\Common\functions.php 第 977 行.
NOTIC: [8] Undefined index: m D:\xampp\htdocs\peoplecar\ThinkPHP\Common\functions.php 第 977 行.
NOTIC: [8] Undefined index: m D:\xampp\htdocs\peoplecar\ThinkPHP\Common\functions.php 第 977 行.
NOTIC: [8] Undefined index: m D:\xampp\htdocs\peoplecar\ThinkPHP\Common\functions.php 第 977 行.
NOTIC: [8] Undefined index: m D:\xampp\htdocs\peoplecar\ThinkPHP\Common\functions.php 第 977 行.
NOTIC: [8] Undefined index: m D:\xampp\htdocs\peoplecar\ThinkPHP\Common\functions.php 第 977 行.
NOTIC: [8] Undefined index: m D:\xampp\htdocs\peoplecar\ThinkPHP\Common\functions.php 第 977 行.
NOTIC: [8] Undefined index: m D:\xampp\htdocs\peoplecar\ThinkPHP\Common\functions.php 第 977 行.
NOTIC: [8] Undefined index: m D:\xampp\htdocs\peoplecar\ThinkPHP\Common\functions.php 第 977 行.
NOTIC: [8] Undefined index: m D:\xampp\htdocs\peoplecar\ThinkPHP\Common\functions.php 第 977 行.
INFO: Run Behavior\ParseTemplateBehavior [ RunTime:0.021001s ]
INFO: [ view_parse ] --END-- [ RunTime:0.021001s ]
INFO: [ view_filter ] --START--
INFO: Run Behavior\WriteHtmlCacheBehavior [ RunTime:0.000000s ]
INFO: [ view_filter ] --END-- [ RunTime:0.000000s ]
INFO: [ app_end ] --START--
INFO: Run Behavior\ShowPageTraceBehavior [ RunTime:0.001000s ]
INFO: [ app_end ] --END-- [ RunTime:0.001000s ]

