[ 2017-12-22T03:42:11+08:00 ] 120.52.18.52 /
INFO: [ app_init ] --START--
INFO: Run Behavior\BuildLiteBehavior [ RunTime:0.000000s ]
INFO: [ app_init ] --END-- [ RunTime:0.000976s ]
INFO: [ app_begin ] --START--
INFO: Run Behavior\ReadHtmlCacheBehavior [ RunTime:0.000000s ]
INFO: [ app_begin ] --END-- [ RunTime:0.000000s ]
NOTIC: [8] Undefined index: m D:\wwwroot\jpyc03\wwwroot\ThinkPHP\Common\functions.php 第 977 行.

[ 2017-12-22T03:42:11+08:00 ] 120.52.18.52 /index.php?s=/Regus/login.html
INFO: [ app_init ] --START--
INFO: Run Behavior\BuildLiteBehavior [ RunTime:0.000000s ]
INFO: [ app_init ] --END-- [ RunTime:0.000976s ]
INFO: [ app_begin ] --START--
INFO: Run Behavior\ReadHtmlCacheBehavior [ RunTime:0.000000s ]
INFO: [ app_begin ] --END-- [ RunTime:0.000000s ]
INFO: [ view_parse ] --START--
INFO: [ template_filter ] --START--
INFO: Run Behavior\ContentReplaceBehavior [ RunTime:0.000000s ]
INFO: [ template_filter ] --END-- [ RunTime:0.000000s ]
NOTIC: [8] Undefined index: m D:\wwwroot\jpyc03\wwwroot\ThinkPHP\Common\functions.php 第 977 行.
INFO: Run Behavior\ParseTemplateBehavior [ RunTime:0.020509s ]
INFO: [ view_parse ] --END-- [ RunTime:0.020509s ]
INFO: [ view_filter ] --START--
INFO: Run Behavior\WriteHtmlCacheBehavior [ RunTime:0.000000s ]
INFO: [ view_filter ] --END-- [ RunTime:0.000000s ]
INFO: [ app_end ] --START--
INFO: Run Behavior\ShowPageTraceBehavior [ RunTime:0.000000s ]
INFO: [ app_end ] --END-- [ RunTime:0.000000s ]

[ 2017-12-22T04:11:53+08:00 ] 120.52.18.53 /
INFO: [ app_init ] --START--
INFO: Run Behavior\BuildLiteBehavior [ RunTime:0.000000s ]
INFO: [ app_init ] --END-- [ RunTime:0.000000s ]
INFO: [ app_begin ] --START--
INFO: Run Behavior\ReadHtmlCacheBehavior [ RunTime:0.003907s ]
INFO: [ app_begin ] --END-- [ RunTime:0.003907s ]
NOTIC: [8] Undefined index: m D:\wwwroot\jpyc03\wwwroot\ThinkPHP\Common\functions.php 第 977 行.

[ 2017-12-22T04:11:53+08:00 ] 120.52.18.53 /index.php?s=/Regus/login.html
INFO: [ app_init ] --START--
INFO: Run Behavior\BuildLiteBehavior [ RunTime:0.000000s ]
INFO: [ app_init ] --END-- [ RunTime:0.000000s ]
INFO: [ app_begin ] --START--
INFO: Run Behavior\ReadHtmlCacheBehavior [ RunTime:0.000977s ]
INFO: [ app_begin ] --END-- [ RunTime:0.000977s ]
INFO: [ view_parse ] --START--
INFO: [ template_filter ] --START--
INFO: Run Behavior\ContentReplaceBehavior [ RunTime:0.000000s ]
INFO: [ template_filter ] --END-- [ RunTime:0.000000s ]
NOTIC: [8] Undefined index: m D:\wwwroot\jpyc03\wwwroot\ThinkPHP\Common\functions.php 第 977 行.
INFO: Run Behavior\ParseTemplateBehavior [ RunTime:0.019532s ]
INFO: [ view_parse ] --END-- [ RunTime:0.019532s ]
INFO: [ view_filter ] --START--
INFO: Run Behavior\WriteHtmlCacheBehavior [ RunTime:0.000977s ]
INFO: [ view_filter ] --END-- [ RunTime:0.000977s ]
INFO: [ app_end ] --START--
INFO: Run Behavior\ShowPageTraceBehavior [ RunTime:0.000976s ]
INFO: [ app_end ] --END-- [ RunTime:0.000976s ]

[ 2017-12-22T09:49:34+08:00 ] 61.160.224.141 /
INFO: [ app_init ] --START--
INFO: Run Behavior\BuildLiteBehavior [ RunTime:0.000000s ]
INFO: [ app_init ] --END-- [ RunTime:0.000977s ]
INFO: [ app_begin ] --START--
INFO: Run Behavior\ReadHtmlCacheBehavior [ RunTime:0.001953s ]
INFO: [ app_begin ] --END-- [ RunTime:0.001953s ]
NOTIC: [8] Undefined index: m D:\wwwroot\jpyc03\wwwroot\ThinkPHP\Common\functions.php 第 977 行.

[ 2017-12-22T09:49:35+08:00 ] 61.160.224.135 /index.php?s=/Regus/login.html
INFO: [ app_init ] --START--
INFO: Run Behavior\BuildLiteBehavior [ RunTime:0.000000s ]
INFO: [ app_init ] --END-- [ RunTime:0.000976s ]
INFO: [ app_begin ] --START--
INFO: Run Behavior\ReadHtmlCacheBehavior [ RunTime:0.000000s ]
INFO: [ app_begin ] --END-- [ RunTime:0.000000s ]
INFO: [ view_parse ] --START--
INFO: [ template_filter ] --START--
INFO: Run Behavior\ContentReplaceBehavior [ RunTime:0.000000s ]
INFO: [ template_filter ] --END-- [ RunTime:0.000000s ]
NOTIC: [8] Undefined index: m D:\wwwroot\jpyc03\wwwroot\ThinkPHP\Common\functions.php 第 977 行.
INFO: Run Behavior\ParseTemplateBehavior [ RunTime:0.021483s ]
INFO: [ view_parse ] --END-- [ RunTime:0.021483s ]
INFO: [ view_filter ] --START--
INFO: Run Behavior\WriteHtmlCacheBehavior [ RunTime:0.000000s ]
INFO: [ view_filter ] --END-- [ RunTime:0.000000s ]
INFO: [ app_end ] --START--
INFO: Run Behavior\ShowPageTraceBehavior [ RunTime:0.000976s ]
INFO: [ app_end ] --END-- [ RunTime:0.000976s ]

[ 2017-12-22T10:59:42+08:00 ] 61.160.224.141 /
INFO: [ app_init ] --START--
INFO: Run Behavior\BuildLiteBehavior [ RunTime:0.000000s ]
INFO: [ app_init ] --END-- [ RunTime:0.000000s ]
INFO: [ app_begin ] --START--
INFO: Run Behavior\ReadHtmlCacheBehavior [ RunTime:0.000000s ]
INFO: [ app_begin ] --END-- [ RunTime:0.000000s ]
NOTIC: [8] Undefined index: m D:\wwwroot\jpyc03\wwwroot\ThinkPHP\Common\functions.php 第 977 行.

[ 2017-12-22T10:59:43+08:00 ] 61.160.224.141 /index.php?s=/Regus/login.html
INFO: [ app_init ] --START--
INFO: Run Behavior\BuildLiteBehavior [ RunTime:0.000000s ]
INFO: [ app_init ] --END-- [ RunTime:0.000000s ]
INFO: [ app_begin ] --START--
INFO: Run Behavior\ReadHtmlCacheBehavior [ RunTime:0.000976s ]
INFO: [ app_begin ] --END-- [ RunTime:0.000976s ]
INFO: [ view_parse ] --START--
INFO: [ template_filter ] --START--
INFO: Run Behavior\ContentReplaceBehavior [ RunTime:0.000000s ]
INFO: [ template_filter ] --END-- [ RunTime:0.000000s ]
NOTIC: [8] Undefined index: m D:\wwwroot\jpyc03\wwwroot\ThinkPHP\Common\functions.php 第 977 行.
INFO: Run Behavior\ParseTemplateBehavior [ RunTime:0.018555s ]
INFO: [ view_parse ] --END-- [ RunTime:0.018555s ]
INFO: [ view_filter ] --START--
INFO: Run Behavior\WriteHtmlCacheBehavior [ RunTime:0.000977s ]
INFO: [ view_filter ] --END-- [ RunTime:0.000977s ]
INFO: [ app_end ] --START--
INFO: Run Behavior\ShowPageTraceBehavior [ RunTime:0.000000s ]
INFO: [ app_end ] --END-- [ RunTime:0.000000s ]

[ 2017-12-22T11:17:18+08:00 ] 61.160.224.136 /
INFO: [ app_init ] --START--
INFO: Run Behavior\BuildLiteBehavior [ RunTime:0.000000s ]
INFO: [ app_init ] --END-- [ RunTime:0.000976s ]
INFO: [ app_begin ] --START--
INFO: Run Behavior\ReadHtmlCacheBehavior [ RunTime:0.000976s ]
INFO: [ app_begin ] --END-- [ RunTime:0.000976s ]
NOTIC: [8] Undefined index: m D:\wwwroot\jpyc03\wwwroot\ThinkPHP\Common\functions.php 第 977 行.

[ 2017-12-22T11:17:18+08:00 ] 61.160.224.136 /index.php?s=/Regus/login.html
INFO: [ app_init ] --START--
INFO: Run Behavior\BuildLiteBehavior [ RunTime:0.000000s ]
INFO: [ app_init ] --END-- [ RunTime:0.000000s ]
INFO: [ app_begin ] --START--
INFO: Run Behavior\ReadHtmlCacheBehavior [ RunTime:0.000977s ]
INFO: [ app_begin ] --END-- [ RunTime:0.000977s ]
INFO: [ view_parse ] --START--
INFO: [ template_filter ] --START--
INFO: Run Behavior\ContentReplaceBehavior [ RunTime:0.000000s ]
INFO: [ template_filter ] --END-- [ RunTime:0.000000s ]
NOTIC: [8] Undefined index: m D:\wwwroot\jpyc03\wwwroot\ThinkPHP\Common\functions.php 第 977 行.
INFO: Run Behavior\ParseTemplateBehavior [ RunTime:0.010743s ]
INFO: [ view_parse ] --END-- [ RunTime:0.010743s ]
INFO: [ view_filter ] --START--
INFO: Run Behavior\WriteHtmlCacheBehavior [ RunTime:0.000976s ]
INFO: [ view_filter ] --END-- [ RunTime:0.000976s ]
INFO: [ app_end ] --START--
INFO: Run Behavior\ShowPageTraceBehavior [ RunTime:0.000000s ]
INFO: [ app_end ] --END-- [ RunTime:0.000000s ]

[ 2017-12-22T11:17:28+08:00 ] 61.160.224.136 /index.php?s=/Mobile/Regus/testid.html
INFO: [ app_init ] --START--
INFO: Run Behavior\BuildLiteBehavior [ RunTime:0.000000s ]
INFO: [ app_init ] --END-- [ RunTime:0.000977s ]
INFO: [ app_begin ] --START--
INFO: Run Behavior\ReadHtmlCacheBehavior [ RunTime:0.000977s ]
INFO: [ app_begin ] --END-- [ RunTime:0.000977s ]
SQL: SHOW COLUMNS FROM `syd_user` [ RunTime:0.0049s ]
SQL: SELECT * FROM `syd_user` WHERE ( account='13826666776' ) LIMIT 1   [ RunTime:0.0000s ]

[ 2017-12-22T11:17:28+08:00 ] 61.160.224.136 /index.php?s=/Mobile/Index/copyPageTwo.html
INFO: [ app_init ] --START--
INFO: Run Behavior\BuildLiteBehavior [ RunTime:0.000000s ]
INFO: [ app_init ] --END-- [ RunTime:0.000976s ]
INFO: [ app_begin ] --START--
INFO: Run Behavior\ReadHtmlCacheBehavior [ RunTime:0.000976s ]
INFO: [ app_begin ] --END-- [ RunTime:0.000976s ]
SQL: SHOW COLUMNS FROM `syd_user` [ RunTime:0.0049s ]
SQL: SELECT * FROM `syd_user` WHERE ( userid=190 ) LIMIT 1   [ RunTime:0.0020s ]
SQL: SHOW COLUMNS FROM `syd_store` [ RunTime:0.0049s ]
SQL: SELECT * FROM `syd_store` WHERE ( uid=190 ) LIMIT 1   [ RunTime:0.0020s ]
SQL: SHOW COLUMNS FROM `syd_group` [ RunTime:0.0039s ]
SQL: SELECT * FROM `syd_group` WHERE ( one_id=190 ) LIMIT 1   [ RunTime:0.0020s ]
SQL: SELECT `parent_id` FROM `syd_user` WHERE ( userid=190 ) LIMIT 1   [ RunTime:0.0000s ]
SQL: SELECT * FROM `syd_group` WHERE ( one_id=191 ) LIMIT 1   [ RunTime:0.0000s ]
SQL: SELECT `parent_id` FROM `syd_user` WHERE ( userid=191 ) LIMIT 1   [ RunTime:0.0000s ]
SQL: SELECT * FROM `syd_group` WHERE ( one_id=164 ) LIMIT 1   [ RunTime:0.0000s ]
INFO: [ view_parse ] --START--
INFO: [ template_filter ] --START--
INFO: Run Behavior\ContentReplaceBehavior [ RunTime:0.000000s ]
INFO: [ template_filter ] --END-- [ RunTime:0.000000s ]
NOTIC: [8] Undefined index: m D:\wwwroot\jpyc03\wwwroot\ThinkPHP\Common\functions.php 第 977 行.
NOTIC: [8] Undefined index: m D:\wwwroot\jpyc03\wwwroot\ThinkPHP\Common\functions.php 第 977 行.
NOTIC: [8] Undefined index: m D:\wwwroot\jpyc03\wwwroot\ThinkPHP\Common\functions.php 第 977 行.
NOTIC: [8] Undefined index: m D:\wwwroot\jpyc03\wwwroot\ThinkPHP\Common\functions.php 第 977 行.
NOTIC: [8] Undefined index: m D:\wwwroot\jpyc03\wwwroot\ThinkPHP\Common\functions.php 第 977 行.
NOTIC: [8] Undefined index: m D:\wwwroot\jpyc03\wwwroot\ThinkPHP\Common\functions.php 第 977 行.
NOTIC: [8] Undefined index: m D:\wwwroot\jpyc03\wwwroot\ThinkPHP\Common\functions.php 第 977 行.
NOTIC: [8] Undefined index: m D:\wwwroot\jpyc03\wwwroot\ThinkPHP\Common\functions.php 第 977 行.
NOTIC: [8] Undefined index: m D:\wwwroot\jpyc03\wwwroot\ThinkPHP\Common\functions.php 第 977 行.
NOTIC: [8] Undefined index: m D:\wwwroot\jpyc03\wwwroot\ThinkPHP\Common\functions.php 第 977 行.
NOTIC: [8] Undefined index: m D:\wwwroot\jpyc03\wwwroot\ThinkPHP\Common\functions.php 第 977 行.
NOTIC: [8] Undefined index: m D:\wwwroot\jpyc03\wwwroot\ThinkPHP\Common\functions.php 第 977 行.
NOTIC: [8] Undefined index: m D:\wwwroot\jpyc03\wwwroot\ThinkPHP\Common\functions.php 第 977 行.
NOTIC: [8] Undefined index: m D:\wwwroot\jpyc03\wwwroot\ThinkPHP\Common\functions.php 第 977 行.
NOTIC: [8] Undefined index: m D:\wwwroot\jpyc03\wwwroot\ThinkPHP\Common\functions.php 第 977 行.
NOTIC: [8] Undefined index: m D:\wwwroot\jpyc03\wwwroot\ThinkPHP\Common\functions.php 第 977 行.
NOTIC: [8] Undefined index: m D:\wwwroot\jpyc03\wwwroot\ThinkPHP\Common\functions.php 第 977 行.
NOTIC: [8] Undefined index: m D:\wwwroot\jpyc03\wwwroot\ThinkPHP\Common\functions.php 第 977 行.
NOTIC: [8] Undefined index: m D:\wwwroot\jpyc03\wwwroot\ThinkPHP\Common\functions.php 第 977 行.
NOTIC: [8] Undefined index: m D:\wwwroot\jpyc03\wwwroot\ThinkPHP\Common\functions.php 第 977 行.
NOTIC: [8] Undefined index: m D:\wwwroot\jpyc03\wwwroot\ThinkPHP\Common\functions.php 第 977 行.
NOTIC: [8] Undefined index: m D:\wwwroot\jpyc03\wwwroot\ThinkPHP\Common\functions.php 第 977 行.
NOTIC: [8] Undefined index: m D:\wwwroot\jpyc03\wwwroot\ThinkPHP\Common\functions.php 第 977 行.
NOTIC: [8] Undefined index: m D:\wwwroot\jpyc03\wwwroot\ThinkPHP\Common\functions.php 第 977 行.
NOTIC: [8] Undefined index: m D:\wwwroot\jpyc03\wwwroot\ThinkPHP\Common\functions.php 第 977 行.
NOTIC: [8] Undefined index: m D:\wwwroot\jpyc03\wwwroot\ThinkPHP\Common\functions.php 第 977 行.
NOTIC: [8] Undefined index: m D:\wwwroot\jpyc03\wwwroot\ThinkPHP\Common\functions.php 第 977 行.
INFO: Run Behavior\ParseTemplateBehavior [ RunTime:0.016601s ]
INFO: [ view_parse ] --END-- [ RunTime:0.017577s ]
INFO: [ view_filter ] --START--
INFO: Run Behavior\WriteHtmlCacheBehavior [ RunTime:0.000000s ]
INFO: [ view_filter ] --END-- [ RunTime:0.000000s ]
INFO: [ app_end ] --START--
INFO: Run Behavior\ShowPageTraceBehavior [ RunTime:0.000000s ]
INFO: [ app_end ] --END-- [ RunTime:0.000000s ]

[ 2017-12-22T11:18:10+08:00 ] 61.160.224.136 /index.php?s=/Index/user_register.html
INFO: [ app_init ] --START--
INFO: Run Behavior\BuildLiteBehavior [ RunTime:0.000000s ]
INFO: [ app_init ] --END-- [ RunTime:0.000977s ]
INFO: [ app_begin ] --START--
INFO: Run Behavior\ReadHtmlCacheBehavior [ RunTime:0.000000s ]
INFO: [ app_begin ] --END-- [ RunTime:0.000000s ]
SQL: SHOW COLUMNS FROM `syd_user` [ RunTime:0.0059s ]
SQL: SELECT * FROM `syd_user` WHERE ( userid=190 ) LIMIT 1   [ RunTime:0.0010s ]
INFO: [ view_parse ] --START--
INFO: [ template_filter ] --START--
INFO: Run Behavior\ContentReplaceBehavior [ RunTime:0.000976s ]
INFO: [ template_filter ] --END-- [ RunTime:0.000976s ]
INFO: Run Behavior\ParseTemplateBehavior [ RunTime:0.007813s ]
INFO: [ view_parse ] --END-- [ RunTime:0.007813s ]
INFO: [ view_filter ] --START--
INFO: Run Behavior\WriteHtmlCacheBehavior [ RunTime:0.000977s ]
INFO: [ view_filter ] --END-- [ RunTime:0.000977s ]
INFO: [ app_end ] --START--
INFO: Run Behavior\ShowPageTraceBehavior [ RunTime:0.000000s ]
INFO: [ app_end ] --END-- [ RunTime:0.000000s ]

[ 2017-12-22T11:19:10+08:00 ] 61.160.224.140 /index.php?s=/Index/user_register.html
INFO: [ app_init ] --START--
INFO: Run Behavior\BuildLiteBehavior [ RunTime:0.000000s ]
INFO: [ app_init ] --END-- [ RunTime:0.000977s ]
INFO: [ app_begin ] --START--
INFO: Run Behavior\ReadHtmlCacheBehavior [ RunTime:0.000977s ]
INFO: [ app_begin ] --END-- [ RunTime:0.000977s ]
NOTIC: [8] Undefined index: m D:\wwwroot\jpyc03\wwwroot\ThinkPHP\Common\functions.php 第 977 行.

[ 2017-12-22T11:19:10+08:00 ] 61.160.224.140 /index.php?s=/Regus/login.html
INFO: [ app_init ] --START--
INFO: Run Behavior\BuildLiteBehavior [ RunTime:0.000000s ]
INFO: [ app_init ] --END-- [ RunTime:0.000977s ]
INFO: [ app_begin ] --START--
INFO: Run Behavior\ReadHtmlCacheBehavior [ RunTime:0.000000s ]
INFO: [ app_begin ] --END-- [ RunTime:0.000000s ]
INFO: [ view_parse ] --START--
INFO: [ template_filter ] --START--
INFO: Run Behavior\ContentReplaceBehavior [ RunTime:0.000000s ]
INFO: [ template_filter ] --END-- [ RunTime:0.000977s ]
NOTIC: [8] Undefined index: m D:\wwwroot\jpyc03\wwwroot\ThinkPHP\Common\functions.php 第 977 行.
INFO: Run Behavior\ParseTemplateBehavior [ RunTime:0.006836s ]
INFO: [ view_parse ] --END-- [ RunTime:0.006836s ]
INFO: [ view_filter ] --START--
INFO: Run Behavior\WriteHtmlCacheBehavior [ RunTime:0.000000s ]
INFO: [ view_filter ] --END-- [ RunTime:0.000000s ]
INFO: [ app_end ] --START--
INFO: Run Behavior\ShowPageTraceBehavior [ RunTime:0.000000s ]
INFO: [ app_end ] --END-- [ RunTime:0.000000s ]

[ 2017-12-22T11:19:13+08:00 ] 61.160.224.136 /index.php?s=/Index/user_register.html
INFO: [ app_init ] --START--
INFO: Run Behavior\BuildLiteBehavior [ RunTime:0.000000s ]
INFO: [ app_init ] --END-- [ RunTime:0.000976s ]
INFO: [ app_begin ] --START--
INFO: Run Behavior\ReadHtmlCacheBehavior [ RunTime:0.000977s ]
INFO: [ app_begin ] --END-- [ RunTime:0.000977s ]
NOTIC: [8] Undefined index: m D:\wwwroot\jpyc03\wwwroot\ThinkPHP\Common\functions.php 第 977 行.

[ 2017-12-22T11:19:13+08:00 ] 61.160.224.136 /index.php?s=/Regus/login.html
INFO: [ app_init ] --START--
INFO: Run Behavior\BuildLiteBehavior [ RunTime:0.000000s ]
INFO: [ app_init ] --END-- [ RunTime:0.000000s ]
INFO: [ app_begin ] --START--
INFO: Run Behavior\ReadHtmlCacheBehavior [ RunTime:0.000000s ]
INFO: [ app_begin ] --END-- [ RunTime:0.000000s ]
INFO: [ view_parse ] --START--
INFO: [ template_filter ] --START--
INFO: Run Behavior\ContentReplaceBehavior [ RunTime:0.000000s ]
INFO: [ template_filter ] --END-- [ RunTime:0.000000s ]
NOTIC: [8] Undefined index: m D:\wwwroot\jpyc03\wwwroot\ThinkPHP\Common\functions.php 第 977 行.
INFO: Run Behavior\ParseTemplateBehavior [ RunTime:0.008790s ]
INFO: [ view_parse ] --END-- [ RunTime:0.008790s ]
INFO: [ view_filter ] --START--
INFO: Run Behavior\WriteHtmlCacheBehavior [ RunTime:0.000000s ]
INFO: [ view_filter ] --END-- [ RunTime:0.000000s ]
INFO: [ app_end ] --START--
INFO: Run Behavior\ShowPageTraceBehavior [ RunTime:0.000976s ]
INFO: [ app_end ] --END-- [ RunTime:0.000976s ]

[ 2017-12-22T12:42:51+08:00 ] 61.160.224.136 /
INFO: [ app_init ] --START--
INFO: Run Behavior\BuildLiteBehavior [ RunTime:0.000000s ]
INFO: [ app_init ] --END-- [ RunTime:0.000977s ]
INFO: [ app_begin ] --START--
INFO: Run Behavior\ReadHtmlCacheBehavior [ RunTime:0.000977s ]
INFO: [ app_begin ] --END-- [ RunTime:0.000977s ]
NOTIC: [8] Undefined index: m D:\wwwroot\jpyc03\wwwroot\ThinkPHP\Common\functions.php 第 977 行.

[ 2017-12-22T12:42:58+08:00 ] 61.160.224.141 /index.php?s=/Regus/login.html
INFO: [ app_init ] --START--
INFO: Run Behavior\BuildLiteBehavior [ RunTime:0.000000s ]
INFO: [ app_init ] --END-- [ RunTime:0.000000s ]
INFO: [ app_begin ] --START--
INFO: Run Behavior\ReadHtmlCacheBehavior [ RunTime:0.000977s ]
INFO: [ app_begin ] --END-- [ RunTime:0.000977s ]
INFO: [ view_parse ] --START--
INFO: [ template_filter ] --START--
INFO: Run Behavior\ContentReplaceBehavior [ RunTime:0.000000s ]
INFO: [ template_filter ] --END-- [ RunTime:0.000000s ]
NOTIC: [8] Undefined index: m D:\wwwroot\jpyc03\wwwroot\ThinkPHP\Common\functions.php 第 977 行.
INFO: Run Behavior\ParseTemplateBehavior [ RunTime:0.021486s ]
INFO: [ view_parse ] --END-- [ RunTime:0.021486s ]
INFO: [ view_filter ] --START--
INFO: Run Behavior\WriteHtmlCacheBehavior [ RunTime:0.000000s ]
INFO: [ view_filter ] --END-- [ RunTime:0.000000s ]
INFO: [ app_end ] --START--
INFO: Run Behavior\ShowPageTraceBehavior [ RunTime:0.000000s ]
INFO: [ app_end ] --END-- [ RunTime:0.000976s ]

[ 2017-12-22T16:38:48+08:00 ] 61.160.224.136 /
INFO: [ app_init ] --START--
INFO: Run Behavior\BuildLiteBehavior [ RunTime:0.000000s ]
INFO: [ app_init ] --END-- [ RunTime:0.001953s ]
INFO: [ app_begin ] --START--
INFO: Run Behavior\ReadHtmlCacheBehavior [ RunTime:0.000976s ]
INFO: [ app_begin ] --END-- [ RunTime:0.000976s ]
NOTIC: [8] Undefined index: m D:\wwwroot\jpyc03\wwwroot\ThinkPHP\Common\functions.php 第 977 行.

[ 2017-12-22T16:38:48+08:00 ] 61.160.224.136 /index.php?s=/Regus/login.html
INFO: [ app_init ] --START--
INFO: Run Behavior\BuildLiteBehavior [ RunTime:0.000000s ]
INFO: [ app_init ] --END-- [ RunTime:0.000000s ]
INFO: [ app_begin ] --START--
INFO: Run Behavior\ReadHtmlCacheBehavior [ RunTime:0.000977s ]
INFO: [ app_begin ] --END-- [ RunTime:0.000977s ]
INFO: [ view_parse ] --START--
INFO: [ template_filter ] --START--
INFO: Run Behavior\ContentReplaceBehavior [ RunTime:0.000000s ]
INFO: [ template_filter ] --END-- [ RunTime:0.000000s ]
NOTIC: [8] Undefined index: m D:\wwwroot\jpyc03\wwwroot\ThinkPHP\Common\functions.php 第 977 行.
INFO: Run Behavior\ParseTemplateBehavior [ RunTime:0.018555s ]
INFO: [ view_parse ] --END-- [ RunTime:0.018555s ]
INFO: [ view_filter ] --START--
INFO: Run Behavior\WriteHtmlCacheBehavior [ RunTime:0.000000s ]
INFO: [ view_filter ] --END-- [ RunTime:0.000000s ]
INFO: [ app_end ] --START--
INFO: Run Behavior\ShowPageTraceBehavior [ RunTime:0.001953s ]
INFO: [ app_end ] --END-- [ RunTime:0.001953s ]

[ 2017-12-22T16:38:58+08:00 ] 61.160.224.136 /index.php?s=/Mobile/Regus/testid.html
INFO: [ app_init ] --START--
INFO: Run Behavior\BuildLiteBehavior [ RunTime:0.000000s ]
INFO: [ app_init ] --END-- [ RunTime:0.000000s ]
INFO: [ app_begin ] --START--
INFO: Run Behavior\ReadHtmlCacheBehavior [ RunTime:0.000000s ]
INFO: [ app_begin ] --END-- [ RunTime:0.000000s ]
SQL: SHOW COLUMNS FROM `syd_user` [ RunTime:0.0049s ]
SQL: SELECT * FROM `syd_user` WHERE ( account='13826666776' ) LIMIT 1   [ RunTime:0.0029s ]

[ 2017-12-22T16:38:58+08:00 ] 61.160.224.136 /index.php?s=/Mobile/Index/copyPageTwo.html
INFO: [ app_init ] --START--
INFO: Run Behavior\BuildLiteBehavior [ RunTime:0.000000s ]
INFO: [ app_init ] --END-- [ RunTime:0.000000s ]
INFO: [ app_begin ] --START--
INFO: Run Behavior\ReadHtmlCacheBehavior [ RunTime:0.000977s ]
INFO: [ app_begin ] --END-- [ RunTime:0.000977s ]
SQL: SHOW COLUMNS FROM `syd_user` [ RunTime:0.0029s ]
SQL: SELECT * FROM `syd_user` WHERE ( userid=190 ) LIMIT 1   [ RunTime:0.0010s ]
SQL: SHOW COLUMNS FROM `syd_store` [ RunTime:0.0039s ]
SQL: SELECT * FROM `syd_store` WHERE ( uid=190 ) LIMIT 1   [ RunTime:0.0010s ]
SQL: SHOW COLUMNS FROM `syd_group` [ RunTime:0.0039s ]
SQL: SELECT * FROM `syd_group` WHERE ( one_id=190 ) LIMIT 1   [ RunTime:0.0010s ]
SQL: SELECT `parent_id` FROM `syd_user` WHERE ( userid=190 ) LIMIT 1   [ RunTime:0.0000s ]
SQL: SELECT * FROM `syd_group` WHERE ( one_id=191 ) LIMIT 1   [ RunTime:0.0000s ]
SQL: SELECT `parent_id` FROM `syd_user` WHERE ( userid=191 ) LIMIT 1   [ RunTime:0.0000s ]
SQL: SELECT * FROM `syd_group` WHERE ( one_id=164 ) LIMIT 1   [ RunTime:0.0000s ]
INFO: [ view_parse ] --START--
INFO: [ template_filter ] --START--
INFO: Run Behavior\ContentReplaceBehavior [ RunTime:0.000976s ]
INFO: [ template_filter ] --END-- [ RunTime:0.000976s ]
NOTIC: [8] Undefined index: m D:\wwwroot\jpyc03\wwwroot\ThinkPHP\Common\functions.php 第 977 行.
NOTIC: [8] Undefined index: m D:\wwwroot\jpyc03\wwwroot\ThinkPHP\Common\functions.php 第 977 行.
NOTIC: [8] Undefined index: m D:\wwwroot\jpyc03\wwwroot\ThinkPHP\Common\functions.php 第 977 行.
NOTIC: [8] Undefined index: m D:\wwwroot\jpyc03\wwwroot\ThinkPHP\Common\functions.php 第 977 行.
NOTIC: [8] Undefined index: m D:\wwwroot\jpyc03\wwwroot\ThinkPHP\Common\functions.php 第 977 行.
NOTIC: [8] Undefined index: m D:\wwwroot\jpyc03\wwwroot\ThinkPHP\Common\functions.php 第 977 行.
NOTIC: [8] Undefined index: m D:\wwwroot\jpyc03\wwwroot\ThinkPHP\Common\functions.php 第 977 行.
NOTIC: [8] Undefined index: m D:\wwwroot\jpyc03\wwwroot\ThinkPHP\Common\functions.php 第 977 行.
NOTIC: [8] Undefined index: m D:\wwwroot\jpyc03\wwwroot\ThinkPHP\Common\functions.php 第 977 行.
NOTIC: [8] Undefined index: m D:\wwwroot\jpyc03\wwwroot\ThinkPHP\Common\functions.php 第 977 行.
NOTIC: [8] Undefined index: m D:\wwwroot\jpyc03\wwwroot\ThinkPHP\Common\functions.php 第 977 行.
NOTIC: [8] Undefined index: m D:\wwwroot\jpyc03\wwwroot\ThinkPHP\Common\functions.php 第 977 行.
NOTIC: [8] Undefined index: m D:\wwwroot\jpyc03\wwwroot\ThinkPHP\Common\functions.php 第 977 行.
NOTIC: [8] Undefined index: m D:\wwwroot\jpyc03\wwwroot\ThinkPHP\Common\functions.php 第 977 行.
NOTIC: [8] Undefined index: m D:\wwwroot\jpyc03\wwwroot\ThinkPHP\Common\functions.php 第 977 行.
NOTIC: [8] Undefined index: m D:\wwwroot\jpyc03\wwwroot\ThinkPHP\Common\functions.php 第 977 行.
NOTIC: [8] Undefined index: m D:\wwwroot\jpyc03\wwwroot\ThinkPHP\Common\functions.php 第 977 行.
NOTIC: [8] Undefined index: m D:\wwwroot\jpyc03\wwwroot\ThinkPHP\Common\functions.php 第 977 行.
NOTIC: [8] Undefined index: m D:\wwwroot\jpyc03\wwwroot\ThinkPHP\Common\functions.php 第 977 行.
NOTIC: [8] Undefined index: m D:\wwwroot\jpyc03\wwwroot\ThinkPHP\Common\functions.php 第 977 行.
NOTIC: [8] Undefined index: m D:\wwwroot\jpyc03\wwwroot\ThinkPHP\Common\functions.php 第 977 行.
NOTIC: [8] Undefined index: m D:\wwwroot\jpyc03\wwwroot\ThinkPHP\Common\functions.php 第 977 行.
NOTIC: [8] Undefined index: m D:\wwwroot\jpyc03\wwwroot\ThinkPHP\Common\functions.php 第 977 行.
NOTIC: [8] Undefined index: m D:\wwwroot\jpyc03\wwwroot\ThinkPHP\Common\functions.php 第 977 行.
NOTIC: [8] Undefined index: m D:\wwwroot\jpyc03\wwwroot\ThinkPHP\Common\functions.php 第 977 行.
NOTIC: [8] Undefined index: m D:\wwwroot\jpyc03\wwwroot\ThinkPHP\Common\functions.php 第 977 行.
NOTIC: [8] Undefined index: m D:\wwwroot\jpyc03\wwwroot\ThinkPHP\Common\functions.php 第 977 行.
INFO: Run Behavior\ParseTemplateBehavior [ RunTime:0.015625s ]
INFO: [ view_parse ] --END-- [ RunTime:0.015625s ]
INFO: [ view_filter ] --START--
INFO: Run Behavior\WriteHtmlCacheBehavior [ RunTime:0.000977s ]
INFO: [ view_filter ] --END-- [ RunTime:0.000977s ]
INFO: [ app_end ] --START--
INFO: Run Behavior\ShowPageTraceBehavior [ RunTime:0.000976s ]
INFO: [ app_end ] --END-- [ RunTime:0.000976s ]

[ 2017-12-22T16:39:46+08:00 ] 61.160.224.136 /
INFO: [ app_init ] --START--
INFO: Run Behavior\BuildLiteBehavior [ RunTime:0.000000s ]
INFO: [ app_init ] --END-- [ RunTime:0.000976s ]
INFO: [ app_begin ] --START--
INFO: Run Behavior\ReadHtmlCacheBehavior [ RunTime:0.000000s ]
INFO: [ app_begin ] --END-- [ RunTime:0.000000s ]
NOTIC: [8] Undefined index: m D:\wwwroot\jpyc03\wwwroot\ThinkPHP\Common\functions.php 第 977 行.

[ 2017-12-22T16:39:47+08:00 ] 61.160.224.136 /index.php?s=/Regus/login.html
INFO: [ app_init ] --START--
INFO: Run Behavior\BuildLiteBehavior [ RunTime:0.000000s ]
INFO: [ app_init ] --END-- [ RunTime:0.000977s ]
INFO: [ app_begin ] --START--
INFO: Run Behavior\ReadHtmlCacheBehavior [ RunTime:0.000000s ]
INFO: [ app_begin ] --END-- [ RunTime:0.000000s ]
INFO: [ view_parse ] --START--
INFO: [ template_filter ] --START--
INFO: Run Behavior\ContentReplaceBehavior [ RunTime:0.000000s ]
INFO: [ template_filter ] --END-- [ RunTime:0.000000s ]
NOTIC: [8] Undefined index: m D:\wwwroot\jpyc03\wwwroot\ThinkPHP\Common\functions.php 第 977 行.
INFO: Run Behavior\ParseTemplateBehavior [ RunTime:0.006836s ]
INFO: [ view_parse ] --END-- [ RunTime:0.006836s ]
INFO: [ view_filter ] --START--
INFO: Run Behavior\WriteHtmlCacheBehavior [ RunTime:0.000977s ]
INFO: [ view_filter ] --END-- [ RunTime:0.000977s ]
INFO: [ app_end ] --START--
INFO: Run Behavior\ShowPageTraceBehavior [ RunTime:0.000000s ]
INFO: [ app_end ] --END-- [ RunTime:0.000000s ]

[ 2017-12-22T16:39:50+08:00 ] 61.160.224.135 /
INFO: [ app_init ] --START--
INFO: Run Behavior\BuildLiteBehavior [ RunTime:0.000000s ]
INFO: [ app_init ] --END-- [ RunTime:0.000977s ]
INFO: [ app_begin ] --START--
INFO: Run Behavior\ReadHtmlCacheBehavior [ RunTime:0.000000s ]
INFO: [ app_begin ] --END-- [ RunTime:0.000000s ]
NOTIC: [8] Undefined index: m D:\wwwroot\jpyc03\wwwroot\ThinkPHP\Common\functions.php 第 977 行.

[ 2017-12-22T16:39:50+08:00 ] 61.160.224.135 /index.php?s=/Regus/login.html
INFO: [ app_init ] --START--
INFO: Run Behavior\BuildLiteBehavior [ RunTime:0.000000s ]
INFO: [ app_init ] --END-- [ RunTime:0.000977s ]
INFO: [ app_begin ] --START--
INFO: Run Behavior\ReadHtmlCacheBehavior [ RunTime:0.000000s ]
INFO: [ app_begin ] --END-- [ RunTime:0.000000s ]
INFO: [ view_parse ] --START--
INFO: [ template_filter ] --START--
INFO: Run Behavior\ContentReplaceBehavior [ RunTime:0.000000s ]
INFO: [ template_filter ] --END-- [ RunTime:0.000977s ]
NOTIC: [8] Undefined index: m D:\wwwroot\jpyc03\wwwroot\ThinkPHP\Common\functions.php 第 977 行.
INFO: Run Behavior\ParseTemplateBehavior [ RunTime:0.007813s ]
INFO: [ view_parse ] --END-- [ RunTime:0.007813s ]
INFO: [ view_filter ] --START--
INFO: Run Behavior\WriteHtmlCacheBehavior [ RunTime:0.000000s ]
INFO: [ view_filter ] --END-- [ RunTime:0.000000s ]
INFO: [ app_end ] --START--
INFO: Run Behavior\ShowPageTraceBehavior [ RunTime:0.000977s ]
INFO: [ app_end ] --END-- [ RunTime:0.000977s ]

[ 2017-12-22T16:39:58+08:00 ] 61.160.224.136 /index.php?s=/Mobile/Regus/testid.html
INFO: [ app_init ] --START--
INFO: Run Behavior\BuildLiteBehavior [ RunTime:0.000000s ]
INFO: [ app_init ] --END-- [ RunTime:0.000977s ]
INFO: [ app_begin ] --START--
INFO: Run Behavior\ReadHtmlCacheBehavior [ RunTime:0.000976s ]
INFO: [ app_begin ] --END-- [ RunTime:0.000976s ]

[ 2017-12-22T16:39:58+08:00 ] 61.160.224.136 /index.php?s=/Mobile/Regus/login.html
INFO: [ app_init ] --START--
INFO: Run Behavior\BuildLiteBehavior [ RunTime:0.000000s ]
INFO: [ app_init ] --END-- [ RunTime:0.000000s ]
INFO: [ app_begin ] --START--
INFO: Run Behavior\ReadHtmlCacheBehavior [ RunTime:0.000976s ]
INFO: [ app_begin ] --END-- [ RunTime:0.000976s ]
INFO: [ view_parse ] --START--
INFO: [ template_filter ] --START--
INFO: Run Behavior\ContentReplaceBehavior [ RunTime:0.000000s ]
INFO: [ template_filter ] --END-- [ RunTime:0.000000s ]
NOTIC: [8] Undefined index: m D:\wwwroot\jpyc03\wwwroot\ThinkPHP\Common\functions.php 第 977 行.
INFO: Run Behavior\ParseTemplateBehavior [ RunTime:0.007812s ]
INFO: [ view_parse ] --END-- [ RunTime:0.007812s ]
INFO: [ view_filter ] --START--
INFO: Run Behavior\WriteHtmlCacheBehavior [ RunTime:0.000000s ]
INFO: [ view_filter ] --END-- [ RunTime:0.000000s ]
INFO: [ app_end ] --START--
INFO: Run Behavior\ShowPageTraceBehavior [ RunTime:0.000977s ]
INFO: [ app_end ] --END-- [ RunTime:0.000977s ]

[ 2017-12-22T16:40:01+08:00 ] 61.160.224.135 /index.php?s=/Mobile/Regus/testid.html
INFO: [ app_init ] --START--
INFO: Run Behavior\BuildLiteBehavior [ RunTime:0.000000s ]
INFO: [ app_init ] --END-- [ RunTime:0.000000s ]
INFO: [ app_begin ] --START--
INFO: Run Behavior\ReadHtmlCacheBehavior [ RunTime:0.000976s ]
INFO: [ app_begin ] --END-- [ RunTime:0.000976s ]

[ 2017-12-22T17:34:11+08:00 ] 61.160.224.141 /
INFO: [ app_init ] --START--
INFO: Run Behavior\BuildLiteBehavior [ RunTime:0.000000s ]
INFO: [ app_init ] --END-- [ RunTime:0.000977s ]
INFO: [ app_begin ] --START--
INFO: Run Behavior\ReadHtmlCacheBehavior [ RunTime:0.000977s ]
INFO: [ app_begin ] --END-- [ RunTime:0.000977s ]
SQL: SHOW COLUMNS FROM `syd_user` [ RunTime:0.0049s ]
SQL: SELECT * FROM `syd_user` WHERE ( userid=190 ) LIMIT 1   [ RunTime:0.0029s ]
SQL: SHOW COLUMNS FROM `syd_store` [ RunTime:0.0078s ]
SQL: SELECT * FROM `syd_store` WHERE ( uid=190 ) LIMIT 1   [ RunTime:0.0020s ]
SQL: SHOW COLUMNS FROM `syd_group` [ RunTime:0.0059s ]
SQL: SELECT * FROM `syd_group` WHERE ( one_id=190 ) LIMIT 1   [ RunTime:0.0020s ]
SQL: SELECT `parent_id` FROM `syd_user` WHERE ( userid=190 ) LIMIT 1   [ RunTime:0.0000s ]
SQL: SELECT * FROM `syd_group` WHERE ( one_id=191 ) LIMIT 1   [ RunTime:0.0000s ]
SQL: SELECT `parent_id` FROM `syd_user` WHERE ( userid=191 ) LIMIT 1   [ RunTime:0.0010s ]
SQL: SELECT * FROM `syd_group` WHERE ( one_id=164 ) LIMIT 1   [ RunTime:0.0000s ]
INFO: [ view_parse ] --START--
INFO: [ template_filter ] --START--
INFO: Run Behavior\ContentReplaceBehavior [ RunTime:0.000000s ]
INFO: [ template_filter ] --END-- [ RunTime:0.000000s ]
NOTIC: [8] Undefined index: m D:\wwwroot\jpyc03\wwwroot\ThinkPHP\Common\functions.php 第 977 行.
NOTIC: [8] Undefined index: m D:\wwwroot\jpyc03\wwwroot\ThinkPHP\Common\functions.php 第 977 行.
NOTIC: [8] Undefined index: m D:\wwwroot\jpyc03\wwwroot\ThinkPHP\Common\functions.php 第 977 行.
NOTIC: [8] Undefined index: m D:\wwwroot\jpyc03\wwwroot\ThinkPHP\Common\functions.php 第 977 行.
NOTIC: [8] Undefined index: m D:\wwwroot\jpyc03\wwwroot\ThinkPHP\Common\functions.php 第 977 行.
NOTIC: [8] Undefined index: m D:\wwwroot\jpyc03\wwwroot\ThinkPHP\Common\functions.php 第 977 行.
NOTIC: [8] Undefined index: m D:\wwwroot\jpyc03\wwwroot\ThinkPHP\Common\functions.php 第 977 行.
NOTIC: [8] Undefined index: m D:\wwwroot\jpyc03\wwwroot\ThinkPHP\Common\functions.php 第 977 行.
NOTIC: [8] Undefined index: m D:\wwwroot\jpyc03\wwwroot\ThinkPHP\Common\functions.php 第 977 行.
NOTIC: [8] Undefined index: m D:\wwwroot\jpyc03\wwwroot\ThinkPHP\Common\functions.php 第 977 行.
NOTIC: [8] Undefined index: m D:\wwwroot\jpyc03\wwwroot\ThinkPHP\Common\functions.php 第 977 行.
NOTIC: [8] Undefined index: m D:\wwwroot\jpyc03\wwwroot\ThinkPHP\Common\functions.php 第 977 行.
NOTIC: [8] Undefined index: m D:\wwwroot\jpyc03\wwwroot\ThinkPHP\Common\functions.php 第 977 行.
NOTIC: [8] Undefined index: m D:\wwwroot\jpyc03\wwwroot\ThinkPHP\Common\functions.php 第 977 行.
NOTIC: [8] Undefined index: m D:\wwwroot\jpyc03\wwwroot\ThinkPHP\Common\functions.php 第 977 行.
NOTIC: [8] Undefined index: m D:\wwwroot\jpyc03\wwwroot\ThinkPHP\Common\functions.php 第 977 行.
NOTIC: [8] Undefined index: m D:\wwwroot\jpyc03\wwwroot\ThinkPHP\Common\functions.php 第 977 行.
NOTIC: [8] Undefined index: m D:\wwwroot\jpyc03\wwwroot\ThinkPHP\Common\functions.php 第 977 行.
NOTIC: [8] Undefined index: m D:\wwwroot\jpyc03\wwwroot\ThinkPHP\Common\functions.php 第 977 行.
NOTIC: [8] Undefined index: m D:\wwwroot\jpyc03\wwwroot\ThinkPHP\Common\functions.php 第 977 行.
NOTIC: [8] Undefined index: m D:\wwwroot\jpyc03\wwwroot\ThinkPHP\Common\functions.php 第 977 行.
NOTIC: [8] Undefined index: m D:\wwwroot\jpyc03\wwwroot\ThinkPHP\Common\functions.php 第 977 行.
NOTIC: [8] Undefined index: m D:\wwwroot\jpyc03\wwwroot\ThinkPHP\Common\functions.php 第 977 行.
NOTIC: [8] Undefined index: m D:\wwwroot\jpyc03\wwwroot\ThinkPHP\Common\functions.php 第 977 行.
NOTIC: [8] Undefined index: m D:\wwwroot\jpyc03\wwwroot\ThinkPHP\Common\functions.php 第 977 行.
NOTIC: [8] Undefined index: m D:\wwwroot\jpyc03\wwwroot\ThinkPHP\Common\functions.php 第 977 行.
NOTIC: [8] Undefined index: m D:\wwwroot\jpyc03\wwwroot\ThinkPHP\Common\functions.php 第 977 行.
INFO: Run Behavior\ParseTemplateBehavior [ RunTime:0.026368s ]
INFO: [ view_parse ] --END-- [ RunTime:0.026368s ]
INFO: [ view_filter ] --START--
INFO: Run Behavior\WriteHtmlCacheBehavior [ RunTime:0.000977s ]
INFO: [ view_filter ] --END-- [ RunTime:0.000977s ]
INFO: [ app_end ] --START--
INFO: Run Behavior\ShowPageTraceBehavior [ RunTime:0.001953s ]
INFO: [ app_end ] --END-- [ RunTime:0.001953s ]

[ 2017-12-22T18:13:16+08:00 ] 61.160.224.141 /
INFO: [ app_init ] --START--
INFO: Run Behavior\BuildLiteBehavior [ RunTime:0.000000s ]
INFO: [ app_init ] --END-- [ RunTime:0.000976s ]
INFO: [ app_begin ] --START--
INFO: Run Behavior\ReadHtmlCacheBehavior [ RunTime:0.000976s ]
INFO: [ app_begin ] --END-- [ RunTime:0.000976s ]
NOTIC: [8] Undefined index: m D:\wwwroot\jpyc03\wwwroot\ThinkPHP\Common\functions.php 第 977 行.

[ 2017-12-22T18:13:16+08:00 ] 61.160.224.141 /index.php?s=/Regus/login.html
INFO: [ app_init ] --START--
INFO: Run Behavior\BuildLiteBehavior [ RunTime:0.000000s ]
INFO: [ app_init ] --END-- [ RunTime:0.000977s ]
INFO: [ app_begin ] --START--
INFO: Run Behavior\ReadHtmlCacheBehavior [ RunTime:0.000000s ]
INFO: [ app_begin ] --END-- [ RunTime:0.000000s ]
INFO: [ view_parse ] --START--
INFO: [ template_filter ] --START--
INFO: Run Behavior\ContentReplaceBehavior [ RunTime:0.000000s ]
INFO: [ template_filter ] --END-- [ RunTime:0.000000s ]
NOTIC: [8] Undefined index: m D:\wwwroot\jpyc03\wwwroot\ThinkPHP\Common\functions.php 第 977 行.
INFO: Run Behavior\ParseTemplateBehavior [ RunTime:0.019530s ]
INFO: [ view_parse ] --END-- [ RunTime:0.019530s ]
INFO: [ view_filter ] --START--
INFO: Run Behavior\WriteHtmlCacheBehavior [ RunTime:0.000000s ]
INFO: [ view_filter ] --END-- [ RunTime:0.000000s ]
INFO: [ app_end ] --START--
INFO: Run Behavior\ShowPageTraceBehavior [ RunTime:0.000977s ]
INFO: [ app_end ] --END-- [ RunTime:0.000977s ]

[ 2017-12-22T22:28:47+08:00 ] 61.160.224.140 /
INFO: [ app_init ] --START--
INFO: Run Behavior\BuildLiteBehavior [ RunTime:0.000000s ]
INFO: [ app_init ] --END-- [ RunTime:0.000976s ]
INFO: [ app_begin ] --START--
INFO: Run Behavior\ReadHtmlCacheBehavior [ RunTime:0.000977s ]
INFO: [ app_begin ] --END-- [ RunTime:0.000977s ]
SQL: SHOW COLUMNS FROM `syd_user` [ RunTime:0.0049s ]
SQL: SELECT * FROM `syd_user` WHERE ( userid=190 ) LIMIT 1   [ RunTime:0.0020s ]
SQL: SHOW COLUMNS FROM `syd_store` [ RunTime:0.0039s ]
SQL: SELECT * FROM `syd_store` WHERE ( uid=190 ) LIMIT 1   [ RunTime:0.0010s ]
SQL: SHOW COLUMNS FROM `syd_group` [ RunTime:0.0039s ]
SQL: SELECT * FROM `syd_group` WHERE ( one_id=190 ) LIMIT 1   [ RunTime:0.0010s ]
SQL: SELECT `parent_id` FROM `syd_user` WHERE ( userid=190 ) LIMIT 1   [ RunTime:0.0000s ]
SQL: SELECT * FROM `syd_group` WHERE ( one_id=191 ) LIMIT 1   [ RunTime:0.0000s ]
SQL: SELECT `parent_id` FROM `syd_user` WHERE ( userid=191 ) LIMIT 1   [ RunTime:0.0000s ]
SQL: SELECT * FROM `syd_group` WHERE ( one_id=164 ) LIMIT 1   [ RunTime:0.0000s ]
INFO: [ view_parse ] --START--
INFO: [ template_filter ] --START--
INFO: Run Behavior\ContentReplaceBehavior [ RunTime:0.000000s ]
INFO: [ template_filter ] --END-- [ RunTime:0.000000s ]
NOTIC: [8] Undefined index: m D:\wwwroot\jpyc03\wwwroot\ThinkPHP\Common\functions.php 第 977 行.
NOTIC: [8] Undefined index: m D:\wwwroot\jpyc03\wwwroot\ThinkPHP\Common\functions.php 第 977 行.
NOTIC: [8] Undefined index: m D:\wwwroot\jpyc03\wwwroot\ThinkPHP\Common\functions.php 第 977 行.
NOTIC: [8] Undefined index: m D:\wwwroot\jpyc03\wwwroot\ThinkPHP\Common\functions.php 第 977 行.
NOTIC: [8] Undefined index: m D:\wwwroot\jpyc03\wwwroot\ThinkPHP\Common\functions.php 第 977 行.
NOTIC: [8] Undefined index: m D:\wwwroot\jpyc03\wwwroot\ThinkPHP\Common\functions.php 第 977 行.
NOTIC: [8] Undefined index: m D:\wwwroot\jpyc03\wwwroot\ThinkPHP\Common\functions.php 第 977 行.
NOTIC: [8] Undefined index: m D:\wwwroot\jpyc03\wwwroot\ThinkPHP\Common\functions.php 第 977 行.
NOTIC: [8] Undefined index: m D:\wwwroot\jpyc03\wwwroot\ThinkPHP\Common\functions.php 第 977 行.
NOTIC: [8] Undefined index: m D:\wwwroot\jpyc03\wwwroot\ThinkPHP\Common\functions.php 第 977 行.
NOTIC: [8] Undefined index: m D:\wwwroot\jpyc03\wwwroot\ThinkPHP\Common\functions.php 第 977 行.
NOTIC: [8] Undefined index: m D:\wwwroot\jpyc03\wwwroot\ThinkPHP\Common\functions.php 第 977 行.
NOTIC: [8] Undefined index: m D:\wwwroot\jpyc03\wwwroot\ThinkPHP\Common\functions.php 第 977 行.
NOTIC: [8] Undefined index: m D:\wwwroot\jpyc03\wwwroot\ThinkPHP\Common\functions.php 第 977 行.
NOTIC: [8] Undefined index: m D:\wwwroot\jpyc03\wwwroot\ThinkPHP\Common\functions.php 第 977 行.
NOTIC: [8] Undefined index: m D:\wwwroot\jpyc03\wwwroot\ThinkPHP\Common\functions.php 第 977 行.
NOTIC: [8] Undefined index: m D:\wwwroot\jpyc03\wwwroot\ThinkPHP\Common\functions.php 第 977 行.
NOTIC: [8] Undefined index: m D:\wwwroot\jpyc03\wwwroot\ThinkPHP\Common\functions.php 第 977 行.
NOTIC: [8] Undefined index: m D:\wwwroot\jpyc03\wwwroot\ThinkPHP\Common\functions.php 第 977 行.
NOTIC: [8] Undefined index: m D:\wwwroot\jpyc03\wwwroot\ThinkPHP\Common\functions.php 第 977 行.
NOTIC: [8] Undefined index: m D:\wwwroot\jpyc03\wwwroot\ThinkPHP\Common\functions.php 第 977 行.
NOTIC: [8] Undefined index: m D:\wwwroot\jpyc03\wwwroot\ThinkPHP\Common\functions.php 第 977 行.
NOTIC: [8] Undefined index: m D:\wwwroot\jpyc03\wwwroot\ThinkPHP\Common\functions.php 第 977 行.
NOTIC: [8] Undefined index: m D:\wwwroot\jpyc03\wwwroot\ThinkPHP\Common\functions.php 第 977 行.
NOTIC: [8] Undefined index: m D:\wwwroot\jpyc03\wwwroot\ThinkPHP\Common\functions.php 第 977 行.
NOTIC: [8] Undefined index: m D:\wwwroot\jpyc03\wwwroot\ThinkPHP\Common\functions.php 第 977 行.
NOTIC: [8] Undefined index: m D:\wwwroot\jpyc03\wwwroot\ThinkPHP\Common\functions.php 第 977 行.
INFO: Run Behavior\ParseTemplateBehavior [ RunTime:0.025389s ]
INFO: [ view_parse ] --END-- [ RunTime:0.025389s ]
INFO: [ view_filter ] --START--
INFO: Run Behavior\WriteHtmlCacheBehavior [ RunTime:0.000976s ]
INFO: [ view_filter ] --END-- [ RunTime:0.000976s ]
INFO: [ app_end ] --START--
INFO: Run Behavior\ShowPageTraceBehavior [ RunTime:0.000977s ]
INFO: [ app_end ] --END-- [ RunTime:0.000977s ]

