[ 2017-12-13T04:38:37+08:00 ] 120.52.18.53 /
INFO: [ app_init ] --START--
INFO: Run Behavior\BuildLiteBehavior [ RunTime:0.000000s ]
INFO: [ app_init ] --END-- [ RunTime:0.000977s ]
INFO: [ app_begin ] --START--
INFO: Run Behavior\ReadHtmlCacheBehavior [ RunTime:0.000000s ]
INFO: [ app_begin ] --END-- [ RunTime:0.000000s ]
NOTIC: [8] Undefined index: m D:\wwwroot\jpyc03\wwwroot\ThinkPHP\Common\functions.php 第 977 行.

[ 2017-12-13T04:38:37+08:00 ] 120.52.18.53 /index.php?s=/Regus/login.html
INFO: [ app_init ] --START--
INFO: Run Behavior\BuildLiteBehavior [ RunTime:0.000000s ]
INFO: [ app_init ] --END-- [ RunTime:0.000000s ]
INFO: [ app_begin ] --START--
INFO: Run Behavior\ReadHtmlCacheBehavior [ RunTime:0.000000s ]
INFO: [ app_begin ] --END-- [ RunTime:0.000000s ]
INFO: [ view_parse ] --START--
INFO: [ template_filter ] --START--
INFO: Run Behavior\ContentReplaceBehavior [ RunTime:0.000976s ]
INFO: [ template_filter ] --END-- [ RunTime:0.000976s ]
NOTIC: [8] Undefined index: m D:\wwwroot\jpyc03\wwwroot\ThinkPHP\Common\functions.php 第 977 行.
INFO: Run Behavior\ParseTemplateBehavior [ RunTime:0.019532s ]
INFO: [ view_parse ] --END-- [ RunTime:0.019532s ]
INFO: [ view_filter ] --START--
INFO: Run Behavior\WriteHtmlCacheBehavior [ RunTime:0.000977s ]
INFO: [ view_filter ] --END-- [ RunTime:0.000977s ]
INFO: [ app_end ] --START--
INFO: Run Behavior\ShowPageTraceBehavior [ RunTime:0.001953s ]
INFO: [ app_end ] --END-- [ RunTime:0.001953s ]

[ 2017-12-13T11:26:16+08:00 ] 120.52.18.49 /
INFO: [ app_init ] --START--
INFO: Run Behavior\BuildLiteBehavior [ RunTime:0.000000s ]
INFO: [ app_init ] --END-- [ RunTime:0.000000s ]
INFO: [ app_begin ] --START--
INFO: Run Behavior\ReadHtmlCacheBehavior [ RunTime:0.000977s ]
INFO: [ app_begin ] --END-- [ RunTime:0.000977s ]
NOTIC: [8] Undefined index: m D:\wwwroot\jpyc03\wwwroot\ThinkPHP\Common\functions.php 第 977 行.

[ 2017-12-13T11:26:17+08:00 ] 120.52.18.49 /index.php?s=/Regus/login.html
INFO: [ app_init ] --START--
INFO: Run Behavior\BuildLiteBehavior [ RunTime:0.000000s ]
INFO: [ app_init ] --END-- [ RunTime:0.000000s ]
INFO: [ app_begin ] --START--
INFO: Run Behavior\ReadHtmlCacheBehavior [ RunTime:0.000976s ]
INFO: [ app_begin ] --END-- [ RunTime:0.000976s ]
INFO: [ view_parse ] --START--
INFO: [ template_filter ] --START--
INFO: Run Behavior\ContentReplaceBehavior [ RunTime:0.000000s ]
INFO: [ template_filter ] --END-- [ RunTime:0.000000s ]
NOTIC: [8] Undefined index: m D:\wwwroot\jpyc03\wwwroot\ThinkPHP\Common\functions.php 第 977 行.
INFO: Run Behavior\ParseTemplateBehavior [ RunTime:0.019532s ]
INFO: [ view_parse ] --END-- [ RunTime:0.019532s ]
INFO: [ view_filter ] --START--
INFO: Run Behavior\WriteHtmlCacheBehavior [ RunTime:0.000977s ]
INFO: [ view_filter ] --END-- [ RunTime:0.000977s ]
INFO: [ app_end ] --START--
INFO: Run Behavior\ShowPageTraceBehavior [ RunTime:0.000000s ]
INFO: [ app_end ] --END-- [ RunTime:0.000000s ]

[ 2017-12-13T11:43:41+08:00 ] 120.52.18.51 /
INFO: [ app_init ] --START--
INFO: Run Behavior\BuildLiteBehavior [ RunTime:0.000000s ]
INFO: [ app_init ] --END-- [ RunTime:0.000977s ]
INFO: [ app_begin ] --START--
INFO: Run Behavior\ReadHtmlCacheBehavior [ RunTime:0.000000s ]
INFO: [ app_begin ] --END-- [ RunTime:0.000000s ]
NOTIC: [8] Undefined index: m D:\wwwroot\jpyc03\wwwroot\ThinkPHP\Common\functions.php 第 977 行.

[ 2017-12-13T11:43:41+08:00 ] 120.52.18.51 /index.php?s=/Regus/login.html
INFO: [ app_init ] --START--
INFO: Run Behavior\BuildLiteBehavior [ RunTime:0.000000s ]
INFO: [ app_init ] --END-- [ RunTime:0.000977s ]
INFO: [ app_begin ] --START--
INFO: Run Behavior\ReadHtmlCacheBehavior [ RunTime:0.000000s ]
INFO: [ app_begin ] --END-- [ RunTime:0.000000s ]
INFO: [ view_parse ] --START--
INFO: [ template_filter ] --START--
INFO: Run Behavior\ContentReplaceBehavior [ RunTime:0.000000s ]
INFO: [ template_filter ] --END-- [ RunTime:0.000000s ]
NOTIC: [8] Undefined index: m D:\wwwroot\jpyc03\wwwroot\ThinkPHP\Common\functions.php 第 977 行.
INFO: Run Behavior\ParseTemplateBehavior [ RunTime:0.007813s ]
INFO: [ view_parse ] --END-- [ RunTime:0.007813s ]
INFO: [ view_filter ] --START--
INFO: Run Behavior\WriteHtmlCacheBehavior [ RunTime:0.000000s ]
INFO: [ view_filter ] --END-- [ RunTime:0.000000s ]
INFO: [ app_end ] --START--
INFO: Run Behavior\ShowPageTraceBehavior [ RunTime:0.000976s ]
INFO: [ app_end ] --END-- [ RunTime:0.001953s ]

[ 2017-12-13T11:46:46+08:00 ] 61.160.224.135 /
INFO: [ app_init ] --START--
INFO: Run Behavior\BuildLiteBehavior [ RunTime:0.000000s ]
INFO: [ app_init ] --END-- [ RunTime:0.000977s ]
INFO: [ app_begin ] --START--
INFO: Run Behavior\ReadHtmlCacheBehavior [ RunTime:0.000000s ]
INFO: [ app_begin ] --END-- [ RunTime:0.000000s ]
NOTIC: [8] Undefined index: m D:\wwwroot\jpyc03\wwwroot\ThinkPHP\Common\functions.php 第 977 行.

[ 2017-12-13T11:46:47+08:00 ] 61.160.224.135 /index.php?s=/Regus/login.html
INFO: [ app_init ] --START--
INFO: Run Behavior\BuildLiteBehavior [ RunTime:0.000000s ]
INFO: [ app_init ] --END-- [ RunTime:0.000000s ]
INFO: [ app_begin ] --START--
INFO: Run Behavior\ReadHtmlCacheBehavior [ RunTime:0.000976s ]
INFO: [ app_begin ] --END-- [ RunTime:0.000976s ]
INFO: [ view_parse ] --START--
INFO: [ template_filter ] --START--
INFO: Run Behavior\ContentReplaceBehavior [ RunTime:0.000000s ]
INFO: [ template_filter ] --END-- [ RunTime:0.000000s ]
NOTIC: [8] Undefined index: m D:\wwwroot\jpyc03\wwwroot\ThinkPHP\Common\functions.php 第 977 行.
INFO: Run Behavior\ParseTemplateBehavior [ RunTime:0.009765s ]
INFO: [ view_parse ] --END-- [ RunTime:0.009765s ]
INFO: [ view_filter ] --START--
INFO: Run Behavior\WriteHtmlCacheBehavior [ RunTime:0.000000s ]
INFO: [ view_filter ] --END-- [ RunTime:0.000000s ]
INFO: [ app_end ] --START--
INFO: Run Behavior\ShowPageTraceBehavior [ RunTime:0.000977s ]
INFO: [ app_end ] --END-- [ RunTime:0.000977s ]

[ 2017-12-13T11:46:54+08:00 ] 61.160.224.135 /index.php?s=/Mobile/Regus/testid.html
INFO: [ app_init ] --START--
INFO: Run Behavior\BuildLiteBehavior [ RunTime:0.000000s ]
INFO: [ app_init ] --END-- [ RunTime:0.000000s ]
INFO: [ app_begin ] --START--
INFO: Run Behavior\ReadHtmlCacheBehavior [ RunTime:0.000977s ]
INFO: [ app_begin ] --END-- [ RunTime:0.000977s ]
SQL: SHOW COLUMNS FROM `syd_user` [ RunTime:0.0049s ]
SQL: SELECT * FROM `syd_user` WHERE ( account='13826666776' ) LIMIT 1   [ RunTime:0.0000s ]

[ 2017-12-13T11:46:54+08:00 ] 61.160.224.135 /index.php?s=/Mobile/Index/copyPageTwo.html
INFO: [ app_init ] --START--
INFO: Run Behavior\BuildLiteBehavior [ RunTime:0.000000s ]
INFO: [ app_init ] --END-- [ RunTime:0.001953s ]
INFO: [ app_begin ] --START--
INFO: Run Behavior\ReadHtmlCacheBehavior [ RunTime:0.000976s ]
INFO: [ app_begin ] --END-- [ RunTime:0.000976s ]
SQL: SHOW COLUMNS FROM `syd_user` [ RunTime:0.0020s ]
SQL: SELECT * FROM `syd_user` WHERE ( userid=190 ) LIMIT 1   [ RunTime:0.0010s ]
SQL: SHOW COLUMNS FROM `syd_store` [ RunTime:0.0029s ]
SQL: SELECT * FROM `syd_store` WHERE ( uid=190 ) LIMIT 1   [ RunTime:0.0010s ]
SQL: SHOW COLUMNS FROM `syd_group` [ RunTime:0.0039s ]
SQL: SELECT * FROM `syd_group` WHERE ( one_id=190 ) LIMIT 1   [ RunTime:0.0010s ]
SQL: SELECT `parent_id` FROM `syd_user` WHERE ( userid=190 ) LIMIT 1   [ RunTime:0.0010s ]
SQL: SELECT * FROM `syd_group` WHERE ( one_id=191 ) LIMIT 1   [ RunTime:0.0000s ]
SQL: SELECT `parent_id` FROM `syd_user` WHERE ( userid=191 ) LIMIT 1   [ RunTime:0.0000s ]
SQL: SELECT * FROM `syd_group` WHERE ( one_id=164 ) LIMIT 1   [ RunTime:0.0000s ]
INFO: [ view_parse ] --START--
INFO: [ template_filter ] --START--
INFO: Run Behavior\ContentReplaceBehavior [ RunTime:0.000976s ]
INFO: [ template_filter ] --END-- [ RunTime:0.000976s ]
NOTIC: [8] Undefined index: m D:\wwwroot\jpyc03\wwwroot\ThinkPHP\Common\functions.php 第 977 行.
NOTIC: [8] Undefined index: m D:\wwwroot\jpyc03\wwwroot\ThinkPHP\Common\functions.php 第 977 行.
NOTIC: [8] Undefined index: m D:\wwwroot\jpyc03\wwwroot\ThinkPHP\Common\functions.php 第 977 行.
NOTIC: [8] Undefined index: m D:\wwwroot\jpyc03\wwwroot\ThinkPHP\Common\functions.php 第 977 行.
NOTIC: [8] Undefined index: m D:\wwwroot\jpyc03\wwwroot\ThinkPHP\Common\functions.php 第 977 行.
NOTIC: [8] Undefined index: m D:\wwwroot\jpyc03\wwwroot\ThinkPHP\Common\functions.php 第 977 行.
NOTIC: [8] Undefined index: m D:\wwwroot\jpyc03\wwwroot\ThinkPHP\Common\functions.php 第 977 行.
NOTIC: [8] Undefined index: m D:\wwwroot\jpyc03\wwwroot\ThinkPHP\Common\functions.php 第 977 行.
NOTIC: [8] Undefined index: m D:\wwwroot\jpyc03\wwwroot\ThinkPHP\Common\functions.php 第 977 行.
NOTIC: [8] Undefined index: m D:\wwwroot\jpyc03\wwwroot\ThinkPHP\Common\functions.php 第 977 行.
NOTIC: [8] Undefined index: m D:\wwwroot\jpyc03\wwwroot\ThinkPHP\Common\functions.php 第 977 行.
NOTIC: [8] Undefined index: m D:\wwwroot\jpyc03\wwwroot\ThinkPHP\Common\functions.php 第 977 行.
NOTIC: [8] Undefined index: m D:\wwwroot\jpyc03\wwwroot\ThinkPHP\Common\functions.php 第 977 行.
NOTIC: [8] Undefined index: m D:\wwwroot\jpyc03\wwwroot\ThinkPHP\Common\functions.php 第 977 行.
NOTIC: [8] Undefined index: m D:\wwwroot\jpyc03\wwwroot\ThinkPHP\Common\functions.php 第 977 行.
NOTIC: [8] Undefined index: m D:\wwwroot\jpyc03\wwwroot\ThinkPHP\Common\functions.php 第 977 行.
NOTIC: [8] Undefined index: m D:\wwwroot\jpyc03\wwwroot\ThinkPHP\Common\functions.php 第 977 行.
NOTIC: [8] Undefined index: m D:\wwwroot\jpyc03\wwwroot\ThinkPHP\Common\functions.php 第 977 行.
NOTIC: [8] Undefined index: m D:\wwwroot\jpyc03\wwwroot\ThinkPHP\Common\functions.php 第 977 行.
NOTIC: [8] Undefined index: m D:\wwwroot\jpyc03\wwwroot\ThinkPHP\Common\functions.php 第 977 行.
NOTIC: [8] Undefined index: m D:\wwwroot\jpyc03\wwwroot\ThinkPHP\Common\functions.php 第 977 行.
NOTIC: [8] Undefined index: m D:\wwwroot\jpyc03\wwwroot\ThinkPHP\Common\functions.php 第 977 行.
NOTIC: [8] Undefined index: m D:\wwwroot\jpyc03\wwwroot\ThinkPHP\Common\functions.php 第 977 行.
NOTIC: [8] Undefined index: m D:\wwwroot\jpyc03\wwwroot\ThinkPHP\Common\functions.php 第 977 行.
NOTIC: [8] Undefined index: m D:\wwwroot\jpyc03\wwwroot\ThinkPHP\Common\functions.php 第 977 行.
NOTIC: [8] Undefined index: m D:\wwwroot\jpyc03\wwwroot\ThinkPHP\Common\functions.php 第 977 行.
NOTIC: [8] Undefined index: m D:\wwwroot\jpyc03\wwwroot\ThinkPHP\Common\functions.php 第 977 行.
INFO: Run Behavior\ParseTemplateBehavior [ RunTime:0.019530s ]
INFO: [ view_parse ] --END-- [ RunTime:0.019530s ]
INFO: [ view_filter ] --START--
INFO: Run Behavior\WriteHtmlCacheBehavior [ RunTime:0.000000s ]
INFO: [ view_filter ] --END-- [ RunTime:0.000000s ]
INFO: [ app_end ] --START--
INFO: Run Behavior\ShowPageTraceBehavior [ RunTime:0.000977s ]
INFO: [ app_end ] --END-- [ RunTime:0.000977s ]

[ 2017-12-13T11:47:04+08:00 ] 120.52.18.45 /index.php?s=/Mobile/Index/copyPageTwo.html
INFO: [ app_init ] --START--
INFO: Run Behavior\BuildLiteBehavior [ RunTime:0.000000s ]
INFO: [ app_init ] --END-- [ RunTime:0.000977s ]
INFO: [ app_begin ] --START--
INFO: Run Behavior\ReadHtmlCacheBehavior [ RunTime:0.000000s ]
INFO: [ app_begin ] --END-- [ RunTime:0.000000s ]
NOTIC: [8] Undefined index: m D:\wwwroot\jpyc03\wwwroot\ThinkPHP\Common\functions.php 第 977 行.

[ 2017-12-13T11:47:04+08:00 ] 120.52.18.45 /index.php?s=/Regus/login.html
INFO: [ app_init ] --START--
INFO: Run Behavior\BuildLiteBehavior [ RunTime:0.000000s ]
INFO: [ app_init ] --END-- [ RunTime:0.000000s ]
INFO: [ app_begin ] --START--
INFO: Run Behavior\ReadHtmlCacheBehavior [ RunTime:0.000000s ]
INFO: [ app_begin ] --END-- [ RunTime:0.000000s ]
INFO: [ view_parse ] --START--
INFO: [ template_filter ] --START--
INFO: Run Behavior\ContentReplaceBehavior [ RunTime:0.000000s ]
INFO: [ template_filter ] --END-- [ RunTime:0.000000s ]
NOTIC: [8] Undefined index: m D:\wwwroot\jpyc03\wwwroot\ThinkPHP\Common\functions.php 第 977 行.
INFO: Run Behavior\ParseTemplateBehavior [ RunTime:0.007812s ]
INFO: [ view_parse ] --END-- [ RunTime:0.007812s ]
INFO: [ view_filter ] --START--
INFO: Run Behavior\WriteHtmlCacheBehavior [ RunTime:0.000000s ]
INFO: [ view_filter ] --END-- [ RunTime:0.000000s ]
INFO: [ app_end ] --START--
INFO: Run Behavior\ShowPageTraceBehavior [ RunTime:0.000977s ]
INFO: [ app_end ] --END-- [ RunTime:0.000977s ]

[ 2017-12-13T11:47:27+08:00 ] 61.160.224.135 /index.php?s=/Datamodify/structure.html
INFO: [ app_init ] --START--
INFO: Run Behavior\BuildLiteBehavior [ RunTime:0.000000s ]
INFO: [ app_init ] --END-- [ RunTime:0.000000s ]
INFO: [ app_begin ] --START--
INFO: Run Behavior\ReadHtmlCacheBehavior [ RunTime:0.000976s ]
INFO: [ app_begin ] --END-- [ RunTime:0.000976s ]
SQL: SHOW COLUMNS FROM `syd_group` [ RunTime:0.0039s ]
SQL: SELECT * FROM `syd_group` WHERE ( one_id=190 ) LIMIT 1   [ RunTime:0.0010s ]
SQL: SHOW COLUMNS FROM `syd_user` [ RunTime:0.0020s ]
SQL: SELECT `parent_id` FROM `syd_user` WHERE ( userid=190 ) LIMIT 1   [ RunTime:0.0029s ]
SQL: SELECT * FROM `syd_group` WHERE ( one_id=191 ) LIMIT 1   [ RunTime:0.0000s ]
SQL: SELECT `parent_id` FROM `syd_user` WHERE ( userid=191 ) LIMIT 1   [ RunTime:0.0000s ]
SQL: SELECT * FROM `syd_group` WHERE ( one_id=164 ) LIMIT 1   [ RunTime:0.0000s ]
SQL: SELECT * FROM `syd_user` WHERE ( userid=164 ) LIMIT 1   [ RunTime:0.0000s ]
SQL: SELECT * FROM `syd_user` WHERE ( userid=163 ) LIMIT 1   [ RunTime:0.0000s ]
SQL: SELECT * FROM `syd_user` WHERE ( userid=191 ) LIMIT 1   [ RunTime:0.0000s ]
SQL: SELECT * FROM `syd_user` WHERE ( userid=190 ) LIMIT 1   [ RunTime:0.0000s ]
SQL: SELECT * FROM `syd_user` WHERE ( userid=192 ) LIMIT 1   [ RunTime:0.0000s ]
SQL: SELECT * FROM `syd_user` WHERE ( userid=191 ) LIMIT 1   [ RunTime:0.0010s ]
SQL: SELECT * FROM `syd_user` WHERE ( userid=190 ) LIMIT 1   [ RunTime:0.0000s ]
SQL: SELECT * FROM `syd_user` WHERE ( userid=164 ) LIMIT 1   [ RunTime:0.0000s ]
SQL: SELECT * FROM `syd_user` WHERE ( userid=208 ) LIMIT 1   [ RunTime:0.0000s ]
SQL: SELECT * FROM `syd_user` WHERE ( userid=190 ) LIMIT 1   [ RunTime:0.0000s ]
SQL: SELECT * FROM `syd_user` WHERE ( userid=193 ) LIMIT 1   [ RunTime:0.0000s ]
SQL: SELECT * FROM `syd_user` WHERE ( userid=192 ) LIMIT 1   [ RunTime:0.0000s ]
INFO: [ view_parse ] --START--
INFO: [ template_filter ] --START--
INFO: Run Behavior\ContentReplaceBehavior [ RunTime:0.000000s ]
INFO: [ template_filter ] --END-- [ RunTime:0.000977s ]
INFO: Run Behavior\ParseTemplateBehavior [ RunTime:0.015626s ]
INFO: [ view_parse ] --END-- [ RunTime:0.015626s ]
INFO: [ view_filter ] --START--
INFO: Run Behavior\WriteHtmlCacheBehavior [ RunTime:0.000976s ]
INFO: [ view_filter ] --END-- [ RunTime:0.000976s ]
INFO: [ app_end ] --START--
INFO: Run Behavior\ShowPageTraceBehavior [ RunTime:0.000977s ]
INFO: [ app_end ] --END-- [ RunTime:0.000977s ]

[ 2017-12-13T11:47:37+08:00 ] 120.52.18.50 /index.php?s=/Datamodify/structure.html
INFO: [ app_init ] --START--
INFO: Run Behavior\BuildLiteBehavior [ RunTime:0.000000s ]
INFO: [ app_init ] --END-- [ RunTime:0.000977s ]
INFO: [ app_begin ] --START--
INFO: Run Behavior\ReadHtmlCacheBehavior [ RunTime:0.000000s ]
INFO: [ app_begin ] --END-- [ RunTime:0.000000s ]
NOTIC: [8] Undefined index: m D:\wwwroot\jpyc03\wwwroot\ThinkPHP\Common\functions.php 第 977 行.

[ 2017-12-13T11:47:38+08:00 ] 120.52.18.50 /index.php?s=/Regus/login.html
INFO: [ app_init ] --START--
INFO: Run Behavior\BuildLiteBehavior [ RunTime:0.000000s ]
INFO: [ app_init ] --END-- [ RunTime:0.000000s ]
INFO: [ app_begin ] --START--
INFO: Run Behavior\ReadHtmlCacheBehavior [ RunTime:0.000976s ]
INFO: [ app_begin ] --END-- [ RunTime:0.000976s ]
INFO: [ view_parse ] --START--
INFO: [ template_filter ] --START--
INFO: Run Behavior\ContentReplaceBehavior [ RunTime:0.000000s ]
INFO: [ template_filter ] --END-- [ RunTime:0.000000s ]
NOTIC: [8] Undefined index: m D:\wwwroot\jpyc03\wwwroot\ThinkPHP\Common\functions.php 第 977 行.
INFO: Run Behavior\ParseTemplateBehavior [ RunTime:0.006837s ]
INFO: [ view_parse ] --END-- [ RunTime:0.007813s ]
INFO: [ view_filter ] --START--
INFO: Run Behavior\WriteHtmlCacheBehavior [ RunTime:0.000000s ]
INFO: [ view_filter ] --END-- [ RunTime:0.000000s ]
INFO: [ app_end ] --START--
INFO: Run Behavior\ShowPageTraceBehavior [ RunTime:0.000977s ]
INFO: [ app_end ] --END-- [ RunTime:0.000977s ]

[ 2017-12-13T11:47:48+08:00 ] 61.160.224.140 /index.php?s=/Mobile/Index/copyPageTwo.html
INFO: [ app_init ] --START--
INFO: Run Behavior\BuildLiteBehavior [ RunTime:0.000000s ]
INFO: [ app_init ] --END-- [ RunTime:0.000976s ]
INFO: [ app_begin ] --START--
INFO: Run Behavior\ReadHtmlCacheBehavior [ RunTime:0.000977s ]
INFO: [ app_begin ] --END-- [ RunTime:0.000977s ]
NOTIC: [8] Undefined index: m D:\wwwroot\jpyc03\wwwroot\ThinkPHP\Common\functions.php 第 977 行.

[ 2017-12-13T11:47:48+08:00 ] 61.160.224.140 /index.php?s=/Regus/login.html
INFO: [ app_init ] --START--
INFO: Run Behavior\BuildLiteBehavior [ RunTime:0.000000s ]
INFO: [ app_init ] --END-- [ RunTime:0.000000s ]
INFO: [ app_begin ] --START--
INFO: Run Behavior\ReadHtmlCacheBehavior [ RunTime:0.000977s ]
INFO: [ app_begin ] --END-- [ RunTime:0.000977s ]
INFO: [ view_parse ] --START--
INFO: [ template_filter ] --START--
INFO: Run Behavior\ContentReplaceBehavior [ RunTime:0.000000s ]
INFO: [ template_filter ] --END-- [ RunTime:0.000000s ]
NOTIC: [8] Undefined index: m D:\wwwroot\jpyc03\wwwroot\ThinkPHP\Common\functions.php 第 977 行.
INFO: Run Behavior\ParseTemplateBehavior [ RunTime:0.007813s ]
INFO: [ view_parse ] --END-- [ RunTime:0.007813s ]
INFO: [ view_filter ] --START--
INFO: Run Behavior\WriteHtmlCacheBehavior [ RunTime:0.000000s ]
INFO: [ view_filter ] --END-- [ RunTime:0.000000s ]
INFO: [ app_end ] --START--
INFO: Run Behavior\ShowPageTraceBehavior [ RunTime:0.000000s ]
INFO: [ app_end ] --END-- [ RunTime:0.000000s ]

[ 2017-12-13T11:48:20+08:00 ] 61.160.224.135 /index.php?s=/Index/user_register.html
INFO: [ app_init ] --START--
INFO: Run Behavior\BuildLiteBehavior [ RunTime:0.000000s ]
INFO: [ app_init ] --END-- [ RunTime:0.000976s ]
INFO: [ app_begin ] --START--
INFO: Run Behavior\ReadHtmlCacheBehavior [ RunTime:0.000976s ]
INFO: [ app_begin ] --END-- [ RunTime:0.000976s ]
SQL: SHOW COLUMNS FROM `syd_user` [ RunTime:0.0039s ]
SQL: SELECT * FROM `syd_user` WHERE ( userid=190 ) LIMIT 1   [ RunTime:0.0010s ]
INFO: [ view_parse ] --START--
INFO: [ template_filter ] --START--
INFO: Run Behavior\ContentReplaceBehavior [ RunTime:0.000976s ]
INFO: [ template_filter ] --END-- [ RunTime:0.000976s ]
INFO: Run Behavior\ParseTemplateBehavior [ RunTime:0.011718s ]
INFO: [ view_parse ] --END-- [ RunTime:0.011718s ]
INFO: [ view_filter ] --START--
INFO: Run Behavior\WriteHtmlCacheBehavior [ RunTime:0.000000s ]
INFO: [ view_filter ] --END-- [ RunTime:0.000000s ]
INFO: [ app_end ] --START--
INFO: Run Behavior\ShowPageTraceBehavior [ RunTime:0.000976s ]
INFO: [ app_end ] --END-- [ RunTime:0.000976s ]

[ 2017-12-13T15:32:38+08:00 ] 61.160.224.135 /
INFO: [ app_init ] --START--
INFO: Run Behavior\BuildLiteBehavior [ RunTime:0.000000s ]
INFO: [ app_init ] --END-- [ RunTime:0.000000s ]
INFO: [ app_begin ] --START--
INFO: Run Behavior\ReadHtmlCacheBehavior [ RunTime:0.000000s ]
INFO: [ app_begin ] --END-- [ RunTime:0.000000s ]
SQL: SHOW COLUMNS FROM `syd_user` [ RunTime:0.0068s ]
SQL: SELECT * FROM `syd_user` WHERE ( userid=190 ) LIMIT 1   [ RunTime:0.0020s ]
SQL: SHOW COLUMNS FROM `syd_store` [ RunTime:0.0059s ]
SQL: SELECT * FROM `syd_store` WHERE ( uid=190 ) LIMIT 1   [ RunTime:0.0029s ]
SQL: SHOW COLUMNS FROM `syd_group` [ RunTime:0.0088s ]
SQL: SELECT * FROM `syd_group` WHERE ( one_id=190 ) LIMIT 1   [ RunTime:0.0029s ]
SQL: SELECT `parent_id` FROM `syd_user` WHERE ( userid=190 ) LIMIT 1   [ RunTime:0.0000s ]
SQL: SELECT * FROM `syd_group` WHERE ( one_id=191 ) LIMIT 1   [ RunTime:0.0010s ]
SQL: SELECT `parent_id` FROM `syd_user` WHERE ( userid=191 ) LIMIT 1   [ RunTime:0.0000s ]
SQL: SELECT * FROM `syd_group` WHERE ( one_id=164 ) LIMIT 1   [ RunTime:0.0000s ]
INFO: [ view_parse ] --START--
INFO: [ template_filter ] --START--
INFO: Run Behavior\ContentReplaceBehavior [ RunTime:0.000000s ]
INFO: [ template_filter ] --END-- [ RunTime:0.000000s ]
NOTIC: [8] Undefined index: m D:\wwwroot\jpyc03\wwwroot\ThinkPHP\Common\functions.php 第 977 行.
NOTIC: [8] Undefined index: m D:\wwwroot\jpyc03\wwwroot\ThinkPHP\Common\functions.php 第 977 行.
NOTIC: [8] Undefined index: m D:\wwwroot\jpyc03\wwwroot\ThinkPHP\Common\functions.php 第 977 行.
NOTIC: [8] Undefined index: m D:\wwwroot\jpyc03\wwwroot\ThinkPHP\Common\functions.php 第 977 行.
NOTIC: [8] Undefined index: m D:\wwwroot\jpyc03\wwwroot\ThinkPHP\Common\functions.php 第 977 行.
NOTIC: [8] Undefined index: m D:\wwwroot\jpyc03\wwwroot\ThinkPHP\Common\functions.php 第 977 行.
NOTIC: [8] Undefined index: m D:\wwwroot\jpyc03\wwwroot\ThinkPHP\Common\functions.php 第 977 行.
NOTIC: [8] Undefined index: m D:\wwwroot\jpyc03\wwwroot\ThinkPHP\Common\functions.php 第 977 行.
NOTIC: [8] Undefined index: m D:\wwwroot\jpyc03\wwwroot\ThinkPHP\Common\functions.php 第 977 行.
NOTIC: [8] Undefined index: m D:\wwwroot\jpyc03\wwwroot\ThinkPHP\Common\functions.php 第 977 行.
NOTIC: [8] Undefined index: m D:\wwwroot\jpyc03\wwwroot\ThinkPHP\Common\functions.php 第 977 行.
NOTIC: [8] Undefined index: m D:\wwwroot\jpyc03\wwwroot\ThinkPHP\Common\functions.php 第 977 行.
NOTIC: [8] Undefined index: m D:\wwwroot\jpyc03\wwwroot\ThinkPHP\Common\functions.php 第 977 行.
NOTIC: [8] Undefined index: m D:\wwwroot\jpyc03\wwwroot\ThinkPHP\Common\functions.php 第 977 行.
NOTIC: [8] Undefined index: m D:\wwwroot\jpyc03\wwwroot\ThinkPHP\Common\functions.php 第 977 行.
NOTIC: [8] Undefined index: m D:\wwwroot\jpyc03\wwwroot\ThinkPHP\Common\functions.php 第 977 行.
NOTIC: [8] Undefined index: m D:\wwwroot\jpyc03\wwwroot\ThinkPHP\Common\functions.php 第 977 行.
NOTIC: [8] Undefined index: m D:\wwwroot\jpyc03\wwwroot\ThinkPHP\Common\functions.php 第 977 行.
NOTIC: [8] Undefined index: m D:\wwwroot\jpyc03\wwwroot\ThinkPHP\Common\functions.php 第 977 行.
NOTIC: [8] Undefined index: m D:\wwwroot\jpyc03\wwwroot\ThinkPHP\Common\functions.php 第 977 行.
NOTIC: [8] Undefined index: m D:\wwwroot\jpyc03\wwwroot\ThinkPHP\Common\functions.php 第 977 行.
NOTIC: [8] Undefined index: m D:\wwwroot\jpyc03\wwwroot\ThinkPHP\Common\functions.php 第 977 行.
NOTIC: [8] Undefined index: m D:\wwwroot\jpyc03\wwwroot\ThinkPHP\Common\functions.php 第 977 行.
NOTIC: [8] Undefined index: m D:\wwwroot\jpyc03\wwwroot\ThinkPHP\Common\functions.php 第 977 行.
NOTIC: [8] Undefined index: m D:\wwwroot\jpyc03\wwwroot\ThinkPHP\Common\functions.php 第 977 行.
NOTIC: [8] Undefined index: m D:\wwwroot\jpyc03\wwwroot\ThinkPHP\Common\functions.php 第 977 行.
NOTIC: [8] Undefined index: m D:\wwwroot\jpyc03\wwwroot\ThinkPHP\Common\functions.php 第 977 行.
INFO: Run Behavior\ParseTemplateBehavior [ RunTime:0.027342s ]
INFO: [ view_parse ] --END-- [ RunTime:0.027342s ]
INFO: [ view_filter ] --START--
INFO: Run Behavior\WriteHtmlCacheBehavior [ RunTime:0.000000s ]
INFO: [ view_filter ] --END-- [ RunTime:0.000000s ]
INFO: [ app_end ] --START--
INFO: Run Behavior\ShowPageTraceBehavior [ RunTime:0.000977s ]
INFO: [ app_end ] --END-- [ RunTime:0.000977s ]

[ 2017-12-13T15:32:48+08:00 ] 120.52.18.45 /
INFO: [ app_init ] --START--
INFO: Run Behavior\BuildLiteBehavior [ RunTime:0.000000s ]
INFO: [ app_init ] --END-- [ RunTime:0.000000s ]
INFO: [ app_begin ] --START--
INFO: Run Behavior\ReadHtmlCacheBehavior [ RunTime:0.000977s ]
INFO: [ app_begin ] --END-- [ RunTime:0.000977s ]
NOTIC: [8] Undefined index: m D:\wwwroot\jpyc03\wwwroot\ThinkPHP\Common\functions.php 第 977 行.

[ 2017-12-13T15:32:49+08:00 ] 120.52.18.45 /index.php?s=/Regus/login.html
INFO: [ app_init ] --START--
INFO: Run Behavior\BuildLiteBehavior [ RunTime:0.000000s ]
INFO: [ app_init ] --END-- [ RunTime:0.000000s ]
INFO: [ app_begin ] --START--
INFO: Run Behavior\ReadHtmlCacheBehavior [ RunTime:0.000977s ]
INFO: [ app_begin ] --END-- [ RunTime:0.000977s ]
INFO: [ view_parse ] --START--
INFO: [ template_filter ] --START--
INFO: Run Behavior\ContentReplaceBehavior [ RunTime:0.000000s ]
INFO: [ template_filter ] --END-- [ RunTime:0.000000s ]
NOTIC: [8] Undefined index: m D:\wwwroot\jpyc03\wwwroot\ThinkPHP\Common\functions.php 第 977 行.
INFO: Run Behavior\ParseTemplateBehavior [ RunTime:0.007812s ]
INFO: [ view_parse ] --END-- [ RunTime:0.007812s ]
INFO: [ view_filter ] --START--
INFO: Run Behavior\WriteHtmlCacheBehavior [ RunTime:0.000000s ]
INFO: [ view_filter ] --END-- [ RunTime:0.000000s ]
INFO: [ app_end ] --START--
INFO: Run Behavior\ShowPageTraceBehavior [ RunTime:0.000976s ]
INFO: [ app_end ] --END-- [ RunTime:0.000976s ]

[ 2017-12-13T15:32:56+08:00 ] 61.160.224.135 /
INFO: [ app_init ] --START--
INFO: Run Behavior\BuildLiteBehavior [ RunTime:0.000000s ]
INFO: [ app_init ] --END-- [ RunTime:0.000976s ]
INFO: [ app_begin ] --START--
INFO: Run Behavior\ReadHtmlCacheBehavior [ RunTime:0.000976s ]
INFO: [ app_begin ] --END-- [ RunTime:0.000976s ]
NOTIC: [8] Undefined index: m D:\wwwroot\jpyc03\wwwroot\ThinkPHP\Common\functions.php 第 977 行.

[ 2017-12-13T15:32:56+08:00 ] 61.160.224.135 /index.php?s=/Regus/login.html
INFO: [ app_init ] --START--
INFO: Run Behavior\BuildLiteBehavior [ RunTime:0.000000s ]
INFO: [ app_init ] --END-- [ RunTime:0.000976s ]
INFO: [ app_begin ] --START--
INFO: Run Behavior\ReadHtmlCacheBehavior [ RunTime:0.000000s ]
INFO: [ app_begin ] --END-- [ RunTime:0.000000s ]
INFO: [ view_parse ] --START--
INFO: [ template_filter ] --START--
INFO: Run Behavior\ContentReplaceBehavior [ RunTime:0.000000s ]
INFO: [ template_filter ] --END-- [ RunTime:0.000000s ]
NOTIC: [8] Undefined index: m D:\wwwroot\jpyc03\wwwroot\ThinkPHP\Common\functions.php 第 977 行.
INFO: Run Behavior\ParseTemplateBehavior [ RunTime:0.011718s ]
INFO: [ view_parse ] --END-- [ RunTime:0.011718s ]
INFO: [ view_filter ] --START--
INFO: Run Behavior\WriteHtmlCacheBehavior [ RunTime:0.000000s ]
INFO: [ view_filter ] --END-- [ RunTime:0.000000s ]
INFO: [ app_end ] --START--
INFO: Run Behavior\ShowPageTraceBehavior [ RunTime:0.000977s ]
INFO: [ app_end ] --END-- [ RunTime:0.000977s ]

[ 2017-12-13T15:33:02+08:00 ] 61.160.224.135 /index.php?s=/Datamodify/structure.html
INFO: [ app_init ] --START--
INFO: Run Behavior\BuildLiteBehavior [ RunTime:0.000000s ]
INFO: [ app_init ] --END-- [ RunTime:0.000977s ]
INFO: [ app_begin ] --START--
INFO: Run Behavior\ReadHtmlCacheBehavior [ RunTime:0.000977s ]
INFO: [ app_begin ] --END-- [ RunTime:0.000977s ]
SQL: SHOW COLUMNS FROM `syd_group` [ RunTime:0.0049s ]
SQL: SELECT * FROM `syd_group` WHERE ( one_id=190 ) LIMIT 1   [ RunTime:0.0029s ]
SQL: SHOW COLUMNS FROM `syd_user` [ RunTime:0.0049s ]
SQL: SELECT `parent_id` FROM `syd_user` WHERE ( userid=190 ) LIMIT 1   [ RunTime:0.0039s ]
SQL: SELECT * FROM `syd_group` WHERE ( one_id=191 ) LIMIT 1   [ RunTime:0.0000s ]
SQL: SELECT `parent_id` FROM `syd_user` WHERE ( userid=191 ) LIMIT 1   [ RunTime:0.0000s ]
SQL: SELECT * FROM `syd_group` WHERE ( one_id=164 ) LIMIT 1   [ RunTime:0.0000s ]
SQL: SELECT * FROM `syd_user` WHERE ( userid=164 ) LIMIT 1   [ RunTime:0.0000s ]
SQL: SELECT * FROM `syd_user` WHERE ( userid=163 ) LIMIT 1   [ RunTime:0.0010s ]
SQL: SELECT * FROM `syd_user` WHERE ( userid=191 ) LIMIT 1   [ RunTime:0.0000s ]
SQL: SELECT * FROM `syd_user` WHERE ( userid=190 ) LIMIT 1   [ RunTime:0.0000s ]
SQL: SELECT * FROM `syd_user` WHERE ( userid=192 ) LIMIT 1   [ RunTime:0.0000s ]
SQL: SELECT * FROM `syd_user` WHERE ( userid=191 ) LIMIT 1   [ RunTime:0.0000s ]
SQL: SELECT * FROM `syd_user` WHERE ( userid=190 ) LIMIT 1   [ RunTime:0.0000s ]
SQL: SELECT * FROM `syd_user` WHERE ( userid=164 ) LIMIT 1   [ RunTime:0.0000s ]
SQL: SELECT * FROM `syd_user` WHERE ( userid=208 ) LIMIT 1   [ RunTime:0.0010s ]
SQL: SELECT * FROM `syd_user` WHERE ( userid=190 ) LIMIT 1   [ RunTime:0.0010s ]
SQL: SELECT * FROM `syd_user` WHERE ( userid=193 ) LIMIT 1   [ RunTime:0.0010s ]
SQL: SELECT * FROM `syd_user` WHERE ( userid=192 ) LIMIT 1   [ RunTime:0.0010s ]
INFO: [ view_parse ] --START--
INFO: [ template_filter ] --START--
INFO: Run Behavior\ContentReplaceBehavior [ RunTime:0.000000s ]
INFO: [ template_filter ] --END-- [ RunTime:0.000000s ]
INFO: Run Behavior\ParseTemplateBehavior [ RunTime:0.009765s ]
INFO: [ view_parse ] --END-- [ RunTime:0.010741s ]
INFO: [ view_filter ] --START--
INFO: Run Behavior\WriteHtmlCacheBehavior [ RunTime:0.000000s ]
INFO: [ view_filter ] --END-- [ RunTime:0.000000s ]
INFO: [ app_end ] --START--
INFO: Run Behavior\ShowPageTraceBehavior [ RunTime:0.000977s ]
INFO: [ app_end ] --END-- [ RunTime:0.000977s ]

[ 2017-12-13T15:33:02+08:00 ] 61.160.224.140 /
INFO: [ app_init ] --START--
INFO: Run Behavior\BuildLiteBehavior [ RunTime:0.000000s ]
INFO: [ app_init ] --END-- [ RunTime:0.000000s ]
INFO: [ app_begin ] --START--
INFO: Run Behavior\ReadHtmlCacheBehavior [ RunTime:0.000977s ]
INFO: [ app_begin ] --END-- [ RunTime:0.000977s ]
NOTIC: [8] Undefined index: m D:\wwwroot\jpyc03\wwwroot\ThinkPHP\Common\functions.php 第 977 行.

[ 2017-12-13T15:33:02+08:00 ] 120.52.18.52 /
INFO: [ app_init ] --START--
INFO: Run Behavior\BuildLiteBehavior [ RunTime:0.000000s ]
INFO: [ app_init ] --END-- [ RunTime:0.000000s ]
INFO: [ app_begin ] --START--
INFO: Run Behavior\ReadHtmlCacheBehavior [ RunTime:0.000976s ]
INFO: [ app_begin ] --END-- [ RunTime:0.000976s ]
NOTIC: [8] Undefined index: m D:\wwwroot\jpyc03\wwwroot\ThinkPHP\Common\functions.php 第 977 行.

[ 2017-12-13T16:25:35+08:00 ] 61.160.224.140 /
INFO: [ app_init ] --START--
INFO: Run Behavior\BuildLiteBehavior [ RunTime:0.000000s ]
INFO: [ app_init ] --END-- [ RunTime:0.000976s ]
INFO: [ app_begin ] --START--
INFO: Run Behavior\ReadHtmlCacheBehavior [ RunTime:0.000977s ]
INFO: [ app_begin ] --END-- [ RunTime:0.000977s ]
NOTIC: [8] Undefined index: m D:\wwwroot\jpyc03\wwwroot\ThinkPHP\Common\functions.php 第 977 行.

[ 2017-12-13T16:25:37+08:00 ] 61.160.224.135 /
INFO: [ app_init ] --START--
INFO: Run Behavior\BuildLiteBehavior [ RunTime:0.000000s ]
INFO: [ app_init ] --END-- [ RunTime:0.000976s ]
INFO: [ app_begin ] --START--
INFO: Run Behavior\ReadHtmlCacheBehavior [ RunTime:0.000000s ]
INFO: [ app_begin ] --END-- [ RunTime:0.000000s ]
NOTIC: [8] Undefined index: m D:\wwwroot\jpyc03\wwwroot\ThinkPHP\Common\functions.php 第 977 行.

[ 2017-12-13T16:25:37+08:00 ] 120.52.18.52 /
INFO: [ app_init ] --START--
INFO: Run Behavior\BuildLiteBehavior [ RunTime:0.000000s ]
INFO: [ app_init ] --END-- [ RunTime:0.000976s ]
INFO: [ app_begin ] --START--
INFO: Run Behavior\ReadHtmlCacheBehavior [ RunTime:0.000977s ]
INFO: [ app_begin ] --END-- [ RunTime:0.000977s ]
NOTIC: [8] Undefined index: m D:\wwwroot\jpyc03\wwwroot\ThinkPHP\Common\functions.php 第 977 行.

[ 2017-12-13T16:25:38+08:00 ] 61.160.224.135 /index.php?s=/Regus/login.html
INFO: [ app_init ] --START--
INFO: Run Behavior\BuildLiteBehavior [ RunTime:0.000000s ]
INFO: [ app_init ] --END-- [ RunTime:0.000976s ]
INFO: [ app_begin ] --START--
INFO: Run Behavior\ReadHtmlCacheBehavior [ RunTime:0.000000s ]
INFO: [ app_begin ] --END-- [ RunTime:0.000000s ]
INFO: [ view_parse ] --START--
INFO: [ template_filter ] --START--
INFO: Run Behavior\ContentReplaceBehavior [ RunTime:0.000000s ]
INFO: [ template_filter ] --END-- [ RunTime:0.000977s ]
NOTIC: [8] Undefined index: m D:\wwwroot\jpyc03\wwwroot\ThinkPHP\Common\functions.php 第 977 行.
INFO: Run Behavior\ParseTemplateBehavior [ RunTime:0.020509s ]
INFO: [ view_parse ] --END-- [ RunTime:0.020509s ]
INFO: [ view_filter ] --START--
INFO: Run Behavior\WriteHtmlCacheBehavior [ RunTime:0.000000s ]
INFO: [ view_filter ] --END-- [ RunTime:0.000000s ]
INFO: [ app_end ] --START--
INFO: Run Behavior\ShowPageTraceBehavior [ RunTime:0.000976s ]
INFO: [ app_end ] --END-- [ RunTime:0.000976s ]

[ 2017-12-13T16:25:47+08:00 ] 61.160.224.135 /index.php?s=/Mobile/Regus/testid.html
INFO: [ app_init ] --START--
INFO: Run Behavior\BuildLiteBehavior [ RunTime:0.000000s ]
INFO: [ app_init ] --END-- [ RunTime:0.000977s ]
INFO: [ app_begin ] --START--
INFO: Run Behavior\ReadHtmlCacheBehavior [ RunTime:0.000977s ]
INFO: [ app_begin ] --END-- [ RunTime:0.000977s ]
SQL: SHOW COLUMNS FROM `syd_user` [ RunTime:0.0068s ]
SQL: SELECT * FROM `syd_user` WHERE ( account='13826666776' ) LIMIT 1   [ RunTime:0.0020s ]

[ 2017-12-13T16:25:47+08:00 ] 61.160.224.135 /index.php?s=/Mobile/Index/copyPageTwo.html
INFO: [ app_init ] --START--
INFO: Run Behavior\BuildLiteBehavior [ RunTime:0.000000s ]
INFO: [ app_init ] --END-- [ RunTime:0.000000s ]
INFO: [ app_begin ] --START--
INFO: Run Behavior\ReadHtmlCacheBehavior [ RunTime:0.000977s ]
INFO: [ app_begin ] --END-- [ RunTime:0.000977s ]
SQL: SHOW COLUMNS FROM `syd_user` [ RunTime:0.0059s ]
SQL: SELECT * FROM `syd_user` WHERE ( userid=190 ) LIMIT 1   [ RunTime:0.0029s ]
SQL: SHOW COLUMNS FROM `syd_store` [ RunTime:0.0029s ]
SQL: SELECT * FROM `syd_store` WHERE ( uid=190 ) LIMIT 1   [ RunTime:0.0020s ]
SQL: SHOW COLUMNS FROM `syd_group` [ RunTime:0.0029s ]
SQL: SELECT * FROM `syd_group` WHERE ( one_id=190 ) LIMIT 1   [ RunTime:0.0020s ]
SQL: SELECT `parent_id` FROM `syd_user` WHERE ( userid=190 ) LIMIT 1   [ RunTime:0.0000s ]
SQL: SELECT * FROM `syd_group` WHERE ( one_id=191 ) LIMIT 1   [ RunTime:0.0000s ]
SQL: SELECT `parent_id` FROM `syd_user` WHERE ( userid=191 ) LIMIT 1   [ RunTime:0.0000s ]
SQL: SELECT * FROM `syd_group` WHERE ( one_id=164 ) LIMIT 1   [ RunTime:0.0000s ]
INFO: [ view_parse ] --START--
INFO: [ template_filter ] --START--
INFO: Run Behavior\ContentReplaceBehavior [ RunTime:0.000000s ]
INFO: [ template_filter ] --END-- [ RunTime:0.000000s ]
NOTIC: [8] Undefined index: m D:\wwwroot\jpyc03\wwwroot\ThinkPHP\Common\functions.php 第 977 行.
NOTIC: [8] Undefined index: m D:\wwwroot\jpyc03\wwwroot\ThinkPHP\Common\functions.php 第 977 行.
NOTIC: [8] Undefined index: m D:\wwwroot\jpyc03\wwwroot\ThinkPHP\Common\functions.php 第 977 行.
NOTIC: [8] Undefined index: m D:\wwwroot\jpyc03\wwwroot\ThinkPHP\Common\functions.php 第 977 行.
NOTIC: [8] Undefined index: m D:\wwwroot\jpyc03\wwwroot\ThinkPHP\Common\functions.php 第 977 行.
NOTIC: [8] Undefined index: m D:\wwwroot\jpyc03\wwwroot\ThinkPHP\Common\functions.php 第 977 行.
NOTIC: [8] Undefined index: m D:\wwwroot\jpyc03\wwwroot\ThinkPHP\Common\functions.php 第 977 行.
NOTIC: [8] Undefined index: m D:\wwwroot\jpyc03\wwwroot\ThinkPHP\Common\functions.php 第 977 行.
NOTIC: [8] Undefined index: m D:\wwwroot\jpyc03\wwwroot\ThinkPHP\Common\functions.php 第 977 行.
NOTIC: [8] Undefined index: m D:\wwwroot\jpyc03\wwwroot\ThinkPHP\Common\functions.php 第 977 行.
NOTIC: [8] Undefined index: m D:\wwwroot\jpyc03\wwwroot\ThinkPHP\Common\functions.php 第 977 行.
NOTIC: [8] Undefined index: m D:\wwwroot\jpyc03\wwwroot\ThinkPHP\Common\functions.php 第 977 行.
NOTIC: [8] Undefined index: m D:\wwwroot\jpyc03\wwwroot\ThinkPHP\Common\functions.php 第 977 行.
NOTIC: [8] Undefined index: m D:\wwwroot\jpyc03\wwwroot\ThinkPHP\Common\functions.php 第 977 行.
NOTIC: [8] Undefined index: m D:\wwwroot\jpyc03\wwwroot\ThinkPHP\Common\functions.php 第 977 行.
NOTIC: [8] Undefined index: m D:\wwwroot\jpyc03\wwwroot\ThinkPHP\Common\functions.php 第 977 行.
NOTIC: [8] Undefined index: m D:\wwwroot\jpyc03\wwwroot\ThinkPHP\Common\functions.php 第 977 行.
NOTIC: [8] Undefined index: m D:\wwwroot\jpyc03\wwwroot\ThinkPHP\Common\functions.php 第 977 行.
NOTIC: [8] Undefined index: m D:\wwwroot\jpyc03\wwwroot\ThinkPHP\Common\functions.php 第 977 行.
NOTIC: [8] Undefined index: m D:\wwwroot\jpyc03\wwwroot\ThinkPHP\Common\functions.php 第 977 行.
NOTIC: [8] Undefined index: m D:\wwwroot\jpyc03\wwwroot\ThinkPHP\Common\functions.php 第 977 行.
NOTIC: [8] Undefined index: m D:\wwwroot\jpyc03\wwwroot\ThinkPHP\Common\functions.php 第 977 行.
NOTIC: [8] Undefined index: m D:\wwwroot\jpyc03\wwwroot\ThinkPHP\Common\functions.php 第 977 行.
NOTIC: [8] Undefined index: m D:\wwwroot\jpyc03\wwwroot\ThinkPHP\Common\functions.php 第 977 行.
NOTIC: [8] Undefined index: m D:\wwwroot\jpyc03\wwwroot\ThinkPHP\Common\functions.php 第 977 行.
NOTIC: [8] Undefined index: m D:\wwwroot\jpyc03\wwwroot\ThinkPHP\Common\functions.php 第 977 行.
NOTIC: [8] Undefined index: m D:\wwwroot\jpyc03\wwwroot\ThinkPHP\Common\functions.php 第 977 行.
INFO: Run Behavior\ParseTemplateBehavior [ RunTime:0.019532s ]
INFO: [ view_parse ] --END-- [ RunTime:0.019532s ]
INFO: [ view_filter ] --START--
INFO: Run Behavior\WriteHtmlCacheBehavior [ RunTime:0.000977s ]
INFO: [ view_filter ] --END-- [ RunTime:0.000977s ]
INFO: [ app_end ] --START--
INFO: Run Behavior\ShowPageTraceBehavior [ RunTime:0.000000s ]
INFO: [ app_end ] --END-- [ RunTime:0.000000s ]

[ 2017-12-13T16:25:57+08:00 ] 120.52.18.47 /index.php?s=/Mobile/Regus/testid.html
INFO: [ app_init ] --START--
INFO: Run Behavior\BuildLiteBehavior [ RunTime:0.000000s ]
INFO: [ app_init ] --END-- [ RunTime:0.000976s ]
INFO: [ app_begin ] --START--
INFO: Run Behavior\ReadHtmlCacheBehavior [ RunTime:0.000976s ]
INFO: [ app_begin ] --END-- [ RunTime:0.000976s ]

[ 2017-12-13T16:26:10+08:00 ] 61.160.224.135 /index.php?s=/Datamodify/structure.html
INFO: [ app_init ] --START--
INFO: Run Behavior\BuildLiteBehavior [ RunTime:0.000000s ]
INFO: [ app_init ] --END-- [ RunTime:0.000000s ]
INFO: [ app_begin ] --START--
INFO: Run Behavior\ReadHtmlCacheBehavior [ RunTime:0.000000s ]
INFO: [ app_begin ] --END-- [ RunTime:0.000000s ]
SQL: SHOW COLUMNS FROM `syd_group` [ RunTime:0.0059s ]
SQL: SELECT * FROM `syd_group` WHERE ( one_id=190 ) LIMIT 1   [ RunTime:0.0020s ]
SQL: SHOW COLUMNS FROM `syd_user` [ RunTime:0.0049s ]
SQL: SELECT `parent_id` FROM `syd_user` WHERE ( userid=190 ) LIMIT 1   [ RunTime:0.0029s ]
SQL: SELECT * FROM `syd_group` WHERE ( one_id=191 ) LIMIT 1   [ RunTime:0.0000s ]
SQL: SELECT `parent_id` FROM `syd_user` WHERE ( userid=191 ) LIMIT 1   [ RunTime:0.0000s ]
SQL: SELECT * FROM `syd_group` WHERE ( one_id=164 ) LIMIT 1   [ RunTime:0.0000s ]
SQL: SELECT * FROM `syd_user` WHERE ( userid=164 ) LIMIT 1   [ RunTime:0.0000s ]
SQL: SELECT * FROM `syd_user` WHERE ( userid=163 ) LIMIT 1   [ RunTime:0.0000s ]
SQL: SELECT * FROM `syd_user` WHERE ( userid=191 ) LIMIT 1   [ RunTime:0.0000s ]
SQL: SELECT * FROM `syd_user` WHERE ( userid=190 ) LIMIT 1   [ RunTime:0.0000s ]
SQL: SELECT * FROM `syd_user` WHERE ( userid=192 ) LIMIT 1   [ RunTime:0.0000s ]
SQL: SELECT * FROM `syd_user` WHERE ( userid=191 ) LIMIT 1   [ RunTime:0.0010s ]
SQL: SELECT * FROM `syd_user` WHERE ( userid=190 ) LIMIT 1   [ RunTime:0.0020s ]
SQL: SELECT * FROM `syd_user` WHERE ( userid=164 ) LIMIT 1   [ RunTime:0.0010s ]
SQL: SELECT * FROM `syd_user` WHERE ( userid=208 ) LIMIT 1   [ RunTime:0.0000s ]
SQL: SELECT * FROM `syd_user` WHERE ( userid=190 ) LIMIT 1   [ RunTime:0.0000s ]
SQL: SELECT * FROM `syd_user` WHERE ( userid=193 ) LIMIT 1   [ RunTime:0.0000s ]
SQL: SELECT * FROM `syd_user` WHERE ( userid=192 ) LIMIT 1   [ RunTime:0.0000s ]
INFO: [ view_parse ] --START--
INFO: [ template_filter ] --START--
INFO: Run Behavior\ContentReplaceBehavior [ RunTime:0.000000s ]
INFO: [ template_filter ] --END-- [ RunTime:0.000000s ]
INFO: Run Behavior\ParseTemplateBehavior [ RunTime:0.011718s ]
INFO: [ view_parse ] --END-- [ RunTime:0.011718s ]
INFO: [ view_filter ] --START--
INFO: Run Behavior\WriteHtmlCacheBehavior [ RunTime:0.000000s ]
INFO: [ view_filter ] --END-- [ RunTime:0.000976s ]
INFO: [ app_end ] --START--
INFO: Run Behavior\ShowPageTraceBehavior [ RunTime:0.001953s ]
INFO: [ app_end ] --END-- [ RunTime:0.001953s ]

[ 2017-12-13T16:36:04+08:00 ] 61.160.224.135 /index.php?s=/Datamodify/structure.html
INFO: [ app_init ] --START--
INFO: Run Behavior\BuildLiteBehavior [ RunTime:0.000000s ]
INFO: [ app_init ] --END-- [ RunTime:0.000976s ]
INFO: [ app_begin ] --START--
INFO: Run Behavior\ReadHtmlCacheBehavior [ RunTime:0.000977s ]
INFO: [ app_begin ] --END-- [ RunTime:0.000977s ]
SQL: SHOW COLUMNS FROM `syd_group` [ RunTime:0.0059s ]
SQL: SELECT * FROM `syd_group` WHERE ( one_id=190 ) LIMIT 1   [ RunTime:0.0010s ]
SQL: SHOW COLUMNS FROM `syd_user` [ RunTime:0.0039s ]
SQL: SELECT `parent_id` FROM `syd_user` WHERE ( userid=190 ) LIMIT 1   [ RunTime:0.0010s ]
SQL: SELECT * FROM `syd_group` WHERE ( one_id=191 ) LIMIT 1   [ RunTime:0.0000s ]
SQL: SELECT `parent_id` FROM `syd_user` WHERE ( userid=191 ) LIMIT 1   [ RunTime:0.0000s ]
SQL: SELECT * FROM `syd_group` WHERE ( one_id=164 ) LIMIT 1   [ RunTime:0.0000s ]
SQL: SELECT * FROM `syd_user` WHERE ( userid=164 ) LIMIT 1   [ RunTime:0.0000s ]
SQL: SELECT * FROM `syd_user` WHERE ( userid=163 ) LIMIT 1   [ RunTime:0.0000s ]
SQL: SELECT * FROM `syd_user` WHERE ( userid=191 ) LIMIT 1   [ RunTime:0.0000s ]
SQL: SELECT * FROM `syd_user` WHERE ( userid=190 ) LIMIT 1   [ RunTime:0.0010s ]
SQL: SELECT * FROM `syd_user` WHERE ( userid=192 ) LIMIT 1   [ RunTime:0.0000s ]
SQL: SELECT * FROM `syd_user` WHERE ( userid=191 ) LIMIT 1   [ RunTime:0.0000s ]
SQL: SELECT * FROM `syd_user` WHERE ( userid=190 ) LIMIT 1   [ RunTime:0.0010s ]
SQL: SELECT * FROM `syd_user` WHERE ( userid=164 ) LIMIT 1   [ RunTime:0.0000s ]
SQL: SELECT * FROM `syd_user` WHERE ( userid=208 ) LIMIT 1   [ RunTime:0.0000s ]
SQL: SELECT * FROM `syd_user` WHERE ( userid=190 ) LIMIT 1   [ RunTime:0.0020s ]
SQL: SELECT * FROM `syd_user` WHERE ( userid=193 ) LIMIT 1   [ RunTime:0.0000s ]
SQL: SELECT * FROM `syd_user` WHERE ( userid=192 ) LIMIT 1   [ RunTime:0.0000s ]
INFO: [ view_parse ] --START--
INFO: [ template_filter ] --START--
INFO: Run Behavior\ContentReplaceBehavior [ RunTime:0.000000s ]
INFO: [ template_filter ] --END-- [ RunTime:0.000000s ]
INFO: Run Behavior\ParseTemplateBehavior [ RunTime:0.012695s ]
INFO: [ view_parse ] --END-- [ RunTime:0.013672s ]
INFO: [ view_filter ] --START--
INFO: Run Behavior\WriteHtmlCacheBehavior [ RunTime:0.000977s ]
INFO: [ view_filter ] --END-- [ RunTime:0.000977s ]
INFO: [ app_end ] --START--
INFO: Run Behavior\ShowPageTraceBehavior [ RunTime:0.000000s ]
INFO: [ app_end ] --END-- [ RunTime:0.000000s ]

[ 2017-12-13T17:14:19+08:00 ] 61.160.224.140 /
INFO: [ app_init ] --START--
INFO: Run Behavior\BuildLiteBehavior [ RunTime:0.000000s ]
INFO: [ app_init ] --END-- [ RunTime:0.000977s ]
INFO: [ app_begin ] --START--
INFO: Run Behavior\ReadHtmlCacheBehavior [ RunTime:0.000977s ]
INFO: [ app_begin ] --END-- [ RunTime:0.000977s ]
NOTIC: [8] Undefined index: m D:\wwwroot\jpyc03\wwwroot\ThinkPHP\Common\functions.php 第 977 行.

[ 2017-12-13T17:14:23+08:00 ] 120.52.18.52 /
INFO: [ app_init ] --START--
INFO: Run Behavior\BuildLiteBehavior [ RunTime:0.000000s ]
INFO: [ app_init ] --END-- [ RunTime:0.000976s ]
INFO: [ app_begin ] --START--
INFO: Run Behavior\ReadHtmlCacheBehavior [ RunTime:0.002929s ]
INFO: [ app_begin ] --END-- [ RunTime:0.002929s ]
NOTIC: [8] Undefined index: m D:\wwwroot\jpyc03\wwwroot\ThinkPHP\Common\functions.php 第 977 行.

[ 2017-12-13T17:14:24+08:00 ] 61.160.224.135 /
INFO: [ app_init ] --START--
INFO: Run Behavior\BuildLiteBehavior [ RunTime:0.000000s ]
INFO: [ app_init ] --END-- [ RunTime:0.001953s ]
INFO: [ app_begin ] --START--
INFO: Run Behavior\ReadHtmlCacheBehavior [ RunTime:0.000000s ]
INFO: [ app_begin ] --END-- [ RunTime:0.000000s ]
SQL: SHOW COLUMNS FROM `syd_user` [ RunTime:0.0059s ]
SQL: SELECT * FROM `syd_user` WHERE ( userid=190 ) LIMIT 1   [ RunTime:0.0010s ]
SQL: SHOW COLUMNS FROM `syd_store` [ RunTime:0.0049s ]
SQL: SELECT * FROM `syd_store` WHERE ( uid=190 ) LIMIT 1   [ RunTime:0.0039s ]
SQL: SHOW COLUMNS FROM `syd_group` [ RunTime:0.0078s ]
SQL: SELECT * FROM `syd_group` WHERE ( one_id=190 ) LIMIT 1   [ RunTime:0.0039s ]
SQL: SELECT `parent_id` FROM `syd_user` WHERE ( userid=190 ) LIMIT 1   [ RunTime:0.0000s ]
SQL: SELECT * FROM `syd_group` WHERE ( one_id=191 ) LIMIT 1   [ RunTime:0.0000s ]
SQL: SELECT `parent_id` FROM `syd_user` WHERE ( userid=191 ) LIMIT 1   [ RunTime:0.0010s ]
SQL: SELECT * FROM `syd_group` WHERE ( one_id=164 ) LIMIT 1   [ RunTime:0.0000s ]
INFO: [ view_parse ] --START--
INFO: [ template_filter ] --START--
INFO: Run Behavior\ContentReplaceBehavior [ RunTime:0.000000s ]
INFO: [ template_filter ] --END-- [ RunTime:0.000000s ]
NOTIC: [8] Undefined index: m D:\wwwroot\jpyc03\wwwroot\ThinkPHP\Common\functions.php 第 977 行.
NOTIC: [8] Undefined index: m D:\wwwroot\jpyc03\wwwroot\ThinkPHP\Common\functions.php 第 977 行.
NOTIC: [8] Undefined index: m D:\wwwroot\jpyc03\wwwroot\ThinkPHP\Common\functions.php 第 977 行.
NOTIC: [8] Undefined index: m D:\wwwroot\jpyc03\wwwroot\ThinkPHP\Common\functions.php 第 977 行.
NOTIC: [8] Undefined index: m D:\wwwroot\jpyc03\wwwroot\ThinkPHP\Common\functions.php 第 977 行.
NOTIC: [8] Undefined index: m D:\wwwroot\jpyc03\wwwroot\ThinkPHP\Common\functions.php 第 977 行.
NOTIC: [8] Undefined index: m D:\wwwroot\jpyc03\wwwroot\ThinkPHP\Common\functions.php 第 977 行.
NOTIC: [8] Undefined index: m D:\wwwroot\jpyc03\wwwroot\ThinkPHP\Common\functions.php 第 977 行.
NOTIC: [8] Undefined index: m D:\wwwroot\jpyc03\wwwroot\ThinkPHP\Common\functions.php 第 977 行.
NOTIC: [8] Undefined index: m D:\wwwroot\jpyc03\wwwroot\ThinkPHP\Common\functions.php 第 977 行.
NOTIC: [8] Undefined index: m D:\wwwroot\jpyc03\wwwroot\ThinkPHP\Common\functions.php 第 977 行.
NOTIC: [8] Undefined index: m D:\wwwroot\jpyc03\wwwroot\ThinkPHP\Common\functions.php 第 977 行.
NOTIC: [8] Undefined index: m D:\wwwroot\jpyc03\wwwroot\ThinkPHP\Common\functions.php 第 977 行.
NOTIC: [8] Undefined index: m D:\wwwroot\jpyc03\wwwroot\ThinkPHP\Common\functions.php 第 977 行.
NOTIC: [8] Undefined index: m D:\wwwroot\jpyc03\wwwroot\ThinkPHP\Common\functions.php 第 977 行.
NOTIC: [8] Undefined index: m D:\wwwroot\jpyc03\wwwroot\ThinkPHP\Common\functions.php 第 977 行.
NOTIC: [8] Undefined index: m D:\wwwroot\jpyc03\wwwroot\ThinkPHP\Common\functions.php 第 977 行.
NOTIC: [8] Undefined index: m D:\wwwroot\jpyc03\wwwroot\ThinkPHP\Common\functions.php 第 977 行.
NOTIC: [8] Undefined index: m D:\wwwroot\jpyc03\wwwroot\ThinkPHP\Common\functions.php 第 977 行.
NOTIC: [8] Undefined index: m D:\wwwroot\jpyc03\wwwroot\ThinkPHP\Common\functions.php 第 977 行.
NOTIC: [8] Undefined index: m D:\wwwroot\jpyc03\wwwroot\ThinkPHP\Common\functions.php 第 977 行.
NOTIC: [8] Undefined index: m D:\wwwroot\jpyc03\wwwroot\ThinkPHP\Common\functions.php 第 977 行.
NOTIC: [8] Undefined index: m D:\wwwroot\jpyc03\wwwroot\ThinkPHP\Common\functions.php 第 977 行.
NOTIC: [8] Undefined index: m D:\wwwroot\jpyc03\wwwroot\ThinkPHP\Common\functions.php 第 977 行.
NOTIC: [8] Undefined index: m D:\wwwroot\jpyc03\wwwroot\ThinkPHP\Common\functions.php 第 977 行.
NOTIC: [8] Undefined index: m D:\wwwroot\jpyc03\wwwroot\ThinkPHP\Common\functions.php 第 977 行.
NOTIC: [8] Undefined index: m D:\wwwroot\jpyc03\wwwroot\ThinkPHP\Common\functions.php 第 977 行.
INFO: Run Behavior\ParseTemplateBehavior [ RunTime:0.030272s ]
INFO: [ view_parse ] --END-- [ RunTime:0.030272s ]
INFO: [ view_filter ] --START--
INFO: Run Behavior\WriteHtmlCacheBehavior [ RunTime:0.000976s ]
INFO: [ view_filter ] --END-- [ RunTime:0.000976s ]
INFO: [ app_end ] --START--
INFO: Run Behavior\ShowPageTraceBehavior [ RunTime:0.000977s ]
INFO: [ app_end ] --END-- [ RunTime:0.000977s ]

[ 2017-12-13T17:14:29+08:00 ] 61.160.224.135 /
INFO: [ app_init ] --START--
INFO: Run Behavior\BuildLiteBehavior [ RunTime:0.000000s ]
INFO: [ app_init ] --END-- [ RunTime:0.000977s ]
INFO: [ app_begin ] --START--
INFO: Run Behavior\ReadHtmlCacheBehavior [ RunTime:0.000000s ]
INFO: [ app_begin ] --END-- [ RunTime:0.000977s ]
SQL: SHOW COLUMNS FROM `syd_user` [ RunTime:0.0059s ]
SQL: SELECT * FROM `syd_user` WHERE ( userid=190 ) LIMIT 1   [ RunTime:0.0020s ]
SQL: SHOW COLUMNS FROM `syd_store` [ RunTime:0.0078s ]
SQL: SELECT * FROM `syd_store` WHERE ( uid=190 ) LIMIT 1   [ RunTime:0.0039s ]
SQL: SHOW COLUMNS FROM `syd_group` [ RunTime:0.0059s ]
SQL: SELECT * FROM `syd_group` WHERE ( one_id=190 ) LIMIT 1   [ RunTime:0.0039s ]
SQL: SELECT `parent_id` FROM `syd_user` WHERE ( userid=190 ) LIMIT 1   [ RunTime:0.0000s ]
SQL: SELECT * FROM `syd_group` WHERE ( one_id=191 ) LIMIT 1   [ RunTime:0.0000s ]
SQL: SELECT `parent_id` FROM `syd_user` WHERE ( userid=191 ) LIMIT 1   [ RunTime:0.0000s ]
SQL: SELECT * FROM `syd_group` WHERE ( one_id=164 ) LIMIT 1   [ RunTime:0.0000s ]
INFO: [ view_parse ] --START--
INFO: [ template_filter ] --START--
INFO: Run Behavior\ContentReplaceBehavior [ RunTime:0.000000s ]
INFO: [ template_filter ] --END-- [ RunTime:0.000000s ]
NOTIC: [8] Undefined index: m D:\wwwroot\jpyc03\wwwroot\ThinkPHP\Common\functions.php 第 977 行.
NOTIC: [8] Undefined index: m D:\wwwroot\jpyc03\wwwroot\ThinkPHP\Common\functions.php 第 977 行.
NOTIC: [8] Undefined index: m D:\wwwroot\jpyc03\wwwroot\ThinkPHP\Common\functions.php 第 977 行.
NOTIC: [8] Undefined index: m D:\wwwroot\jpyc03\wwwroot\ThinkPHP\Common\functions.php 第 977 行.
NOTIC: [8] Undefined index: m D:\wwwroot\jpyc03\wwwroot\ThinkPHP\Common\functions.php 第 977 行.
NOTIC: [8] Undefined index: m D:\wwwroot\jpyc03\wwwroot\ThinkPHP\Common\functions.php 第 977 行.
NOTIC: [8] Undefined index: m D:\wwwroot\jpyc03\wwwroot\ThinkPHP\Common\functions.php 第 977 行.
NOTIC: [8] Undefined index: m D:\wwwroot\jpyc03\wwwroot\ThinkPHP\Common\functions.php 第 977 行.
NOTIC: [8] Undefined index: m D:\wwwroot\jpyc03\wwwroot\ThinkPHP\Common\functions.php 第 977 行.
NOTIC: [8] Undefined index: m D:\wwwroot\jpyc03\wwwroot\ThinkPHP\Common\functions.php 第 977 行.
NOTIC: [8] Undefined index: m D:\wwwroot\jpyc03\wwwroot\ThinkPHP\Common\functions.php 第 977 行.
NOTIC: [8] Undefined index: m D:\wwwroot\jpyc03\wwwroot\ThinkPHP\Common\functions.php 第 977 行.
NOTIC: [8] Undefined index: m D:\wwwroot\jpyc03\wwwroot\ThinkPHP\Common\functions.php 第 977 行.
NOTIC: [8] Undefined index: m D:\wwwroot\jpyc03\wwwroot\ThinkPHP\Common\functions.php 第 977 行.
NOTIC: [8] Undefined index: m D:\wwwroot\jpyc03\wwwroot\ThinkPHP\Common\functions.php 第 977 行.
NOTIC: [8] Undefined index: m D:\wwwroot\jpyc03\wwwroot\ThinkPHP\Common\functions.php 第 977 行.
NOTIC: [8] Undefined index: m D:\wwwroot\jpyc03\wwwroot\ThinkPHP\Common\functions.php 第 977 行.
NOTIC: [8] Undefined index: m D:\wwwroot\jpyc03\wwwroot\ThinkPHP\Common\functions.php 第 977 行.
NOTIC: [8] Undefined index: m D:\wwwroot\jpyc03\wwwroot\ThinkPHP\Common\functions.php 第 977 行.
NOTIC: [8] Undefined index: m D:\wwwroot\jpyc03\wwwroot\ThinkPHP\Common\functions.php 第 977 行.
NOTIC: [8] Undefined index: m D:\wwwroot\jpyc03\wwwroot\ThinkPHP\Common\functions.php 第 977 行.
NOTIC: [8] Undefined index: m D:\wwwroot\jpyc03\wwwroot\ThinkPHP\Common\functions.php 第 977 行.
NOTIC: [8] Undefined index: m D:\wwwroot\jpyc03\wwwroot\ThinkPHP\Common\functions.php 第 977 行.
NOTIC: [8] Undefined index: m D:\wwwroot\jpyc03\wwwroot\ThinkPHP\Common\functions.php 第 977 行.
NOTIC: [8] Undefined index: m D:\wwwroot\jpyc03\wwwroot\ThinkPHP\Common\functions.php 第 977 行.
NOTIC: [8] Undefined index: m D:\wwwroot\jpyc03\wwwroot\ThinkPHP\Common\functions.php 第 977 行.
NOTIC: [8] Undefined index: m D:\wwwroot\jpyc03\wwwroot\ThinkPHP\Common\functions.php 第 977 行.
INFO: Run Behavior\ParseTemplateBehavior [ RunTime:0.014649s ]
INFO: [ view_parse ] --END-- [ RunTime:0.014649s ]
INFO: [ view_filter ] --START--
INFO: Run Behavior\WriteHtmlCacheBehavior [ RunTime:0.000977s ]
INFO: [ view_filter ] --END-- [ RunTime:0.000977s ]
INFO: [ app_end ] --START--
INFO: Run Behavior\ShowPageTraceBehavior [ RunTime:0.000977s ]
INFO: [ app_end ] --END-- [ RunTime:0.000977s ]

[ 2017-12-13T17:14:37+08:00 ] 61.160.224.135 /index.php?s=/Index/user_register.html
INFO: [ app_init ] --START--
INFO: Run Behavior\BuildLiteBehavior [ RunTime:0.000000s ]
INFO: [ app_init ] --END-- [ RunTime:0.000000s ]
INFO: [ app_begin ] --START--
INFO: Run Behavior\ReadHtmlCacheBehavior [ RunTime:0.000977s ]
INFO: [ app_begin ] --END-- [ RunTime:0.000977s ]
SQL: SHOW COLUMNS FROM `syd_user` [ RunTime:0.0059s ]
SQL: SELECT * FROM `syd_user` WHERE ( userid=190 ) LIMIT 1   [ RunTime:0.0000s ]
INFO: [ view_parse ] --START--
INFO: [ template_filter ] --START--
INFO: Run Behavior\ContentReplaceBehavior [ RunTime:0.000000s ]
INFO: [ template_filter ] --END-- [ RunTime:0.000000s ]
INFO: Run Behavior\ParseTemplateBehavior [ RunTime:0.009766s ]
INFO: [ view_parse ] --END-- [ RunTime:0.009766s ]
INFO: [ view_filter ] --START--
INFO: Run Behavior\WriteHtmlCacheBehavior [ RunTime:0.000000s ]
INFO: [ view_filter ] --END-- [ RunTime:0.000977s ]
INFO: [ app_end ] --START--
INFO: Run Behavior\ShowPageTraceBehavior [ RunTime:0.000977s ]
INFO: [ app_end ] --END-- [ RunTime:0.000977s ]

[ 2017-12-13T17:14:47+08:00 ] 120.52.18.54 /index.php?s=/Index/user_register.html
INFO: [ app_init ] --START--
INFO: Run Behavior\BuildLiteBehavior [ RunTime:0.000000s ]
INFO: [ app_init ] --END-- [ RunTime:0.000000s ]
INFO: [ app_begin ] --START--
INFO: Run Behavior\ReadHtmlCacheBehavior [ RunTime:0.000976s ]
INFO: [ app_begin ] --END-- [ RunTime:0.000976s ]
NOTIC: [8] Undefined index: m D:\wwwroot\jpyc03\wwwroot\ThinkPHP\Common\functions.php 第 977 行.

[ 2017-12-13T17:14:50+08:00 ] 120.52.18.54 /index.php?s=/Regus/login.html
INFO: [ app_init ] --START--
INFO: Run Behavior\BuildLiteBehavior [ RunTime:0.000000s ]
INFO: [ app_init ] --END-- [ RunTime:0.000976s ]
INFO: [ app_begin ] --START--
INFO: Run Behavior\ReadHtmlCacheBehavior [ RunTime:0.000976s ]
INFO: [ app_begin ] --END-- [ RunTime:0.000976s ]
INFO: [ view_parse ] --START--
INFO: [ template_filter ] --START--
INFO: Run Behavior\ContentReplaceBehavior [ RunTime:0.000000s ]
INFO: [ template_filter ] --END-- [ RunTime:0.000000s ]
NOTIC: [8] Undefined index: m D:\wwwroot\jpyc03\wwwroot\ThinkPHP\Common\functions.php 第 977 行.
INFO: Run Behavior\ParseTemplateBehavior [ RunTime:0.006836s ]
INFO: [ view_parse ] --END-- [ RunTime:0.006836s ]
INFO: [ view_filter ] --START--
INFO: Run Behavior\WriteHtmlCacheBehavior [ RunTime:0.000000s ]
INFO: [ view_filter ] --END-- [ RunTime:0.000977s ]
INFO: [ app_end ] --START--
INFO: Run Behavior\ShowPageTraceBehavior [ RunTime:0.000000s ]
INFO: [ app_end ] --END-- [ RunTime:0.000000s ]

[ 2017-12-13T17:14:59+08:00 ] 61.160.224.135 /index.php?s=/Index/user_register.html
INFO: [ app_init ] --START--
INFO: Run Behavior\BuildLiteBehavior [ RunTime:0.000000s ]
INFO: [ app_init ] --END-- [ RunTime:0.000000s ]
INFO: [ app_begin ] --START--
INFO: Run Behavior\ReadHtmlCacheBehavior [ RunTime:0.000977s ]
INFO: [ app_begin ] --END-- [ RunTime:0.000977s ]
NOTIC: [8] Undefined index: m D:\wwwroot\jpyc03\wwwroot\ThinkPHP\Common\functions.php 第 977 行.

[ 2017-12-13T17:14:59+08:00 ] 61.160.224.135 /index.php?s=/Regus/login.html
INFO: [ app_init ] --START--
INFO: Run Behavior\BuildLiteBehavior [ RunTime:0.000000s ]
INFO: [ app_init ] --END-- [ RunTime:0.000000s ]
INFO: [ app_begin ] --START--
INFO: Run Behavior\ReadHtmlCacheBehavior [ RunTime:0.000977s ]
INFO: [ app_begin ] --END-- [ RunTime:0.000977s ]
INFO: [ view_parse ] --START--
INFO: [ template_filter ] --START--
INFO: Run Behavior\ContentReplaceBehavior [ RunTime:0.000000s ]
INFO: [ template_filter ] --END-- [ RunTime:0.000000s ]
NOTIC: [8] Undefined index: m D:\wwwroot\jpyc03\wwwroot\ThinkPHP\Common\functions.php 第 977 行.
INFO: Run Behavior\ParseTemplateBehavior [ RunTime:0.006836s ]
INFO: [ view_parse ] --END-- [ RunTime:0.006836s ]
INFO: [ view_filter ] --START--
INFO: Run Behavior\WriteHtmlCacheBehavior [ RunTime:0.000000s ]
INFO: [ view_filter ] --END-- [ RunTime:0.000000s ]
INFO: [ app_end ] --START--
INFO: Run Behavior\ShowPageTraceBehavior [ RunTime:0.000976s ]
INFO: [ app_end ] --END-- [ RunTime:0.001953s ]

[ 2017-12-13T18:33:37+08:00 ] 120.52.18.46 /
INFO: [ app_init ] --START--
INFO: Run Behavior\BuildLiteBehavior [ RunTime:0.000000s ]
INFO: [ app_init ] --END-- [ RunTime:0.000977s ]
INFO: [ app_begin ] --START--
INFO: Run Behavior\ReadHtmlCacheBehavior [ RunTime:0.001953s ]
INFO: [ app_begin ] --END-- [ RunTime:0.001953s ]
NOTIC: [8] Undefined index: m D:\wwwroot\jpyc03\wwwroot\ThinkPHP\Common\functions.php 第 977 行.

[ 2017-12-13T18:33:37+08:00 ] 120.52.18.46 /index.php?s=/Regus/login.html
INFO: [ app_init ] --START--
INFO: Run Behavior\BuildLiteBehavior [ RunTime:0.000000s ]
INFO: [ app_init ] --END-- [ RunTime:0.000976s ]
INFO: [ app_begin ] --START--
INFO: Run Behavior\ReadHtmlCacheBehavior [ RunTime:0.000976s ]
INFO: [ app_begin ] --END-- [ RunTime:0.000976s ]
INFO: [ view_parse ] --START--
INFO: [ template_filter ] --START--
INFO: Run Behavior\ContentReplaceBehavior [ RunTime:0.000000s ]
INFO: [ template_filter ] --END-- [ RunTime:0.000000s ]
NOTIC: [8] Undefined index: m D:\wwwroot\jpyc03\wwwroot\ThinkPHP\Common\functions.php 第 977 行.
INFO: Run Behavior\ParseTemplateBehavior [ RunTime:0.020506s ]
INFO: [ view_parse ] --END-- [ RunTime:0.020506s ]
INFO: [ view_filter ] --START--
INFO: Run Behavior\WriteHtmlCacheBehavior [ RunTime:0.001953s ]
INFO: [ view_filter ] --END-- [ RunTime:0.001953s ]
INFO: [ app_end ] --START--
INFO: Run Behavior\ShowPageTraceBehavior [ RunTime:0.000977s ]
INFO: [ app_end ] --END-- [ RunTime:0.000977s ]

[ 2017-12-13T19:26:40+08:00 ] 120.52.18.49 /
INFO: [ app_init ] --START--
INFO: Run Behavior\BuildLiteBehavior [ RunTime:0.000000s ]
INFO: [ app_init ] --END-- [ RunTime:0.000976s ]
INFO: [ app_begin ] --START--
INFO: Run Behavior\ReadHtmlCacheBehavior [ RunTime:0.000000s ]
INFO: [ app_begin ] --END-- [ RunTime:0.000976s ]
NOTIC: [8] Undefined index: m D:\wwwroot\jpyc03\wwwroot\ThinkPHP\Common\functions.php 第 977 行.

[ 2017-12-13T19:26:41+08:00 ] 120.52.18.45 /index.php?s=/Regus/login.html
INFO: [ app_init ] --START--
INFO: Run Behavior\BuildLiteBehavior [ RunTime:0.000000s ]
INFO: [ app_init ] --END-- [ RunTime:0.000000s ]
INFO: [ app_begin ] --START--
INFO: Run Behavior\ReadHtmlCacheBehavior [ RunTime:0.000000s ]
INFO: [ app_begin ] --END-- [ RunTime:0.000977s ]
INFO: [ view_parse ] --START--
INFO: [ template_filter ] --START--
INFO: Run Behavior\ContentReplaceBehavior [ RunTime:0.000000s ]
INFO: [ template_filter ] --END-- [ RunTime:0.000000s ]
NOTIC: [8] Undefined index: m D:\wwwroot\jpyc03\wwwroot\ThinkPHP\Common\functions.php 第 977 行.
INFO: Run Behavior\ParseTemplateBehavior [ RunTime:0.018555s ]
INFO: [ view_parse ] --END-- [ RunTime:0.018555s ]
INFO: [ view_filter ] --START--
INFO: Run Behavior\WriteHtmlCacheBehavior [ RunTime:0.000977s ]
INFO: [ view_filter ] --END-- [ RunTime:0.000977s ]
INFO: [ app_end ] --START--
INFO: Run Behavior\ShowPageTraceBehavior [ RunTime:0.001953s ]
INFO: [ app_end ] --END-- [ RunTime:0.001953s ]

[ 2017-12-13T20:06:41+08:00 ] 120.52.18.48 /
INFO: [ app_init ] --START--
INFO: Run Behavior\BuildLiteBehavior [ RunTime:0.000000s ]
INFO: [ app_init ] --END-- [ RunTime:0.000976s ]
INFO: [ app_begin ] --START--
INFO: Run Behavior\ReadHtmlCacheBehavior [ RunTime:0.000000s ]
INFO: [ app_begin ] --END-- [ RunTime:0.000976s ]
NOTIC: [8] Undefined index: m D:\wwwroot\jpyc03\wwwroot\ThinkPHP\Common\functions.php 第 977 行.

[ 2017-12-13T20:06:42+08:00 ] 120.52.18.48 /index.php?s=/Regus/login.html
INFO: [ app_init ] --START--
INFO: Run Behavior\BuildLiteBehavior [ RunTime:0.000000s ]
INFO: [ app_init ] --END-- [ RunTime:0.000976s ]
INFO: [ app_begin ] --START--
INFO: Run Behavior\ReadHtmlCacheBehavior [ RunTime:0.000977s ]
INFO: [ app_begin ] --END-- [ RunTime:0.000977s ]
INFO: [ view_parse ] --START--
INFO: [ template_filter ] --START--
INFO: Run Behavior\ContentReplaceBehavior [ RunTime:0.000000s ]
INFO: [ template_filter ] --END-- [ RunTime:0.000976s ]
NOTIC: [8] Undefined index: m D:\wwwroot\jpyc03\wwwroot\ThinkPHP\Common\functions.php 第 977 行.
INFO: Run Behavior\ParseTemplateBehavior [ RunTime:0.034177s ]
INFO: [ view_parse ] --END-- [ RunTime:0.034177s ]
INFO: [ view_filter ] --START--
INFO: Run Behavior\WriteHtmlCacheBehavior [ RunTime:0.000977s ]
INFO: [ view_filter ] --END-- [ RunTime:0.000977s ]
INFO: [ app_end ] --START--
INFO: Run Behavior\ShowPageTraceBehavior [ RunTime:0.000976s ]
INFO: [ app_end ] --END-- [ RunTime:0.000976s ]

[ 2017-12-13T22:30:22+08:00 ] 120.52.18.53 /
INFO: [ app_init ] --START--
INFO: Run Behavior\BuildLiteBehavior [ RunTime:0.000000s ]
INFO: [ app_init ] --END-- [ RunTime:0.000976s ]
INFO: [ app_begin ] --START--
INFO: Run Behavior\ReadHtmlCacheBehavior [ RunTime:0.000977s ]
INFO: [ app_begin ] --END-- [ RunTime:0.000977s ]
NOTIC: [8] Undefined index: m D:\wwwroot\jpyc03\wwwroot\ThinkPHP\Common\functions.php 第 977 行.

[ 2017-12-13T22:30:22+08:00 ] 120.52.18.53 /index.php?s=/Regus/login.html
INFO: [ app_init ] --START--
INFO: Run Behavior\BuildLiteBehavior [ RunTime:0.000000s ]
INFO: [ app_init ] --END-- [ RunTime:0.000000s ]
INFO: [ app_begin ] --START--
INFO: Run Behavior\ReadHtmlCacheBehavior [ RunTime:0.000000s ]
INFO: [ app_begin ] --END-- [ RunTime:0.000000s ]
INFO: [ view_parse ] --START--
INFO: [ template_filter ] --START--
INFO: Run Behavior\ContentReplaceBehavior [ RunTime:0.000000s ]
INFO: [ template_filter ] --END-- [ RunTime:0.000000s ]
NOTIC: [8] Undefined index: m D:\wwwroot\jpyc03\wwwroot\ThinkPHP\Common\functions.php 第 977 行.
INFO: Run Behavior\ParseTemplateBehavior [ RunTime:0.029298s ]
INFO: [ view_parse ] --END-- [ RunTime:0.029298s ]
INFO: [ view_filter ] --START--
INFO: Run Behavior\WriteHtmlCacheBehavior [ RunTime:0.000977s ]
INFO: [ view_filter ] --END-- [ RunTime:0.000977s ]
INFO: [ app_end ] --START--
INFO: Run Behavior\ShowPageTraceBehavior [ RunTime:0.000000s ]
INFO: [ app_end ] --END-- [ RunTime:0.000000s ]

[ 2017-12-13T23:36:53+08:00 ] 61.160.224.140 /
INFO: [ app_init ] --START--
INFO: Run Behavior\BuildLiteBehavior [ RunTime:0.000000s ]
INFO: [ app_init ] --END-- [ RunTime:0.000976s ]
INFO: [ app_begin ] --START--
INFO: Run Behavior\ReadHtmlCacheBehavior [ RunTime:0.000976s ]
INFO: [ app_begin ] --END-- [ RunTime:0.000976s ]
NOTIC: [8] Undefined index: m D:\wwwroot\jpyc03\wwwroot\ThinkPHP\Common\functions.php 第 977 行.

[ 2017-12-13T23:36:53+08:00 ] 120.52.18.50 /
INFO: [ app_init ] --START--
INFO: Run Behavior\BuildLiteBehavior [ RunTime:0.000000s ]
INFO: [ app_init ] --END-- [ RunTime:0.000000s ]
INFO: [ app_begin ] --START--
INFO: Run Behavior\ReadHtmlCacheBehavior [ RunTime:0.000000s ]
INFO: [ app_begin ] --END-- [ RunTime:0.000976s ]
NOTIC: [8] Undefined index: m D:\wwwroot\jpyc03\wwwroot\ThinkPHP\Common\functions.php 第 977 行.

[ 2017-12-13T23:36:53+08:00 ] 61.160.224.136 /
INFO: [ app_init ] --START--
INFO: Run Behavior\BuildLiteBehavior [ RunTime:0.000000s ]
INFO: [ app_init ] --END-- [ RunTime:0.000976s ]
INFO: [ app_begin ] --START--
INFO: Run Behavior\ReadHtmlCacheBehavior [ RunTime:0.000000s ]
INFO: [ app_begin ] --END-- [ RunTime:0.000000s ]
NOTIC: [8] Undefined index: m D:\wwwroot\jpyc03\wwwroot\ThinkPHP\Common\functions.php 第 977 行.

[ 2017-12-13T23:36:53+08:00 ] 61.160.224.136 /index.php?s=/Regus/login.html
INFO: [ app_init ] --START--
INFO: Run Behavior\BuildLiteBehavior [ RunTime:0.000000s ]
INFO: [ app_init ] --END-- [ RunTime:0.000977s ]
INFO: [ app_begin ] --START--
INFO: Run Behavior\ReadHtmlCacheBehavior [ RunTime:0.000976s ]
INFO: [ app_begin ] --END-- [ RunTime:0.000976s ]
INFO: [ view_parse ] --START--
INFO: [ template_filter ] --START--
INFO: Run Behavior\ContentReplaceBehavior [ RunTime:0.000000s ]
INFO: [ template_filter ] --END-- [ RunTime:0.000976s ]
NOTIC: [8] Undefined index: m D:\wwwroot\jpyc03\wwwroot\ThinkPHP\Common\functions.php 第 977 行.
INFO: Run Behavior\ParseTemplateBehavior [ RunTime:0.031248s ]
INFO: [ view_parse ] --END-- [ RunTime:0.031248s ]
INFO: [ view_filter ] --START--
INFO: Run Behavior\WriteHtmlCacheBehavior [ RunTime:0.000000s ]
INFO: [ view_filter ] --END-- [ RunTime:0.000000s ]
INFO: [ app_end ] --START--
INFO: Run Behavior\ShowPageTraceBehavior [ RunTime:0.000000s ]
INFO: [ app_end ] --END-- [ RunTime:0.000000s ]

[ 2017-12-13T23:37:03+08:00 ] 120.52.18.54 /index.php?s=/Regus/login.html
INFO: [ app_init ] --START--
INFO: Run Behavior\BuildLiteBehavior [ RunTime:0.000000s ]
INFO: [ app_init ] --END-- [ RunTime:0.000000s ]
INFO: [ app_begin ] --START--
INFO: Run Behavior\ReadHtmlCacheBehavior [ RunTime:0.000976s ]
INFO: [ app_begin ] --END-- [ RunTime:0.000976s ]
INFO: [ view_parse ] --START--
INFO: [ template_filter ] --START--
INFO: Run Behavior\ContentReplaceBehavior [ RunTime:0.000000s ]
INFO: [ template_filter ] --END-- [ RunTime:0.000977s ]
NOTIC: [8] Undefined index: m D:\wwwroot\jpyc03\wwwroot\ThinkPHP\Common\functions.php 第 977 行.
INFO: Run Behavior\ParseTemplateBehavior [ RunTime:0.007812s ]
INFO: [ view_parse ] --END-- [ RunTime:0.007812s ]
INFO: [ view_filter ] --START--
INFO: Run Behavior\WriteHtmlCacheBehavior [ RunTime:0.000000s ]
INFO: [ view_filter ] --END-- [ RunTime:0.000000s ]
INFO: [ app_end ] --START--
INFO: Run Behavior\ShowPageTraceBehavior [ RunTime:0.000000s ]
INFO: [ app_end ] --END-- [ RunTime:0.000000s ]

[ 2017-12-13T23:37:06+08:00 ] 120.52.18.51 /index.php?s=/Regus/login.html
INFO: [ app_init ] --START--
INFO: Run Behavior\BuildLiteBehavior [ RunTime:0.000000s ]
INFO: [ app_init ] --END-- [ RunTime:0.000000s ]
INFO: [ app_begin ] --START--
INFO: Run Behavior\ReadHtmlCacheBehavior [ RunTime:0.000976s ]
INFO: [ app_begin ] --END-- [ RunTime:0.001953s ]
INFO: [ view_parse ] --START--
INFO: [ template_filter ] --START--
INFO: Run Behavior\ContentReplaceBehavior [ RunTime:0.000000s ]
INFO: [ template_filter ] --END-- [ RunTime:0.000000s ]
NOTIC: [8] Undefined index: m D:\wwwroot\jpyc03\wwwroot\ThinkPHP\Common\functions.php 第 977 行.
INFO: Run Behavior\ParseTemplateBehavior [ RunTime:0.008789s ]
INFO: [ view_parse ] --END-- [ RunTime:0.008789s ]
INFO: [ view_filter ] --START--
INFO: Run Behavior\WriteHtmlCacheBehavior [ RunTime:0.000976s ]
INFO: [ view_filter ] --END-- [ RunTime:0.000976s ]
INFO: [ app_end ] --START--
INFO: Run Behavior\ShowPageTraceBehavior [ RunTime:0.000977s ]
INFO: [ app_end ] --END-- [ RunTime:0.000977s ]

[ 2017-12-13T23:37:09+08:00 ] 61.160.224.136 /index.php?s=/Mobile/Regus/testid.html
INFO: [ app_init ] --START--
INFO: Run Behavior\BuildLiteBehavior [ RunTime:0.000000s ]
INFO: [ app_init ] --END-- [ RunTime:0.000976s ]
INFO: [ app_begin ] --START--
INFO: Run Behavior\ReadHtmlCacheBehavior [ RunTime:0.001953s ]
INFO: [ app_begin ] --END-- [ RunTime:0.001953s ]
SQL: SHOW COLUMNS FROM `syd_user` [ RunTime:0.0068s ]
SQL: SELECT * FROM `syd_user` WHERE ( account='13823896253' ) LIMIT 1   [ RunTime:0.0020s ]

[ 2017-12-13T23:37:09+08:00 ] 61.160.224.136 /index.php?s=/Mobile/Index/copyPageTwo.html
INFO: [ app_init ] --START--
INFO: Run Behavior\BuildLiteBehavior [ RunTime:0.000000s ]
INFO: [ app_init ] --END-- [ RunTime:0.000000s ]
INFO: [ app_begin ] --START--
INFO: Run Behavior\ReadHtmlCacheBehavior [ RunTime:0.000977s ]
INFO: [ app_begin ] --END-- [ RunTime:0.000977s ]
SQL: SHOW COLUMNS FROM `syd_user` [ RunTime:0.0049s ]
SQL: SELECT * FROM `syd_user` WHERE ( userid=194 ) LIMIT 1   [ RunTime:0.0039s ]
SQL: SHOW COLUMNS FROM `syd_store` [ RunTime:0.0049s ]
SQL: SELECT * FROM `syd_store` WHERE ( uid=194 ) LIMIT 1   [ RunTime:0.0010s ]
SQL: SHOW COLUMNS FROM `syd_group` [ RunTime:0.0049s ]
SQL: SELECT * FROM `syd_group` WHERE ( one_id=194 ) LIMIT 1   [ RunTime:0.0029s ]
SQL: SELECT `parent_id` FROM `syd_user` WHERE ( userid=194 ) LIMIT 1   [ RunTime:0.0000s ]
SQL: SELECT * FROM `syd_group` WHERE ( one_id=196 ) LIMIT 1   [ RunTime:0.0000s ]
INFO: [ view_parse ] --START--
INFO: [ template_filter ] --START--
INFO: Run Behavior\ContentReplaceBehavior [ RunTime:0.000977s ]
INFO: [ template_filter ] --END-- [ RunTime:0.000977s ]
NOTIC: [8] Undefined index: m D:\wwwroot\jpyc03\wwwroot\ThinkPHP\Common\functions.php 第 977 行.
NOTIC: [8] Undefined index: m D:\wwwroot\jpyc03\wwwroot\ThinkPHP\Common\functions.php 第 977 行.
NOTIC: [8] Undefined index: m D:\wwwroot\jpyc03\wwwroot\ThinkPHP\Common\functions.php 第 977 行.
NOTIC: [8] Undefined index: m D:\wwwroot\jpyc03\wwwroot\ThinkPHP\Common\functions.php 第 977 行.
NOTIC: [8] Undefined index: m D:\wwwroot\jpyc03\wwwroot\ThinkPHP\Common\functions.php 第 977 行.
NOTIC: [8] Undefined index: m D:\wwwroot\jpyc03\wwwroot\ThinkPHP\Common\functions.php 第 977 行.
NOTIC: [8] Undefined index: m D:\wwwroot\jpyc03\wwwroot\ThinkPHP\Common\functions.php 第 977 行.
NOTIC: [8] Undefined index: m D:\wwwroot\jpyc03\wwwroot\ThinkPHP\Common\functions.php 第 977 行.
NOTIC: [8] Undefined index: m D:\wwwroot\jpyc03\wwwroot\ThinkPHP\Common\functions.php 第 977 行.
NOTIC: [8] Undefined index: m D:\wwwroot\jpyc03\wwwroot\ThinkPHP\Common\functions.php 第 977 行.
NOTIC: [8] Undefined index: m D:\wwwroot\jpyc03\wwwroot\ThinkPHP\Common\functions.php 第 977 行.
NOTIC: [8] Undefined index: m D:\wwwroot\jpyc03\wwwroot\ThinkPHP\Common\functions.php 第 977 行.
NOTIC: [8] Undefined index: m D:\wwwroot\jpyc03\wwwroot\ThinkPHP\Common\functions.php 第 977 行.
NOTIC: [8] Undefined index: m D:\wwwroot\jpyc03\wwwroot\ThinkPHP\Common\functions.php 第 977 行.
NOTIC: [8] Undefined index: m D:\wwwroot\jpyc03\wwwroot\ThinkPHP\Common\functions.php 第 977 行.
NOTIC: [8] Undefined index: m D:\wwwroot\jpyc03\wwwroot\ThinkPHP\Common\functions.php 第 977 行.
NOTIC: [8] Undefined index: m D:\wwwroot\jpyc03\wwwroot\ThinkPHP\Common\functions.php 第 977 行.
NOTIC: [8] Undefined index: m D:\wwwroot\jpyc03\wwwroot\ThinkPHP\Common\functions.php 第 977 行.
NOTIC: [8] Undefined index: m D:\wwwroot\jpyc03\wwwroot\ThinkPHP\Common\functions.php 第 977 行.
NOTIC: [8] Undefined index: m D:\wwwroot\jpyc03\wwwroot\ThinkPHP\Common\functions.php 第 977 行.
NOTIC: [8] Undefined index: m D:\wwwroot\jpyc03\wwwroot\ThinkPHP\Common\functions.php 第 977 行.
NOTIC: [8] Undefined index: m D:\wwwroot\jpyc03\wwwroot\ThinkPHP\Common\functions.php 第 977 行.
NOTIC: [8] Undefined index: m D:\wwwroot\jpyc03\wwwroot\ThinkPHP\Common\functions.php 第 977 行.
NOTIC: [8] Undefined index: m D:\wwwroot\jpyc03\wwwroot\ThinkPHP\Common\functions.php 第 977 行.
NOTIC: [8] Undefined index: m D:\wwwroot\jpyc03\wwwroot\ThinkPHP\Common\functions.php 第 977 行.
NOTIC: [8] Undefined index: m D:\wwwroot\jpyc03\wwwroot\ThinkPHP\Common\functions.php 第 977 行.
NOTIC: [8] Undefined index: m D:\wwwroot\jpyc03\wwwroot\ThinkPHP\Common\functions.php 第 977 行.
INFO: Run Behavior\ParseTemplateBehavior [ RunTime:0.017579s ]
INFO: [ view_parse ] --END-- [ RunTime:0.017579s ]
INFO: [ view_filter ] --START--
INFO: Run Behavior\WriteHtmlCacheBehavior [ RunTime:0.000976s ]
INFO: [ view_filter ] --END-- [ RunTime:0.000976s ]
INFO: [ app_end ] --START--
INFO: Run Behavior\ShowPageTraceBehavior [ RunTime:0.000977s ]
INFO: [ app_end ] --END-- [ RunTime:0.000977s ]

[ 2017-12-13T23:37:22+08:00 ] 61.160.224.136 /index.php?s=/Datamodify/structure.html
INFO: [ app_init ] --START--
INFO: Run Behavior\BuildLiteBehavior [ RunTime:0.000000s ]
INFO: [ app_init ] --END-- [ RunTime:0.000000s ]
INFO: [ app_begin ] --START--
INFO: Run Behavior\ReadHtmlCacheBehavior [ RunTime:0.000977s ]
INFO: [ app_begin ] --END-- [ RunTime:0.000977s ]
SQL: SHOW COLUMNS FROM `syd_group` [ RunTime:0.0039s ]
SQL: SELECT * FROM `syd_group` WHERE ( one_id=194 ) LIMIT 1   [ RunTime:0.0020s ]
SQL: SHOW COLUMNS FROM `syd_user` [ RunTime:0.0039s ]
SQL: SELECT `parent_id` FROM `syd_user` WHERE ( userid=194 ) LIMIT 1   [ RunTime:0.0000s ]
SQL: SELECT * FROM `syd_group` WHERE ( one_id=196 ) LIMIT 1   [ RunTime:0.0000s ]
SQL: SELECT * FROM `syd_user` WHERE ( userid=196 ) LIMIT 1   [ RunTime:0.0000s ]
SQL: SELECT * FROM `syd_user` WHERE ( userid=194 ) LIMIT 1   [ RunTime:0.0000s ]
SQL: SELECT * FROM `syd_user` WHERE ( userid=203 ) LIMIT 1   [ RunTime:0.0010s ]
SQL: SELECT * FROM `syd_user` WHERE ( userid=196 ) LIMIT 1   [ RunTime:0.0000s ]
SQL: SELECT * FROM `syd_user` WHERE ( userid=194 ) LIMIT 1   [ RunTime:0.0000s ]
SQL: SELECT * FROM `syd_user` WHERE ( userid=193 ) LIMIT 1   [ RunTime:0.0010s ]
SQL: SELECT * FROM `syd_user` WHERE ( userid=222 ) LIMIT 1   [ RunTime:0.0000s ]
SQL: SELECT * FROM `syd_user` WHERE ( userid=196 ) LIMIT 1   [ RunTime:0.0000s ]
INFO: [ view_parse ] --START--
INFO: [ template_filter ] --START--
INFO: Run Behavior\ContentReplaceBehavior [ RunTime:0.000000s ]
INFO: [ template_filter ] --END-- [ RunTime:0.000000s ]
NOTIC: [8] Use of undefined constant 注册 - assumed '注册' D:\wwwroot\jpyc03\wwwroot\game\Runtime\Cache\Mobile\a8408f5edb351d1a26411f0c601e7cd5.php 第 269 行.
NOTIC: [8] Undefined index: five_username D:\wwwroot\jpyc03\wwwroot\game\Runtime\Cache\Mobile\a8408f5edb351d1a26411f0c601e7cd5.php 第 272 行.
NOTIC: [8] Undefined index: five_parent_account D:\wwwroot\jpyc03\wwwroot\game\Runtime\Cache\Mobile\a8408f5edb351d1a26411f0c601e7cd5.php 第 275 行.
NOTIC: [8] Undefined index: five_parent_username D:\wwwroot\jpyc03\wwwroot\game\Runtime\Cache\Mobile\a8408f5edb351d1a26411f0c601e7cd5.php 第 275 行.
NOTIC: [8] Use of undefined constant 注册 - assumed '注册' D:\wwwroot\jpyc03\wwwroot\game\Runtime\Cache\Mobile\a8408f5edb351d1a26411f0c601e7cd5.php 第 285 行.
NOTIC: [8] Undefined index: six_username D:\wwwroot\jpyc03\wwwroot\game\Runtime\Cache\Mobile\a8408f5edb351d1a26411f0c601e7cd5.php 第 288 行.
NOTIC: [8] Undefined index: six_parent_account D:\wwwroot\jpyc03\wwwroot\game\Runtime\Cache\Mobile\a8408f5edb351d1a26411f0c601e7cd5.php 第 291 行.
NOTIC: [8] Undefined index: six_parent_username D:\wwwroot\jpyc03\wwwroot\game\Runtime\Cache\Mobile\a8408f5edb351d1a26411f0c601e7cd5.php 第 291 行.
INFO: Run Behavior\ParseTemplateBehavior [ RunTime:0.012696s ]
INFO: [ view_parse ] --END-- [ RunTime:0.012696s ]
INFO: [ view_filter ] --START--
INFO: Run Behavior\WriteHtmlCacheBehavior [ RunTime:0.000000s ]
INFO: [ view_filter ] --END-- [ RunTime:0.000000s ]
INFO: [ app_end ] --START--
INFO: Run Behavior\ShowPageTraceBehavior [ RunTime:0.000976s ]
INFO: [ app_end ] --END-- [ RunTime:0.000976s ]

