[ 2017-10-23T15:52:23+08:00 ] ::1 /peoplecar/
INFO: [ app_init ] --START--
INFO: Run Behavior\BuildLiteBehavior [ RunTime:0.001000s ]
INFO: [ app_init ] --END-- [ RunTime:0.005000s ]
INFO: [ app_begin ] --START--
INFO: Run Behavior\ReadHtmlCacheBehavior [ RunTime:0.001000s ]
INFO: [ app_begin ] --END-- [ RunTime:0.001000s ]
NOTIC: [8] Undefined index: m D:\xampp\htdocs\peoplecar\ThinkPHP\Common\functions.php 第 977 行.

[ 2017-10-23T15:52:23+08:00 ] ::1 /peoplecar/index.php?s=/Regus/login.html
INFO: [ app_init ] --START--
INFO: Run Behavior\BuildLiteBehavior [ RunTime:0.000000s ]
INFO: [ app_init ] --END-- [ RunTime:0.001000s ]
INFO: [ app_begin ] --START--
INFO: Run Behavior\ReadHtmlCacheBehavior [ RunTime:0.000000s ]
INFO: [ app_begin ] --END-- [ RunTime:0.000000s ]
INFO: [ view_parse ] --START--
INFO: [ template_filter ] --START--
INFO: Run Behavior\ContentReplaceBehavior [ RunTime:0.003001s ]
INFO: [ template_filter ] --END-- [ RunTime:0.003001s ]
INFO: Run Behavior\ParseTemplateBehavior [ RunTime:0.016001s ]
INFO: [ view_parse ] --END-- [ RunTime:0.016001s ]
INFO: [ view_filter ] --START--
INFO: Run Behavior\WriteHtmlCacheBehavior [ RunTime:0.001000s ]
INFO: [ view_filter ] --END-- [ RunTime:0.001000s ]
INFO: [ app_end ] --START--
INFO: Run Behavior\ShowPageTraceBehavior [ RunTime:0.002000s ]
INFO: [ app_end ] --END-- [ RunTime:0.002000s ]

[ 2017-10-23T16:43:00+08:00 ] ::1 /peoplecar/index.php?s=/Mobile/Regus/testid.html
INFO: [ app_init ] --START--
INFO: Run Behavior\BuildLiteBehavior [ RunTime:0.000000s ]
INFO: [ app_init ] --END-- [ RunTime:0.001000s ]
INFO: [ app_begin ] --START--
INFO: Run Behavior\ReadHtmlCacheBehavior [ RunTime:0.001000s ]
INFO: [ app_begin ] --END-- [ RunTime:0.002000s ]
SQL: SHOW COLUMNS FROM `syd_user` [ RunTime:0.0100s ]
SQL: SELECT * FROM `syd_user` WHERE ( account='admin' ) LIMIT 1   [ RunTime:0.0010s ]

[ 2017-10-23T16:43:00+08:00 ] ::1 /peoplecar/index.php?s=/Mobile/Index/copyPageTwo.html
INFO: [ app_init ] --START--
INFO: Run Behavior\BuildLiteBehavior [ RunTime:0.000000s ]
INFO: [ app_init ] --END-- [ RunTime:0.001000s ]
INFO: [ app_begin ] --START--
INFO: Run Behavior\ReadHtmlCacheBehavior [ RunTime:0.000000s ]
INFO: [ app_begin ] --END-- [ RunTime:0.001001s ]
SQL: SHOW COLUMNS FROM `syd_user` [ RunTime:0.0090s ]
SQL: SELECT * FROM `syd_user` WHERE ( userid=1 ) LIMIT 1   [ RunTime:0.0000s ]
SQL: SHOW COLUMNS FROM `syd_store` [ RunTime:0.0090s ]
SQL: SELECT * FROM `syd_store` WHERE ( uid=1 ) LIMIT 1   [ RunTime:0.0010s ]
INFO: [ view_parse ] --START--
INFO: [ template_filter ] --START--
INFO: Run Behavior\ContentReplaceBehavior [ RunTime:0.000000s ]
INFO: [ template_filter ] --END-- [ RunTime:0.001000s ]
NOTIC: [8] Undefined index: m D:\xampp\htdocs\peoplecar\ThinkPHP\Common\functions.php 第 977 行.
NOTIC: [8] Undefined index: m D:\xampp\htdocs\peoplecar\ThinkPHP\Common\functions.php 第 977 行.
NOTIC: [8] Undefined index: m D:\xampp\htdocs\peoplecar\ThinkPHP\Common\functions.php 第 977 行.
NOTIC: [8] Undefined index: m D:\xampp\htdocs\peoplecar\ThinkPHP\Common\functions.php 第 977 行.
NOTIC: [8] Undefined index: m D:\xampp\htdocs\peoplecar\ThinkPHP\Common\functions.php 第 977 行.
NOTIC: [8] Undefined index: m D:\xampp\htdocs\peoplecar\ThinkPHP\Common\functions.php 第 977 行.
NOTIC: [8] Undefined index: m D:\xampp\htdocs\peoplecar\ThinkPHP\Common\functions.php 第 977 行.
NOTIC: [8] Undefined index: m D:\xampp\htdocs\peoplecar\ThinkPHP\Common\functions.php 第 977 行.
NOTIC: [8] Undefined index: m D:\xampp\htdocs\peoplecar\ThinkPHP\Common\functions.php 第 977 行.
NOTIC: [8] Undefined index: m D:\xampp\htdocs\peoplecar\ThinkPHP\Common\functions.php 第 977 行.
NOTIC: [8] Undefined index: m D:\xampp\htdocs\peoplecar\ThinkPHP\Common\functions.php 第 977 行.
NOTIC: [8] Undefined index: m D:\xampp\htdocs\peoplecar\ThinkPHP\Common\functions.php 第 977 行.
NOTIC: [8] Undefined index: m D:\xampp\htdocs\peoplecar\ThinkPHP\Common\functions.php 第 977 行.
NOTIC: [8] Undefined index: m D:\xampp\htdocs\peoplecar\ThinkPHP\Common\functions.php 第 977 行.
NOTIC: [8] Undefined index: m D:\xampp\htdocs\peoplecar\ThinkPHP\Common\functions.php 第 977 行.
NOTIC: [8] Undefined index: m D:\xampp\htdocs\peoplecar\ThinkPHP\Common\functions.php 第 977 行.
NOTIC: [8] Undefined index: m D:\xampp\htdocs\peoplecar\ThinkPHP\Common\functions.php 第 977 行.
NOTIC: [8] Undefined index: m D:\xampp\htdocs\peoplecar\ThinkPHP\Common\functions.php 第 977 行.
NOTIC: [8] Undefined index: m D:\xampp\htdocs\peoplecar\ThinkPHP\Common\functions.php 第 977 行.
NOTIC: [8] Undefined index: m D:\xampp\htdocs\peoplecar\ThinkPHP\Common\functions.php 第 977 行.
NOTIC: [8] Undefined index: m D:\xampp\htdocs\peoplecar\ThinkPHP\Common\functions.php 第 977 行.
NOTIC: [8] Undefined index: m D:\xampp\htdocs\peoplecar\ThinkPHP\Common\functions.php 第 977 行.
NOTIC: [8] Undefined index: m D:\xampp\htdocs\peoplecar\ThinkPHP\Common\functions.php 第 977 行.
NOTIC: [8] Undefined index: m D:\xampp\htdocs\peoplecar\ThinkPHP\Common\functions.php 第 977 行.
INFO: Run Behavior\ParseTemplateBehavior [ RunTime:0.019002s ]
INFO: [ view_parse ] --END-- [ RunTime:0.019002s ]
INFO: [ view_filter ] --START--
INFO: Run Behavior\WriteHtmlCacheBehavior [ RunTime:0.001000s ]
INFO: [ view_filter ] --END-- [ RunTime:0.001000s ]
INFO: [ app_end ] --START--
INFO: Run Behavior\ShowPageTraceBehavior [ RunTime:0.001000s ]
INFO: [ app_end ] --END-- [ RunTime:0.001000s ]

[ 2017-10-23T16:43:11+08:00 ] ::1 /peoplecar/index.php?s=/financemanagement/finance_detailed.html
INFO: [ app_init ] --START--
INFO: Run Behavior\BuildLiteBehavior [ RunTime:0.000000s ]
INFO: [ app_init ] --END-- [ RunTime:0.001000s ]
INFO: [ app_begin ] --START--
INFO: Run Behavior\ReadHtmlCacheBehavior [ RunTime:0.001000s ]
INFO: [ app_begin ] --END-- [ RunTime:0.001000s ]
INFO: [ view_parse ] --START--
INFO: [ template_filter ] --START--
INFO: Run Behavior\ContentReplaceBehavior [ RunTime:0.000000s ]
INFO: [ template_filter ] --END-- [ RunTime:0.000000s ]
INFO: Run Behavior\ParseTemplateBehavior [ RunTime:0.012001s ]
INFO: [ view_parse ] --END-- [ RunTime:0.012001s ]
INFO: [ view_filter ] --START--
INFO: Run Behavior\WriteHtmlCacheBehavior [ RunTime:0.000000s ]
INFO: [ view_filter ] --END-- [ RunTime:0.000000s ]
INFO: [ app_end ] --START--
INFO: Run Behavior\ShowPageTraceBehavior [ RunTime:0.000000s ]
INFO: [ app_end ] --END-- [ RunTime:0.000000s ]

[ 2017-10-23T16:44:07+08:00 ] ::1 /peoplecar/index.php?s=/Index/copyPageTwo.html
INFO: [ app_init ] --START--
INFO: Run Behavior\BuildLiteBehavior [ RunTime:0.000000s ]
INFO: [ app_init ] --END-- [ RunTime:0.000000s ]
INFO: [ app_begin ] --START--
INFO: Run Behavior\ReadHtmlCacheBehavior [ RunTime:0.001000s ]
INFO: [ app_begin ] --END-- [ RunTime:0.001000s ]
SQL: SHOW COLUMNS FROM `syd_user` [ RunTime:0.0100s ]
SQL: SELECT * FROM `syd_user` WHERE ( userid=1 ) LIMIT 1   [ RunTime:0.0010s ]
SQL: SHOW COLUMNS FROM `syd_store` [ RunTime:0.0090s ]
SQL: SELECT * FROM `syd_store` WHERE ( uid=1 ) LIMIT 1   [ RunTime:0.0000s ]
INFO: [ view_parse ] --START--
INFO: [ template_filter ] --START--
INFO: Run Behavior\ContentReplaceBehavior [ RunTime:0.000000s ]
INFO: [ template_filter ] --END-- [ RunTime:0.000000s ]
NOTIC: [8] Undefined index: m D:\xampp\htdocs\peoplecar\ThinkPHP\Common\functions.php 第 977 行.
NOTIC: [8] Undefined index: m D:\xampp\htdocs\peoplecar\ThinkPHP\Common\functions.php 第 977 行.
NOTIC: [8] Undefined index: m D:\xampp\htdocs\peoplecar\ThinkPHP\Common\functions.php 第 977 行.
NOTIC: [8] Undefined index: m D:\xampp\htdocs\peoplecar\ThinkPHP\Common\functions.php 第 977 行.
NOTIC: [8] Undefined index: m D:\xampp\htdocs\peoplecar\ThinkPHP\Common\functions.php 第 977 行.
NOTIC: [8] Undefined index: m D:\xampp\htdocs\peoplecar\ThinkPHP\Common\functions.php 第 977 行.
NOTIC: [8] Undefined index: m D:\xampp\htdocs\peoplecar\ThinkPHP\Common\functions.php 第 977 行.
NOTIC: [8] Undefined index: m D:\xampp\htdocs\peoplecar\ThinkPHP\Common\functions.php 第 977 行.
NOTIC: [8] Undefined index: m D:\xampp\htdocs\peoplecar\ThinkPHP\Common\functions.php 第 977 行.
NOTIC: [8] Undefined index: m D:\xampp\htdocs\peoplecar\ThinkPHP\Common\functions.php 第 977 行.
NOTIC: [8] Undefined index: m D:\xampp\htdocs\peoplecar\ThinkPHP\Common\functions.php 第 977 行.
NOTIC: [8] Undefined index: m D:\xampp\htdocs\peoplecar\ThinkPHP\Common\functions.php 第 977 行.
NOTIC: [8] Undefined index: m D:\xampp\htdocs\peoplecar\ThinkPHP\Common\functions.php 第 977 行.
NOTIC: [8] Undefined index: m D:\xampp\htdocs\peoplecar\ThinkPHP\Common\functions.php 第 977 行.
NOTIC: [8] Undefined index: m D:\xampp\htdocs\peoplecar\ThinkPHP\Common\functions.php 第 977 行.
NOTIC: [8] Undefined index: m D:\xampp\htdocs\peoplecar\ThinkPHP\Common\functions.php 第 977 行.
NOTIC: [8] Undefined index: m D:\xampp\htdocs\peoplecar\ThinkPHP\Common\functions.php 第 977 行.
NOTIC: [8] Undefined index: m D:\xampp\htdocs\peoplecar\ThinkPHP\Common\functions.php 第 977 行.
NOTIC: [8] Undefined index: m D:\xampp\htdocs\peoplecar\ThinkPHP\Common\functions.php 第 977 行.
NOTIC: [8] Undefined index: m D:\xampp\htdocs\peoplecar\ThinkPHP\Common\functions.php 第 977 行.
NOTIC: [8] Undefined index: m D:\xampp\htdocs\peoplecar\ThinkPHP\Common\functions.php 第 977 行.
NOTIC: [8] Undefined index: m D:\xampp\htdocs\peoplecar\ThinkPHP\Common\functions.php 第 977 行.
NOTIC: [8] Undefined index: m D:\xampp\htdocs\peoplecar\ThinkPHP\Common\functions.php 第 977 行.
NOTIC: [8] Undefined index: m D:\xampp\htdocs\peoplecar\ThinkPHP\Common\functions.php 第 977 行.
INFO: Run Behavior\ParseTemplateBehavior [ RunTime:0.017001s ]
INFO: [ view_parse ] --END-- [ RunTime:0.017001s ]
INFO: [ view_filter ] --START--
INFO: Run Behavior\WriteHtmlCacheBehavior [ RunTime:0.001000s ]
INFO: [ view_filter ] --END-- [ RunTime:0.001000s ]
INFO: [ app_end ] --START--
INFO: Run Behavior\ShowPageTraceBehavior [ RunTime:0.001000s ]
INFO: [ app_end ] --END-- [ RunTime:0.001000s ]

[ 2017-10-23T16:44:10+08:00 ] ::1 /peoplecar/index.php?s=/financemanagement/finance_transaction.html
INFO: [ app_init ] --START--
INFO: Run Behavior\BuildLiteBehavior [ RunTime:0.000000s ]
INFO: [ app_init ] --END-- [ RunTime:0.000000s ]
INFO: [ app_begin ] --START--
INFO: Run Behavior\ReadHtmlCacheBehavior [ RunTime:0.000000s ]
INFO: [ app_begin ] --END-- [ RunTime:0.001000s ]
INFO: [ view_parse ] --START--
INFO: [ template_filter ] --START--
INFO: Run Behavior\ContentReplaceBehavior [ RunTime:0.000000s ]
INFO: [ template_filter ] --END-- [ RunTime:0.000000s ]
NOTIC: [8] Undefined variable: bankInfo D:\xampp\htdocs\peoplecar\game\Runtime\Cache\Mobile\b266595dfcc8434388747cf13f0cf033.php 第 26 行.
NOTIC: [8] Undefined variable: bankInfo D:\xampp\htdocs\peoplecar\game\Runtime\Cache\Mobile\b266595dfcc8434388747cf13f0cf033.php 第 32 行.
NOTIC: [8] Undefined variable: bankInfo D:\xampp\htdocs\peoplecar\game\Runtime\Cache\Mobile\b266595dfcc8434388747cf13f0cf033.php 第 38 行.
INFO: Run Behavior\ParseTemplateBehavior [ RunTime:0.012001s ]
INFO: [ view_parse ] --END-- [ RunTime:0.012001s ]
INFO: [ view_filter ] --START--
INFO: Run Behavior\WriteHtmlCacheBehavior [ RunTime:0.000000s ]
INFO: [ view_filter ] --END-- [ RunTime:0.000000s ]
INFO: [ app_end ] --START--
INFO: Run Behavior\ShowPageTraceBehavior [ RunTime:0.001000s ]
INFO: [ app_end ] --END-- [ RunTime:0.001000s ]

[ 2017-10-23T16:58:55+08:00 ] ::1 /peoplecar/index.php?s=/financemanagement/finance_transaction.html
INFO: [ app_init ] --START--
INFO: Run Behavior\BuildLiteBehavior [ RunTime:0.000000s ]
INFO: [ app_init ] --END-- [ RunTime:0.001000s ]
INFO: [ app_begin ] --START--
INFO: Run Behavior\ReadHtmlCacheBehavior [ RunTime:0.001000s ]
INFO: [ app_begin ] --END-- [ RunTime:0.001000s ]
INFO: [ view_parse ] --START--
INFO: [ template_filter ] --START--
INFO: Run Behavior\ContentReplaceBehavior [ RunTime:0.000000s ]
INFO: [ template_filter ] --END-- [ RunTime:0.000000s ]
INFO: Run Behavior\ParseTemplateBehavior [ RunTime:0.009000s ]
INFO: [ view_parse ] --END-- [ RunTime:0.009000s ]
INFO: [ view_filter ] --START--
INFO: Run Behavior\WriteHtmlCacheBehavior [ RunTime:0.000000s ]
INFO: [ view_filter ] --END-- [ RunTime:0.000000s ]
INFO: [ app_end ] --START--
INFO: Run Behavior\ShowPageTraceBehavior [ RunTime:0.001000s ]
INFO: [ app_end ] --END-- [ RunTime:0.001000s ]

[ 2017-10-23T16:58:57+08:00 ] ::1 /peoplecar/index.php?s=/financemanagement/finance_transaction.html
INFO: [ app_init ] --START--
INFO: Run Behavior\BuildLiteBehavior [ RunTime:0.000000s ]
INFO: [ app_init ] --END-- [ RunTime:0.001000s ]
INFO: [ app_begin ] --START--
INFO: Run Behavior\ReadHtmlCacheBehavior [ RunTime:0.001000s ]
INFO: [ app_begin ] --END-- [ RunTime:0.002000s ]
INFO: [ view_parse ] --START--
INFO: [ template_filter ] --START--
INFO: Run Behavior\ContentReplaceBehavior [ RunTime:0.000000s ]
INFO: [ template_filter ] --END-- [ RunTime:0.000000s ]
INFO: Run Behavior\ParseTemplateBehavior [ RunTime:0.010001s ]
INFO: [ view_parse ] --END-- [ RunTime:0.010001s ]
INFO: [ view_filter ] --START--
INFO: Run Behavior\WriteHtmlCacheBehavior [ RunTime:0.000000s ]
INFO: [ view_filter ] --END-- [ RunTime:0.000000s ]
INFO: [ app_end ] --START--
INFO: Run Behavior\ShowPageTraceBehavior [ RunTime:0.000000s ]
INFO: [ app_end ] --END-- [ RunTime:0.001000s ]

[ 2017-10-23T16:58:58+08:00 ] ::1 /peoplecar/index.php?s=/Mobile/Financemanagement/transaction.html
INFO: [ app_init ] --START--
INFO: Run Behavior\BuildLiteBehavior [ RunTime:0.000000s ]
INFO: [ app_init ] --END-- [ RunTime:0.001000s ]
INFO: [ app_begin ] --START--
INFO: Run Behavior\ReadHtmlCacheBehavior [ RunTime:0.001000s ]
INFO: [ app_begin ] --END-- [ RunTime:0.001000s ]
ERR: 非法操作:transaction

[ 2017-10-23T16:59:17+08:00 ] ::1 /peoplecar/index.php?s=/financemanagement/finance_transaction.html
INFO: [ app_init ] --START--
INFO: Run Behavior\BuildLiteBehavior [ RunTime:0.000000s ]
INFO: [ app_init ] --END-- [ RunTime:0.001001s ]
INFO: [ app_begin ] --START--
INFO: Run Behavior\ReadHtmlCacheBehavior [ RunTime:0.001000s ]
INFO: [ app_begin ] --END-- [ RunTime:0.001000s ]
INFO: [ view_parse ] --START--
INFO: [ template_filter ] --START--
INFO: Run Behavior\ContentReplaceBehavior [ RunTime:0.000000s ]
INFO: [ template_filter ] --END-- [ RunTime:0.001000s ]
INFO: Run Behavior\ParseTemplateBehavior [ RunTime:0.012001s ]
INFO: [ view_parse ] --END-- [ RunTime:0.012001s ]
INFO: [ view_filter ] --START--
INFO: Run Behavior\WriteHtmlCacheBehavior [ RunTime:0.001000s ]
INFO: [ view_filter ] --END-- [ RunTime:0.001000s ]
INFO: [ app_end ] --START--
INFO: Run Behavior\ShowPageTraceBehavior [ RunTime:0.001000s ]
INFO: [ app_end ] --END-- [ RunTime:0.001000s ]

[ 2017-10-23T16:59:18+08:00 ] ::1 /peoplecar/index.php?s=/Mobile/Financemanagement/finance_transaction.html
INFO: [ app_init ] --START--
INFO: Run Behavior\BuildLiteBehavior [ RunTime:0.000000s ]
INFO: [ app_init ] --END-- [ RunTime:0.000000s ]
INFO: [ app_begin ] --START--
INFO: Run Behavior\ReadHtmlCacheBehavior [ RunTime:0.001000s ]
INFO: [ app_begin ] --END-- [ RunTime:0.001000s ]

[ 2017-10-23T17:54:06+08:00 ] ::1 /peoplecar/index.php?s=/financemanagement/finance_transaction.html
INFO: [ app_init ] --START--
INFO: Run Behavior\BuildLiteBehavior [ RunTime:0.000000s ]
INFO: [ app_init ] --END-- [ RunTime:0.001000s ]
INFO: [ app_begin ] --START--
INFO: Run Behavior\ReadHtmlCacheBehavior [ RunTime:0.001000s ]
INFO: [ app_begin ] --END-- [ RunTime:0.001000s ]
INFO: [ view_parse ] --START--
INFO: [ template_filter ] --START--
INFO: Run Behavior\ContentReplaceBehavior [ RunTime:0.000000s ]
INFO: [ template_filter ] --END-- [ RunTime:0.000000s ]
INFO: Run Behavior\ParseTemplateBehavior [ RunTime:0.009001s ]
INFO: [ view_parse ] --END-- [ RunTime:0.009001s ]
INFO: [ view_filter ] --START--
INFO: Run Behavior\WriteHtmlCacheBehavior [ RunTime:0.000000s ]
INFO: [ view_filter ] --END-- [ RunTime:0.000000s ]
INFO: [ app_end ] --START--
INFO: Run Behavior\ShowPageTraceBehavior [ RunTime:0.000000s ]
INFO: [ app_end ] --END-- [ RunTime:0.000000s ]

[ 2017-10-23T17:54:59+08:00 ] ::1 /peoplecar/index.php?s=/financemanagement/finance_transaction.html
INFO: [ app_init ] --START--
INFO: Run Behavior\BuildLiteBehavior [ RunTime:0.000000s ]
INFO: [ app_init ] --END-- [ RunTime:0.001000s ]
INFO: [ app_begin ] --START--
INFO: Run Behavior\ReadHtmlCacheBehavior [ RunTime:0.000000s ]
INFO: [ app_begin ] --END-- [ RunTime:0.001000s ]
INFO: [ view_parse ] --START--
INFO: [ template_filter ] --START--
INFO: Run Behavior\ContentReplaceBehavior [ RunTime:0.000000s ]
INFO: [ template_filter ] --END-- [ RunTime:0.001000s ]
INFO: Run Behavior\ParseTemplateBehavior [ RunTime:0.009000s ]
INFO: [ view_parse ] --END-- [ RunTime:0.009000s ]
INFO: [ view_filter ] --START--
INFO: Run Behavior\WriteHtmlCacheBehavior [ RunTime:0.001000s ]
INFO: [ view_filter ] --END-- [ RunTime:0.001000s ]
INFO: [ app_end ] --START--
INFO: Run Behavior\ShowPageTraceBehavior [ RunTime:0.001000s ]
INFO: [ app_end ] --END-- [ RunTime:0.001000s ]

[ 2017-10-23T17:55:08+08:00 ] ::1 /peoplecar/index.php?s=/Mobile/Financemanagement/finance_transaction.html
INFO: [ app_init ] --START--
INFO: Run Behavior\BuildLiteBehavior [ RunTime:0.000000s ]
INFO: [ app_init ] --END-- [ RunTime:0.001000s ]
INFO: [ app_begin ] --START--
INFO: Run Behavior\ReadHtmlCacheBehavior [ RunTime:0.001000s ]
INFO: [ app_begin ] --END-- [ RunTime:0.001000s ]
SQL: SHOW COLUMNS FROM `syd_user` [ RunTime:0.0100s ]
SQL: SELECT * FROM `syd_user` WHERE ( userid=1 ) LIMIT 1   [ RunTime:0.0010s ]
SQL: SELECT `userid` FROM `syd_user` WHERE ( account='cccc9' ) LIMIT 1   [ RunTime:0.0000s ]
SQL: SHOW COLUMNS FROM `syd_store` [ RunTime:0.0100s ]
SQL: SELECT * FROM `syd_store` WHERE ( uid=1 ) LIMIT 1   [ RunTime:0.0010s ]
SQL: UPDATE `syd_store` SET `buycar_money`=buycar_money-2000 WHERE ( uid=1 ) [ RunTime:0.0050s ]
SQL: UPDATE `syd_store` SET `buycar_money`=buycar_money+2000 WHERE ( uid=148 ) [ RunTime:0.0040s ]
SQL: SHOW COLUMNS FROM `syd_transaction` [ RunTime:0.0100s ]
SQL: INSERT INTO `syd_transaction` (`uid`,`buy_id`,`money`,`status`,`time`) VALUES ('1','148','2000','1','1508752508') [ RunTime:0.0020s ]
NOTIC: [8] Undefined index: m D:\xampp\htdocs\peoplecar\ThinkPHP\Common\functions.php 第 977 行.
INFO: [ app_end ] --START--
INFO: Run Behavior\ShowPageTraceBehavior [ RunTime:0.001000s ]
INFO: [ app_end ] --END-- [ RunTime:0.002000s ]

[ 2017-10-23T17:55:10+08:00 ] ::1 /peoplecar/index.php?s=/Financemanagement/finance_transactiondetailed.html
INFO: [ app_init ] --START--
INFO: Run Behavior\BuildLiteBehavior [ RunTime:0.000000s ]
INFO: [ app_init ] --END-- [ RunTime:0.000000s ]
INFO: [ app_begin ] --START--
INFO: Run Behavior\ReadHtmlCacheBehavior [ RunTime:0.001000s ]
INFO: [ app_begin ] --END-- [ RunTime:0.001000s ]
SQL: SHOW COLUMNS FROM `syd_transaction` [ RunTime:0.0090s ]
SQL: SELECT * FROM `syd_transaction` WHERE ( uid=1 )  [ RunTime:0.0000s ]
SQL: SHOW COLUMNS FROM `syd_user` [ RunTime:0.0110s ]
SQL: SELECT `account` FROM `syd_user` WHERE ( userid=148 ) LIMIT 1   [ RunTime:0.0010s ]
INFO: [ view_parse ] --START--
INFO: [ template_filter ] --START--
INFO: Run Behavior\ContentReplaceBehavior [ RunTime:0.000000s ]
INFO: [ template_filter ] --END-- [ RunTime:0.000000s ]
INFO: Run Behavior\ParseTemplateBehavior [ RunTime:0.011000s ]
INFO: [ view_parse ] --END-- [ RunTime:0.011000s ]
INFO: [ view_filter ] --START--
INFO: Run Behavior\WriteHtmlCacheBehavior [ RunTime:0.001000s ]
INFO: [ view_filter ] --END-- [ RunTime:0.001000s ]
INFO: [ app_end ] --START--
INFO: Run Behavior\ShowPageTraceBehavior [ RunTime:0.001000s ]
INFO: [ app_end ] --END-- [ RunTime:0.001000s ]

[ 2017-10-23T17:55:24+08:00 ] ::1 /peoplecar/index.php?s=/Index/copyPageTwo.html
INFO: [ app_init ] --START--
INFO: Run Behavior\BuildLiteBehavior [ RunTime:0.000000s ]
INFO: [ app_init ] --END-- [ RunTime:0.001000s ]
INFO: [ app_begin ] --START--
INFO: Run Behavior\ReadHtmlCacheBehavior [ RunTime:0.001000s ]
INFO: [ app_begin ] --END-- [ RunTime:0.001000s ]
SQL: SHOW COLUMNS FROM `syd_user` [ RunTime:0.0090s ]
SQL: SELECT * FROM `syd_user` WHERE ( userid=1 ) LIMIT 1   [ RunTime:0.0010s ]
SQL: SHOW COLUMNS FROM `syd_store` [ RunTime:0.0100s ]
SQL: SELECT * FROM `syd_store` WHERE ( uid=1 ) LIMIT 1   [ RunTime:0.0010s ]
INFO: [ view_parse ] --START--
INFO: [ template_filter ] --START--
INFO: Run Behavior\ContentReplaceBehavior [ RunTime:0.001000s ]
INFO: [ template_filter ] --END-- [ RunTime:0.001000s ]
NOTIC: [8] Undefined index: m D:\xampp\htdocs\peoplecar\ThinkPHP\Common\functions.php 第 977 行.
NOTIC: [8] Undefined index: m D:\xampp\htdocs\peoplecar\ThinkPHP\Common\functions.php 第 977 行.
NOTIC: [8] Undefined index: m D:\xampp\htdocs\peoplecar\ThinkPHP\Common\functions.php 第 977 行.
NOTIC: [8] Undefined index: m D:\xampp\htdocs\peoplecar\ThinkPHP\Common\functions.php 第 977 行.
NOTIC: [8] Undefined index: m D:\xampp\htdocs\peoplecar\ThinkPHP\Common\functions.php 第 977 行.
NOTIC: [8] Undefined index: m D:\xampp\htdocs\peoplecar\ThinkPHP\Common\functions.php 第 977 行.
NOTIC: [8] Undefined index: m D:\xampp\htdocs\peoplecar\ThinkPHP\Common\functions.php 第 977 行.
NOTIC: [8] Undefined index: m D:\xampp\htdocs\peoplecar\ThinkPHP\Common\functions.php 第 977 行.
NOTIC: [8] Undefined index: m D:\xampp\htdocs\peoplecar\ThinkPHP\Common\functions.php 第 977 行.
NOTIC: [8] Undefined index: m D:\xampp\htdocs\peoplecar\ThinkPHP\Common\functions.php 第 977 行.
NOTIC: [8] Undefined index: m D:\xampp\htdocs\peoplecar\ThinkPHP\Common\functions.php 第 977 行.
NOTIC: [8] Undefined index: m D:\xampp\htdocs\peoplecar\ThinkPHP\Common\functions.php 第 977 行.
NOTIC: [8] Undefined index: m D:\xampp\htdocs\peoplecar\ThinkPHP\Common\functions.php 第 977 行.
NOTIC: [8] Undefined index: m D:\xampp\htdocs\peoplecar\ThinkPHP\Common\functions.php 第 977 行.
NOTIC: [8] Undefined index: m D:\xampp\htdocs\peoplecar\ThinkPHP\Common\functions.php 第 977 行.
NOTIC: [8] Undefined index: m D:\xampp\htdocs\peoplecar\ThinkPHP\Common\functions.php 第 977 行.
NOTIC: [8] Undefined index: m D:\xampp\htdocs\peoplecar\ThinkPHP\Common\functions.php 第 977 行.
NOTIC: [8] Undefined index: m D:\xampp\htdocs\peoplecar\ThinkPHP\Common\functions.php 第 977 行.
NOTIC: [8] Undefined index: m D:\xampp\htdocs\peoplecar\ThinkPHP\Common\functions.php 第 977 行.
NOTIC: [8] Undefined index: m D:\xampp\htdocs\peoplecar\ThinkPHP\Common\functions.php 第 977 行.
NOTIC: [8] Undefined index: m D:\xampp\htdocs\peoplecar\ThinkPHP\Common\functions.php 第 977 行.
NOTIC: [8] Undefined index: m D:\xampp\htdocs\peoplecar\ThinkPHP\Common\functions.php 第 977 行.
NOTIC: [8] Undefined index: m D:\xampp\htdocs\peoplecar\ThinkPHP\Common\functions.php 第 977 行.
NOTIC: [8] Undefined index: m D:\xampp\htdocs\peoplecar\ThinkPHP\Common\functions.php 第 977 行.
INFO: Run Behavior\ParseTemplateBehavior [ RunTime:0.017001s ]
INFO: [ view_parse ] --END-- [ RunTime:0.017001s ]
INFO: [ view_filter ] --START--
INFO: Run Behavior\WriteHtmlCacheBehavior [ RunTime:0.001000s ]
INFO: [ view_filter ] --END-- [ RunTime:0.001000s ]
INFO: [ app_end ] --START--
INFO: Run Behavior\ShowPageTraceBehavior [ RunTime:0.001000s ]
INFO: [ app_end ] --END-- [ RunTime:0.001000s ]

[ 2017-10-23T17:55:32+08:00 ] ::1 /peoplecar/index.php?s=/financemanagement/finance_chargeHistory.html
INFO: [ app_init ] --START--
INFO: Run Behavior\BuildLiteBehavior [ RunTime:0.000000s ]
INFO: [ app_init ] --END-- [ RunTime:0.001000s ]
INFO: [ app_begin ] --START--
INFO: Run Behavior\ReadHtmlCacheBehavior [ RunTime:0.000000s ]
INFO: [ app_begin ] --END-- [ RunTime:0.000000s ]
SQL: SHOW COLUMNS FROM `syd_charge` [ RunTime:0.0100s ]
SQL: SELECT * FROM `syd_charge` WHERE `uid` = 1 ORDER BY id desc  [ RunTime:0.0010s ]
INFO: [ view_parse ] --START--
INFO: [ template_filter ] --START--
INFO: Run Behavior\ContentReplaceBehavior [ RunTime:0.000000s ]
INFO: [ template_filter ] --END-- [ RunTime:0.000000s ]
INFO: Run Behavior\ParseTemplateBehavior [ RunTime:0.010001s ]
INFO: [ view_parse ] --END-- [ RunTime:0.010001s ]
INFO: [ view_filter ] --START--
INFO: Run Behavior\WriteHtmlCacheBehavior [ RunTime:0.001000s ]
INFO: [ view_filter ] --END-- [ RunTime:0.001000s ]
INFO: [ app_end ] --START--
INFO: Run Behavior\ShowPageTraceBehavior [ RunTime:0.001000s ]
INFO: [ app_end ] --END-- [ RunTime:0.001000s ]

[ 2017-10-23T17:55:38+08:00 ] ::1 /peoplecar/index.php?s=/Index/copyPageTwo.html
INFO: [ app_init ] --START--
INFO: Run Behavior\BuildLiteBehavior [ RunTime:0.000000s ]
INFO: [ app_init ] --END-- [ RunTime:0.000000s ]
INFO: [ app_begin ] --START--
INFO: Run Behavior\ReadHtmlCacheBehavior [ RunTime:0.001000s ]
INFO: [ app_begin ] --END-- [ RunTime:0.001000s ]
SQL: SHOW COLUMNS FROM `syd_user` [ RunTime:0.0100s ]
SQL: SELECT * FROM `syd_user` WHERE ( userid=1 ) LIMIT 1   [ RunTime:0.0010s ]
SQL: SHOW COLUMNS FROM `syd_store` [ RunTime:0.0100s ]
SQL: SELECT * FROM `syd_store` WHERE ( uid=1 ) LIMIT 1   [ RunTime:0.0000s ]
INFO: [ view_parse ] --START--
INFO: [ template_filter ] --START--
INFO: Run Behavior\ContentReplaceBehavior [ RunTime:0.000000s ]
INFO: [ template_filter ] --END-- [ RunTime:0.000000s ]
NOTIC: [8] Undefined index: m D:\xampp\htdocs\peoplecar\ThinkPHP\Common\functions.php 第 977 行.
NOTIC: [8] Undefined index: m D:\xampp\htdocs\peoplecar\ThinkPHP\Common\functions.php 第 977 行.
NOTIC: [8] Undefined index: m D:\xampp\htdocs\peoplecar\ThinkPHP\Common\functions.php 第 977 行.
NOTIC: [8] Undefined index: m D:\xampp\htdocs\peoplecar\ThinkPHP\Common\functions.php 第 977 行.
NOTIC: [8] Undefined index: m D:\xampp\htdocs\peoplecar\ThinkPHP\Common\functions.php 第 977 行.
NOTIC: [8] Undefined index: m D:\xampp\htdocs\peoplecar\ThinkPHP\Common\functions.php 第 977 行.
NOTIC: [8] Undefined index: m D:\xampp\htdocs\peoplecar\ThinkPHP\Common\functions.php 第 977 行.
NOTIC: [8] Undefined index: m D:\xampp\htdocs\peoplecar\ThinkPHP\Common\functions.php 第 977 行.
NOTIC: [8] Undefined index: m D:\xampp\htdocs\peoplecar\ThinkPHP\Common\functions.php 第 977 行.
NOTIC: [8] Undefined index: m D:\xampp\htdocs\peoplecar\ThinkPHP\Common\functions.php 第 977 行.
NOTIC: [8] Undefined index: m D:\xampp\htdocs\peoplecar\ThinkPHP\Common\functions.php 第 977 行.
NOTIC: [8] Undefined index: m D:\xampp\htdocs\peoplecar\ThinkPHP\Common\functions.php 第 977 行.
NOTIC: [8] Undefined index: m D:\xampp\htdocs\peoplecar\ThinkPHP\Common\functions.php 第 977 行.
NOTIC: [8] Undefined index: m D:\xampp\htdocs\peoplecar\ThinkPHP\Common\functions.php 第 977 行.
NOTIC: [8] Undefined index: m D:\xampp\htdocs\peoplecar\ThinkPHP\Common\functions.php 第 977 行.
NOTIC: [8] Undefined index: m D:\xampp\htdocs\peoplecar\ThinkPHP\Common\functions.php 第 977 行.
NOTIC: [8] Undefined index: m D:\xampp\htdocs\peoplecar\ThinkPHP\Common\functions.php 第 977 行.
NOTIC: [8] Undefined index: m D:\xampp\htdocs\peoplecar\ThinkPHP\Common\functions.php 第 977 行.
NOTIC: [8] Undefined index: m D:\xampp\htdocs\peoplecar\ThinkPHP\Common\functions.php 第 977 行.
NOTIC: [8] Undefined index: m D:\xampp\htdocs\peoplecar\ThinkPHP\Common\functions.php 第 977 行.
NOTIC: [8] Undefined index: m D:\xampp\htdocs\peoplecar\ThinkPHP\Common\functions.php 第 977 行.
NOTIC: [8] Undefined index: m D:\xampp\htdocs\peoplecar\ThinkPHP\Common\functions.php 第 977 行.
NOTIC: [8] Undefined index: m D:\xampp\htdocs\peoplecar\ThinkPHP\Common\functions.php 第 977 行.
NOTIC: [8] Undefined index: m D:\xampp\htdocs\peoplecar\ThinkPHP\Common\functions.php 第 977 行.
INFO: Run Behavior\ParseTemplateBehavior [ RunTime:0.017001s ]
INFO: [ view_parse ] --END-- [ RunTime:0.017001s ]
INFO: [ view_filter ] --START--
INFO: Run Behavior\WriteHtmlCacheBehavior [ RunTime:0.000000s ]
INFO: [ view_filter ] --END-- [ RunTime:0.000000s ]
INFO: [ app_end ] --START--
INFO: Run Behavior\ShowPageTraceBehavior [ RunTime:0.000000s ]
INFO: [ app_end ] --END-- [ RunTime:0.001000s ]

[ 2017-10-23T17:55:43+08:00 ] ::1 /peoplecar/index.php?s=/servicemanagement/user_reportcenter.html
INFO: [ app_init ] --START--
INFO: Run Behavior\BuildLiteBehavior [ RunTime:0.000000s ]
INFO: [ app_init ] --END-- [ RunTime:0.001000s ]
INFO: [ app_begin ] --START--
INFO: Run Behavior\ReadHtmlCacheBehavior [ RunTime:0.000000s ]
INFO: [ app_begin ] --END-- [ RunTime:0.001000s ]
INFO: [ view_parse ] --START--
INFO: [ template_filter ] --START--
INFO: Run Behavior\ContentReplaceBehavior [ RunTime:0.000000s ]
INFO: [ template_filter ] --END-- [ RunTime:0.000000s ]
INFO: Run Behavior\ParseTemplateBehavior [ RunTime:0.012000s ]
INFO: [ view_parse ] --END-- [ RunTime:0.012000s ]
INFO: [ view_filter ] --START--
INFO: Run Behavior\WriteHtmlCacheBehavior [ RunTime:0.000000s ]
INFO: [ view_filter ] --END-- [ RunTime:0.000000s ]
INFO: [ app_end ] --START--
INFO: Run Behavior\ShowPageTraceBehavior [ RunTime:0.001000s ]
INFO: [ app_end ] --END-- [ RunTime:0.001000s ]

[ 2017-10-23T17:55:51+08:00 ] ::1 /peoplecar/index.php?s=/Index/copyPageTwo.html
INFO: [ app_init ] --START--
INFO: Run Behavior\BuildLiteBehavior [ RunTime:0.000000s ]
INFO: [ app_init ] --END-- [ RunTime:0.000000s ]
INFO: [ app_begin ] --START--
INFO: Run Behavior\ReadHtmlCacheBehavior [ RunTime:0.001000s ]
INFO: [ app_begin ] --END-- [ RunTime:0.001000s ]
SQL: SHOW COLUMNS FROM `syd_user` [ RunTime:0.0120s ]
SQL: SELECT * FROM `syd_user` WHERE ( userid=1 ) LIMIT 1   [ RunTime:0.0010s ]
SQL: SHOW COLUMNS FROM `syd_store` [ RunTime:0.0120s ]
SQL: SELECT * FROM `syd_store` WHERE ( uid=1 ) LIMIT 1   [ RunTime:0.0010s ]
INFO: [ view_parse ] --START--
INFO: [ template_filter ] --START--
INFO: Run Behavior\ContentReplaceBehavior [ RunTime:0.000000s ]
INFO: [ template_filter ] --END-- [ RunTime:0.000000s ]
NOTIC: [8] Undefined index: m D:\xampp\htdocs\peoplecar\ThinkPHP\Common\functions.php 第 977 行.
NOTIC: [8] Undefined index: m D:\xampp\htdocs\peoplecar\ThinkPHP\Common\functions.php 第 977 行.
NOTIC: [8] Undefined index: m D:\xampp\htdocs\peoplecar\ThinkPHP\Common\functions.php 第 977 行.
NOTIC: [8] Undefined index: m D:\xampp\htdocs\peoplecar\ThinkPHP\Common\functions.php 第 977 行.
NOTIC: [8] Undefined index: m D:\xampp\htdocs\peoplecar\ThinkPHP\Common\functions.php 第 977 行.
NOTIC: [8] Undefined index: m D:\xampp\htdocs\peoplecar\ThinkPHP\Common\functions.php 第 977 行.
NOTIC: [8] Undefined index: m D:\xampp\htdocs\peoplecar\ThinkPHP\Common\functions.php 第 977 行.
NOTIC: [8] Undefined index: m D:\xampp\htdocs\peoplecar\ThinkPHP\Common\functions.php 第 977 行.
NOTIC: [8] Undefined index: m D:\xampp\htdocs\peoplecar\ThinkPHP\Common\functions.php 第 977 行.
NOTIC: [8] Undefined index: m D:\xampp\htdocs\peoplecar\ThinkPHP\Common\functions.php 第 977 行.
NOTIC: [8] Undefined index: m D:\xampp\htdocs\peoplecar\ThinkPHP\Common\functions.php 第 977 行.
NOTIC: [8] Undefined index: m D:\xampp\htdocs\peoplecar\ThinkPHP\Common\functions.php 第 977 行.
NOTIC: [8] Undefined index: m D:\xampp\htdocs\peoplecar\ThinkPHP\Common\functions.php 第 977 行.
NOTIC: [8] Undefined index: m D:\xampp\htdocs\peoplecar\ThinkPHP\Common\functions.php 第 977 行.
NOTIC: [8] Undefined index: m D:\xampp\htdocs\peoplecar\ThinkPHP\Common\functions.php 第 977 行.
NOTIC: [8] Undefined index: m D:\xampp\htdocs\peoplecar\ThinkPHP\Common\functions.php 第 977 行.
NOTIC: [8] Undefined index: m D:\xampp\htdocs\peoplecar\ThinkPHP\Common\functions.php 第 977 行.
NOTIC: [8] Undefined index: m D:\xampp\htdocs\peoplecar\ThinkPHP\Common\functions.php 第 977 行.
NOTIC: [8] Undefined index: m D:\xampp\htdocs\peoplecar\ThinkPHP\Common\functions.php 第 977 行.
NOTIC: [8] Undefined index: m D:\xampp\htdocs\peoplecar\ThinkPHP\Common\functions.php 第 977 行.
NOTIC: [8] Undefined index: m D:\xampp\htdocs\peoplecar\ThinkPHP\Common\functions.php 第 977 行.
NOTIC: [8] Undefined index: m D:\xampp\htdocs\peoplecar\ThinkPHP\Common\functions.php 第 977 行.
NOTIC: [8] Undefined index: m D:\xampp\htdocs\peoplecar\ThinkPHP\Common\functions.php 第 977 行.
NOTIC: [8] Undefined index: m D:\xampp\htdocs\peoplecar\ThinkPHP\Common\functions.php 第 977 行.
INFO: Run Behavior\ParseTemplateBehavior [ RunTime:0.017001s ]
INFO: [ view_parse ] --END-- [ RunTime:0.017001s ]
INFO: [ view_filter ] --START--
INFO: Run Behavior\WriteHtmlCacheBehavior [ RunTime:0.001000s ]
INFO: [ view_filter ] --END-- [ RunTime:0.001000s ]
INFO: [ app_end ] --START--
INFO: Run Behavior\ShowPageTraceBehavior [ RunTime:0.000000s ]
INFO: [ app_end ] --END-- [ RunTime:0.001000s ]

[ 2017-10-23T17:56:27+08:00 ] ::1 /peoplecar/index.php?s=/financemanagement/finance_detailed.html
INFO: [ app_init ] --START--
INFO: Run Behavior\BuildLiteBehavior [ RunTime:0.000000s ]
INFO: [ app_init ] --END-- [ RunTime:0.001000s ]
INFO: [ app_begin ] --START--
INFO: Run Behavior\ReadHtmlCacheBehavior [ RunTime:0.001000s ]
INFO: [ app_begin ] --END-- [ RunTime:0.001000s ]
INFO: [ view_parse ] --START--
INFO: [ template_filter ] --START--
INFO: Run Behavior\ContentReplaceBehavior [ RunTime:0.000000s ]
INFO: [ template_filter ] --END-- [ RunTime:0.000000s ]
INFO: Run Behavior\ParseTemplateBehavior [ RunTime:0.012001s ]
INFO: [ view_parse ] --END-- [ RunTime:0.012001s ]
INFO: [ view_filter ] --START--
INFO: Run Behavior\WriteHtmlCacheBehavior [ RunTime:0.000000s ]
INFO: [ view_filter ] --END-- [ RunTime:0.000000s ]
INFO: [ app_end ] --START--
INFO: Run Behavior\ShowPageTraceBehavior [ RunTime:0.001000s ]
INFO: [ app_end ] --END-- [ RunTime:0.001000s ]

[ 2017-10-23T17:56:58+08:00 ] ::1 /peoplecar/index.php?s=/Index/copyPageTwo.html
INFO: [ app_init ] --START--
INFO: Run Behavior\BuildLiteBehavior [ RunTime:0.000000s ]
INFO: [ app_init ] --END-- [ RunTime:0.000000s ]
INFO: [ app_begin ] --START--
INFO: Run Behavior\ReadHtmlCacheBehavior [ RunTime:0.001000s ]
INFO: [ app_begin ] --END-- [ RunTime:0.001000s ]
SQL: SHOW COLUMNS FROM `syd_user` [ RunTime:0.0090s ]
SQL: SELECT * FROM `syd_user` WHERE ( userid=1 ) LIMIT 1   [ RunTime:0.0010s ]
SQL: SHOW COLUMNS FROM `syd_store` [ RunTime:0.0100s ]
SQL: SELECT * FROM `syd_store` WHERE ( uid=1 ) LIMIT 1   [ RunTime:0.0010s ]
INFO: [ view_parse ] --START--
INFO: [ template_filter ] --START--
INFO: Run Behavior\ContentReplaceBehavior [ RunTime:0.000000s ]
INFO: [ template_filter ] --END-- [ RunTime:0.000000s ]
NOTIC: [8] Undefined index: m D:\xampp\htdocs\peoplecar\ThinkPHP\Common\functions.php 第 977 行.
NOTIC: [8] Undefined index: m D:\xampp\htdocs\peoplecar\ThinkPHP\Common\functions.php 第 977 行.
NOTIC: [8] Undefined index: m D:\xampp\htdocs\peoplecar\ThinkPHP\Common\functions.php 第 977 行.
NOTIC: [8] Undefined index: m D:\xampp\htdocs\peoplecar\ThinkPHP\Common\functions.php 第 977 行.
NOTIC: [8] Undefined index: m D:\xampp\htdocs\peoplecar\ThinkPHP\Common\functions.php 第 977 行.
NOTIC: [8] Undefined index: m D:\xampp\htdocs\peoplecar\ThinkPHP\Common\functions.php 第 977 行.
NOTIC: [8] Undefined index: m D:\xampp\htdocs\peoplecar\ThinkPHP\Common\functions.php 第 977 行.
NOTIC: [8] Undefined index: m D:\xampp\htdocs\peoplecar\ThinkPHP\Common\functions.php 第 977 行.
NOTIC: [8] Undefined index: m D:\xampp\htdocs\peoplecar\ThinkPHP\Common\functions.php 第 977 行.
NOTIC: [8] Undefined index: m D:\xampp\htdocs\peoplecar\ThinkPHP\Common\functions.php 第 977 行.
NOTIC: [8] Undefined index: m D:\xampp\htdocs\peoplecar\ThinkPHP\Common\functions.php 第 977 行.
NOTIC: [8] Undefined index: m D:\xampp\htdocs\peoplecar\ThinkPHP\Common\functions.php 第 977 行.
NOTIC: [8] Undefined index: m D:\xampp\htdocs\peoplecar\ThinkPHP\Common\functions.php 第 977 行.
NOTIC: [8] Undefined index: m D:\xampp\htdocs\peoplecar\ThinkPHP\Common\functions.php 第 977 行.
NOTIC: [8] Undefined index: m D:\xampp\htdocs\peoplecar\ThinkPHP\Common\functions.php 第 977 行.
NOTIC: [8] Undefined index: m D:\xampp\htdocs\peoplecar\ThinkPHP\Common\functions.php 第 977 行.
NOTIC: [8] Undefined index: m D:\xampp\htdocs\peoplecar\ThinkPHP\Common\functions.php 第 977 行.
NOTIC: [8] Undefined index: m D:\xampp\htdocs\peoplecar\ThinkPHP\Common\functions.php 第 977 行.
NOTIC: [8] Undefined index: m D:\xampp\htdocs\peoplecar\ThinkPHP\Common\functions.php 第 977 行.
NOTIC: [8] Undefined index: m D:\xampp\htdocs\peoplecar\ThinkPHP\Common\functions.php 第 977 行.
NOTIC: [8] Undefined index: m D:\xampp\htdocs\peoplecar\ThinkPHP\Common\functions.php 第 977 行.
NOTIC: [8] Undefined index: m D:\xampp\htdocs\peoplecar\ThinkPHP\Common\functions.php 第 977 行.
NOTIC: [8] Undefined index: m D:\xampp\htdocs\peoplecar\ThinkPHP\Common\functions.php 第 977 行.
NOTIC: [8] Undefined index: m D:\xampp\htdocs\peoplecar\ThinkPHP\Common\functions.php 第 977 行.
INFO: Run Behavior\ParseTemplateBehavior [ RunTime:0.016001s ]
INFO: [ view_parse ] --END-- [ RunTime:0.016001s ]
INFO: [ view_filter ] --START--
INFO: Run Behavior\WriteHtmlCacheBehavior [ RunTime:0.001000s ]
INFO: [ view_filter ] --END-- [ RunTime:0.001000s ]
INFO: [ app_end ] --START--
INFO: Run Behavior\ShowPageTraceBehavior [ RunTime:0.001001s ]
INFO: [ app_end ] --END-- [ RunTime:0.001001s ]

[ 2017-10-23T17:59:08+08:00 ] ::1 /peoplecar/index.php?s=/financemanagement/finance_detailed.html
INFO: [ app_init ] --START--
INFO: Run Behavior\BuildLiteBehavior [ RunTime:0.000000s ]
INFO: [ app_init ] --END-- [ RunTime:0.001000s ]
INFO: [ app_begin ] --START--
INFO: Run Behavior\ReadHtmlCacheBehavior [ RunTime:0.001000s ]
INFO: [ app_begin ] --END-- [ RunTime:0.001000s ]
INFO: [ view_parse ] --START--
INFO: [ template_filter ] --START--
INFO: Run Behavior\ContentReplaceBehavior [ RunTime:0.000000s ]
INFO: [ template_filter ] --END-- [ RunTime:0.000000s ]
INFO: Run Behavior\ParseTemplateBehavior [ RunTime:0.011001s ]
INFO: [ view_parse ] --END-- [ RunTime:0.011001s ]
INFO: [ view_filter ] --START--
INFO: Run Behavior\WriteHtmlCacheBehavior [ RunTime:0.001000s ]
INFO: [ view_filter ] --END-- [ RunTime:0.001000s ]
INFO: [ app_end ] --START--
INFO: Run Behavior\ShowPageTraceBehavior [ RunTime:0.001000s ]
INFO: [ app_end ] --END-- [ RunTime:0.001000s ]

[ 2017-10-23T17:59:19+08:00 ] ::1 /peoplecar/index.php?s=/Index/copyPageTwo.html
INFO: [ app_init ] --START--
INFO: Run Behavior\BuildLiteBehavior [ RunTime:0.000000s ]
INFO: [ app_init ] --END-- [ RunTime:0.000000s ]
INFO: [ app_begin ] --START--
INFO: Run Behavior\ReadHtmlCacheBehavior [ RunTime:0.001000s ]
INFO: [ app_begin ] --END-- [ RunTime:0.001000s ]
SQL: SHOW COLUMNS FROM `syd_user` [ RunTime:0.0120s ]
SQL: SELECT * FROM `syd_user` WHERE ( userid=1 ) LIMIT 1   [ RunTime:0.0010s ]
SQL: SHOW COLUMNS FROM `syd_store` [ RunTime:0.0120s ]
SQL: SELECT * FROM `syd_store` WHERE ( uid=1 ) LIMIT 1   [ RunTime:0.0010s ]
INFO: [ view_parse ] --START--
INFO: [ template_filter ] --START--
INFO: Run Behavior\ContentReplaceBehavior [ RunTime:0.000000s ]
INFO: [ template_filter ] --END-- [ RunTime:0.000000s ]
NOTIC: [8] Undefined index: m D:\xampp\htdocs\peoplecar\ThinkPHP\Common\functions.php 第 977 行.
NOTIC: [8] Undefined index: m D:\xampp\htdocs\peoplecar\ThinkPHP\Common\functions.php 第 977 行.
NOTIC: [8] Undefined index: m D:\xampp\htdocs\peoplecar\ThinkPHP\Common\functions.php 第 977 行.
NOTIC: [8] Undefined index: m D:\xampp\htdocs\peoplecar\ThinkPHP\Common\functions.php 第 977 行.
NOTIC: [8] Undefined index: m D:\xampp\htdocs\peoplecar\ThinkPHP\Common\functions.php 第 977 行.
NOTIC: [8] Undefined index: m D:\xampp\htdocs\peoplecar\ThinkPHP\Common\functions.php 第 977 行.
NOTIC: [8] Undefined index: m D:\xampp\htdocs\peoplecar\ThinkPHP\Common\functions.php 第 977 行.
NOTIC: [8] Undefined index: m D:\xampp\htdocs\peoplecar\ThinkPHP\Common\functions.php 第 977 行.
NOTIC: [8] Undefined index: m D:\xampp\htdocs\peoplecar\ThinkPHP\Common\functions.php 第 977 行.
NOTIC: [8] Undefined index: m D:\xampp\htdocs\peoplecar\ThinkPHP\Common\functions.php 第 977 行.
NOTIC: [8] Undefined index: m D:\xampp\htdocs\peoplecar\ThinkPHP\Common\functions.php 第 977 行.
NOTIC: [8] Undefined index: m D:\xampp\htdocs\peoplecar\ThinkPHP\Common\functions.php 第 977 行.
NOTIC: [8] Undefined index: m D:\xampp\htdocs\peoplecar\ThinkPHP\Common\functions.php 第 977 行.
NOTIC: [8] Undefined index: m D:\xampp\htdocs\peoplecar\ThinkPHP\Common\functions.php 第 977 行.
NOTIC: [8] Undefined index: m D:\xampp\htdocs\peoplecar\ThinkPHP\Common\functions.php 第 977 行.
NOTIC: [8] Undefined index: m D:\xampp\htdocs\peoplecar\ThinkPHP\Common\functions.php 第 977 行.
NOTIC: [8] Undefined index: m D:\xampp\htdocs\peoplecar\ThinkPHP\Common\functions.php 第 977 行.
NOTIC: [8] Undefined index: m D:\xampp\htdocs\peoplecar\ThinkPHP\Common\functions.php 第 977 行.
NOTIC: [8] Undefined index: m D:\xampp\htdocs\peoplecar\ThinkPHP\Common\functions.php 第 977 行.
NOTIC: [8] Undefined index: m D:\xampp\htdocs\peoplecar\ThinkPHP\Common\functions.php 第 977 行.
NOTIC: [8] Undefined index: m D:\xampp\htdocs\peoplecar\ThinkPHP\Common\functions.php 第 977 行.
NOTIC: [8] Undefined index: m D:\xampp\htdocs\peoplecar\ThinkPHP\Common\functions.php 第 977 行.
NOTIC: [8] Undefined index: m D:\xampp\htdocs\peoplecar\ThinkPHP\Common\functions.php 第 977 行.
NOTIC: [8] Undefined index: m D:\xampp\htdocs\peoplecar\ThinkPHP\Common\functions.php 第 977 行.
INFO: Run Behavior\ParseTemplateBehavior [ RunTime:0.017001s ]
INFO: [ view_parse ] --END-- [ RunTime:0.017001s ]
INFO: [ view_filter ] --START--
INFO: Run Behavior\WriteHtmlCacheBehavior [ RunTime:0.000000s ]
INFO: [ view_filter ] --END-- [ RunTime:0.000000s ]
INFO: [ app_end ] --START--
INFO: Run Behavior\ShowPageTraceBehavior [ RunTime:0.001000s ]
INFO: [ app_end ] --END-- [ RunTime:0.001000s ]

