[ 2018-03-01T03:21:33+08:00 ] 39.104.29.35 /
INFO: [ app_init ] --START--
INFO: Run Behavior\BuildLiteBehavior [ RunTime:0.000000s ]
INFO: [ app_init ] --END-- [ RunTime:0.001953s ]
INFO: [ app_begin ] --START--
INFO: Run Behavior\ReadHtmlCacheBehavior [ RunTime:0.000976s ]
INFO: [ app_begin ] --END-- [ RunTime:0.000976s ]
NOTIC: [8] Undefined index: m D:\wwwroot\jpyc03\wwwroot\ThinkPHP\Common\functions.php 第 977 行.

[ 2018-03-01T03:21:33+08:00 ] 39.104.29.35 /index.php?s=/Regus/login.html
INFO: [ app_init ] --START--
INFO: Run Behavior\BuildLiteBehavior [ RunTime:0.000000s ]
INFO: [ app_init ] --END-- [ RunTime:0.000977s ]
INFO: [ app_begin ] --START--
INFO: Run Behavior\ReadHtmlCacheBehavior [ RunTime:0.000000s ]
INFO: [ app_begin ] --END-- [ RunTime:0.000000s ]
INFO: [ view_parse ] --START--
INFO: [ template_filter ] --START--
INFO: Run Behavior\ContentReplaceBehavior [ RunTime:0.000000s ]
INFO: [ template_filter ] --END-- [ RunTime:0.000000s ]
NOTIC: [8] Undefined index: m D:\wwwroot\jpyc03\wwwroot\ThinkPHP\Common\functions.php 第 977 行.
INFO: Run Behavior\ParseTemplateBehavior [ RunTime:0.035156s ]
INFO: [ view_parse ] --END-- [ RunTime:0.035156s ]
INFO: [ view_filter ] --START--
INFO: Run Behavior\WriteHtmlCacheBehavior [ RunTime:0.001953s ]
INFO: [ view_filter ] --END-- [ RunTime:0.001953s ]
INFO: [ app_end ] --START--
INFO: Run Behavior\ShowPageTraceBehavior [ RunTime:0.001953s ]
INFO: [ app_end ] --END-- [ RunTime:0.001953s ]

[ 2018-03-01T10:17:23+08:00 ] 60.29.111.249 /
INFO: [ app_init ] --START--
INFO: Run Behavior\BuildLiteBehavior [ RunTime:0.000000s ]
INFO: [ app_init ] --END-- [ RunTime:0.000000s ]
INFO: [ app_begin ] --START--
INFO: Run Behavior\ReadHtmlCacheBehavior [ RunTime:0.000000s ]
INFO: [ app_begin ] --END-- [ RunTime:0.000000s ]
NOTIC: [8] Undefined index: m D:\wwwroot\jpyc03\wwwroot\ThinkPHP\Common\functions.php 第 977 行.

[ 2018-03-01T10:17:23+08:00 ] 60.29.111.249 /index.php?s=/Regus/login.html
INFO: [ app_init ] --START--
INFO: Run Behavior\BuildLiteBehavior [ RunTime:0.000000s ]
INFO: [ app_init ] --END-- [ RunTime:0.000976s ]
INFO: [ app_begin ] --START--
INFO: Run Behavior\ReadHtmlCacheBehavior [ RunTime:0.000000s ]
INFO: [ app_begin ] --END-- [ RunTime:0.000000s ]
INFO: [ view_parse ] --START--
INFO: [ template_filter ] --START--
INFO: Run Behavior\ContentReplaceBehavior [ RunTime:0.000977s ]
INFO: [ template_filter ] --END-- [ RunTime:0.000977s ]
NOTIC: [8] Undefined index: m D:\wwwroot\jpyc03\wwwroot\ThinkPHP\Common\functions.php 第 977 行.
INFO: Run Behavior\ParseTemplateBehavior [ RunTime:0.022461s ]
INFO: [ view_parse ] --END-- [ RunTime:0.022461s ]
INFO: [ view_filter ] --START--
INFO: Run Behavior\WriteHtmlCacheBehavior [ RunTime:0.000977s ]
INFO: [ view_filter ] --END-- [ RunTime:0.000977s ]
INFO: [ app_end ] --START--
INFO: Run Behavior\ShowPageTraceBehavior [ RunTime:0.002929s ]
INFO: [ app_end ] --END-- [ RunTime:0.002929s ]

[ 2018-03-01T11:32:07+08:00 ] 223.74.133.221 /
INFO: [ app_init ] --START--
INFO: Run Behavior\BuildLiteBehavior [ RunTime:0.000000s ]
INFO: [ app_init ] --END-- [ RunTime:0.000977s ]
INFO: [ app_begin ] --START--
INFO: Run Behavior\ReadHtmlCacheBehavior [ RunTime:0.001953s ]
INFO: [ app_begin ] --END-- [ RunTime:0.001953s ]
NOTIC: [8] Undefined index: m D:\wwwroot\jpyc03\wwwroot\ThinkPHP\Common\functions.php 第 977 行.

[ 2018-03-01T11:32:07+08:00 ] 223.74.133.221 /index.php?s=/Regus/login.html
INFO: [ app_init ] --START--
INFO: Run Behavior\BuildLiteBehavior [ RunTime:0.000000s ]
INFO: [ app_init ] --END-- [ RunTime:0.000976s ]
INFO: [ app_begin ] --START--
INFO: Run Behavior\ReadHtmlCacheBehavior [ RunTime:0.000000s ]
INFO: [ app_begin ] --END-- [ RunTime:0.000977s ]
INFO: [ view_parse ] --START--
INFO: [ template_filter ] --START--
INFO: Run Behavior\ContentReplaceBehavior [ RunTime:0.000000s ]
INFO: [ template_filter ] --END-- [ RunTime:0.000000s ]
NOTIC: [8] Undefined index: m D:\wwwroot\jpyc03\wwwroot\ThinkPHP\Common\functions.php 第 977 行.
INFO: Run Behavior\ParseTemplateBehavior [ RunTime:0.021485s ]
INFO: [ view_parse ] --END-- [ RunTime:0.021485s ]
INFO: [ view_filter ] --START--
INFO: Run Behavior\WriteHtmlCacheBehavior [ RunTime:0.000977s ]
INFO: [ view_filter ] --END-- [ RunTime:0.001953s ]
INFO: [ app_end ] --START--
INFO: Run Behavior\ShowPageTraceBehavior [ RunTime:0.000000s ]
INFO: [ app_end ] --END-- [ RunTime:0.000000s ]

[ 2018-03-01T11:33:06+08:00 ] 120.204.17.46 /
INFO: [ app_init ] --START--
INFO: Run Behavior\BuildLiteBehavior [ RunTime:0.000000s ]
INFO: [ app_init ] --END-- [ RunTime:0.000000s ]
INFO: [ app_begin ] --START--
INFO: Run Behavior\ReadHtmlCacheBehavior [ RunTime:0.000977s ]
INFO: [ app_begin ] --END-- [ RunTime:0.000977s ]
NOTIC: [8] Undefined index: m D:\wwwroot\jpyc03\wwwroot\ThinkPHP\Common\functions.php 第 977 行.

[ 2018-03-01T11:33:07+08:00 ] 120.204.17.67 /index.php?s=/Regus/login.html
INFO: [ app_init ] --START--
INFO: Run Behavior\BuildLiteBehavior [ RunTime:0.000000s ]
INFO: [ app_init ] --END-- [ RunTime:0.000000s ]
INFO: [ app_begin ] --START--
INFO: Run Behavior\ReadHtmlCacheBehavior [ RunTime:0.000976s ]
INFO: [ app_begin ] --END-- [ RunTime:0.000976s ]
INFO: [ view_parse ] --START--
INFO: [ template_filter ] --START--
INFO: Run Behavior\ContentReplaceBehavior [ RunTime:0.000000s ]
INFO: [ template_filter ] --END-- [ RunTime:0.000000s ]
NOTIC: [8] Undefined index: m D:\wwwroot\jpyc03\wwwroot\ThinkPHP\Common\functions.php 第 977 行.
INFO: Run Behavior\ParseTemplateBehavior [ RunTime:0.015625s ]
INFO: [ view_parse ] --END-- [ RunTime:0.015625s ]
INFO: [ view_filter ] --START--
INFO: Run Behavior\WriteHtmlCacheBehavior [ RunTime:0.000000s ]
INFO: [ view_filter ] --END-- [ RunTime:0.000000s ]
INFO: [ app_end ] --START--
INFO: Run Behavior\ShowPageTraceBehavior [ RunTime:0.000976s ]
INFO: [ app_end ] --END-- [ RunTime:0.000976s ]

[ 2018-03-01T11:35:55+08:00 ] 223.74.133.221 /
INFO: [ app_init ] --START--
INFO: Run Behavior\BuildLiteBehavior [ RunTime:0.000000s ]
INFO: [ app_init ] --END-- [ RunTime:0.000000s ]
INFO: [ app_begin ] --START--
INFO: Run Behavior\ReadHtmlCacheBehavior [ RunTime:0.000976s ]
INFO: [ app_begin ] --END-- [ RunTime:0.000976s ]
NOTIC: [8] Undefined index: m D:\wwwroot\jpyc03\wwwroot\ThinkPHP\Common\functions.php 第 977 行.

[ 2018-03-01T11:35:55+08:00 ] 223.74.133.221 /index.php?s=/Regus/login.html
INFO: [ app_init ] --START--
INFO: Run Behavior\BuildLiteBehavior [ RunTime:0.000000s ]
INFO: [ app_init ] --END-- [ RunTime:0.002930s ]
INFO: [ app_begin ] --START--
INFO: Run Behavior\ReadHtmlCacheBehavior [ RunTime:0.000976s ]
INFO: [ app_begin ] --END-- [ RunTime:0.000976s ]
INFO: [ view_parse ] --START--
INFO: [ template_filter ] --START--
INFO: Run Behavior\ContentReplaceBehavior [ RunTime:0.000000s ]
INFO: [ template_filter ] --END-- [ RunTime:0.000000s ]
NOTIC: [8] Undefined index: m D:\wwwroot\jpyc03\wwwroot\ThinkPHP\Common\functions.php 第 977 行.
INFO: Run Behavior\ParseTemplateBehavior [ RunTime:0.007813s ]
INFO: [ view_parse ] --END-- [ RunTime:0.007813s ]
INFO: [ view_filter ] --START--
INFO: Run Behavior\WriteHtmlCacheBehavior [ RunTime:0.000000s ]
INFO: [ view_filter ] --END-- [ RunTime:0.000000s ]
INFO: [ app_end ] --START--
INFO: Run Behavior\ShowPageTraceBehavior [ RunTime:0.000000s ]
INFO: [ app_end ] --END-- [ RunTime:0.000000s ]

[ 2018-03-01T11:37:20+08:00 ] 223.74.133.221 /
INFO: [ app_init ] --START--
INFO: Run Behavior\BuildLiteBehavior [ RunTime:0.000000s ]
INFO: [ app_init ] --END-- [ RunTime:0.000977s ]
INFO: [ app_begin ] --START--
INFO: Run Behavior\ReadHtmlCacheBehavior [ RunTime:0.000977s ]
INFO: [ app_begin ] --END-- [ RunTime:0.000977s ]
NOTIC: [8] Undefined index: m D:\wwwroot\jpyc03\wwwroot\ThinkPHP\Common\functions.php 第 977 行.

[ 2018-03-01T11:37:20+08:00 ] 223.74.133.221 /index.php?s=/Regus/login.html
INFO: [ app_init ] --START--
INFO: Run Behavior\BuildLiteBehavior [ RunTime:0.000000s ]
INFO: [ app_init ] --END-- [ RunTime:0.000976s ]
INFO: [ app_begin ] --START--
INFO: Run Behavior\ReadHtmlCacheBehavior [ RunTime:0.000000s ]
INFO: [ app_begin ] --END-- [ RunTime:0.000000s ]
INFO: [ view_parse ] --START--
INFO: [ template_filter ] --START--
INFO: Run Behavior\ContentReplaceBehavior [ RunTime:0.000000s ]
INFO: [ template_filter ] --END-- [ RunTime:0.000000s ]
NOTIC: [8] Undefined index: m D:\wwwroot\jpyc03\wwwroot\ThinkPHP\Common\functions.php 第 977 行.
INFO: Run Behavior\ParseTemplateBehavior [ RunTime:0.009766s ]
INFO: [ view_parse ] --END-- [ RunTime:0.009766s ]
INFO: [ view_filter ] --START--
INFO: Run Behavior\WriteHtmlCacheBehavior [ RunTime:0.000000s ]
INFO: [ view_filter ] --END-- [ RunTime:0.000000s ]
INFO: [ app_end ] --START--
INFO: Run Behavior\ShowPageTraceBehavior [ RunTime:0.000976s ]
INFO: [ app_end ] --END-- [ RunTime:0.000976s ]

[ 2018-03-01T11:39:16+08:00 ] 223.74.133.221 /index.php?s=/Mobile/Regus/testid.html
INFO: [ app_init ] --START--
INFO: Run Behavior\BuildLiteBehavior [ RunTime:0.000000s ]
INFO: [ app_init ] --END-- [ RunTime:0.001953s ]
INFO: [ app_begin ] --START--
INFO: Run Behavior\ReadHtmlCacheBehavior [ RunTime:0.000977s ]
INFO: [ app_begin ] --END-- [ RunTime:0.000977s ]
SQL: SHOW COLUMNS FROM `syd_user` [ RunTime:0.0068s ]
SQL: SELECT * FROM `syd_user` WHERE ( account='13823896253' ) LIMIT 1   [ RunTime:0.0029s ]

[ 2018-03-01T11:39:17+08:00 ] 223.74.133.221 /index.php?s=/Mobile/Index/copyPageTwo.html
INFO: [ app_init ] --START--
INFO: Run Behavior\BuildLiteBehavior [ RunTime:0.000000s ]
INFO: [ app_init ] --END-- [ RunTime:0.000976s ]
INFO: [ app_begin ] --START--
INFO: Run Behavior\ReadHtmlCacheBehavior [ RunTime:0.000000s ]
INFO: [ app_begin ] --END-- [ RunTime:0.000000s ]
SQL: SHOW COLUMNS FROM `syd_user` [ RunTime:0.0039s ]
SQL: SELECT * FROM `syd_user` WHERE ( userid=194 ) LIMIT 1   [ RunTime:0.0010s ]
SQL: SHOW COLUMNS FROM `syd_store` [ RunTime:0.0039s ]
SQL: SELECT * FROM `syd_store` WHERE ( uid=194 ) LIMIT 1   [ RunTime:0.0000s ]
SQL: SHOW COLUMNS FROM `syd_group` [ RunTime:0.0059s ]
SQL: SELECT * FROM `syd_group` WHERE ( one_id=194 ) LIMIT 1   [ RunTime:0.0020s ]
SQL: SELECT `parent_id` FROM `syd_user` WHERE ( userid=194 ) LIMIT 1   [ RunTime:0.0000s ]
SQL: SELECT * FROM `syd_group` WHERE ( one_id=196 ) LIMIT 1   [ RunTime:0.0000s ]
INFO: [ view_parse ] --START--
INFO: [ template_filter ] --START--
INFO: Run Behavior\ContentReplaceBehavior [ RunTime:0.001953s ]
INFO: [ template_filter ] --END-- [ RunTime:0.001953s ]
NOTIC: [8] Undefined index: m D:\wwwroot\jpyc03\wwwroot\ThinkPHP\Common\functions.php 第 977 行.
NOTIC: [8] Undefined index: m D:\wwwroot\jpyc03\wwwroot\ThinkPHP\Common\functions.php 第 977 行.
NOTIC: [8] Undefined index: m D:\wwwroot\jpyc03\wwwroot\ThinkPHP\Common\functions.php 第 977 行.
NOTIC: [8] Undefined index: m D:\wwwroot\jpyc03\wwwroot\ThinkPHP\Common\functions.php 第 977 行.
NOTIC: [8] Undefined index: m D:\wwwroot\jpyc03\wwwroot\ThinkPHP\Common\functions.php 第 977 行.
NOTIC: [8] Undefined index: m D:\wwwroot\jpyc03\wwwroot\ThinkPHP\Common\functions.php 第 977 行.
NOTIC: [8] Undefined index: m D:\wwwroot\jpyc03\wwwroot\ThinkPHP\Common\functions.php 第 977 行.
NOTIC: [8] Undefined index: m D:\wwwroot\jpyc03\wwwroot\ThinkPHP\Common\functions.php 第 977 行.
NOTIC: [8] Undefined index: m D:\wwwroot\jpyc03\wwwroot\ThinkPHP\Common\functions.php 第 977 行.
NOTIC: [8] Undefined index: m D:\wwwroot\jpyc03\wwwroot\ThinkPHP\Common\functions.php 第 977 行.
NOTIC: [8] Undefined index: m D:\wwwroot\jpyc03\wwwroot\ThinkPHP\Common\functions.php 第 977 行.
NOTIC: [8] Undefined index: m D:\wwwroot\jpyc03\wwwroot\ThinkPHP\Common\functions.php 第 977 行.
NOTIC: [8] Undefined index: m D:\wwwroot\jpyc03\wwwroot\ThinkPHP\Common\functions.php 第 977 行.
NOTIC: [8] Undefined index: m D:\wwwroot\jpyc03\wwwroot\ThinkPHP\Common\functions.php 第 977 行.
NOTIC: [8] Undefined index: m D:\wwwroot\jpyc03\wwwroot\ThinkPHP\Common\functions.php 第 977 行.
NOTIC: [8] Undefined index: m D:\wwwroot\jpyc03\wwwroot\ThinkPHP\Common\functions.php 第 977 行.
NOTIC: [8] Undefined index: m D:\wwwroot\jpyc03\wwwroot\ThinkPHP\Common\functions.php 第 977 行.
NOTIC: [8] Undefined index: m D:\wwwroot\jpyc03\wwwroot\ThinkPHP\Common\functions.php 第 977 行.
NOTIC: [8] Undefined index: m D:\wwwroot\jpyc03\wwwroot\ThinkPHP\Common\functions.php 第 977 行.
NOTIC: [8] Undefined index: m D:\wwwroot\jpyc03\wwwroot\ThinkPHP\Common\functions.php 第 977 行.
NOTIC: [8] Undefined index: m D:\wwwroot\jpyc03\wwwroot\ThinkPHP\Common\functions.php 第 977 行.
NOTIC: [8] Undefined index: m D:\wwwroot\jpyc03\wwwroot\ThinkPHP\Common\functions.php 第 977 行.
NOTIC: [8] Undefined index: m D:\wwwroot\jpyc03\wwwroot\ThinkPHP\Common\functions.php 第 977 行.
NOTIC: [8] Undefined index: m D:\wwwroot\jpyc03\wwwroot\ThinkPHP\Common\functions.php 第 977 行.
NOTIC: [8] Undefined index: m D:\wwwroot\jpyc03\wwwroot\ThinkPHP\Common\functions.php 第 977 行.
NOTIC: [8] Undefined index: m D:\wwwroot\jpyc03\wwwroot\ThinkPHP\Common\functions.php 第 977 行.
NOTIC: [8] Undefined index: m D:\wwwroot\jpyc03\wwwroot\ThinkPHP\Common\functions.php 第 977 行.
INFO: Run Behavior\ParseTemplateBehavior [ RunTime:0.038086s ]
INFO: [ view_parse ] --END-- [ RunTime:0.038086s ]
INFO: [ view_filter ] --START--
INFO: Run Behavior\WriteHtmlCacheBehavior [ RunTime:0.000000s ]
INFO: [ view_filter ] --END-- [ RunTime:0.000000s ]
INFO: [ app_end ] --START--
INFO: Run Behavior\ShowPageTraceBehavior [ RunTime:0.001953s ]
INFO: [ app_end ] --END-- [ RunTime:0.001953s ]

[ 2018-03-01T11:39:22+08:00 ] 223.74.133.221 /index.php?s=/Datamodify/structure.html
INFO: [ app_init ] --START--
INFO: Run Behavior\BuildLiteBehavior [ RunTime:0.000000s ]
INFO: [ app_init ] --END-- [ RunTime:0.000977s ]
INFO: [ app_begin ] --START--
INFO: Run Behavior\ReadHtmlCacheBehavior [ RunTime:0.000000s ]
INFO: [ app_begin ] --END-- [ RunTime:0.000000s ]
SQL: SHOW COLUMNS FROM `syd_group` [ RunTime:0.0068s ]
SQL: SELECT * FROM `syd_group` WHERE ( one_id=194 ) LIMIT 1   [ RunTime:0.0020s ]
SQL: SHOW COLUMNS FROM `syd_user` [ RunTime:0.0068s ]
SQL: SELECT `parent_id` FROM `syd_user` WHERE ( userid=194 ) LIMIT 1   [ RunTime:0.0029s ]
SQL: SELECT * FROM `syd_group` WHERE ( one_id=196 ) LIMIT 1   [ RunTime:0.0000s ]
SQL: SELECT * FROM `syd_user` WHERE ( userid=196 ) LIMIT 1   [ RunTime:0.0000s ]
SQL: SELECT * FROM `syd_user` WHERE ( userid=194 ) LIMIT 1   [ RunTime:0.0000s ]
SQL: SELECT * FROM `syd_user` WHERE ( userid=203 ) LIMIT 1   [ RunTime:0.0000s ]
SQL: SELECT * FROM `syd_user` WHERE ( userid=196 ) LIMIT 1   [ RunTime:0.0000s ]
SQL: SELECT * FROM `syd_user` WHERE ( userid=194 ) LIMIT 1   [ RunTime:0.0000s ]
SQL: SELECT * FROM `syd_user` WHERE ( userid=193 ) LIMIT 1   [ RunTime:0.0010s ]
SQL: SELECT * FROM `syd_user` WHERE ( userid=222 ) LIMIT 1   [ RunTime:0.0000s ]
SQL: SELECT * FROM `syd_user` WHERE ( userid=196 ) LIMIT 1   [ RunTime:0.0010s ]
INFO: [ view_parse ] --START--
INFO: [ template_filter ] --START--
INFO: Run Behavior\ContentReplaceBehavior [ RunTime:0.000000s ]
INFO: [ template_filter ] --END-- [ RunTime:0.000976s ]
NOTIC: [8] Use of undefined constant 注册 - assumed '注册' D:\wwwroot\jpyc03\wwwroot\game\Runtime\Cache\Mobile\a8408f5edb351d1a26411f0c601e7cd5.php 第 269 行.
NOTIC: [8] Undefined index: five_username D:\wwwroot\jpyc03\wwwroot\game\Runtime\Cache\Mobile\a8408f5edb351d1a26411f0c601e7cd5.php 第 272 行.
NOTIC: [8] Undefined index: five_parent_account D:\wwwroot\jpyc03\wwwroot\game\Runtime\Cache\Mobile\a8408f5edb351d1a26411f0c601e7cd5.php 第 275 行.
NOTIC: [8] Undefined index: five_parent_username D:\wwwroot\jpyc03\wwwroot\game\Runtime\Cache\Mobile\a8408f5edb351d1a26411f0c601e7cd5.php 第 275 行.
NOTIC: [8] Use of undefined constant 注册 - assumed '注册' D:\wwwroot\jpyc03\wwwroot\game\Runtime\Cache\Mobile\a8408f5edb351d1a26411f0c601e7cd5.php 第 285 行.
NOTIC: [8] Undefined index: six_username D:\wwwroot\jpyc03\wwwroot\game\Runtime\Cache\Mobile\a8408f5edb351d1a26411f0c601e7cd5.php 第 288 行.
NOTIC: [8] Undefined index: six_parent_account D:\wwwroot\jpyc03\wwwroot\game\Runtime\Cache\Mobile\a8408f5edb351d1a26411f0c601e7cd5.php 第 291 行.
NOTIC: [8] Undefined index: six_parent_username D:\wwwroot\jpyc03\wwwroot\game\Runtime\Cache\Mobile\a8408f5edb351d1a26411f0c601e7cd5.php 第 291 行.
INFO: Run Behavior\ParseTemplateBehavior [ RunTime:0.025391s ]
INFO: [ view_parse ] --END-- [ RunTime:0.025391s ]
INFO: [ view_filter ] --START--
INFO: Run Behavior\WriteHtmlCacheBehavior [ RunTime:0.000977s ]
INFO: [ view_filter ] --END-- [ RunTime:0.000977s ]
INFO: [ app_end ] --START--
INFO: Run Behavior\ShowPageTraceBehavior [ RunTime:0.000000s ]
INFO: [ app_end ] --END-- [ RunTime:0.000000s ]

[ 2018-03-01T11:39:22+08:00 ] 223.74.133.221 /index.php?s=/Datamodify/structure.html
INFO: [ app_init ] --START--
INFO: Run Behavior\BuildLiteBehavior [ RunTime:0.000000s ]
INFO: [ app_init ] --END-- [ RunTime:0.000976s ]
INFO: [ app_begin ] --START--
INFO: Run Behavior\ReadHtmlCacheBehavior [ RunTime:0.000977s ]
INFO: [ app_begin ] --END-- [ RunTime:0.000977s ]
SQL: SHOW COLUMNS FROM `syd_group` [ RunTime:0.0117s ]
SQL: SELECT * FROM `syd_group` WHERE ( one_id=194 ) LIMIT 1   [ RunTime:0.0068s ]
SQL: SHOW COLUMNS FROM `syd_user` [ RunTime:0.0107s ]
SQL: SELECT `parent_id` FROM `syd_user` WHERE ( userid=194 ) LIMIT 1   [ RunTime:0.0039s ]
SQL: SELECT * FROM `syd_group` WHERE ( one_id=196 ) LIMIT 1   [ RunTime:0.0000s ]
SQL: SELECT * FROM `syd_user` WHERE ( userid=196 ) LIMIT 1   [ RunTime:0.0000s ]
SQL: SELECT * FROM `syd_user` WHERE ( userid=194 ) LIMIT 1   [ RunTime:0.0000s ]
SQL: SELECT * FROM `syd_user` WHERE ( userid=203 ) LIMIT 1   [ RunTime:0.0000s ]
SQL: SELECT * FROM `syd_user` WHERE ( userid=196 ) LIMIT 1   [ RunTime:0.0000s ]
SQL: SELECT * FROM `syd_user` WHERE ( userid=194 ) LIMIT 1   [ RunTime:0.0000s ]
SQL: SELECT * FROM `syd_user` WHERE ( userid=193 ) LIMIT 1   [ RunTime:0.0000s ]
SQL: SELECT * FROM `syd_user` WHERE ( userid=222 ) LIMIT 1   [ RunTime:0.0010s ]
SQL: SELECT * FROM `syd_user` WHERE ( userid=196 ) LIMIT 1   [ RunTime:0.0000s ]
INFO: [ view_parse ] --START--
INFO: [ template_filter ] --START--
INFO: Run Behavior\ContentReplaceBehavior [ RunTime:0.000000s ]
INFO: [ template_filter ] --END-- [ RunTime:0.000977s ]
NOTIC: [8] Use of undefined constant 注册 - assumed '注册' D:\wwwroot\jpyc03\wwwroot\game\Runtime\Cache\Mobile\a8408f5edb351d1a26411f0c601e7cd5.php 第 269 行.
NOTIC: [8] Undefined index: five_username D:\wwwroot\jpyc03\wwwroot\game\Runtime\Cache\Mobile\a8408f5edb351d1a26411f0c601e7cd5.php 第 272 行.
NOTIC: [8] Undefined index: five_parent_account D:\wwwroot\jpyc03\wwwroot\game\Runtime\Cache\Mobile\a8408f5edb351d1a26411f0c601e7cd5.php 第 275 行.
NOTIC: [8] Undefined index: five_parent_username D:\wwwroot\jpyc03\wwwroot\game\Runtime\Cache\Mobile\a8408f5edb351d1a26411f0c601e7cd5.php 第 275 行.
NOTIC: [8] Use of undefined constant 注册 - assumed '注册' D:\wwwroot\jpyc03\wwwroot\game\Runtime\Cache\Mobile\a8408f5edb351d1a26411f0c601e7cd5.php 第 285 行.
NOTIC: [8] Undefined index: six_username D:\wwwroot\jpyc03\wwwroot\game\Runtime\Cache\Mobile\a8408f5edb351d1a26411f0c601e7cd5.php 第 288 行.
NOTIC: [8] Undefined index: six_parent_account D:\wwwroot\jpyc03\wwwroot\game\Runtime\Cache\Mobile\a8408f5edb351d1a26411f0c601e7cd5.php 第 291 行.
NOTIC: [8] Undefined index: six_parent_username D:\wwwroot\jpyc03\wwwroot\game\Runtime\Cache\Mobile\a8408f5edb351d1a26411f0c601e7cd5.php 第 291 行.
INFO: Run Behavior\ParseTemplateBehavior [ RunTime:0.011719s ]
INFO: [ view_parse ] --END-- [ RunTime:0.012696s ]
INFO: [ view_filter ] --START--
INFO: Run Behavior\WriteHtmlCacheBehavior [ RunTime:0.000000s ]
INFO: [ view_filter ] --END-- [ RunTime:0.000000s ]
INFO: [ app_end ] --START--
INFO: Run Behavior\ShowPageTraceBehavior [ RunTime:0.000976s ]
INFO: [ app_end ] --END-- [ RunTime:0.000976s ]

[ 2018-03-01T11:39:58+08:00 ] 223.74.133.221 /index.php?s=/Index/copyPageTwo.html
INFO: [ app_init ] --START--
INFO: Run Behavior\BuildLiteBehavior [ RunTime:0.000000s ]
INFO: [ app_init ] --END-- [ RunTime:0.000977s ]
INFO: [ app_begin ] --START--
INFO: Run Behavior\ReadHtmlCacheBehavior [ RunTime:0.000000s ]
INFO: [ app_begin ] --END-- [ RunTime:0.000000s ]
SQL: SHOW COLUMNS FROM `syd_user` [ RunTime:0.0127s ]
SQL: SELECT * FROM `syd_user` WHERE ( userid=194 ) LIMIT 1   [ RunTime:0.0010s ]
SQL: SHOW COLUMNS FROM `syd_store` [ RunTime:0.0049s ]
SQL: SELECT * FROM `syd_store` WHERE ( uid=194 ) LIMIT 1   [ RunTime:0.0029s ]
SQL: SHOW COLUMNS FROM `syd_group` [ RunTime:0.0049s ]
SQL: SELECT * FROM `syd_group` WHERE ( one_id=194 ) LIMIT 1   [ RunTime:0.0039s ]
SQL: SELECT `parent_id` FROM `syd_user` WHERE ( userid=194 ) LIMIT 1   [ RunTime:0.0000s ]
SQL: SELECT * FROM `syd_group` WHERE ( one_id=196 ) LIMIT 1   [ RunTime:0.0010s ]
INFO: [ view_parse ] --START--
INFO: [ template_filter ] --START--
INFO: Run Behavior\ContentReplaceBehavior [ RunTime:0.000000s ]
INFO: [ template_filter ] --END-- [ RunTime:0.000000s ]
NOTIC: [8] Undefined index: m D:\wwwroot\jpyc03\wwwroot\ThinkPHP\Common\functions.php 第 977 行.
NOTIC: [8] Undefined index: m D:\wwwroot\jpyc03\wwwroot\ThinkPHP\Common\functions.php 第 977 行.
NOTIC: [8] Undefined index: m D:\wwwroot\jpyc03\wwwroot\ThinkPHP\Common\functions.php 第 977 行.
NOTIC: [8] Undefined index: m D:\wwwroot\jpyc03\wwwroot\ThinkPHP\Common\functions.php 第 977 行.
NOTIC: [8] Undefined index: m D:\wwwroot\jpyc03\wwwroot\ThinkPHP\Common\functions.php 第 977 行.
NOTIC: [8] Undefined index: m D:\wwwroot\jpyc03\wwwroot\ThinkPHP\Common\functions.php 第 977 行.
NOTIC: [8] Undefined index: m D:\wwwroot\jpyc03\wwwroot\ThinkPHP\Common\functions.php 第 977 行.
NOTIC: [8] Undefined index: m D:\wwwroot\jpyc03\wwwroot\ThinkPHP\Common\functions.php 第 977 行.
NOTIC: [8] Undefined index: m D:\wwwroot\jpyc03\wwwroot\ThinkPHP\Common\functions.php 第 977 行.
NOTIC: [8] Undefined index: m D:\wwwroot\jpyc03\wwwroot\ThinkPHP\Common\functions.php 第 977 行.
NOTIC: [8] Undefined index: m D:\wwwroot\jpyc03\wwwroot\ThinkPHP\Common\functions.php 第 977 行.
NOTIC: [8] Undefined index: m D:\wwwroot\jpyc03\wwwroot\ThinkPHP\Common\functions.php 第 977 行.
NOTIC: [8] Undefined index: m D:\wwwroot\jpyc03\wwwroot\ThinkPHP\Common\functions.php 第 977 行.
NOTIC: [8] Undefined index: m D:\wwwroot\jpyc03\wwwroot\ThinkPHP\Common\functions.php 第 977 行.
NOTIC: [8] Undefined index: m D:\wwwroot\jpyc03\wwwroot\ThinkPHP\Common\functions.php 第 977 行.
NOTIC: [8] Undefined index: m D:\wwwroot\jpyc03\wwwroot\ThinkPHP\Common\functions.php 第 977 行.
NOTIC: [8] Undefined index: m D:\wwwroot\jpyc03\wwwroot\ThinkPHP\Common\functions.php 第 977 行.
NOTIC: [8] Undefined index: m D:\wwwroot\jpyc03\wwwroot\ThinkPHP\Common\functions.php 第 977 行.
NOTIC: [8] Undefined index: m D:\wwwroot\jpyc03\wwwroot\ThinkPHP\Common\functions.php 第 977 行.
NOTIC: [8] Undefined index: m D:\wwwroot\jpyc03\wwwroot\ThinkPHP\Common\functions.php 第 977 行.
NOTIC: [8] Undefined index: m D:\wwwroot\jpyc03\wwwroot\ThinkPHP\Common\functions.php 第 977 行.
NOTIC: [8] Undefined index: m D:\wwwroot\jpyc03\wwwroot\ThinkPHP\Common\functions.php 第 977 行.
NOTIC: [8] Undefined index: m D:\wwwroot\jpyc03\wwwroot\ThinkPHP\Common\functions.php 第 977 行.
NOTIC: [8] Undefined index: m D:\wwwroot\jpyc03\wwwroot\ThinkPHP\Common\functions.php 第 977 行.
NOTIC: [8] Undefined index: m D:\wwwroot\jpyc03\wwwroot\ThinkPHP\Common\functions.php 第 977 行.
NOTIC: [8] Undefined index: m D:\wwwroot\jpyc03\wwwroot\ThinkPHP\Common\functions.php 第 977 行.
NOTIC: [8] Undefined index: m D:\wwwroot\jpyc03\wwwroot\ThinkPHP\Common\functions.php 第 977 行.
INFO: Run Behavior\ParseTemplateBehavior [ RunTime:0.015625s ]
INFO: [ view_parse ] --END-- [ RunTime:0.015625s ]
INFO: [ view_filter ] --START--
INFO: Run Behavior\WriteHtmlCacheBehavior [ RunTime:0.000000s ]
INFO: [ view_filter ] --END-- [ RunTime:0.000000s ]
INFO: [ app_end ] --START--
INFO: Run Behavior\ShowPageTraceBehavior [ RunTime:0.000977s ]
INFO: [ app_end ] --END-- [ RunTime:0.000977s ]

[ 2018-03-01T11:40:09+08:00 ] 223.74.133.221 /index.php?s=/financemanagement/finance_detailed.html
INFO: [ app_init ] --START--
INFO: Run Behavior\BuildLiteBehavior [ RunTime:0.000000s ]
INFO: [ app_init ] --END-- [ RunTime:0.000977s ]
INFO: [ app_begin ] --START--
INFO: Run Behavior\ReadHtmlCacheBehavior [ RunTime:0.000000s ]
INFO: [ app_begin ] --END-- [ RunTime:0.000977s ]
SQL: SHOW COLUMNS FROM `syd_getgold_record` [ RunTime:0.0039s ]
SQL: SELECT * FROM `syd_getgold_record` WHERE ( uid=194 ) ORDER BY id desc  [ RunTime:0.0010s ]
SQL: SHOW COLUMNS FROM `syd_getbonus_record` [ RunTime:0.0039s ]
SQL: SELECT * FROM `syd_getbonus_record` WHERE ( uid=194 ) ORDER BY id desc  [ RunTime:0.0010s ]
SQL: SHOW COLUMNS FROM `syd_getbuycarmoney_record` [ RunTime:0.0059s ]
SQL: SELECT * FROM `syd_getbuycarmoney_record` WHERE ( uid=194 ) ORDER BY id desc  [ RunTime:0.0020s ]
SQL: SHOW COLUMNS FROM `syd_agentmoney_record` [ RunTime:0.0059s ]
SQL: SELECT * FROM `syd_agentmoney_record` WHERE ( uid=194 ) ORDER BY id desc  [ RunTime:0.0029s ]
INFO: [ view_parse ] --START--
INFO: [ template_filter ] --START--
INFO: Run Behavior\ContentReplaceBehavior [ RunTime:0.000000s ]
INFO: [ template_filter ] --END-- [ RunTime:0.000976s ]
INFO: Run Behavior\ParseTemplateBehavior [ RunTime:0.043945s ]
INFO: [ view_parse ] --END-- [ RunTime:0.043945s ]
INFO: [ view_filter ] --START--
INFO: Run Behavior\WriteHtmlCacheBehavior [ RunTime:0.000000s ]
INFO: [ view_filter ] --END-- [ RunTime:0.000000s ]
INFO: [ app_end ] --START--
INFO: Run Behavior\ShowPageTraceBehavior [ RunTime:0.000977s ]
INFO: [ app_end ] --END-- [ RunTime:0.000977s ]

[ 2018-03-01T11:40:16+08:00 ] 183.192.201.97 /index.php?s=/Mobile/Index/copyPageTwo.html
INFO: [ app_init ] --START--
INFO: Run Behavior\BuildLiteBehavior [ RunTime:0.000000s ]
INFO: [ app_init ] --END-- [ RunTime:0.000000s ]
INFO: [ app_begin ] --START--
INFO: Run Behavior\ReadHtmlCacheBehavior [ RunTime:0.000000s ]
INFO: [ app_begin ] --END-- [ RunTime:0.001953s ]
NOTIC: [8] Undefined index: m D:\wwwroot\jpyc03\wwwroot\ThinkPHP\Common\functions.php 第 977 行.

[ 2018-03-01T11:40:22+08:00 ] 120.204.17.68 /index.php?s=/Datamodify/structure.html
INFO: [ app_init ] --START--
INFO: Run Behavior\BuildLiteBehavior [ RunTime:0.000000s ]
INFO: [ app_init ] --END-- [ RunTime:0.000000s ]
INFO: [ app_begin ] --START--
INFO: Run Behavior\ReadHtmlCacheBehavior [ RunTime:0.000977s ]
INFO: [ app_begin ] --END-- [ RunTime:0.000977s ]
NOTIC: [8] Undefined index: m D:\wwwroot\jpyc03\wwwroot\ThinkPHP\Common\functions.php 第 977 行.

[ 2018-03-01T11:40:36+08:00 ] 223.74.133.221 /index.php?s=/Index/copyPageTwo.html
INFO: [ app_init ] --START--
INFO: Run Behavior\BuildLiteBehavior [ RunTime:0.000000s ]
INFO: [ app_init ] --END-- [ RunTime:0.000977s ]
INFO: [ app_begin ] --START--
INFO: Run Behavior\ReadHtmlCacheBehavior [ RunTime:0.000977s ]
INFO: [ app_begin ] --END-- [ RunTime:0.000977s ]
SQL: SHOW COLUMNS FROM `syd_user` [ RunTime:0.0078s ]
SQL: SELECT * FROM `syd_user` WHERE ( userid=194 ) LIMIT 1   [ RunTime:0.0049s ]
SQL: SHOW COLUMNS FROM `syd_store` [ RunTime:0.0088s ]
SQL: SELECT * FROM `syd_store` WHERE ( uid=194 ) LIMIT 1   [ RunTime:0.0049s ]
SQL: SHOW COLUMNS FROM `syd_group` [ RunTime:0.0088s ]
SQL: SELECT * FROM `syd_group` WHERE ( one_id=194 ) LIMIT 1   [ RunTime:0.0059s ]
SQL: SELECT `parent_id` FROM `syd_user` WHERE ( userid=194 ) LIMIT 1   [ RunTime:0.0000s ]
SQL: SELECT * FROM `syd_group` WHERE ( one_id=196 ) LIMIT 1   [ RunTime:0.0000s ]
INFO: [ view_parse ] --START--
INFO: [ template_filter ] --START--
INFO: Run Behavior\ContentReplaceBehavior [ RunTime:0.000000s ]
INFO: [ template_filter ] --END-- [ RunTime:0.000000s ]
NOTIC: [8] Undefined index: m D:\wwwroot\jpyc03\wwwroot\ThinkPHP\Common\functions.php 第 977 行.
NOTIC: [8] Undefined index: m D:\wwwroot\jpyc03\wwwroot\ThinkPHP\Common\functions.php 第 977 行.
NOTIC: [8] Undefined index: m D:\wwwroot\jpyc03\wwwroot\ThinkPHP\Common\functions.php 第 977 行.
NOTIC: [8] Undefined index: m D:\wwwroot\jpyc03\wwwroot\ThinkPHP\Common\functions.php 第 977 行.
NOTIC: [8] Undefined index: m D:\wwwroot\jpyc03\wwwroot\ThinkPHP\Common\functions.php 第 977 行.
NOTIC: [8] Undefined index: m D:\wwwroot\jpyc03\wwwroot\ThinkPHP\Common\functions.php 第 977 行.
NOTIC: [8] Undefined index: m D:\wwwroot\jpyc03\wwwroot\ThinkPHP\Common\functions.php 第 977 行.
NOTIC: [8] Undefined index: m D:\wwwroot\jpyc03\wwwroot\ThinkPHP\Common\functions.php 第 977 行.
NOTIC: [8] Undefined index: m D:\wwwroot\jpyc03\wwwroot\ThinkPHP\Common\functions.php 第 977 行.
NOTIC: [8] Undefined index: m D:\wwwroot\jpyc03\wwwroot\ThinkPHP\Common\functions.php 第 977 行.
NOTIC: [8] Undefined index: m D:\wwwroot\jpyc03\wwwroot\ThinkPHP\Common\functions.php 第 977 行.
NOTIC: [8] Undefined index: m D:\wwwroot\jpyc03\wwwroot\ThinkPHP\Common\functions.php 第 977 行.
NOTIC: [8] Undefined index: m D:\wwwroot\jpyc03\wwwroot\ThinkPHP\Common\functions.php 第 977 行.
NOTIC: [8] Undefined index: m D:\wwwroot\jpyc03\wwwroot\ThinkPHP\Common\functions.php 第 977 行.
NOTIC: [8] Undefined index: m D:\wwwroot\jpyc03\wwwroot\ThinkPHP\Common\functions.php 第 977 行.
NOTIC: [8] Undefined index: m D:\wwwroot\jpyc03\wwwroot\ThinkPHP\Common\functions.php 第 977 行.
NOTIC: [8] Undefined index: m D:\wwwroot\jpyc03\wwwroot\ThinkPHP\Common\functions.php 第 977 行.
NOTIC: [8] Undefined index: m D:\wwwroot\jpyc03\wwwroot\ThinkPHP\Common\functions.php 第 977 行.
NOTIC: [8] Undefined index: m D:\wwwroot\jpyc03\wwwroot\ThinkPHP\Common\functions.php 第 977 行.
NOTIC: [8] Undefined index: m D:\wwwroot\jpyc03\wwwroot\ThinkPHP\Common\functions.php 第 977 行.
NOTIC: [8] Undefined index: m D:\wwwroot\jpyc03\wwwroot\ThinkPHP\Common\functions.php 第 977 行.
NOTIC: [8] Undefined index: m D:\wwwroot\jpyc03\wwwroot\ThinkPHP\Common\functions.php 第 977 行.
NOTIC: [8] Undefined index: m D:\wwwroot\jpyc03\wwwroot\ThinkPHP\Common\functions.php 第 977 行.
NOTIC: [8] Undefined index: m D:\wwwroot\jpyc03\wwwroot\ThinkPHP\Common\functions.php 第 977 行.
NOTIC: [8] Undefined index: m D:\wwwroot\jpyc03\wwwroot\ThinkPHP\Common\functions.php 第 977 行.
NOTIC: [8] Undefined index: m D:\wwwroot\jpyc03\wwwroot\ThinkPHP\Common\functions.php 第 977 行.
NOTIC: [8] Undefined index: m D:\wwwroot\jpyc03\wwwroot\ThinkPHP\Common\functions.php 第 977 行.
INFO: Run Behavior\ParseTemplateBehavior [ RunTime:0.018555s ]
INFO: [ view_parse ] --END-- [ RunTime:0.018555s ]
INFO: [ view_filter ] --START--
INFO: Run Behavior\WriteHtmlCacheBehavior [ RunTime:0.000000s ]
INFO: [ view_filter ] --END-- [ RunTime:0.000000s ]
INFO: [ app_end ] --START--
INFO: Run Behavior\ShowPageTraceBehavior [ RunTime:0.000977s ]
INFO: [ app_end ] --END-- [ RunTime:0.000977s ]

[ 2018-03-01T11:40:57+08:00 ] 183.192.201.97 /index.php?s=/Index/copyPageTwo.html
INFO: [ app_init ] --START--
INFO: Run Behavior\BuildLiteBehavior [ RunTime:0.000000s ]
INFO: [ app_init ] --END-- [ RunTime:0.001953s ]
INFO: [ app_begin ] --START--
INFO: Run Behavior\ReadHtmlCacheBehavior [ RunTime:0.001953s ]
INFO: [ app_begin ] --END-- [ RunTime:0.001953s ]
NOTIC: [8] Undefined index: m D:\wwwroot\jpyc03\wwwroot\ThinkPHP\Common\functions.php 第 977 行.

[ 2018-03-01T11:41:09+08:00 ] 120.204.17.73 /index.php?s=/financemanagement/finance_detailed.html
INFO: [ app_init ] --START--
INFO: Run Behavior\BuildLiteBehavior [ RunTime:0.000000s ]
INFO: [ app_init ] --END-- [ RunTime:0.000976s ]
INFO: [ app_begin ] --START--
INFO: Run Behavior\ReadHtmlCacheBehavior [ RunTime:0.000977s ]
INFO: [ app_begin ] --END-- [ RunTime:0.000977s ]
NOTIC: [8] Undefined index: m D:\wwwroot\jpyc03\wwwroot\ThinkPHP\Common\functions.php 第 977 行.

[ 2018-03-01T12:52:59+08:00 ] 13.56.229.65 /
INFO: [ app_init ] --START--
INFO: Run Behavior\BuildLiteBehavior [ RunTime:0.000000s ]
INFO: [ app_init ] --END-- [ RunTime:0.000977s ]
INFO: [ app_begin ] --START--
INFO: Run Behavior\ReadHtmlCacheBehavior [ RunTime:0.000000s ]
INFO: [ app_begin ] --END-- [ RunTime:0.000000s ]
NOTIC: [8] Undefined index: m D:\wwwroot\jpyc03\wwwroot\ThinkPHP\Common\functions.php 第 977 行.

[ 2018-03-01T12:53:00+08:00 ] 13.56.229.65 /index.php?s=/Regus/login.html
INFO: [ app_init ] --START--
INFO: Run Behavior\BuildLiteBehavior [ RunTime:0.000000s ]
INFO: [ app_init ] --END-- [ RunTime:0.000000s ]
INFO: [ app_begin ] --START--
INFO: Run Behavior\ReadHtmlCacheBehavior [ RunTime:0.000977s ]
INFO: [ app_begin ] --END-- [ RunTime:0.000977s ]
INFO: [ view_parse ] --START--
INFO: [ template_filter ] --START--
INFO: Run Behavior\ContentReplaceBehavior [ RunTime:0.000000s ]
INFO: [ template_filter ] --END-- [ RunTime:0.000977s ]
NOTIC: [8] Undefined index: m D:\wwwroot\jpyc03\wwwroot\ThinkPHP\Common\functions.php 第 977 行.
INFO: Run Behavior\ParseTemplateBehavior [ RunTime:0.020508s ]
INFO: [ view_parse ] --END-- [ RunTime:0.020508s ]
INFO: [ view_filter ] --START--
INFO: Run Behavior\WriteHtmlCacheBehavior [ RunTime:0.001953s ]
INFO: [ view_filter ] --END-- [ RunTime:0.001953s ]
INFO: [ app_end ] --START--
INFO: Run Behavior\ShowPageTraceBehavior [ RunTime:0.000000s ]
INFO: [ app_end ] --END-- [ RunTime:0.000000s ]

[ 2018-03-01T16:18:07+08:00 ] 14.116.137.167 /
INFO: [ app_init ] --START--
INFO: Run Behavior\BuildLiteBehavior [ RunTime:0.000976s ]
INFO: [ app_init ] --END-- [ RunTime:0.001953s ]
INFO: [ app_begin ] --START--
INFO: Run Behavior\ReadHtmlCacheBehavior [ RunTime:0.000976s ]
INFO: [ app_begin ] --END-- [ RunTime:0.000976s ]
NOTIC: [8] Undefined index: m D:\wwwroot\jpyc03\wwwroot\ThinkPHP\Common\functions.php 第 977 行.

[ 2018-03-01T16:18:07+08:00 ] 14.116.137.167 /
INFO: [ app_init ] --START--
INFO: Run Behavior\BuildLiteBehavior [ RunTime:0.000000s ]
INFO: [ app_init ] --END-- [ RunTime:0.000000s ]
INFO: [ app_begin ] --START--
INFO: Run Behavior\ReadHtmlCacheBehavior [ RunTime:0.000976s ]
INFO: [ app_begin ] --END-- [ RunTime:0.000976s ]
NOTIC: [8] Undefined index: m D:\wwwroot\jpyc03\wwwroot\ThinkPHP\Common\functions.php 第 977 行.

[ 2018-03-01T16:18:07+08:00 ] 14.116.137.167 /index.php?s=/Regus/login.html
INFO: [ app_init ] --START--
INFO: Run Behavior\BuildLiteBehavior [ RunTime:0.000000s ]
INFO: [ app_init ] --END-- [ RunTime:0.000000s ]
INFO: [ app_begin ] --START--
INFO: Run Behavior\ReadHtmlCacheBehavior [ RunTime:0.000976s ]
INFO: [ app_begin ] --END-- [ RunTime:0.000976s ]
INFO: [ view_parse ] --START--
INFO: [ template_filter ] --START--
INFO: Run Behavior\ContentReplaceBehavior [ RunTime:0.000000s ]
INFO: [ template_filter ] --END-- [ RunTime:0.000000s ]
NOTIC: [8] Undefined index: m D:\wwwroot\jpyc03\wwwroot\ThinkPHP\Common\functions.php 第 977 行.
INFO: Run Behavior\ParseTemplateBehavior [ RunTime:0.019532s ]
INFO: [ view_parse ] --END-- [ RunTime:0.019532s ]
INFO: [ view_filter ] --START--
INFO: Run Behavior\WriteHtmlCacheBehavior [ RunTime:0.000000s ]
INFO: [ view_filter ] --END-- [ RunTime:0.000000s ]
INFO: [ app_end ] --START--
INFO: Run Behavior\ShowPageTraceBehavior [ RunTime:0.001953s ]
INFO: [ app_end ] --END-- [ RunTime:0.001953s ]

[ 2018-03-01T16:18:21+08:00 ] 14.116.137.167 /index.php?s=/Mobile/Regus/testid.html
INFO: [ app_init ] --START--
INFO: Run Behavior\BuildLiteBehavior [ RunTime:0.000000s ]
INFO: [ app_init ] --END-- [ RunTime:0.000000s ]
INFO: [ app_begin ] --START--
INFO: Run Behavior\ReadHtmlCacheBehavior [ RunTime:0.000977s ]
INFO: [ app_begin ] --END-- [ RunTime:0.000977s ]
SQL: SHOW COLUMNS FROM `syd_user` [ RunTime:0.0059s ]
SQL: SELECT * FROM `syd_user` WHERE ( account='13823896253' ) LIMIT 1   [ RunTime:0.0039s ]

[ 2018-03-01T16:18:21+08:00 ] 14.116.137.167 /index.php?s=/Mobile/Index/copyPageTwo.html
INFO: [ app_init ] --START--
INFO: Run Behavior\BuildLiteBehavior [ RunTime:0.000000s ]
INFO: [ app_init ] --END-- [ RunTime:0.000977s ]
INFO: [ app_begin ] --START--
INFO: Run Behavior\ReadHtmlCacheBehavior [ RunTime:0.001953s ]
INFO: [ app_begin ] --END-- [ RunTime:0.001953s ]
SQL: SHOW COLUMNS FROM `syd_user` [ RunTime:0.0078s ]
SQL: SELECT * FROM `syd_user` WHERE ( userid=194 ) LIMIT 1   [ RunTime:0.0049s ]
SQL: SHOW COLUMNS FROM `syd_store` [ RunTime:0.0098s ]
SQL: SELECT * FROM `syd_store` WHERE ( uid=194 ) LIMIT 1   [ RunTime:0.0020s ]
SQL: SHOW COLUMNS FROM `syd_group` [ RunTime:0.0078s ]
SQL: SELECT * FROM `syd_group` WHERE ( one_id=194 ) LIMIT 1   [ RunTime:0.0049s ]
SQL: SELECT `parent_id` FROM `syd_user` WHERE ( userid=194 ) LIMIT 1   [ RunTime:0.0000s ]
SQL: SELECT * FROM `syd_group` WHERE ( one_id=196 ) LIMIT 1   [ RunTime:0.0000s ]
INFO: [ view_parse ] --START--
INFO: [ template_filter ] --START--
INFO: Run Behavior\ContentReplaceBehavior [ RunTime:0.001953s ]
INFO: [ template_filter ] --END-- [ RunTime:0.001953s ]
NOTIC: [8] Undefined index: m D:\wwwroot\jpyc03\wwwroot\ThinkPHP\Common\functions.php 第 977 行.
NOTIC: [8] Undefined index: m D:\wwwroot\jpyc03\wwwroot\ThinkPHP\Common\functions.php 第 977 行.
NOTIC: [8] Undefined index: m D:\wwwroot\jpyc03\wwwroot\ThinkPHP\Common\functions.php 第 977 行.
NOTIC: [8] Undefined index: m D:\wwwroot\jpyc03\wwwroot\ThinkPHP\Common\functions.php 第 977 行.
NOTIC: [8] Undefined index: m D:\wwwroot\jpyc03\wwwroot\ThinkPHP\Common\functions.php 第 977 行.
NOTIC: [8] Undefined index: m D:\wwwroot\jpyc03\wwwroot\ThinkPHP\Common\functions.php 第 977 行.
NOTIC: [8] Undefined index: m D:\wwwroot\jpyc03\wwwroot\ThinkPHP\Common\functions.php 第 977 行.
NOTIC: [8] Undefined index: m D:\wwwroot\jpyc03\wwwroot\ThinkPHP\Common\functions.php 第 977 行.
NOTIC: [8] Undefined index: m D:\wwwroot\jpyc03\wwwroot\ThinkPHP\Common\functions.php 第 977 行.
NOTIC: [8] Undefined index: m D:\wwwroot\jpyc03\wwwroot\ThinkPHP\Common\functions.php 第 977 行.
NOTIC: [8] Undefined index: m D:\wwwroot\jpyc03\wwwroot\ThinkPHP\Common\functions.php 第 977 行.
NOTIC: [8] Undefined index: m D:\wwwroot\jpyc03\wwwroot\ThinkPHP\Common\functions.php 第 977 行.
NOTIC: [8] Undefined index: m D:\wwwroot\jpyc03\wwwroot\ThinkPHP\Common\functions.php 第 977 行.
NOTIC: [8] Undefined index: m D:\wwwroot\jpyc03\wwwroot\ThinkPHP\Common\functions.php 第 977 行.
NOTIC: [8] Undefined index: m D:\wwwroot\jpyc03\wwwroot\ThinkPHP\Common\functions.php 第 977 行.
NOTIC: [8] Undefined index: m D:\wwwroot\jpyc03\wwwroot\ThinkPHP\Common\functions.php 第 977 行.
NOTIC: [8] Undefined index: m D:\wwwroot\jpyc03\wwwroot\ThinkPHP\Common\functions.php 第 977 行.
NOTIC: [8] Undefined index: m D:\wwwroot\jpyc03\wwwroot\ThinkPHP\Common\functions.php 第 977 行.
NOTIC: [8] Undefined index: m D:\wwwroot\jpyc03\wwwroot\ThinkPHP\Common\functions.php 第 977 行.
NOTIC: [8] Undefined index: m D:\wwwroot\jpyc03\wwwroot\ThinkPHP\Common\functions.php 第 977 行.
NOTIC: [8] Undefined index: m D:\wwwroot\jpyc03\wwwroot\ThinkPHP\Common\functions.php 第 977 行.
NOTIC: [8] Undefined index: m D:\wwwroot\jpyc03\wwwroot\ThinkPHP\Common\functions.php 第 977 行.
NOTIC: [8] Undefined index: m D:\wwwroot\jpyc03\wwwroot\ThinkPHP\Common\functions.php 第 977 行.
NOTIC: [8] Undefined index: m D:\wwwroot\jpyc03\wwwroot\ThinkPHP\Common\functions.php 第 977 行.
NOTIC: [8] Undefined index: m D:\wwwroot\jpyc03\wwwroot\ThinkPHP\Common\functions.php 第 977 行.
NOTIC: [8] Undefined index: m D:\wwwroot\jpyc03\wwwroot\ThinkPHP\Common\functions.php 第 977 行.
NOTIC: [8] Undefined index: m D:\wwwroot\jpyc03\wwwroot\ThinkPHP\Common\functions.php 第 977 行.
INFO: Run Behavior\ParseTemplateBehavior [ RunTime:0.015625s ]
INFO: [ view_parse ] --END-- [ RunTime:0.015625s ]
INFO: [ view_filter ] --START--
INFO: Run Behavior\WriteHtmlCacheBehavior [ RunTime:0.000977s ]
INFO: [ view_filter ] --END-- [ RunTime:0.000977s ]
INFO: [ app_end ] --START--
INFO: Run Behavior\ShowPageTraceBehavior [ RunTime:0.000976s ]
INFO: [ app_end ] --END-- [ RunTime:0.000976s ]

[ 2018-03-01T16:18:22+08:00 ] 14.116.137.167 /index.php?s=/Mobile/Index/copyPageTwo.html
INFO: [ app_init ] --START--
INFO: Run Behavior\BuildLiteBehavior [ RunTime:0.000000s ]
INFO: [ app_init ] --END-- [ RunTime:0.000000s ]
INFO: [ app_begin ] --START--
INFO: Run Behavior\ReadHtmlCacheBehavior [ RunTime:0.000977s ]
INFO: [ app_begin ] --END-- [ RunTime:0.000977s ]
SQL: SHOW COLUMNS FROM `syd_user` [ RunTime:0.0039s ]
SQL: SELECT * FROM `syd_user` WHERE ( userid=194 ) LIMIT 1   [ RunTime:0.0020s ]
SQL: SHOW COLUMNS FROM `syd_store` [ RunTime:0.0059s ]
SQL: SELECT * FROM `syd_store` WHERE ( uid=194 ) LIMIT 1   [ RunTime:0.0029s ]
SQL: SHOW COLUMNS FROM `syd_group` [ RunTime:0.0039s ]
SQL: SELECT * FROM `syd_group` WHERE ( one_id=194 ) LIMIT 1   [ RunTime:0.0020s ]
SQL: SELECT `parent_id` FROM `syd_user` WHERE ( userid=194 ) LIMIT 1   [ RunTime:0.0000s ]
SQL: SELECT * FROM `syd_group` WHERE ( one_id=196 ) LIMIT 1   [ RunTime:0.0000s ]
INFO: [ view_parse ] --START--
INFO: [ template_filter ] --START--
INFO: Run Behavior\ContentReplaceBehavior [ RunTime:0.000000s ]
INFO: [ template_filter ] --END-- [ RunTime:0.000000s ]
NOTIC: [8] Undefined index: m D:\wwwroot\jpyc03\wwwroot\ThinkPHP\Common\functions.php 第 977 行.
NOTIC: [8] Undefined index: m D:\wwwroot\jpyc03\wwwroot\ThinkPHP\Common\functions.php 第 977 行.
NOTIC: [8] Undefined index: m D:\wwwroot\jpyc03\wwwroot\ThinkPHP\Common\functions.php 第 977 行.
NOTIC: [8] Undefined index: m D:\wwwroot\jpyc03\wwwroot\ThinkPHP\Common\functions.php 第 977 行.
NOTIC: [8] Undefined index: m D:\wwwroot\jpyc03\wwwroot\ThinkPHP\Common\functions.php 第 977 行.
NOTIC: [8] Undefined index: m D:\wwwroot\jpyc03\wwwroot\ThinkPHP\Common\functions.php 第 977 行.
NOTIC: [8] Undefined index: m D:\wwwroot\jpyc03\wwwroot\ThinkPHP\Common\functions.php 第 977 行.
NOTIC: [8] Undefined index: m D:\wwwroot\jpyc03\wwwroot\ThinkPHP\Common\functions.php 第 977 行.
NOTIC: [8] Undefined index: m D:\wwwroot\jpyc03\wwwroot\ThinkPHP\Common\functions.php 第 977 行.
NOTIC: [8] Undefined index: m D:\wwwroot\jpyc03\wwwroot\ThinkPHP\Common\functions.php 第 977 行.
NOTIC: [8] Undefined index: m D:\wwwroot\jpyc03\wwwroot\ThinkPHP\Common\functions.php 第 977 行.
NOTIC: [8] Undefined index: m D:\wwwroot\jpyc03\wwwroot\ThinkPHP\Common\functions.php 第 977 行.
NOTIC: [8] Undefined index: m D:\wwwroot\jpyc03\wwwroot\ThinkPHP\Common\functions.php 第 977 行.
NOTIC: [8] Undefined index: m D:\wwwroot\jpyc03\wwwroot\ThinkPHP\Common\functions.php 第 977 行.
NOTIC: [8] Undefined index: m D:\wwwroot\jpyc03\wwwroot\ThinkPHP\Common\functions.php 第 977 行.
NOTIC: [8] Undefined index: m D:\wwwroot\jpyc03\wwwroot\ThinkPHP\Common\functions.php 第 977 行.
NOTIC: [8] Undefined index: m D:\wwwroot\jpyc03\wwwroot\ThinkPHP\Common\functions.php 第 977 行.
NOTIC: [8] Undefined index: m D:\wwwroot\jpyc03\wwwroot\ThinkPHP\Common\functions.php 第 977 行.
NOTIC: [8] Undefined index: m D:\wwwroot\jpyc03\wwwroot\ThinkPHP\Common\functions.php 第 977 行.
NOTIC: [8] Undefined index: m D:\wwwroot\jpyc03\wwwroot\ThinkPHP\Common\functions.php 第 977 行.
NOTIC: [8] Undefined index: m D:\wwwroot\jpyc03\wwwroot\ThinkPHP\Common\functions.php 第 977 行.
NOTIC: [8] Undefined index: m D:\wwwroot\jpyc03\wwwroot\ThinkPHP\Common\functions.php 第 977 行.
NOTIC: [8] Undefined index: m D:\wwwroot\jpyc03\wwwroot\ThinkPHP\Common\functions.php 第 977 行.
NOTIC: [8] Undefined index: m D:\wwwroot\jpyc03\wwwroot\ThinkPHP\Common\functions.php 第 977 行.
NOTIC: [8] Undefined index: m D:\wwwroot\jpyc03\wwwroot\ThinkPHP\Common\functions.php 第 977 行.
NOTIC: [8] Undefined index: m D:\wwwroot\jpyc03\wwwroot\ThinkPHP\Common\functions.php 第 977 行.
NOTIC: [8] Undefined index: m D:\wwwroot\jpyc03\wwwroot\ThinkPHP\Common\functions.php 第 977 行.
INFO: Run Behavior\ParseTemplateBehavior [ RunTime:0.016601s ]
INFO: [ view_parse ] --END-- [ RunTime:0.016601s ]
INFO: [ view_filter ] --START--
INFO: Run Behavior\WriteHtmlCacheBehavior [ RunTime:0.000000s ]
INFO: [ view_filter ] --END-- [ RunTime:0.000000s ]
INFO: [ app_end ] --START--
INFO: Run Behavior\ShowPageTraceBehavior [ RunTime:0.000977s ]
INFO: [ app_end ] --END-- [ RunTime:0.000977s ]

[ 2018-03-01T16:18:52+08:00 ] 14.116.137.167 /index.php?s=/Mobile/Regus/testid.html
INFO: [ app_init ] --START--
INFO: Run Behavior\BuildLiteBehavior [ RunTime:0.000000s ]
INFO: [ app_init ] --END-- [ RunTime:0.000977s ]
INFO: [ app_begin ] --START--
INFO: Run Behavior\ReadHtmlCacheBehavior [ RunTime:0.000977s ]
INFO: [ app_begin ] --END-- [ RunTime:0.000977s ]
SQL: SHOW COLUMNS FROM `syd_user` [ RunTime:0.0059s ]
SQL: SELECT * FROM `syd_user` WHERE ( account='13923033533' ) LIMIT 1   [ RunTime:0.0020s ]

[ 2018-03-01T16:18:52+08:00 ] 14.116.137.167 /index.php?s=/Mobile/Index/copyPageTwo.html
INFO: [ app_init ] --START--
INFO: Run Behavior\BuildLiteBehavior [ RunTime:0.000000s ]
INFO: [ app_init ] --END-- [ RunTime:0.000976s ]
INFO: [ app_begin ] --START--
INFO: Run Behavior\ReadHtmlCacheBehavior [ RunTime:0.000977s ]
INFO: [ app_begin ] --END-- [ RunTime:0.000977s ]
SQL: SHOW COLUMNS FROM `syd_user` [ RunTime:0.0068s ]
SQL: SELECT * FROM `syd_user` WHERE ( userid=210 ) LIMIT 1   [ RunTime:0.0020s ]
SQL: SHOW COLUMNS FROM `syd_store` [ RunTime:0.0029s ]
SQL: SELECT * FROM `syd_store` WHERE ( uid=210 ) LIMIT 1   [ RunTime:0.0068s ]
SQL: SHOW COLUMNS FROM `syd_group` [ RunTime:0.0029s ]
SQL: SELECT * FROM `syd_group` WHERE ( one_id=210 ) LIMIT 1   [ RunTime:0.0000s ]
SQL: SELECT `parent_id` FROM `syd_user` WHERE ( userid=210 ) LIMIT 1   [ RunTime:0.0000s ]
SQL: SELECT * FROM `syd_group` WHERE ( one_id=201 ) LIMIT 1   [ RunTime:0.0010s ]
INFO: [ view_parse ] --START--
INFO: [ template_filter ] --START--
INFO: Run Behavior\ContentReplaceBehavior [ RunTime:0.000000s ]
INFO: [ template_filter ] --END-- [ RunTime:0.000976s ]
NOTIC: [8] Undefined index: m D:\wwwroot\jpyc03\wwwroot\ThinkPHP\Common\functions.php 第 977 行.
NOTIC: [8] Undefined index: m D:\wwwroot\jpyc03\wwwroot\ThinkPHP\Common\functions.php 第 977 行.
NOTIC: [8] Undefined index: m D:\wwwroot\jpyc03\wwwroot\ThinkPHP\Common\functions.php 第 977 行.
NOTIC: [8] Undefined index: m D:\wwwroot\jpyc03\wwwroot\ThinkPHP\Common\functions.php 第 977 行.
NOTIC: [8] Undefined index: m D:\wwwroot\jpyc03\wwwroot\ThinkPHP\Common\functions.php 第 977 行.
NOTIC: [8] Undefined index: m D:\wwwroot\jpyc03\wwwroot\ThinkPHP\Common\functions.php 第 977 行.
NOTIC: [8] Undefined index: m D:\wwwroot\jpyc03\wwwroot\ThinkPHP\Common\functions.php 第 977 行.
NOTIC: [8] Undefined index: m D:\wwwroot\jpyc03\wwwroot\ThinkPHP\Common\functions.php 第 977 行.
NOTIC: [8] Undefined index: m D:\wwwroot\jpyc03\wwwroot\ThinkPHP\Common\functions.php 第 977 行.
NOTIC: [8] Undefined index: m D:\wwwroot\jpyc03\wwwroot\ThinkPHP\Common\functions.php 第 977 行.
NOTIC: [8] Undefined index: m D:\wwwroot\jpyc03\wwwroot\ThinkPHP\Common\functions.php 第 977 行.
NOTIC: [8] Undefined index: m D:\wwwroot\jpyc03\wwwroot\ThinkPHP\Common\functions.php 第 977 行.
NOTIC: [8] Undefined index: m D:\wwwroot\jpyc03\wwwroot\ThinkPHP\Common\functions.php 第 977 行.
NOTIC: [8] Undefined index: m D:\wwwroot\jpyc03\wwwroot\ThinkPHP\Common\functions.php 第 977 行.
NOTIC: [8] Undefined index: m D:\wwwroot\jpyc03\wwwroot\ThinkPHP\Common\functions.php 第 977 行.
NOTIC: [8] Undefined index: m D:\wwwroot\jpyc03\wwwroot\ThinkPHP\Common\functions.php 第 977 行.
NOTIC: [8] Undefined index: m D:\wwwroot\jpyc03\wwwroot\ThinkPHP\Common\functions.php 第 977 行.
NOTIC: [8] Undefined index: m D:\wwwroot\jpyc03\wwwroot\ThinkPHP\Common\functions.php 第 977 行.
NOTIC: [8] Undefined index: m D:\wwwroot\jpyc03\wwwroot\ThinkPHP\Common\functions.php 第 977 行.
NOTIC: [8] Undefined index: m D:\wwwroot\jpyc03\wwwroot\ThinkPHP\Common\functions.php 第 977 行.
NOTIC: [8] Undefined index: m D:\wwwroot\jpyc03\wwwroot\ThinkPHP\Common\functions.php 第 977 行.
NOTIC: [8] Undefined index: m D:\wwwroot\jpyc03\wwwroot\ThinkPHP\Common\functions.php 第 977 行.
NOTIC: [8] Undefined index: m D:\wwwroot\jpyc03\wwwroot\ThinkPHP\Common\functions.php 第 977 行.
NOTIC: [8] Undefined index: m D:\wwwroot\jpyc03\wwwroot\ThinkPHP\Common\functions.php 第 977 行.
NOTIC: [8] Undefined index: m D:\wwwroot\jpyc03\wwwroot\ThinkPHP\Common\functions.php 第 977 行.
NOTIC: [8] Undefined index: m D:\wwwroot\jpyc03\wwwroot\ThinkPHP\Common\functions.php 第 977 行.
NOTIC: [8] Undefined index: m D:\wwwroot\jpyc03\wwwroot\ThinkPHP\Common\functions.php 第 977 行.
INFO: Run Behavior\ParseTemplateBehavior [ RunTime:0.017578s ]
INFO: [ view_parse ] --END-- [ RunTime:0.017578s ]
INFO: [ view_filter ] --START--
INFO: Run Behavior\WriteHtmlCacheBehavior [ RunTime:0.000000s ]
INFO: [ view_filter ] --END-- [ RunTime:0.000000s ]
INFO: [ app_end ] --START--
INFO: Run Behavior\ShowPageTraceBehavior [ RunTime:0.000976s ]
INFO: [ app_end ] --END-- [ RunTime:0.000976s ]

[ 2018-03-01T16:18:53+08:00 ] 14.116.137.167 /index.php?s=/Mobile/Index/copyPageTwo.html
INFO: [ app_init ] --START--
INFO: Run Behavior\BuildLiteBehavior [ RunTime:0.000976s ]
INFO: [ app_init ] --END-- [ RunTime:0.000976s ]
INFO: [ app_begin ] --START--
INFO: Run Behavior\ReadHtmlCacheBehavior [ RunTime:0.000977s ]
INFO: [ app_begin ] --END-- [ RunTime:0.000977s ]
SQL: SHOW COLUMNS FROM `syd_user` [ RunTime:0.0049s ]
SQL: SELECT * FROM `syd_user` WHERE ( userid=210 ) LIMIT 1   [ RunTime:0.0020s ]
SQL: SHOW COLUMNS FROM `syd_store` [ RunTime:0.0088s ]
SQL: SELECT * FROM `syd_store` WHERE ( uid=210 ) LIMIT 1   [ RunTime:0.0020s ]
SQL: SHOW COLUMNS FROM `syd_group` [ RunTime:0.0078s ]
SQL: SELECT * FROM `syd_group` WHERE ( one_id=210 ) LIMIT 1   [ RunTime:0.0049s ]
SQL: SELECT `parent_id` FROM `syd_user` WHERE ( userid=210 ) LIMIT 1   [ RunTime:0.0000s ]
SQL: SELECT * FROM `syd_group` WHERE ( one_id=201 ) LIMIT 1   [ RunTime:0.0000s ]
INFO: [ view_parse ] --START--
INFO: [ template_filter ] --START--
INFO: Run Behavior\ContentReplaceBehavior [ RunTime:0.000976s ]
INFO: [ template_filter ] --END-- [ RunTime:0.000976s ]
NOTIC: [8] Undefined index: m D:\wwwroot\jpyc03\wwwroot\ThinkPHP\Common\functions.php 第 977 行.
NOTIC: [8] Undefined index: m D:\wwwroot\jpyc03\wwwroot\ThinkPHP\Common\functions.php 第 977 行.
NOTIC: [8] Undefined index: m D:\wwwroot\jpyc03\wwwroot\ThinkPHP\Common\functions.php 第 977 行.
NOTIC: [8] Undefined index: m D:\wwwroot\jpyc03\wwwroot\ThinkPHP\Common\functions.php 第 977 行.
NOTIC: [8] Undefined index: m D:\wwwroot\jpyc03\wwwroot\ThinkPHP\Common\functions.php 第 977 行.
NOTIC: [8] Undefined index: m D:\wwwroot\jpyc03\wwwroot\ThinkPHP\Common\functions.php 第 977 行.
NOTIC: [8] Undefined index: m D:\wwwroot\jpyc03\wwwroot\ThinkPHP\Common\functions.php 第 977 行.
NOTIC: [8] Undefined index: m D:\wwwroot\jpyc03\wwwroot\ThinkPHP\Common\functions.php 第 977 行.
NOTIC: [8] Undefined index: m D:\wwwroot\jpyc03\wwwroot\ThinkPHP\Common\functions.php 第 977 行.
NOTIC: [8] Undefined index: m D:\wwwroot\jpyc03\wwwroot\ThinkPHP\Common\functions.php 第 977 行.
NOTIC: [8] Undefined index: m D:\wwwroot\jpyc03\wwwroot\ThinkPHP\Common\functions.php 第 977 行.
NOTIC: [8] Undefined index: m D:\wwwroot\jpyc03\wwwroot\ThinkPHP\Common\functions.php 第 977 行.
NOTIC: [8] Undefined index: m D:\wwwroot\jpyc03\wwwroot\ThinkPHP\Common\functions.php 第 977 行.
NOTIC: [8] Undefined index: m D:\wwwroot\jpyc03\wwwroot\ThinkPHP\Common\functions.php 第 977 行.
NOTIC: [8] Undefined index: m D:\wwwroot\jpyc03\wwwroot\ThinkPHP\Common\functions.php 第 977 行.
NOTIC: [8] Undefined index: m D:\wwwroot\jpyc03\wwwroot\ThinkPHP\Common\functions.php 第 977 行.
NOTIC: [8] Undefined index: m D:\wwwroot\jpyc03\wwwroot\ThinkPHP\Common\functions.php 第 977 行.
NOTIC: [8] Undefined index: m D:\wwwroot\jpyc03\wwwroot\ThinkPHP\Common\functions.php 第 977 行.
NOTIC: [8] Undefined index: m D:\wwwroot\jpyc03\wwwroot\ThinkPHP\Common\functions.php 第 977 行.
NOTIC: [8] Undefined index: m D:\wwwroot\jpyc03\wwwroot\ThinkPHP\Common\functions.php 第 977 行.
NOTIC: [8] Undefined index: m D:\wwwroot\jpyc03\wwwroot\ThinkPHP\Common\functions.php 第 977 行.
NOTIC: [8] Undefined index: m D:\wwwroot\jpyc03\wwwroot\ThinkPHP\Common\functions.php 第 977 行.
NOTIC: [8] Undefined index: m D:\wwwroot\jpyc03\wwwroot\ThinkPHP\Common\functions.php 第 977 行.
NOTIC: [8] Undefined index: m D:\wwwroot\jpyc03\wwwroot\ThinkPHP\Common\functions.php 第 977 行.
NOTIC: [8] Undefined index: m D:\wwwroot\jpyc03\wwwroot\ThinkPHP\Common\functions.php 第 977 行.
NOTIC: [8] Undefined index: m D:\wwwroot\jpyc03\wwwroot\ThinkPHP\Common\functions.php 第 977 行.
NOTIC: [8] Undefined index: m D:\wwwroot\jpyc03\wwwroot\ThinkPHP\Common\functions.php 第 977 行.
INFO: Run Behavior\ParseTemplateBehavior [ RunTime:0.021484s ]
INFO: [ view_parse ] --END-- [ RunTime:0.021484s ]
INFO: [ view_filter ] --START--
INFO: Run Behavior\WriteHtmlCacheBehavior [ RunTime:0.000977s ]
INFO: [ view_filter ] --END-- [ RunTime:0.000977s ]
INFO: [ app_end ] --START--
INFO: Run Behavior\ShowPageTraceBehavior [ RunTime:0.000000s ]
INFO: [ app_end ] --END-- [ RunTime:0.000976s ]

[ 2018-03-01T16:19:07+08:00 ] 120.204.17.71 /index.php?s=/Regus/login.html
INFO: [ app_init ] --START--
INFO: Run Behavior\BuildLiteBehavior [ RunTime:0.000000s ]
INFO: [ app_init ] --END-- [ RunTime:0.000000s ]
INFO: [ app_begin ] --START--
INFO: Run Behavior\ReadHtmlCacheBehavior [ RunTime:0.000000s ]
INFO: [ app_begin ] --END-- [ RunTime:0.000000s ]
INFO: [ view_parse ] --START--
INFO: [ template_filter ] --START--
INFO: Run Behavior\ContentReplaceBehavior [ RunTime:0.000000s ]
INFO: [ template_filter ] --END-- [ RunTime:0.000000s ]
NOTIC: [8] Undefined index: m D:\wwwroot\jpyc03\wwwroot\ThinkPHP\Common\functions.php 第 977 行.
INFO: Run Behavior\ParseTemplateBehavior [ RunTime:0.005859s ]
INFO: [ view_parse ] --END-- [ RunTime:0.005859s ]
INFO: [ view_filter ] --START--
INFO: Run Behavior\WriteHtmlCacheBehavior [ RunTime:0.000000s ]
INFO: [ view_filter ] --END-- [ RunTime:0.000000s ]
INFO: [ app_end ] --START--
INFO: Run Behavior\ShowPageTraceBehavior [ RunTime:0.000976s ]
INFO: [ app_end ] --END-- [ RunTime:0.000976s ]

[ 2018-03-01T16:19:21+08:00 ] 120.204.17.69 /index.php?s=/Mobile/Regus/testid.html
INFO: [ app_init ] --START--
INFO: Run Behavior\BuildLiteBehavior [ RunTime:0.000000s ]
INFO: [ app_init ] --END-- [ RunTime:0.000977s ]
INFO: [ app_begin ] --START--
INFO: Run Behavior\ReadHtmlCacheBehavior [ RunTime:0.000000s ]
INFO: [ app_begin ] --END-- [ RunTime:0.000000s ]

[ 2018-03-01T16:20:39+08:00 ] 183.3.255.28 /
INFO: [ app_init ] --START--
INFO: Run Behavior\BuildLiteBehavior [ RunTime:0.000000s ]
INFO: [ app_init ] --END-- [ RunTime:0.000000s ]
INFO: [ app_begin ] --START--
INFO: Run Behavior\ReadHtmlCacheBehavior [ RunTime:0.000977s ]
INFO: [ app_begin ] --END-- [ RunTime:0.000977s ]
NOTIC: [8] Undefined index: m D:\wwwroot\jpyc03\wwwroot\ThinkPHP\Common\functions.php 第 977 行.

[ 2018-03-01T16:20:39+08:00 ] 183.3.255.28 /index.php?s=/Regus/login.html
INFO: [ app_init ] --START--
INFO: Run Behavior\BuildLiteBehavior [ RunTime:0.000000s ]
INFO: [ app_init ] --END-- [ RunTime:0.000977s ]
INFO: [ app_begin ] --START--
INFO: Run Behavior\ReadHtmlCacheBehavior [ RunTime:0.000977s ]
INFO: [ app_begin ] --END-- [ RunTime:0.000977s ]
INFO: [ view_parse ] --START--
INFO: [ template_filter ] --START--
INFO: Run Behavior\ContentReplaceBehavior [ RunTime:0.000000s ]
INFO: [ template_filter ] --END-- [ RunTime:0.000000s ]
NOTIC: [8] Undefined index: m D:\wwwroot\jpyc03\wwwroot\ThinkPHP\Common\functions.php 第 977 行.
INFO: Run Behavior\ParseTemplateBehavior [ RunTime:0.010742s ]
INFO: [ view_parse ] --END-- [ RunTime:0.010742s ]
INFO: [ view_filter ] --START--
INFO: Run Behavior\WriteHtmlCacheBehavior [ RunTime:0.000000s ]
INFO: [ view_filter ] --END-- [ RunTime:0.000000s ]
INFO: [ app_end ] --START--
INFO: Run Behavior\ShowPageTraceBehavior [ RunTime:0.000977s ]
INFO: [ app_end ] --END-- [ RunTime:0.000977s ]

[ 2018-03-01T16:20:39+08:00 ] 157.255.172.14 /
INFO: [ app_init ] --START--
INFO: Run Behavior\BuildLiteBehavior [ RunTime:0.000000s ]
INFO: [ app_init ] --END-- [ RunTime:0.000977s ]
INFO: [ app_begin ] --START--
INFO: Run Behavior\ReadHtmlCacheBehavior [ RunTime:0.000976s ]
INFO: [ app_begin ] --END-- [ RunTime:0.000976s ]
NOTIC: [8] Undefined index: m D:\wwwroot\jpyc03\wwwroot\ThinkPHP\Common\functions.php 第 977 行.

[ 2018-03-01T16:20:56+08:00 ] 183.3.255.28 /
INFO: [ app_init ] --START--
INFO: Run Behavior\BuildLiteBehavior [ RunTime:0.000000s ]
INFO: [ app_init ] --END-- [ RunTime:0.000977s ]
INFO: [ app_begin ] --START--
INFO: Run Behavior\ReadHtmlCacheBehavior [ RunTime:0.000000s ]
INFO: [ app_begin ] --END-- [ RunTime:0.000000s ]
NOTIC: [8] Undefined index: m D:\wwwroot\jpyc03\wwwroot\ThinkPHP\Common\functions.php 第 977 行.

[ 2018-03-01T16:20:56+08:00 ] 183.3.255.28 /index.php?s=/Regus/login.html
INFO: [ app_init ] --START--
INFO: Run Behavior\BuildLiteBehavior [ RunTime:0.000000s ]
INFO: [ app_init ] --END-- [ RunTime:0.000000s ]
INFO: [ app_begin ] --START--
INFO: Run Behavior\ReadHtmlCacheBehavior [ RunTime:0.000977s ]
INFO: [ app_begin ] --END-- [ RunTime:0.000977s ]
INFO: [ view_parse ] --START--
INFO: [ template_filter ] --START--
INFO: Run Behavior\ContentReplaceBehavior [ RunTime:0.000000s ]
INFO: [ template_filter ] --END-- [ RunTime:0.000000s ]
NOTIC: [8] Undefined index: m D:\wwwroot\jpyc03\wwwroot\ThinkPHP\Common\functions.php 第 977 行.
INFO: Run Behavior\ParseTemplateBehavior [ RunTime:0.006836s ]
INFO: [ view_parse ] --END-- [ RunTime:0.006836s ]
INFO: [ view_filter ] --START--
INFO: Run Behavior\WriteHtmlCacheBehavior [ RunTime:0.000976s ]
INFO: [ view_filter ] --END-- [ RunTime:0.000976s ]
INFO: [ app_end ] --START--
INFO: Run Behavior\ShowPageTraceBehavior [ RunTime:0.000000s ]
INFO: [ app_end ] --END-- [ RunTime:0.000000s ]

[ 2018-03-01T16:22:09+08:00 ] 101.226.65.107 /index.php?s=/Mobile/Regus/testid.html
INFO: [ app_init ] --START--
INFO: Run Behavior\BuildLiteBehavior [ RunTime:0.000000s ]
INFO: [ app_init ] --END-- [ RunTime:0.000977s ]
INFO: [ app_begin ] --START--
INFO: Run Behavior\ReadHtmlCacheBehavior [ RunTime:0.001953s ]
INFO: [ app_begin ] --END-- [ RunTime:0.001953s ]

[ 2018-03-01T16:22:09+08:00 ] 101.226.65.107 /index.php?s=/Mobile/Regus/login.html
INFO: [ app_init ] --START--
INFO: Run Behavior\BuildLiteBehavior [ RunTime:0.000000s ]
INFO: [ app_init ] --END-- [ RunTime:0.000000s ]
INFO: [ app_begin ] --START--
INFO: Run Behavior\ReadHtmlCacheBehavior [ RunTime:0.000000s ]
INFO: [ app_begin ] --END-- [ RunTime:0.000977s ]
INFO: [ view_parse ] --START--
INFO: [ template_filter ] --START--
INFO: Run Behavior\ContentReplaceBehavior [ RunTime:0.000000s ]
INFO: [ template_filter ] --END-- [ RunTime:0.000000s ]
NOTIC: [8] Undefined index: m D:\wwwroot\jpyc03\wwwroot\ThinkPHP\Common\functions.php 第 977 行.
INFO: Run Behavior\ParseTemplateBehavior [ RunTime:0.019532s ]
INFO: [ view_parse ] --END-- [ RunTime:0.020508s ]
INFO: [ view_filter ] --START--
INFO: Run Behavior\WriteHtmlCacheBehavior [ RunTime:0.000000s ]
INFO: [ view_filter ] --END-- [ RunTime:0.000000s ]
INFO: [ app_end ] --START--
INFO: Run Behavior\ShowPageTraceBehavior [ RunTime:0.000977s ]
INFO: [ app_end ] --END-- [ RunTime:0.000977s ]

[ 2018-03-01T16:22:14+08:00 ] 14.116.137.167 /
INFO: [ app_init ] --START--
INFO: Run Behavior\BuildLiteBehavior [ RunTime:0.000000s ]
INFO: [ app_init ] --END-- [ RunTime:0.000976s ]
INFO: [ app_begin ] --START--
INFO: Run Behavior\ReadHtmlCacheBehavior [ RunTime:0.000977s ]
INFO: [ app_begin ] --END-- [ RunTime:0.000977s ]
SQL: SHOW COLUMNS FROM `syd_user` [ RunTime:0.0059s ]
SQL: SELECT * FROM `syd_user` WHERE ( userid=210 ) LIMIT 1   [ RunTime:0.0000s ]
SQL: SHOW COLUMNS FROM `syd_store` [ RunTime:0.0039s ]
SQL: SELECT * FROM `syd_store` WHERE ( uid=210 ) LIMIT 1   [ RunTime:0.0010s ]
SQL: SHOW COLUMNS FROM `syd_group` [ RunTime:0.0029s ]
SQL: SELECT * FROM `syd_group` WHERE ( one_id=210 ) LIMIT 1   [ RunTime:0.0000s ]
SQL: SELECT `parent_id` FROM `syd_user` WHERE ( userid=210 ) LIMIT 1   [ RunTime:0.0000s ]
SQL: SELECT * FROM `syd_group` WHERE ( one_id=201 ) LIMIT 1   [ RunTime:0.0010s ]
INFO: [ view_parse ] --START--
INFO: [ template_filter ] --START--
INFO: Run Behavior\ContentReplaceBehavior [ RunTime:0.000977s ]
INFO: [ template_filter ] --END-- [ RunTime:0.000977s ]
NOTIC: [8] Undefined index: m D:\wwwroot\jpyc03\wwwroot\ThinkPHP\Common\functions.php 第 977 行.
NOTIC: [8] Undefined index: m D:\wwwroot\jpyc03\wwwroot\ThinkPHP\Common\functions.php 第 977 行.
NOTIC: [8] Undefined index: m D:\wwwroot\jpyc03\wwwroot\ThinkPHP\Common\functions.php 第 977 行.
NOTIC: [8] Undefined index: m D:\wwwroot\jpyc03\wwwroot\ThinkPHP\Common\functions.php 第 977 行.
NOTIC: [8] Undefined index: m D:\wwwroot\jpyc03\wwwroot\ThinkPHP\Common\functions.php 第 977 行.
NOTIC: [8] Undefined index: m D:\wwwroot\jpyc03\wwwroot\ThinkPHP\Common\functions.php 第 977 行.
NOTIC: [8] Undefined index: m D:\wwwroot\jpyc03\wwwroot\ThinkPHP\Common\functions.php 第 977 行.
NOTIC: [8] Undefined index: m D:\wwwroot\jpyc03\wwwroot\ThinkPHP\Common\functions.php 第 977 行.
NOTIC: [8] Undefined index: m D:\wwwroot\jpyc03\wwwroot\ThinkPHP\Common\functions.php 第 977 行.
NOTIC: [8] Undefined index: m D:\wwwroot\jpyc03\wwwroot\ThinkPHP\Common\functions.php 第 977 行.
NOTIC: [8] Undefined index: m D:\wwwroot\jpyc03\wwwroot\ThinkPHP\Common\functions.php 第 977 行.
NOTIC: [8] Undefined index: m D:\wwwroot\jpyc03\wwwroot\ThinkPHP\Common\functions.php 第 977 行.
NOTIC: [8] Undefined index: m D:\wwwroot\jpyc03\wwwroot\ThinkPHP\Common\functions.php 第 977 行.
NOTIC: [8] Undefined index: m D:\wwwroot\jpyc03\wwwroot\ThinkPHP\Common\functions.php 第 977 行.
NOTIC: [8] Undefined index: m D:\wwwroot\jpyc03\wwwroot\ThinkPHP\Common\functions.php 第 977 行.
NOTIC: [8] Undefined index: m D:\wwwroot\jpyc03\wwwroot\ThinkPHP\Common\functions.php 第 977 行.
NOTIC: [8] Undefined index: m D:\wwwroot\jpyc03\wwwroot\ThinkPHP\Common\functions.php 第 977 行.
NOTIC: [8] Undefined index: m D:\wwwroot\jpyc03\wwwroot\ThinkPHP\Common\functions.php 第 977 行.
NOTIC: [8] Undefined index: m D:\wwwroot\jpyc03\wwwroot\ThinkPHP\Common\functions.php 第 977 行.
NOTIC: [8] Undefined index: m D:\wwwroot\jpyc03\wwwroot\ThinkPHP\Common\functions.php 第 977 行.
NOTIC: [8] Undefined index: m D:\wwwroot\jpyc03\wwwroot\ThinkPHP\Common\functions.php 第 977 行.
NOTIC: [8] Undefined index: m D:\wwwroot\jpyc03\wwwroot\ThinkPHP\Common\functions.php 第 977 行.
NOTIC: [8] Undefined index: m D:\wwwroot\jpyc03\wwwroot\ThinkPHP\Common\functions.php 第 977 行.
NOTIC: [8] Undefined index: m D:\wwwroot\jpyc03\wwwroot\ThinkPHP\Common\functions.php 第 977 行.
NOTIC: [8] Undefined index: m D:\wwwroot\jpyc03\wwwroot\ThinkPHP\Common\functions.php 第 977 行.
NOTIC: [8] Undefined index: m D:\wwwroot\jpyc03\wwwroot\ThinkPHP\Common\functions.php 第 977 行.
NOTIC: [8] Undefined index: m D:\wwwroot\jpyc03\wwwroot\ThinkPHP\Common\functions.php 第 977 行.
INFO: Run Behavior\ParseTemplateBehavior [ RunTime:0.016601s ]
INFO: [ view_parse ] --END-- [ RunTime:0.016601s ]
INFO: [ view_filter ] --START--
INFO: Run Behavior\WriteHtmlCacheBehavior [ RunTime:0.000000s ]
INFO: [ view_filter ] --END-- [ RunTime:0.000000s ]
INFO: [ app_end ] --START--
INFO: Run Behavior\ShowPageTraceBehavior [ RunTime:0.000977s ]
INFO: [ app_end ] --END-- [ RunTime:0.001954s ]

[ 2018-03-01T16:22:21+08:00 ] 183.3.255.28 /
INFO: [ app_init ] --START--
INFO: Run Behavior\BuildLiteBehavior [ RunTime:0.000000s ]
INFO: [ app_init ] --END-- [ RunTime:0.000977s ]
INFO: [ app_begin ] --START--
INFO: Run Behavior\ReadHtmlCacheBehavior [ RunTime:0.000000s ]
INFO: [ app_begin ] --END-- [ RunTime:0.000000s ]
NOTIC: [8] Undefined index: m D:\wwwroot\jpyc03\wwwroot\ThinkPHP\Common\functions.php 第 977 行.

[ 2018-03-01T16:22:21+08:00 ] 183.3.255.28 /index.php?s=/Regus/login.html
INFO: [ app_init ] --START--
INFO: Run Behavior\BuildLiteBehavior [ RunTime:0.000000s ]
INFO: [ app_init ] --END-- [ RunTime:0.000976s ]
INFO: [ app_begin ] --START--
INFO: Run Behavior\ReadHtmlCacheBehavior [ RunTime:0.000977s ]
INFO: [ app_begin ] --END-- [ RunTime:0.000977s ]
INFO: [ view_parse ] --START--
INFO: [ template_filter ] --START--
INFO: Run Behavior\ContentReplaceBehavior [ RunTime:0.000000s ]
INFO: [ template_filter ] --END-- [ RunTime:0.000000s ]
NOTIC: [8] Undefined index: m D:\wwwroot\jpyc03\wwwroot\ThinkPHP\Common\functions.php 第 977 行.
INFO: Run Behavior\ParseTemplateBehavior [ RunTime:0.010742s ]
INFO: [ view_parse ] --END-- [ RunTime:0.010742s ]
INFO: [ view_filter ] --START--
INFO: Run Behavior\WriteHtmlCacheBehavior [ RunTime:0.000000s ]
INFO: [ view_filter ] --END-- [ RunTime:0.000000s ]
INFO: [ app_end ] --START--
INFO: Run Behavior\ShowPageTraceBehavior [ RunTime:0.001953s ]
INFO: [ app_end ] --END-- [ RunTime:0.001953s ]

[ 2018-03-01T16:22:22+08:00 ] 14.116.137.167 /
INFO: [ app_init ] --START--
INFO: Run Behavior\BuildLiteBehavior [ RunTime:0.000000s ]
INFO: [ app_init ] --END-- [ RunTime:0.000000s ]
INFO: [ app_begin ] --START--
INFO: Run Behavior\ReadHtmlCacheBehavior [ RunTime:0.000000s ]
INFO: [ app_begin ] --END-- [ RunTime:0.000000s ]
SQL: SHOW COLUMNS FROM `syd_user` [ RunTime:0.0078s ]
SQL: SELECT * FROM `syd_user` WHERE ( userid=210 ) LIMIT 1   [ RunTime:0.0020s ]
SQL: SHOW COLUMNS FROM `syd_store` [ RunTime:0.0059s ]
SQL: SELECT * FROM `syd_store` WHERE ( uid=210 ) LIMIT 1   [ RunTime:0.0039s ]
SQL: SHOW COLUMNS FROM `syd_group` [ RunTime:0.0039s ]
SQL: SELECT * FROM `syd_group` WHERE ( one_id=210 ) LIMIT 1   [ RunTime:0.0010s ]
SQL: SELECT `parent_id` FROM `syd_user` WHERE ( userid=210 ) LIMIT 1   [ RunTime:0.0000s ]
SQL: SELECT * FROM `syd_group` WHERE ( one_id=201 ) LIMIT 1   [ RunTime:0.0000s ]
INFO: [ view_parse ] --START--
INFO: [ template_filter ] --START--
INFO: Run Behavior\ContentReplaceBehavior [ RunTime:0.000977s ]
INFO: [ template_filter ] --END-- [ RunTime:0.000977s ]
NOTIC: [8] Undefined index: m D:\wwwroot\jpyc03\wwwroot\ThinkPHP\Common\functions.php 第 977 行.
NOTIC: [8] Undefined index: m D:\wwwroot\jpyc03\wwwroot\ThinkPHP\Common\functions.php 第 977 行.
NOTIC: [8] Undefined index: m D:\wwwroot\jpyc03\wwwroot\ThinkPHP\Common\functions.php 第 977 行.
NOTIC: [8] Undefined index: m D:\wwwroot\jpyc03\wwwroot\ThinkPHP\Common\functions.php 第 977 行.
NOTIC: [8] Undefined index: m D:\wwwroot\jpyc03\wwwroot\ThinkPHP\Common\functions.php 第 977 行.
NOTIC: [8] Undefined index: m D:\wwwroot\jpyc03\wwwroot\ThinkPHP\Common\functions.php 第 977 行.
NOTIC: [8] Undefined index: m D:\wwwroot\jpyc03\wwwroot\ThinkPHP\Common\functions.php 第 977 行.
NOTIC: [8] Undefined index: m D:\wwwroot\jpyc03\wwwroot\ThinkPHP\Common\functions.php 第 977 行.
NOTIC: [8] Undefined index: m D:\wwwroot\jpyc03\wwwroot\ThinkPHP\Common\functions.php 第 977 行.
NOTIC: [8] Undefined index: m D:\wwwroot\jpyc03\wwwroot\ThinkPHP\Common\functions.php 第 977 行.
NOTIC: [8] Undefined index: m D:\wwwroot\jpyc03\wwwroot\ThinkPHP\Common\functions.php 第 977 行.
NOTIC: [8] Undefined index: m D:\wwwroot\jpyc03\wwwroot\ThinkPHP\Common\functions.php 第 977 行.
NOTIC: [8] Undefined index: m D:\wwwroot\jpyc03\wwwroot\ThinkPHP\Common\functions.php 第 977 行.
NOTIC: [8] Undefined index: m D:\wwwroot\jpyc03\wwwroot\ThinkPHP\Common\functions.php 第 977 行.
NOTIC: [8] Undefined index: m D:\wwwroot\jpyc03\wwwroot\ThinkPHP\Common\functions.php 第 977 行.
NOTIC: [8] Undefined index: m D:\wwwroot\jpyc03\wwwroot\ThinkPHP\Common\functions.php 第 977 行.
NOTIC: [8] Undefined index: m D:\wwwroot\jpyc03\wwwroot\ThinkPHP\Common\functions.php 第 977 行.
NOTIC: [8] Undefined index: m D:\wwwroot\jpyc03\wwwroot\ThinkPHP\Common\functions.php 第 977 行.
NOTIC: [8] Undefined index: m D:\wwwroot\jpyc03\wwwroot\ThinkPHP\Common\functions.php 第 977 行.
NOTIC: [8] Undefined index: m D:\wwwroot\jpyc03\wwwroot\ThinkPHP\Common\functions.php 第 977 行.
NOTIC: [8] Undefined index: m D:\wwwroot\jpyc03\wwwroot\ThinkPHP\Common\functions.php 第 977 行.
NOTIC: [8] Undefined index: m D:\wwwroot\jpyc03\wwwroot\ThinkPHP\Common\functions.php 第 977 行.
NOTIC: [8] Undefined index: m D:\wwwroot\jpyc03\wwwroot\ThinkPHP\Common\functions.php 第 977 行.
NOTIC: [8] Undefined index: m D:\wwwroot\jpyc03\wwwroot\ThinkPHP\Common\functions.php 第 977 行.
NOTIC: [8] Undefined index: m D:\wwwroot\jpyc03\wwwroot\ThinkPHP\Common\functions.php 第 977 行.
NOTIC: [8] Undefined index: m D:\wwwroot\jpyc03\wwwroot\ThinkPHP\Common\functions.php 第 977 行.
NOTIC: [8] Undefined index: m D:\wwwroot\jpyc03\wwwroot\ThinkPHP\Common\functions.php 第 977 行.
INFO: Run Behavior\ParseTemplateBehavior [ RunTime:0.015625s ]
INFO: [ view_parse ] --END-- [ RunTime:0.015625s ]
INFO: [ view_filter ] --START--
INFO: Run Behavior\WriteHtmlCacheBehavior [ RunTime:0.000000s ]
INFO: [ view_filter ] --END-- [ RunTime:0.000000s ]
INFO: [ app_end ] --START--
INFO: Run Behavior\ShowPageTraceBehavior [ RunTime:0.000977s ]
INFO: [ app_end ] --END-- [ RunTime:0.000977s ]

[ 2018-03-01T16:22:39+08:00 ] 183.3.255.28 /index.php?s=/Mobile/Regus/testid.html
INFO: [ app_init ] --START--
INFO: Run Behavior\BuildLiteBehavior [ RunTime:0.000000s ]
INFO: [ app_init ] --END-- [ RunTime:0.000977s ]
INFO: [ app_begin ] --START--
INFO: Run Behavior\ReadHtmlCacheBehavior [ RunTime:0.000976s ]
INFO: [ app_begin ] --END-- [ RunTime:0.000976s ]
SQL: SHOW COLUMNS FROM `syd_user` [ RunTime:0.0020s ]
SQL: SELECT * FROM `syd_user` WHERE ( account='13923033533' ) LIMIT 1   [ RunTime:0.0010s ]

[ 2018-03-01T16:22:39+08:00 ] 183.3.255.28 /index.php?s=/Mobile/Index/copyPageTwo.html
INFO: [ app_init ] --START--
INFO: Run Behavior\BuildLiteBehavior [ RunTime:0.000000s ]
INFO: [ app_init ] --END-- [ RunTime:0.000976s ]
INFO: [ app_begin ] --START--
INFO: Run Behavior\ReadHtmlCacheBehavior [ RunTime:0.000000s ]
INFO: [ app_begin ] --END-- [ RunTime:0.000000s ]
SQL: SHOW COLUMNS FROM `syd_user` [ RunTime:0.0059s ]
SQL: SELECT * FROM `syd_user` WHERE ( userid=210 ) LIMIT 1   [ RunTime:0.0020s ]
SQL: SHOW COLUMNS FROM `syd_store` [ RunTime:0.0029s ]
SQL: SELECT * FROM `syd_store` WHERE ( uid=210 ) LIMIT 1   [ RunTime:0.0010s ]
SQL: SHOW COLUMNS FROM `syd_group` [ RunTime:0.0049s ]
SQL: SELECT * FROM `syd_group` WHERE ( one_id=210 ) LIMIT 1   [ RunTime:0.0010s ]
SQL: SELECT `parent_id` FROM `syd_user` WHERE ( userid=210 ) LIMIT 1   [ RunTime:0.0000s ]
SQL: SELECT * FROM `syd_group` WHERE ( one_id=201 ) LIMIT 1   [ RunTime:0.0000s ]
INFO: [ view_parse ] --START--
INFO: [ template_filter ] --START--
INFO: Run Behavior\ContentReplaceBehavior [ RunTime:0.000977s ]
INFO: [ template_filter ] --END-- [ RunTime:0.000977s ]
NOTIC: [8] Undefined index: m D:\wwwroot\jpyc03\wwwroot\ThinkPHP\Common\functions.php 第 977 行.
NOTIC: [8] Undefined index: m D:\wwwroot\jpyc03\wwwroot\ThinkPHP\Common\functions.php 第 977 行.
NOTIC: [8] Undefined index: m D:\wwwroot\jpyc03\wwwroot\ThinkPHP\Common\functions.php 第 977 行.
NOTIC: [8] Undefined index: m D:\wwwroot\jpyc03\wwwroot\ThinkPHP\Common\functions.php 第 977 行.
NOTIC: [8] Undefined index: m D:\wwwroot\jpyc03\wwwroot\ThinkPHP\Common\functions.php 第 977 行.
NOTIC: [8] Undefined index: m D:\wwwroot\jpyc03\wwwroot\ThinkPHP\Common\functions.php 第 977 行.
NOTIC: [8] Undefined index: m D:\wwwroot\jpyc03\wwwroot\ThinkPHP\Common\functions.php 第 977 行.
NOTIC: [8] Undefined index: m D:\wwwroot\jpyc03\wwwroot\ThinkPHP\Common\functions.php 第 977 行.
NOTIC: [8] Undefined index: m D:\wwwroot\jpyc03\wwwroot\ThinkPHP\Common\functions.php 第 977 行.
NOTIC: [8] Undefined index: m D:\wwwroot\jpyc03\wwwroot\ThinkPHP\Common\functions.php 第 977 行.
NOTIC: [8] Undefined index: m D:\wwwroot\jpyc03\wwwroot\ThinkPHP\Common\functions.php 第 977 行.
NOTIC: [8] Undefined index: m D:\wwwroot\jpyc03\wwwroot\ThinkPHP\Common\functions.php 第 977 行.
NOTIC: [8] Undefined index: m D:\wwwroot\jpyc03\wwwroot\ThinkPHP\Common\functions.php 第 977 行.
NOTIC: [8] Undefined index: m D:\wwwroot\jpyc03\wwwroot\ThinkPHP\Common\functions.php 第 977 行.
NOTIC: [8] Undefined index: m D:\wwwroot\jpyc03\wwwroot\ThinkPHP\Common\functions.php 第 977 行.
NOTIC: [8] Undefined index: m D:\wwwroot\jpyc03\wwwroot\ThinkPHP\Common\functions.php 第 977 行.
NOTIC: [8] Undefined index: m D:\wwwroot\jpyc03\wwwroot\ThinkPHP\Common\functions.php 第 977 行.
NOTIC: [8] Undefined index: m D:\wwwroot\jpyc03\wwwroot\ThinkPHP\Common\functions.php 第 977 行.
NOTIC: [8] Undefined index: m D:\wwwroot\jpyc03\wwwroot\ThinkPHP\Common\functions.php 第 977 行.
NOTIC: [8] Undefined index: m D:\wwwroot\jpyc03\wwwroot\ThinkPHP\Common\functions.php 第 977 行.
NOTIC: [8] Undefined index: m D:\wwwroot\jpyc03\wwwroot\ThinkPHP\Common\functions.php 第 977 行.
NOTIC: [8] Undefined index: m D:\wwwroot\jpyc03\wwwroot\ThinkPHP\Common\functions.php 第 977 行.
NOTIC: [8] Undefined index: m D:\wwwroot\jpyc03\wwwroot\ThinkPHP\Common\functions.php 第 977 行.
NOTIC: [8] Undefined index: m D:\wwwroot\jpyc03\wwwroot\ThinkPHP\Common\functions.php 第 977 行.
NOTIC: [8] Undefined index: m D:\wwwroot\jpyc03\wwwroot\ThinkPHP\Common\functions.php 第 977 行.
NOTIC: [8] Undefined index: m D:\wwwroot\jpyc03\wwwroot\ThinkPHP\Common\functions.php 第 977 行.
NOTIC: [8] Undefined index: m D:\wwwroot\jpyc03\wwwroot\ThinkPHP\Common\functions.php 第 977 行.
INFO: Run Behavior\ParseTemplateBehavior [ RunTime:0.013672s ]
INFO: [ view_parse ] --END-- [ RunTime:0.013672s ]
INFO: [ view_filter ] --START--
INFO: Run Behavior\WriteHtmlCacheBehavior [ RunTime:0.000977s ]
INFO: [ view_filter ] --END-- [ RunTime:0.000977s ]
INFO: [ app_end ] --START--
INFO: Run Behavior\ShowPageTraceBehavior [ RunTime:0.000976s ]
INFO: [ app_end ] --END-- [ RunTime:0.000976s ]

[ 2018-03-01T16:23:38+08:00 ] 120.204.17.73 /index.php?s=/Mobile/Regus/testid.html
INFO: [ app_init ] --START--
INFO: Run Behavior\BuildLiteBehavior [ RunTime:0.000000s ]
INFO: [ app_init ] --END-- [ RunTime:0.000976s ]
INFO: [ app_begin ] --START--
INFO: Run Behavior\ReadHtmlCacheBehavior [ RunTime:0.000976s ]
INFO: [ app_begin ] --END-- [ RunTime:0.000976s ]

[ 2018-03-01T19:46:24+08:00 ] 183.3.255.28 /
INFO: [ app_init ] --START--
INFO: Run Behavior\BuildLiteBehavior [ RunTime:0.000000s ]
INFO: [ app_init ] --END-- [ RunTime:0.000977s ]
INFO: [ app_begin ] --START--
INFO: Run Behavior\ReadHtmlCacheBehavior [ RunTime:0.000000s ]
INFO: [ app_begin ] --END-- [ RunTime:0.000000s ]
NOTIC: [8] Undefined index: m D:\wwwroot\jpyc03\wwwroot\ThinkPHP\Common\functions.php 第 977 行.

[ 2018-03-01T19:46:24+08:00 ] 157.255.172.20 /
INFO: [ app_init ] --START--
INFO: Run Behavior\BuildLiteBehavior [ RunTime:0.000000s ]
INFO: [ app_init ] --END-- [ RunTime:0.000977s ]
INFO: [ app_begin ] --START--
INFO: Run Behavior\ReadHtmlCacheBehavior [ RunTime:0.000976s ]
INFO: [ app_begin ] --END-- [ RunTime:0.000976s ]
NOTIC: [8] Undefined index: m D:\wwwroot\jpyc03\wwwroot\ThinkPHP\Common\functions.php 第 977 行.

[ 2018-03-01T19:46:25+08:00 ] 183.3.255.28 /index.php?s=/Regus/login.html
INFO: [ app_init ] --START--
INFO: Run Behavior\BuildLiteBehavior [ RunTime:0.000000s ]
INFO: [ app_init ] --END-- [ RunTime:0.000976s ]
INFO: [ app_begin ] --START--
INFO: Run Behavior\ReadHtmlCacheBehavior [ RunTime:0.000000s ]
INFO: [ app_begin ] --END-- [ RunTime:0.000000s ]
INFO: [ view_parse ] --START--
INFO: [ template_filter ] --START--
INFO: Run Behavior\ContentReplaceBehavior [ RunTime:0.000000s ]
INFO: [ template_filter ] --END-- [ RunTime:0.000000s ]
NOTIC: [8] Undefined index: m D:\wwwroot\jpyc03\wwwroot\ThinkPHP\Common\functions.php 第 977 行.
INFO: Run Behavior\ParseTemplateBehavior [ RunTime:0.019531s ]
INFO: [ view_parse ] --END-- [ RunTime:0.019531s ]
INFO: [ view_filter ] --START--
INFO: Run Behavior\WriteHtmlCacheBehavior [ RunTime:0.000000s ]
INFO: [ view_filter ] --END-- [ RunTime:0.000000s ]
INFO: [ app_end ] --START--
INFO: Run Behavior\ShowPageTraceBehavior [ RunTime:0.000000s ]
INFO: [ app_end ] --END-- [ RunTime:0.000000s ]

[ 2018-03-01T19:46:25+08:00 ] 58.250.143.191 /
INFO: [ app_init ] --START--
INFO: Run Behavior\BuildLiteBehavior [ RunTime:0.000000s ]
INFO: [ app_init ] --END-- [ RunTime:0.000000s ]
INFO: [ app_begin ] --START--
INFO: Run Behavior\ReadHtmlCacheBehavior [ RunTime:0.000977s ]
INFO: [ app_begin ] --END-- [ RunTime:0.000977s ]
NOTIC: [8] Undefined index: m D:\wwwroot\jpyc03\wwwroot\ThinkPHP\Common\functions.php 第 977 行.

[ 2018-03-01T19:46:56+08:00 ] 183.3.255.28 /
INFO: [ app_init ] --START--
INFO: Run Behavior\BuildLiteBehavior [ RunTime:0.000000s ]
INFO: [ app_init ] --END-- [ RunTime:0.000000s ]
INFO: [ app_begin ] --START--
INFO: Run Behavior\ReadHtmlCacheBehavior [ RunTime:0.000977s ]
INFO: [ app_begin ] --END-- [ RunTime:0.000977s ]
NOTIC: [8] Undefined index: m D:\wwwroot\jpyc03\wwwroot\ThinkPHP\Common\functions.php 第 977 行.

[ 2018-03-01T19:46:56+08:00 ] 157.255.172.19 /
INFO: [ app_init ] --START--
INFO: Run Behavior\BuildLiteBehavior [ RunTime:0.000000s ]
INFO: [ app_init ] --END-- [ RunTime:0.000000s ]
INFO: [ app_begin ] --START--
INFO: Run Behavior\ReadHtmlCacheBehavior [ RunTime:0.000976s ]
INFO: [ app_begin ] --END-- [ RunTime:0.000976s ]
NOTIC: [8] Undefined index: m D:\wwwroot\jpyc03\wwwroot\ThinkPHP\Common\functions.php 第 977 行.

[ 2018-03-01T19:46:56+08:00 ] 183.3.255.28 /index.php?s=/Regus/login.html
INFO: [ app_init ] --START--
INFO: Run Behavior\BuildLiteBehavior [ RunTime:0.000000s ]
INFO: [ app_init ] --END-- [ RunTime:0.000000s ]
INFO: [ app_begin ] --START--
INFO: Run Behavior\ReadHtmlCacheBehavior [ RunTime:0.000977s ]
INFO: [ app_begin ] --END-- [ RunTime:0.000977s ]
INFO: [ view_parse ] --START--
INFO: [ template_filter ] --START--
INFO: Run Behavior\ContentReplaceBehavior [ RunTime:0.000000s ]
INFO: [ template_filter ] --END-- [ RunTime:0.000000s ]
NOTIC: [8] Undefined index: m D:\wwwroot\jpyc03\wwwroot\ThinkPHP\Common\functions.php 第 977 行.
INFO: Run Behavior\ParseTemplateBehavior [ RunTime:0.008789s ]
INFO: [ view_parse ] --END-- [ RunTime:0.008789s ]
INFO: [ view_filter ] --START--
INFO: Run Behavior\WriteHtmlCacheBehavior [ RunTime:0.000000s ]
INFO: [ view_filter ] --END-- [ RunTime:0.000000s ]
INFO: [ app_end ] --START--
INFO: Run Behavior\ShowPageTraceBehavior [ RunTime:0.000977s ]
INFO: [ app_end ] --END-- [ RunTime:0.000977s ]

[ 2018-03-01T19:47:23+08:00 ] 183.192.201.97 /
INFO: [ app_init ] --START--
INFO: Run Behavior\BuildLiteBehavior [ RunTime:0.000000s ]
INFO: [ app_init ] --END-- [ RunTime:0.000976s ]
INFO: [ app_begin ] --START--
INFO: Run Behavior\ReadHtmlCacheBehavior [ RunTime:0.000000s ]
INFO: [ app_begin ] --END-- [ RunTime:0.000976s ]
NOTIC: [8] Undefined index: m D:\wwwroot\jpyc03\wwwroot\ThinkPHP\Common\functions.php 第 977 行.

[ 2018-03-01T21:21:42+08:00 ] 60.29.111.249 /
INFO: [ app_init ] --START--
INFO: Run Behavior\BuildLiteBehavior [ RunTime:0.000000s ]
INFO: [ app_init ] --END-- [ RunTime:0.000000s ]
INFO: [ app_begin ] --START--
INFO: Run Behavior\ReadHtmlCacheBehavior [ RunTime:0.000976s ]
INFO: [ app_begin ] --END-- [ RunTime:0.000976s ]
NOTIC: [8] Undefined index: m D:\wwwroot\jpyc03\wwwroot\ThinkPHP\Common\functions.php 第 977 行.

[ 2018-03-01T21:21:42+08:00 ] 60.29.111.249 /index.php?s=/Regus/login.html
INFO: [ app_init ] --START--
INFO: Run Behavior\BuildLiteBehavior [ RunTime:0.000000s ]
INFO: [ app_init ] --END-- [ RunTime:0.000977s ]
INFO: [ app_begin ] --START--
INFO: Run Behavior\ReadHtmlCacheBehavior [ RunTime:0.000000s ]
INFO: [ app_begin ] --END-- [ RunTime:0.000000s ]
INFO: [ view_parse ] --START--
INFO: [ template_filter ] --START--
INFO: Run Behavior\ContentReplaceBehavior [ RunTime:0.000000s ]
INFO: [ template_filter ] --END-- [ RunTime:0.000000s ]
NOTIC: [8] Undefined index: m D:\wwwroot\jpyc03\wwwroot\ThinkPHP\Common\functions.php 第 977 行.
INFO: Run Behavior\ParseTemplateBehavior [ RunTime:0.020508s ]
INFO: [ view_parse ] --END-- [ RunTime:0.020508s ]
INFO: [ view_filter ] --START--
INFO: Run Behavior\WriteHtmlCacheBehavior [ RunTime:0.000976s ]
INFO: [ view_filter ] --END-- [ RunTime:0.000976s ]
INFO: [ app_end ] --START--
INFO: Run Behavior\ShowPageTraceBehavior [ RunTime:0.001953s ]
INFO: [ app_end ] --END-- [ RunTime:0.001953s ]

