[ 2018-02-06T00:24:14+08:00 ] 60.29.111.249 /
INFO: [ app_init ] --START--
INFO: Run Behavior\BuildLiteBehavior [ RunTime:0.000976s ]
INFO: [ app_init ] --END-- [ RunTime:0.000976s ]
INFO: [ app_begin ] --START--
INFO: Run Behavior\ReadHtmlCacheBehavior [ RunTime:0.000977s ]
INFO: [ app_begin ] --END-- [ RunTime:0.000977s ]
NOTIC: [8] Undefined index: m D:\wwwroot\jpyc03\wwwroot\ThinkPHP\Common\functions.php 第 977 行.

[ 2018-02-06T00:24:14+08:00 ] 60.29.111.249 /index.php?s=/Regus/login.html
INFO: [ app_init ] --START--
INFO: Run Behavior\BuildLiteBehavior [ RunTime:0.000000s ]
INFO: [ app_init ] --END-- [ RunTime:0.000000s ]
INFO: [ app_begin ] --START--
INFO: Run Behavior\ReadHtmlCacheBehavior [ RunTime:0.000977s ]
INFO: [ app_begin ] --END-- [ RunTime:0.000977s ]
INFO: [ view_parse ] --START--
INFO: [ template_filter ] --START--
INFO: Run Behavior\ContentReplaceBehavior [ RunTime:0.000000s ]
INFO: [ template_filter ] --END-- [ RunTime:0.000000s ]
NOTIC: [8] Undefined index: m D:\wwwroot\jpyc03\wwwroot\ThinkPHP\Common\functions.php 第 977 行.
INFO: Run Behavior\ParseTemplateBehavior [ RunTime:0.019531s ]
INFO: [ view_parse ] --END-- [ RunTime:0.020508s ]
INFO: [ view_filter ] --START--
INFO: Run Behavior\WriteHtmlCacheBehavior [ RunTime:0.000000s ]
INFO: [ view_filter ] --END-- [ RunTime:0.000000s ]
INFO: [ app_end ] --START--
INFO: Run Behavior\ShowPageTraceBehavior [ RunTime:0.000000s ]
INFO: [ app_end ] --END-- [ RunTime:0.000000s ]

[ 2018-02-06T04:32:11+08:00 ] 203.208.60.183 /index.php?s=/Mobile/Regus/testid.html
INFO: [ app_init ] --START--
INFO: Run Behavior\BuildLiteBehavior [ RunTime:0.000000s ]
INFO: [ app_init ] --END-- [ RunTime:0.001953s ]
INFO: [ app_begin ] --START--
INFO: Run Behavior\ReadHtmlCacheBehavior [ RunTime:0.000000s ]
INFO: [ app_begin ] --END-- [ RunTime:0.000977s ]

[ 2018-02-06T04:32:12+08:00 ] 203.208.60.183 /index.php?s=/Mobile/Regus/login.html
INFO: [ app_init ] --START--
INFO: Run Behavior\BuildLiteBehavior [ RunTime:0.000000s ]
INFO: [ app_init ] --END-- [ RunTime:0.001953s ]
INFO: [ app_begin ] --START--
INFO: Run Behavior\ReadHtmlCacheBehavior [ RunTime:0.000000s ]
INFO: [ app_begin ] --END-- [ RunTime:0.000000s ]
INFO: [ view_parse ] --START--
INFO: [ template_filter ] --START--
INFO: Run Behavior\ContentReplaceBehavior [ RunTime:0.000000s ]
INFO: [ template_filter ] --END-- [ RunTime:0.000000s ]
NOTIC: [8] Undefined index: m D:\wwwroot\jpyc03\wwwroot\ThinkPHP\Common\functions.php 第 977 行.
INFO: Run Behavior\ParseTemplateBehavior [ RunTime:0.019531s ]
INFO: [ view_parse ] --END-- [ RunTime:0.019531s ]
INFO: [ view_filter ] --START--
INFO: Run Behavior\WriteHtmlCacheBehavior [ RunTime:0.000000s ]
INFO: [ view_filter ] --END-- [ RunTime:0.000000s ]
INFO: [ app_end ] --START--
INFO: Run Behavior\ShowPageTraceBehavior [ RunTime:0.000977s ]
INFO: [ app_end ] --END-- [ RunTime:0.000977s ]

[ 2018-02-06T05:14:05+08:00 ] 106.11.155.189 /
INFO: [ app_init ] --START--
INFO: Run Behavior\BuildLiteBehavior [ RunTime:0.000000s ]
INFO: [ app_init ] --END-- [ RunTime:0.000000s ]
INFO: [ app_begin ] --START--
INFO: Run Behavior\ReadHtmlCacheBehavior [ RunTime:0.000977s ]
INFO: [ app_begin ] --END-- [ RunTime:0.000977s ]
NOTIC: [8] Undefined index: m D:\wwwroot\jpyc03\wwwroot\ThinkPHP\Common\functions.php 第 977 行.

[ 2018-02-06T05:14:05+08:00 ] 106.11.155.189 /index.php?s=/Regus/login.html
INFO: [ app_init ] --START--
INFO: Run Behavior\BuildLiteBehavior [ RunTime:0.000000s ]
INFO: [ app_init ] --END-- [ RunTime:0.000977s ]
INFO: [ app_begin ] --START--
INFO: Run Behavior\ReadHtmlCacheBehavior [ RunTime:0.000976s ]
INFO: [ app_begin ] --END-- [ RunTime:0.001953s ]
INFO: [ view_parse ] --START--
INFO: [ template_filter ] --START--
INFO: Run Behavior\ContentReplaceBehavior [ RunTime:0.000977s ]
INFO: [ template_filter ] --END-- [ RunTime:0.000977s ]
NOTIC: [8] Undefined index: m D:\wwwroot\jpyc03\wwwroot\ThinkPHP\Common\functions.php 第 977 行.
INFO: Run Behavior\ParseTemplateBehavior [ RunTime:0.036133s ]
INFO: [ view_parse ] --END-- [ RunTime:0.036133s ]
INFO: [ view_filter ] --START--
INFO: Run Behavior\WriteHtmlCacheBehavior [ RunTime:0.000000s ]
INFO: [ view_filter ] --END-- [ RunTime:0.000000s ]
INFO: [ app_end ] --START--
INFO: Run Behavior\ShowPageTraceBehavior [ RunTime:0.000976s ]
INFO: [ app_end ] --END-- [ RunTime:0.000976s ]

[ 2018-02-06T09:29:22+08:00 ] 203.208.60.183 /
INFO: [ app_init ] --START--
INFO: Run Behavior\BuildLiteBehavior [ RunTime:0.000000s ]
INFO: [ app_init ] --END-- [ RunTime:0.000976s ]
INFO: [ app_begin ] --START--
INFO: Run Behavior\ReadHtmlCacheBehavior [ RunTime:0.000977s ]
INFO: [ app_begin ] --END-- [ RunTime:0.000977s ]
NOTIC: [8] Undefined index: m D:\wwwroot\jpyc03\wwwroot\ThinkPHP\Common\functions.php 第 977 行.

[ 2018-02-06T09:29:22+08:00 ] 203.208.60.183 /index.php?s=/Regus/login.html
INFO: [ app_init ] --START--
INFO: Run Behavior\BuildLiteBehavior [ RunTime:0.000000s ]
INFO: [ app_init ] --END-- [ RunTime:0.000977s ]
INFO: [ app_begin ] --START--
INFO: Run Behavior\ReadHtmlCacheBehavior [ RunTime:0.000977s ]
INFO: [ app_begin ] --END-- [ RunTime:0.000977s ]
INFO: [ view_parse ] --START--
INFO: [ template_filter ] --START--
INFO: Run Behavior\ContentReplaceBehavior [ RunTime:0.000000s ]
INFO: [ template_filter ] --END-- [ RunTime:0.000000s ]
NOTIC: [8] Undefined index: m D:\wwwroot\jpyc03\wwwroot\ThinkPHP\Common\functions.php 第 977 行.
INFO: Run Behavior\ParseTemplateBehavior [ RunTime:0.018555s ]
INFO: [ view_parse ] --END-- [ RunTime:0.018555s ]
INFO: [ view_filter ] --START--
INFO: Run Behavior\WriteHtmlCacheBehavior [ RunTime:0.000000s ]
INFO: [ view_filter ] --END-- [ RunTime:0.000000s ]
INFO: [ app_end ] --START--
INFO: Run Behavior\ShowPageTraceBehavior [ RunTime:0.000976s ]
INFO: [ app_end ] --END-- [ RunTime:0.000976s ]

[ 2018-02-06T10:08:22+08:00 ] 60.29.111.249 /
INFO: [ app_init ] --START--
INFO: Run Behavior\BuildLiteBehavior [ RunTime:0.000000s ]
INFO: [ app_init ] --END-- [ RunTime:0.000977s ]
INFO: [ app_begin ] --START--
INFO: Run Behavior\ReadHtmlCacheBehavior [ RunTime:0.000976s ]
INFO: [ app_begin ] --END-- [ RunTime:0.000976s ]
NOTIC: [8] Undefined index: m D:\wwwroot\jpyc03\wwwroot\ThinkPHP\Common\functions.php 第 977 行.

[ 2018-02-06T10:08:22+08:00 ] 60.29.111.249 /index.php?s=/Regus/login.html
INFO: [ app_init ] --START--
INFO: Run Behavior\BuildLiteBehavior [ RunTime:0.000000s ]
INFO: [ app_init ] --END-- [ RunTime:0.000000s ]
INFO: [ app_begin ] --START--
INFO: Run Behavior\ReadHtmlCacheBehavior [ RunTime:0.000000s ]
INFO: [ app_begin ] --END-- [ RunTime:0.000976s ]
INFO: [ view_parse ] --START--
INFO: [ template_filter ] --START--
INFO: Run Behavior\ContentReplaceBehavior [ RunTime:0.000000s ]
INFO: [ template_filter ] --END-- [ RunTime:0.000000s ]
NOTIC: [8] Undefined index: m D:\wwwroot\jpyc03\wwwroot\ThinkPHP\Common\functions.php 第 977 行.
INFO: Run Behavior\ParseTemplateBehavior [ RunTime:0.024414s ]
INFO: [ view_parse ] --END-- [ RunTime:0.024414s ]
INFO: [ view_filter ] --START--
INFO: Run Behavior\WriteHtmlCacheBehavior [ RunTime:0.000000s ]
INFO: [ view_filter ] --END-- [ RunTime:0.000000s ]
INFO: [ app_end ] --START--
INFO: Run Behavior\ShowPageTraceBehavior [ RunTime:0.001953s ]
INFO: [ app_end ] --END-- [ RunTime:0.001953s ]

[ 2018-02-06T13:17:31+08:00 ] 223.74.134.114 /
INFO: [ app_init ] --START--
INFO: Run Behavior\BuildLiteBehavior [ RunTime:0.000000s ]
INFO: [ app_init ] --END-- [ RunTime:0.000976s ]
INFO: [ app_begin ] --START--
INFO: Run Behavior\ReadHtmlCacheBehavior [ RunTime:0.000977s ]
INFO: [ app_begin ] --END-- [ RunTime:0.000977s ]
NOTIC: [8] Undefined index: m D:\wwwroot\jpyc03\wwwroot\ThinkPHP\Common\functions.php 第 977 行.

[ 2018-02-06T13:17:31+08:00 ] 223.74.134.114 /index.php?s=/Regus/login.html
INFO: [ app_init ] --START--
INFO: Run Behavior\BuildLiteBehavior [ RunTime:0.000000s ]
INFO: [ app_init ] --END-- [ RunTime:0.000000s ]
INFO: [ app_begin ] --START--
INFO: Run Behavior\ReadHtmlCacheBehavior [ RunTime:0.000000s ]
INFO: [ app_begin ] --END-- [ RunTime:0.000000s ]
INFO: [ view_parse ] --START--
INFO: [ template_filter ] --START--
INFO: Run Behavior\ContentReplaceBehavior [ RunTime:0.000000s ]
INFO: [ template_filter ] --END-- [ RunTime:0.000000s ]
NOTIC: [8] Undefined index: m D:\wwwroot\jpyc03\wwwroot\ThinkPHP\Common\functions.php 第 977 行.
INFO: Run Behavior\ParseTemplateBehavior [ RunTime:0.017578s ]
INFO: [ view_parse ] --END-- [ RunTime:0.017578s ]
INFO: [ view_filter ] --START--
INFO: Run Behavior\WriteHtmlCacheBehavior [ RunTime:0.000000s ]
INFO: [ view_filter ] --END-- [ RunTime:0.000000s ]
INFO: [ app_end ] --START--
INFO: Run Behavior\ShowPageTraceBehavior [ RunTime:0.000977s ]
INFO: [ app_end ] --END-- [ RunTime:0.000977s ]

[ 2018-02-06T13:17:31+08:00 ] 223.74.134.114 /
INFO: [ app_init ] --START--
INFO: Run Behavior\BuildLiteBehavior [ RunTime:0.000000s ]
INFO: [ app_init ] --END-- [ RunTime:0.000976s ]
INFO: [ app_begin ] --START--
INFO: Run Behavior\ReadHtmlCacheBehavior [ RunTime:0.000977s ]
INFO: [ app_begin ] --END-- [ RunTime:0.000977s ]
NOTIC: [8] Undefined index: m D:\wwwroot\jpyc03\wwwroot\ThinkPHP\Common\functions.php 第 977 行.

[ 2018-02-06T13:17:31+08:00 ] 223.74.134.114 /index.php?s=/Regus/login.html
INFO: [ app_init ] --START--
INFO: Run Behavior\BuildLiteBehavior [ RunTime:0.000000s ]
INFO: [ app_init ] --END-- [ RunTime:0.000977s ]
INFO: [ app_begin ] --START--
INFO: Run Behavior\ReadHtmlCacheBehavior [ RunTime:0.000000s ]
INFO: [ app_begin ] --END-- [ RunTime:0.000977s ]
INFO: [ view_parse ] --START--
INFO: [ template_filter ] --START--
INFO: Run Behavior\ContentReplaceBehavior [ RunTime:0.000000s ]
INFO: [ template_filter ] --END-- [ RunTime:0.000000s ]
NOTIC: [8] Undefined index: m D:\wwwroot\jpyc03\wwwroot\ThinkPHP\Common\functions.php 第 977 行.
INFO: Run Behavior\ParseTemplateBehavior [ RunTime:0.007812s ]
INFO: [ view_parse ] --END-- [ RunTime:0.007812s ]
INFO: [ view_filter ] --START--
INFO: Run Behavior\WriteHtmlCacheBehavior [ RunTime:0.000000s ]
INFO: [ view_filter ] --END-- [ RunTime:0.000000s ]
INFO: [ app_end ] --START--
INFO: Run Behavior\ShowPageTraceBehavior [ RunTime:0.000000s ]
INFO: [ app_end ] --END-- [ RunTime:0.000000s ]

[ 2018-02-06T13:17:34+08:00 ] 223.74.134.114 /index.php?s=/Mobile/Regus/testid.html
INFO: [ app_init ] --START--
INFO: Run Behavior\BuildLiteBehavior [ RunTime:0.000000s ]
INFO: [ app_init ] --END-- [ RunTime:0.000976s ]
INFO: [ app_begin ] --START--
INFO: Run Behavior\ReadHtmlCacheBehavior [ RunTime:0.000000s ]
INFO: [ app_begin ] --END-- [ RunTime:0.000000s ]
SQL: SHOW COLUMNS FROM `syd_user` [ RunTime:0.0029s ]
SQL: SELECT * FROM `syd_user` WHERE ( account='13823896253' ) LIMIT 1   [ RunTime:0.0000s ]

[ 2018-02-06T13:17:34+08:00 ] 223.74.134.114 /index.php?s=/Mobile/Index/copyPageTwo.html
INFO: [ app_init ] --START--
INFO: Run Behavior\BuildLiteBehavior [ RunTime:0.000000s ]
INFO: [ app_init ] --END-- [ RunTime:0.000977s ]
INFO: [ app_begin ] --START--
INFO: Run Behavior\ReadHtmlCacheBehavior [ RunTime:0.000976s ]
INFO: [ app_begin ] --END-- [ RunTime:0.000976s ]
SQL: SHOW COLUMNS FROM `syd_user` [ RunTime:0.0029s ]
SQL: SELECT * FROM `syd_user` WHERE ( userid=194 ) LIMIT 1   [ RunTime:0.0020s ]
SQL: SHOW COLUMNS FROM `syd_store` [ RunTime:0.0039s ]
SQL: SELECT * FROM `syd_store` WHERE ( uid=194 ) LIMIT 1   [ RunTime:0.0029s ]
SQL: SHOW COLUMNS FROM `syd_group` [ RunTime:0.0078s ]
SQL: SELECT * FROM `syd_group` WHERE ( one_id=194 ) LIMIT 1   [ RunTime:0.0039s ]
SQL: SELECT `parent_id` FROM `syd_user` WHERE ( userid=194 ) LIMIT 1   [ RunTime:0.0000s ]
SQL: SELECT * FROM `syd_group` WHERE ( one_id=196 ) LIMIT 1   [ RunTime:0.0000s ]
INFO: [ view_parse ] --START--
INFO: [ template_filter ] --START--
INFO: Run Behavior\ContentReplaceBehavior [ RunTime:0.000000s ]
INFO: [ template_filter ] --END-- [ RunTime:0.000000s ]
NOTIC: [8] Undefined index: m D:\wwwroot\jpyc03\wwwroot\ThinkPHP\Common\functions.php 第 977 行.
NOTIC: [8] Undefined index: m D:\wwwroot\jpyc03\wwwroot\ThinkPHP\Common\functions.php 第 977 行.
NOTIC: [8] Undefined index: m D:\wwwroot\jpyc03\wwwroot\ThinkPHP\Common\functions.php 第 977 行.
NOTIC: [8] Undefined index: m D:\wwwroot\jpyc03\wwwroot\ThinkPHP\Common\functions.php 第 977 行.
NOTIC: [8] Undefined index: m D:\wwwroot\jpyc03\wwwroot\ThinkPHP\Common\functions.php 第 977 行.
NOTIC: [8] Undefined index: m D:\wwwroot\jpyc03\wwwroot\ThinkPHP\Common\functions.php 第 977 行.
NOTIC: [8] Undefined index: m D:\wwwroot\jpyc03\wwwroot\ThinkPHP\Common\functions.php 第 977 行.
NOTIC: [8] Undefined index: m D:\wwwroot\jpyc03\wwwroot\ThinkPHP\Common\functions.php 第 977 行.
NOTIC: [8] Undefined index: m D:\wwwroot\jpyc03\wwwroot\ThinkPHP\Common\functions.php 第 977 行.
NOTIC: [8] Undefined index: m D:\wwwroot\jpyc03\wwwroot\ThinkPHP\Common\functions.php 第 977 行.
NOTIC: [8] Undefined index: m D:\wwwroot\jpyc03\wwwroot\ThinkPHP\Common\functions.php 第 977 行.
NOTIC: [8] Undefined index: m D:\wwwroot\jpyc03\wwwroot\ThinkPHP\Common\functions.php 第 977 行.
NOTIC: [8] Undefined index: m D:\wwwroot\jpyc03\wwwroot\ThinkPHP\Common\functions.php 第 977 行.
NOTIC: [8] Undefined index: m D:\wwwroot\jpyc03\wwwroot\ThinkPHP\Common\functions.php 第 977 行.
NOTIC: [8] Undefined index: m D:\wwwroot\jpyc03\wwwroot\ThinkPHP\Common\functions.php 第 977 行.
NOTIC: [8] Undefined index: m D:\wwwroot\jpyc03\wwwroot\ThinkPHP\Common\functions.php 第 977 行.
NOTIC: [8] Undefined index: m D:\wwwroot\jpyc03\wwwroot\ThinkPHP\Common\functions.php 第 977 行.
NOTIC: [8] Undefined index: m D:\wwwroot\jpyc03\wwwroot\ThinkPHP\Common\functions.php 第 977 行.
NOTIC: [8] Undefined index: m D:\wwwroot\jpyc03\wwwroot\ThinkPHP\Common\functions.php 第 977 行.
NOTIC: [8] Undefined index: m D:\wwwroot\jpyc03\wwwroot\ThinkPHP\Common\functions.php 第 977 行.
NOTIC: [8] Undefined index: m D:\wwwroot\jpyc03\wwwroot\ThinkPHP\Common\functions.php 第 977 行.
NOTIC: [8] Undefined index: m D:\wwwroot\jpyc03\wwwroot\ThinkPHP\Common\functions.php 第 977 行.
NOTIC: [8] Undefined index: m D:\wwwroot\jpyc03\wwwroot\ThinkPHP\Common\functions.php 第 977 行.
NOTIC: [8] Undefined index: m D:\wwwroot\jpyc03\wwwroot\ThinkPHP\Common\functions.php 第 977 行.
NOTIC: [8] Undefined index: m D:\wwwroot\jpyc03\wwwroot\ThinkPHP\Common\functions.php 第 977 行.
NOTIC: [8] Undefined index: m D:\wwwroot\jpyc03\wwwroot\ThinkPHP\Common\functions.php 第 977 行.
NOTIC: [8] Undefined index: m D:\wwwroot\jpyc03\wwwroot\ThinkPHP\Common\functions.php 第 977 行.
INFO: Run Behavior\ParseTemplateBehavior [ RunTime:0.033203s ]
INFO: [ view_parse ] --END-- [ RunTime:0.033203s ]
INFO: [ view_filter ] --START--
INFO: Run Behavior\WriteHtmlCacheBehavior [ RunTime:0.000977s ]
INFO: [ view_filter ] --END-- [ RunTime:0.000977s ]
INFO: [ app_end ] --START--
INFO: Run Behavior\ShowPageTraceBehavior [ RunTime:0.000976s ]
INFO: [ app_end ] --END-- [ RunTime:0.000976s ]

[ 2018-02-06T13:18:20+08:00 ] 120.204.17.46 /
INFO: [ app_init ] --START--
INFO: Run Behavior\BuildLiteBehavior [ RunTime:0.000000s ]
INFO: [ app_init ] --END-- [ RunTime:0.000977s ]
INFO: [ app_begin ] --START--
INFO: Run Behavior\ReadHtmlCacheBehavior [ RunTime:0.000976s ]
INFO: [ app_begin ] --END-- [ RunTime:0.000976s ]
NOTIC: [8] Undefined index: m D:\wwwroot\jpyc03\wwwroot\ThinkPHP\Common\functions.php 第 977 行.

[ 2018-02-06T13:18:20+08:00 ] 120.204.17.46 /index.php?s=/Regus/login.html
INFO: [ app_init ] --START--
INFO: Run Behavior\BuildLiteBehavior [ RunTime:0.000000s ]
INFO: [ app_init ] --END-- [ RunTime:0.000000s ]
INFO: [ app_begin ] --START--
INFO: Run Behavior\ReadHtmlCacheBehavior [ RunTime:0.000977s ]
INFO: [ app_begin ] --END-- [ RunTime:0.000977s ]
INFO: [ view_parse ] --START--
INFO: [ template_filter ] --START--
INFO: Run Behavior\ContentReplaceBehavior [ RunTime:0.000000s ]
INFO: [ template_filter ] --END-- [ RunTime:0.000000s ]
NOTIC: [8] Undefined index: m D:\wwwroot\jpyc03\wwwroot\ThinkPHP\Common\functions.php 第 977 行.
INFO: Run Behavior\ParseTemplateBehavior [ RunTime:0.007813s ]
INFO: [ view_parse ] --END-- [ RunTime:0.007813s ]
INFO: [ view_filter ] --START--
INFO: Run Behavior\WriteHtmlCacheBehavior [ RunTime:0.000000s ]
INFO: [ view_filter ] --END-- [ RunTime:0.000000s ]
INFO: [ app_end ] --START--
INFO: Run Behavior\ShowPageTraceBehavior [ RunTime:0.000000s ]
INFO: [ app_end ] --END-- [ RunTime:0.000000s ]

[ 2018-02-06T18:10:00+08:00 ] 183.36.112.205 /
INFO: [ app_init ] --START--
INFO: Run Behavior\BuildLiteBehavior [ RunTime:0.000000s ]
INFO: [ app_init ] --END-- [ RunTime:0.000977s ]
INFO: [ app_begin ] --START--
INFO: Run Behavior\ReadHtmlCacheBehavior [ RunTime:0.001954s ]
INFO: [ app_begin ] --END-- [ RunTime:0.001954s ]
NOTIC: [8] Undefined index: m D:\wwwroot\jpyc03\wwwroot\ThinkPHP\Common\functions.php 第 977 行.

[ 2018-02-06T18:10:00+08:00 ] 183.36.112.205 /
INFO: [ app_init ] --START--
INFO: Run Behavior\BuildLiteBehavior [ RunTime:0.000000s ]
INFO: [ app_init ] --END-- [ RunTime:0.000977s ]
INFO: [ app_begin ] --START--
INFO: Run Behavior\ReadHtmlCacheBehavior [ RunTime:0.000000s ]
INFO: [ app_begin ] --END-- [ RunTime:0.000000s ]
NOTIC: [8] Undefined index: m D:\wwwroot\jpyc03\wwwroot\ThinkPHP\Common\functions.php 第 977 行.

[ 2018-02-06T18:10:00+08:00 ] 183.36.112.205 /index.php?s=/Regus/login.html
INFO: [ app_init ] --START--
INFO: Run Behavior\BuildLiteBehavior [ RunTime:0.000000s ]
INFO: [ app_init ] --END-- [ RunTime:0.000976s ]
INFO: [ app_begin ] --START--
INFO: Run Behavior\ReadHtmlCacheBehavior [ RunTime:0.000976s ]
INFO: [ app_begin ] --END-- [ RunTime:0.000976s ]
INFO: [ view_parse ] --START--
INFO: [ template_filter ] --START--
INFO: Run Behavior\ContentReplaceBehavior [ RunTime:0.000000s ]
INFO: [ template_filter ] --END-- [ RunTime:0.000000s ]
NOTIC: [8] Undefined index: m D:\wwwroot\jpyc03\wwwroot\ThinkPHP\Common\functions.php 第 977 行.
INFO: Run Behavior\ParseTemplateBehavior [ RunTime:0.019531s ]
INFO: [ view_parse ] --END-- [ RunTime:0.019531s ]
INFO: [ view_filter ] --START--
INFO: Run Behavior\WriteHtmlCacheBehavior [ RunTime:0.000976s ]
INFO: [ view_filter ] --END-- [ RunTime:0.000976s ]
INFO: [ app_end ] --START--
INFO: Run Behavior\ShowPageTraceBehavior [ RunTime:0.000977s ]
INFO: [ app_end ] --END-- [ RunTime:0.000977s ]

[ 2018-02-06T18:10:03+08:00 ] 183.36.112.205 /index.php?s=/Mobile/Regus/testid.html
INFO: [ app_init ] --START--
INFO: Run Behavior\BuildLiteBehavior [ RunTime:0.000000s ]
INFO: [ app_init ] --END-- [ RunTime:0.001953s ]
INFO: [ app_begin ] --START--
INFO: Run Behavior\ReadHtmlCacheBehavior [ RunTime:0.000000s ]
INFO: [ app_begin ] --END-- [ RunTime:0.000000s ]
SQL: SHOW COLUMNS FROM `syd_user` [ RunTime:0.0049s ]
SQL: SELECT * FROM `syd_user` WHERE ( account='13823896253' ) LIMIT 1   [ RunTime:0.0020s ]

[ 2018-02-06T18:10:03+08:00 ] 58.250.143.191 /
INFO: [ app_init ] --START--
INFO: Run Behavior\BuildLiteBehavior [ RunTime:0.000000s ]
INFO: [ app_init ] --END-- [ RunTime:0.000000s ]
INFO: [ app_begin ] --START--
INFO: Run Behavior\ReadHtmlCacheBehavior [ RunTime:0.000976s ]
INFO: [ app_begin ] --END-- [ RunTime:0.000976s ]
NOTIC: [8] Undefined index: m D:\wwwroot\jpyc03\wwwroot\ThinkPHP\Common\functions.php 第 977 行.

[ 2018-02-06T18:10:03+08:00 ] 157.255.172.19 /
INFO: [ app_init ] --START--
INFO: Run Behavior\BuildLiteBehavior [ RunTime:0.000000s ]
INFO: [ app_init ] --END-- [ RunTime:0.000976s ]
INFO: [ app_begin ] --START--
INFO: Run Behavior\ReadHtmlCacheBehavior [ RunTime:0.000000s ]
INFO: [ app_begin ] --END-- [ RunTime:0.000977s ]
NOTIC: [8] Undefined index: m D:\wwwroot\jpyc03\wwwroot\ThinkPHP\Common\functions.php 第 977 行.

[ 2018-02-06T18:10:03+08:00 ] 183.36.112.205 /index.php?s=/Mobile/Index/copyPageTwo.html
INFO: [ app_init ] --START--
INFO: Run Behavior\BuildLiteBehavior [ RunTime:0.000000s ]
INFO: [ app_init ] --END-- [ RunTime:0.000977s ]
INFO: [ app_begin ] --START--
INFO: Run Behavior\ReadHtmlCacheBehavior [ RunTime:0.000976s ]
INFO: [ app_begin ] --END-- [ RunTime:0.000976s ]
SQL: SHOW COLUMNS FROM `syd_user` [ RunTime:0.0039s ]
SQL: SELECT * FROM `syd_user` WHERE ( userid=194 ) LIMIT 1   [ RunTime:0.0020s ]
SQL: SHOW COLUMNS FROM `syd_store` [ RunTime:0.0049s ]
SQL: SELECT * FROM `syd_store` WHERE ( uid=194 ) LIMIT 1   [ RunTime:0.0020s ]
SQL: SHOW COLUMNS FROM `syd_group` [ RunTime:0.0068s ]
SQL: SELECT * FROM `syd_group` WHERE ( one_id=194 ) LIMIT 1   [ RunTime:0.0049s ]
SQL: SELECT `parent_id` FROM `syd_user` WHERE ( userid=194 ) LIMIT 1   [ RunTime:0.0000s ]
SQL: SELECT * FROM `syd_group` WHERE ( one_id=196 ) LIMIT 1   [ RunTime:0.0010s ]
INFO: [ view_parse ] --START--
INFO: [ template_filter ] --START--
INFO: Run Behavior\ContentReplaceBehavior [ RunTime:0.000000s ]
INFO: [ template_filter ] --END-- [ RunTime:0.000000s ]
NOTIC: [8] Undefined index: m D:\wwwroot\jpyc03\wwwroot\ThinkPHP\Common\functions.php 第 977 行.
NOTIC: [8] Undefined index: m D:\wwwroot\jpyc03\wwwroot\ThinkPHP\Common\functions.php 第 977 行.
NOTIC: [8] Undefined index: m D:\wwwroot\jpyc03\wwwroot\ThinkPHP\Common\functions.php 第 977 行.
NOTIC: [8] Undefined index: m D:\wwwroot\jpyc03\wwwroot\ThinkPHP\Common\functions.php 第 977 行.
NOTIC: [8] Undefined index: m D:\wwwroot\jpyc03\wwwroot\ThinkPHP\Common\functions.php 第 977 行.
NOTIC: [8] Undefined index: m D:\wwwroot\jpyc03\wwwroot\ThinkPHP\Common\functions.php 第 977 行.
NOTIC: [8] Undefined index: m D:\wwwroot\jpyc03\wwwroot\ThinkPHP\Common\functions.php 第 977 行.
NOTIC: [8] Undefined index: m D:\wwwroot\jpyc03\wwwroot\ThinkPHP\Common\functions.php 第 977 行.
NOTIC: [8] Undefined index: m D:\wwwroot\jpyc03\wwwroot\ThinkPHP\Common\functions.php 第 977 行.
NOTIC: [8] Undefined index: m D:\wwwroot\jpyc03\wwwroot\ThinkPHP\Common\functions.php 第 977 行.
NOTIC: [8] Undefined index: m D:\wwwroot\jpyc03\wwwroot\ThinkPHP\Common\functions.php 第 977 行.
NOTIC: [8] Undefined index: m D:\wwwroot\jpyc03\wwwroot\ThinkPHP\Common\functions.php 第 977 行.
NOTIC: [8] Undefined index: m D:\wwwroot\jpyc03\wwwroot\ThinkPHP\Common\functions.php 第 977 行.
NOTIC: [8] Undefined index: m D:\wwwroot\jpyc03\wwwroot\ThinkPHP\Common\functions.php 第 977 行.
NOTIC: [8] Undefined index: m D:\wwwroot\jpyc03\wwwroot\ThinkPHP\Common\functions.php 第 977 行.
NOTIC: [8] Undefined index: m D:\wwwroot\jpyc03\wwwroot\ThinkPHP\Common\functions.php 第 977 行.
NOTIC: [8] Undefined index: m D:\wwwroot\jpyc03\wwwroot\ThinkPHP\Common\functions.php 第 977 行.
NOTIC: [8] Undefined index: m D:\wwwroot\jpyc03\wwwroot\ThinkPHP\Common\functions.php 第 977 行.
NOTIC: [8] Undefined index: m D:\wwwroot\jpyc03\wwwroot\ThinkPHP\Common\functions.php 第 977 行.
NOTIC: [8] Undefined index: m D:\wwwroot\jpyc03\wwwroot\ThinkPHP\Common\functions.php 第 977 行.
NOTIC: [8] Undefined index: m D:\wwwroot\jpyc03\wwwroot\ThinkPHP\Common\functions.php 第 977 行.
NOTIC: [8] Undefined index: m D:\wwwroot\jpyc03\wwwroot\ThinkPHP\Common\functions.php 第 977 行.
NOTIC: [8] Undefined index: m D:\wwwroot\jpyc03\wwwroot\ThinkPHP\Common\functions.php 第 977 行.
NOTIC: [8] Undefined index: m D:\wwwroot\jpyc03\wwwroot\ThinkPHP\Common\functions.php 第 977 行.
NOTIC: [8] Undefined index: m D:\wwwroot\jpyc03\wwwroot\ThinkPHP\Common\functions.php 第 977 行.
NOTIC: [8] Undefined index: m D:\wwwroot\jpyc03\wwwroot\ThinkPHP\Common\functions.php 第 977 行.
NOTIC: [8] Undefined index: m D:\wwwroot\jpyc03\wwwroot\ThinkPHP\Common\functions.php 第 977 行.
INFO: Run Behavior\ParseTemplateBehavior [ RunTime:0.017579s ]
INFO: [ view_parse ] --END-- [ RunTime:0.017579s ]
INFO: [ view_filter ] --START--
INFO: Run Behavior\WriteHtmlCacheBehavior [ RunTime:0.000976s ]
INFO: [ view_filter ] --END-- [ RunTime:0.000976s ]
INFO: [ app_end ] --START--
INFO: Run Behavior\ShowPageTraceBehavior [ RunTime:0.000000s ]
INFO: [ app_end ] --END-- [ RunTime:0.000000s ]

[ 2018-02-06T18:10:29+08:00 ] 183.36.112.205 /index.php?s=/financemanagement/finance_withdrawals.html
INFO: [ app_init ] --START--
INFO: Run Behavior\BuildLiteBehavior [ RunTime:0.000000s ]
INFO: [ app_init ] --END-- [ RunTime:0.000977s ]
INFO: [ app_begin ] --START--
INFO: Run Behavior\ReadHtmlCacheBehavior [ RunTime:0.000000s ]
INFO: [ app_begin ] --END-- [ RunTime:0.000000s ]
SQL: SHOW COLUMNS FROM `syd_bank` [ RunTime:0.0049s ]
SQL: SELECT * FROM `syd_bank` WHERE `uid` = 194 LIMIT 1   [ RunTime:0.0010s ]
SQL: SHOW COLUMNS FROM `syd_function_parameters` [ RunTime:0.0039s ]
SQL: SELECT * FROM `syd_function_parameters` WHERE ( id=1 ) LIMIT 1   [ RunTime:0.0010s ]
INFO: [ view_parse ] --START--
INFO: [ template_filter ] --START--
INFO: Run Behavior\ContentReplaceBehavior [ RunTime:0.000976s ]
INFO: [ template_filter ] --END-- [ RunTime:0.000976s ]
INFO: Run Behavior\ParseTemplateBehavior [ RunTime:0.016601s ]
INFO: [ view_parse ] --END-- [ RunTime:0.016601s ]
INFO: [ view_filter ] --START--
INFO: Run Behavior\WriteHtmlCacheBehavior [ RunTime:0.000000s ]
INFO: [ view_filter ] --END-- [ RunTime:0.000000s ]
INFO: [ app_end ] --START--
INFO: Run Behavior\ShowPageTraceBehavior [ RunTime:0.000977s ]
INFO: [ app_end ] --END-- [ RunTime:0.000977s ]

[ 2018-02-06T18:10:52+08:00 ] 183.36.112.205 /index.php?s=/Mobile/Financemanagement/addwithdrawals.html
INFO: [ app_init ] --START--
INFO: Run Behavior\BuildLiteBehavior [ RunTime:0.000000s ]
INFO: [ app_init ] --END-- [ RunTime:0.000000s ]
INFO: [ app_begin ] --START--
INFO: Run Behavior\ReadHtmlCacheBehavior [ RunTime:0.000000s ]
INFO: [ app_begin ] --END-- [ RunTime:0.000000s ]
SQL: SHOW COLUMNS FROM `syd_store` [ RunTime:0.0068s ]
SQL: SELECT `buycar_money` FROM `syd_store` WHERE ( uid=194 ) LIMIT 1   [ RunTime:0.0039s ]
SQL: SHOW COLUMNS FROM `syd_user` [ RunTime:0.0039s ]
SQL: SELECT `buycar_status` FROM `syd_user` WHERE ( userid=194 ) LIMIT 1   [ RunTime:0.0029s ]

[ 2018-02-06T18:10:56+08:00 ] 183.36.112.205 /index.php?s=/financemanagement/finance_withdrawals.html
INFO: [ app_init ] --START--
INFO: Run Behavior\BuildLiteBehavior [ RunTime:0.000000s ]
INFO: [ app_init ] --END-- [ RunTime:0.000976s ]
INFO: [ app_begin ] --START--
INFO: Run Behavior\ReadHtmlCacheBehavior [ RunTime:0.000000s ]
INFO: [ app_begin ] --END-- [ RunTime:0.000000s ]
SQL: SHOW COLUMNS FROM `syd_bank` [ RunTime:0.0039s ]
SQL: SELECT * FROM `syd_bank` WHERE `uid` = 194 LIMIT 1   [ RunTime:0.0010s ]
SQL: SHOW COLUMNS FROM `syd_function_parameters` [ RunTime:0.0039s ]
SQL: SELECT * FROM `syd_function_parameters` WHERE ( id=1 ) LIMIT 1   [ RunTime:0.0000s ]
INFO: [ view_parse ] --START--
INFO: [ template_filter ] --START--
INFO: Run Behavior\ContentReplaceBehavior [ RunTime:0.000000s ]
INFO: [ template_filter ] --END-- [ RunTime:0.000000s ]
INFO: Run Behavior\ParseTemplateBehavior [ RunTime:0.008789s ]
INFO: [ view_parse ] --END-- [ RunTime:0.008789s ]
INFO: [ view_filter ] --START--
INFO: Run Behavior\WriteHtmlCacheBehavior [ RunTime:0.000000s ]
INFO: [ view_filter ] --END-- [ RunTime:0.000000s ]
INFO: [ app_end ] --START--
INFO: Run Behavior\ShowPageTraceBehavior [ RunTime:0.000000s ]
INFO: [ app_end ] --END-- [ RunTime:0.000000s ]

[ 2018-02-06T18:11:04+08:00 ] 120.204.17.69 /index.php?s=/Mobile/Index/copyPageTwo.html
INFO: [ app_init ] --START--
INFO: Run Behavior\BuildLiteBehavior [ RunTime:0.000000s ]
INFO: [ app_init ] --END-- [ RunTime:0.000000s ]
INFO: [ app_begin ] --START--
INFO: Run Behavior\ReadHtmlCacheBehavior [ RunTime:0.000976s ]
INFO: [ app_begin ] --END-- [ RunTime:0.000976s ]
NOTIC: [8] Undefined index: m D:\wwwroot\jpyc03\wwwroot\ThinkPHP\Common\functions.php 第 977 行.

[ 2018-02-06T18:11:04+08:00 ] 120.204.17.69 /index.php?s=/Regus/login.html
INFO: [ app_init ] --START--
INFO: Run Behavior\BuildLiteBehavior [ RunTime:0.000000s ]
INFO: [ app_init ] --END-- [ RunTime:0.000976s ]
INFO: [ app_begin ] --START--
INFO: Run Behavior\ReadHtmlCacheBehavior [ RunTime:0.000977s ]
INFO: [ app_begin ] --END-- [ RunTime:0.000977s ]
INFO: [ view_parse ] --START--
INFO: [ template_filter ] --START--
INFO: Run Behavior\ContentReplaceBehavior [ RunTime:0.000000s ]
INFO: [ template_filter ] --END-- [ RunTime:0.000976s ]
NOTIC: [8] Undefined index: m D:\wwwroot\jpyc03\wwwroot\ThinkPHP\Common\functions.php 第 977 行.
INFO: Run Behavior\ParseTemplateBehavior [ RunTime:0.006836s ]
INFO: [ view_parse ] --END-- [ RunTime:0.006836s ]
INFO: [ view_filter ] --START--
INFO: Run Behavior\WriteHtmlCacheBehavior [ RunTime:0.000000s ]
INFO: [ view_filter ] --END-- [ RunTime:0.000000s ]
INFO: [ app_end ] --START--
INFO: Run Behavior\ShowPageTraceBehavior [ RunTime:0.000977s ]
INFO: [ app_end ] --END-- [ RunTime:0.000977s ]

[ 2018-02-06T18:11:29+08:00 ] 120.204.17.69 /index.php?s=/financemanagement/finance_withdrawals.html
INFO: [ app_init ] --START--
INFO: Run Behavior\BuildLiteBehavior [ RunTime:0.000000s ]
INFO: [ app_init ] --END-- [ RunTime:0.000977s ]
INFO: [ app_begin ] --START--
INFO: Run Behavior\ReadHtmlCacheBehavior [ RunTime:0.001953s ]
INFO: [ app_begin ] --END-- [ RunTime:0.001953s ]
NOTIC: [8] Undefined index: m D:\wwwroot\jpyc03\wwwroot\ThinkPHP\Common\functions.php 第 977 行.

[ 2018-02-06T18:11:29+08:00 ] 120.204.17.69 /index.php?s=/Regus/login.html
INFO: [ app_init ] --START--
INFO: Run Behavior\BuildLiteBehavior [ RunTime:0.000000s ]
INFO: [ app_init ] --END-- [ RunTime:0.000000s ]
INFO: [ app_begin ] --START--
INFO: Run Behavior\ReadHtmlCacheBehavior [ RunTime:0.000977s ]
INFO: [ app_begin ] --END-- [ RunTime:0.000977s ]
INFO: [ view_parse ] --START--
INFO: [ template_filter ] --START--
INFO: Run Behavior\ContentReplaceBehavior [ RunTime:0.000000s ]
INFO: [ template_filter ] --END-- [ RunTime:0.000976s ]
NOTIC: [8] Undefined index: m D:\wwwroot\jpyc03\wwwroot\ThinkPHP\Common\functions.php 第 977 行.
INFO: Run Behavior\ParseTemplateBehavior [ RunTime:0.009766s ]
INFO: [ view_parse ] --END-- [ RunTime:0.009766s ]
INFO: [ view_filter ] --START--
INFO: Run Behavior\WriteHtmlCacheBehavior [ RunTime:0.000976s ]
INFO: [ view_filter ] --END-- [ RunTime:0.000976s ]
INFO: [ app_end ] --START--
INFO: Run Behavior\ShowPageTraceBehavior [ RunTime:0.000000s ]
INFO: [ app_end ] --END-- [ RunTime:0.000000s ]

[ 2018-02-06T18:11:52+08:00 ] 120.204.17.67 /index.php?s=/Mobile/Financemanagement/addwithdrawals.html
INFO: [ app_init ] --START--
INFO: Run Behavior\BuildLiteBehavior [ RunTime:0.000000s ]
INFO: [ app_init ] --END-- [ RunTime:0.000000s ]
INFO: [ app_begin ] --START--
INFO: Run Behavior\ReadHtmlCacheBehavior [ RunTime:0.000977s ]
INFO: [ app_begin ] --END-- [ RunTime:0.000977s ]
NOTIC: [8] Undefined index: m D:\wwwroot\jpyc03\wwwroot\ThinkPHP\Common\functions.php 第 977 行.

[ 2018-02-06T18:11:53+08:00 ] 120.204.17.67 /index.php?s=/Regus/login.html
INFO: [ app_init ] --START--
INFO: Run Behavior\BuildLiteBehavior [ RunTime:0.000000s ]
INFO: [ app_init ] --END-- [ RunTime:0.000000s ]
INFO: [ app_begin ] --START--
INFO: Run Behavior\ReadHtmlCacheBehavior [ RunTime:0.000000s ]
INFO: [ app_begin ] --END-- [ RunTime:0.000000s ]
INFO: [ view_parse ] --START--
INFO: [ template_filter ] --START--
INFO: Run Behavior\ContentReplaceBehavior [ RunTime:0.000000s ]
INFO: [ template_filter ] --END-- [ RunTime:0.000977s ]
NOTIC: [8] Undefined index: m D:\wwwroot\jpyc03\wwwroot\ThinkPHP\Common\functions.php 第 977 行.
INFO: Run Behavior\ParseTemplateBehavior [ RunTime:0.010742s ]
INFO: [ view_parse ] --END-- [ RunTime:0.010742s ]
INFO: [ view_filter ] --START--
INFO: Run Behavior\WriteHtmlCacheBehavior [ RunTime:0.000000s ]
INFO: [ view_filter ] --END-- [ RunTime:0.000000s ]
INFO: [ app_end ] --START--
INFO: Run Behavior\ShowPageTraceBehavior [ RunTime:0.000977s ]
INFO: [ app_end ] --END-- [ RunTime:0.000977s ]

[ 2018-02-06T20:24:32+08:00 ] 60.29.111.249 /
INFO: [ app_init ] --START--
INFO: Run Behavior\BuildLiteBehavior [ RunTime:0.000000s ]
INFO: [ app_init ] --END-- [ RunTime:0.001953s ]
INFO: [ app_begin ] --START--
INFO: Run Behavior\ReadHtmlCacheBehavior [ RunTime:0.000976s ]
INFO: [ app_begin ] --END-- [ RunTime:0.000976s ]
NOTIC: [8] Undefined index: m D:\wwwroot\jpyc03\wwwroot\ThinkPHP\Common\functions.php 第 977 行.

[ 2018-02-06T20:24:32+08:00 ] 60.29.111.249 /index.php?s=/Regus/login.html
INFO: [ app_init ] --START--
INFO: Run Behavior\BuildLiteBehavior [ RunTime:0.000000s ]
INFO: [ app_init ] --END-- [ RunTime:0.000000s ]
INFO: [ app_begin ] --START--
INFO: Run Behavior\ReadHtmlCacheBehavior [ RunTime:0.000000s ]
INFO: [ app_begin ] --END-- [ RunTime:0.000976s ]
INFO: [ view_parse ] --START--
INFO: [ template_filter ] --START--
INFO: Run Behavior\ContentReplaceBehavior [ RunTime:0.000000s ]
INFO: [ template_filter ] --END-- [ RunTime:0.000000s ]
NOTIC: [8] Undefined index: m D:\wwwroot\jpyc03\wwwroot\ThinkPHP\Common\functions.php 第 977 行.
INFO: Run Behavior\ParseTemplateBehavior [ RunTime:0.018555s ]
INFO: [ view_parse ] --END-- [ RunTime:0.018555s ]
INFO: [ view_filter ] --START--
INFO: Run Behavior\WriteHtmlCacheBehavior [ RunTime:0.000000s ]
INFO: [ view_filter ] --END-- [ RunTime:0.000000s ]
INFO: [ app_end ] --START--
INFO: Run Behavior\ShowPageTraceBehavior [ RunTime:0.002930s ]
INFO: [ app_end ] --END-- [ RunTime:0.002930s ]

