[ 2018-03-21T22:21:28+08:00 ] ::1 /mc/
INFO: [ app_init ] --START--
INFO: Run Behavior\BuildLiteBehavior [ RunTime:0.000033s ]
INFO: [ app_init ] --END-- [ RunTime:0.022169s ]
INFO: [ app_begin ] --START--
INFO: Run Behavior\ReadHtmlCacheBehavior [ RunTime:0.003651s ]
INFO: [ app_begin ] --END-- [ RunTime:0.003798s ]
NOTIC: [8] Undefined index: m D:\xampp\htdocs\mc\ThinkPHP\Common\functions.php 第 977 行.

[ 2018-03-21T22:21:28+08:00 ] ::1 /mc/index.php?s=/Regus/login.html
INFO: [ app_init ] --START--
INFO: Run Behavior\BuildLiteBehavior [ RunTime:0.000035s ]
INFO: [ app_init ] --END-- [ RunTime:0.001545s ]
INFO: [ app_begin ] --START--
INFO: Run Behavior\ReadHtmlCacheBehavior [ RunTime:0.001427s ]
INFO: [ app_begin ] --END-- [ RunTime:0.001506s ]
INFO: [ view_parse ] --START--
INFO: [ template_filter ] --START--
INFO: Run Behavior\ContentReplaceBehavior [ RunTime:0.002247s ]
INFO: [ template_filter ] --END-- [ RunTime:0.002313s ]
NOTIC: [8] Undefined index: m D:\xampp\htdocs\mc\ThinkPHP\Common\functions.php 第 977 行.
INFO: Run Behavior\ParseTemplateBehavior [ RunTime:0.034187s ]
INFO: [ view_parse ] --END-- [ RunTime:0.034243s ]
INFO: [ view_filter ] --START--
INFO: Run Behavior\WriteHtmlCacheBehavior [ RunTime:0.001439s ]
INFO: [ view_filter ] --END-- [ RunTime:0.001544s ]
INFO: [ app_end ] --START--
INFO: Run Behavior\ShowPageTraceBehavior [ RunTime:0.002103s ]
INFO: [ app_end ] --END-- [ RunTime:0.002174s ]

[ 2018-03-21T22:21:35+08:00 ] ::1 /mc/index.php?s=/Regus/login.html
INFO: [ app_init ] --START--
INFO: Run Behavior\BuildLiteBehavior [ RunTime:0.000016s ]
INFO: [ app_init ] --END-- [ RunTime:0.001003s ]
INFO: [ app_begin ] --START--
INFO: Run Behavior\ReadHtmlCacheBehavior [ RunTime:0.002937s ]
INFO: [ app_begin ] --END-- [ RunTime:0.003196s ]
INFO: [ view_parse ] --START--
INFO: [ template_filter ] --START--
INFO: Run Behavior\ContentReplaceBehavior [ RunTime:0.000057s ]
INFO: [ template_filter ] --END-- [ RunTime:0.000115s ]
NOTIC: [8] Undefined index: m D:\xampp\htdocs\mc\ThinkPHP\Common\functions.php 第 977 行.
INFO: Run Behavior\ParseTemplateBehavior [ RunTime:0.018997s ]
INFO: [ view_parse ] --END-- [ RunTime:0.019070s ]
INFO: [ view_filter ] --START--
INFO: Run Behavior\WriteHtmlCacheBehavior [ RunTime:0.002432s ]
INFO: [ view_filter ] --END-- [ RunTime:0.002656s ]
INFO: [ app_end ] --START--
INFO: Run Behavior\ShowPageTraceBehavior [ RunTime:0.002506s ]
INFO: [ app_end ] --END-- [ RunTime:0.002586s ]

[ 2018-03-21T22:21:41+08:00 ] ::1 /mc/index.php?s=/Regus/login.html
INFO: [ app_init ] --START--
INFO: Run Behavior\BuildLiteBehavior [ RunTime:0.000025s ]
INFO: [ app_init ] --END-- [ RunTime:0.002538s ]
INFO: [ app_begin ] --START--
INFO: Run Behavior\ReadHtmlCacheBehavior [ RunTime:0.000814s ]
INFO: [ app_begin ] --END-- [ RunTime:0.000866s ]
INFO: [ view_parse ] --START--
INFO: [ template_filter ] --START--
INFO: Run Behavior\ContentReplaceBehavior [ RunTime:0.000097s ]
INFO: [ template_filter ] --END-- [ RunTime:0.000160s ]
NOTIC: [8] Undefined index: m D:\xampp\htdocs\mc\ThinkPHP\Common\functions.php 第 977 行.
INFO: Run Behavior\ParseTemplateBehavior [ RunTime:0.009125s ]
INFO: [ view_parse ] --END-- [ RunTime:0.009170s ]
INFO: [ view_filter ] --START--
INFO: Run Behavior\WriteHtmlCacheBehavior [ RunTime:0.000665s ]
INFO: [ view_filter ] --END-- [ RunTime:0.000706s ]
INFO: [ app_end ] --START--
INFO: Run Behavior\ShowPageTraceBehavior [ RunTime:0.000833s ]
INFO: [ app_end ] --END-- [ RunTime:0.000874s ]

[ 2018-03-21T22:21:46+08:00 ] ::1 /mc/index.php?s=/Regus/login.html
INFO: [ app_init ] --START--
INFO: Run Behavior\BuildLiteBehavior [ RunTime:0.000013s ]
INFO: [ app_init ] --END-- [ RunTime:0.000745s ]
INFO: [ app_begin ] --START--
INFO: Run Behavior\ReadHtmlCacheBehavior [ RunTime:0.000896s ]
INFO: [ app_begin ] --END-- [ RunTime:0.000949s ]
INFO: [ view_parse ] --START--
INFO: [ template_filter ] --START--
INFO: Run Behavior\ContentReplaceBehavior [ RunTime:0.000052s ]
INFO: [ template_filter ] --END-- [ RunTime:0.000123s ]
NOTIC: [8] Undefined index: m D:\xampp\htdocs\mc\ThinkPHP\Common\functions.php 第 977 行.
INFO: Run Behavior\ParseTemplateBehavior [ RunTime:0.010054s ]
INFO: [ view_parse ] --END-- [ RunTime:0.010104s ]
INFO: [ view_filter ] --START--
INFO: Run Behavior\WriteHtmlCacheBehavior [ RunTime:0.000650s ]
INFO: [ view_filter ] --END-- [ RunTime:0.000692s ]
INFO: [ app_end ] --START--
INFO: Run Behavior\ShowPageTraceBehavior [ RunTime:0.000810s ]
INFO: [ app_end ] --END-- [ RunTime:0.000849s ]

[ 2018-03-21T22:22:03+08:00 ] ::1 /mc/index.php?s=/Mobile/Regus/testid.html
INFO: [ app_init ] --START--
INFO: Run Behavior\BuildLiteBehavior [ RunTime:0.000012s ]
INFO: [ app_init ] --END-- [ RunTime:0.000718s ]
INFO: [ app_begin ] --START--
INFO: Run Behavior\ReadHtmlCacheBehavior [ RunTime:0.000940s ]
INFO: [ app_begin ] --END-- [ RunTime:0.000992s ]
SQL: SHOW COLUMNS FROM `syd_user` [ RunTime:0.0105s ]
SQL: SELECT * FROM `syd_user` WHERE ( account='d8888888' ) LIMIT 1   [ RunTime:0.0013s ]

[ 2018-03-21T22:22:03+08:00 ] ::1 /mc/index.php?s=/Mobile/Index/copyPageTwo.html
INFO: [ app_init ] --START--
INFO: Run Behavior\BuildLiteBehavior [ RunTime:0.000011s ]
INFO: [ app_init ] --END-- [ RunTime:0.000624s ]
INFO: [ app_begin ] --START--
INFO: Run Behavior\ReadHtmlCacheBehavior [ RunTime:0.000843s ]
INFO: [ app_begin ] --END-- [ RunTime:0.000903s ]
SQL: SHOW COLUMNS FROM `syd_user` [ RunTime:0.0102s ]
SQL: SELECT * FROM `syd_user` WHERE ( userid=164 ) LIMIT 1   [ RunTime:0.0014s ]
SQL: SHOW COLUMNS FROM `syd_store` [ RunTime:0.0113s ]
SQL: SELECT * FROM `syd_store` WHERE ( uid=164 ) LIMIT 1   [ RunTime:0.0032s ]
SQL: SHOW COLUMNS FROM `syd_group` [ RunTime:0.0102s ]
SQL: SELECT * FROM `syd_group` WHERE ( one_id=164 ) LIMIT 1   [ RunTime:0.0006s ]
INFO: [ view_parse ] --START--
INFO: [ template_filter ] --START--
INFO: Run Behavior\ContentReplaceBehavior [ RunTime:0.000198s ]
INFO: [ template_filter ] --END-- [ RunTime:0.000252s ]
NOTIC: [8] Undefined index: m D:\xampp\htdocs\mc\ThinkPHP\Common\functions.php 第 977 行.
NOTIC: [8] Undefined index: m D:\xampp\htdocs\mc\ThinkPHP\Common\functions.php 第 977 行.
NOTIC: [8] Undefined index: m D:\xampp\htdocs\mc\ThinkPHP\Common\functions.php 第 977 行.
NOTIC: [8] Undefined index: m D:\xampp\htdocs\mc\ThinkPHP\Common\functions.php 第 977 行.
NOTIC: [8] Undefined index: m D:\xampp\htdocs\mc\ThinkPHP\Common\functions.php 第 977 行.
NOTIC: [8] Undefined index: m D:\xampp\htdocs\mc\ThinkPHP\Common\functions.php 第 977 行.
NOTIC: [8] Undefined index: m D:\xampp\htdocs\mc\ThinkPHP\Common\functions.php 第 977 行.
NOTIC: [8] Undefined index: m D:\xampp\htdocs\mc\ThinkPHP\Common\functions.php 第 977 行.
NOTIC: [8] Undefined index: m D:\xampp\htdocs\mc\ThinkPHP\Common\functions.php 第 977 行.
NOTIC: [8] Undefined index: m D:\xampp\htdocs\mc\ThinkPHP\Common\functions.php 第 977 行.
NOTIC: [8] Undefined index: m D:\xampp\htdocs\mc\ThinkPHP\Common\functions.php 第 977 行.
NOTIC: [8] Undefined index: m D:\xampp\htdocs\mc\ThinkPHP\Common\functions.php 第 977 行.
NOTIC: [8] Undefined index: m D:\xampp\htdocs\mc\ThinkPHP\Common\functions.php 第 977 行.
NOTIC: [8] Undefined index: m D:\xampp\htdocs\mc\ThinkPHP\Common\functions.php 第 977 行.
NOTIC: [8] Undefined index: m D:\xampp\htdocs\mc\ThinkPHP\Common\functions.php 第 977 行.
NOTIC: [8] Undefined index: m D:\xampp\htdocs\mc\ThinkPHP\Common\functions.php 第 977 行.
NOTIC: [8] Undefined index: m D:\xampp\htdocs\mc\ThinkPHP\Common\functions.php 第 977 行.
NOTIC: [8] Undefined index: m D:\xampp\htdocs\mc\ThinkPHP\Common\functions.php 第 977 行.
NOTIC: [8] Undefined index: m D:\xampp\htdocs\mc\ThinkPHP\Common\functions.php 第 977 行.
NOTIC: [8] Undefined index: m D:\xampp\htdocs\mc\ThinkPHP\Common\functions.php 第 977 行.
NOTIC: [8] Undefined index: m D:\xampp\htdocs\mc\ThinkPHP\Common\functions.php 第 977 行.
NOTIC: [8] Undefined index: m D:\xampp\htdocs\mc\ThinkPHP\Common\functions.php 第 977 行.
NOTIC: [8] Undefined index: m D:\xampp\htdocs\mc\ThinkPHP\Common\functions.php 第 977 行.
NOTIC: [8] Undefined index: m D:\xampp\htdocs\mc\ThinkPHP\Common\functions.php 第 977 行.
NOTIC: [8] Undefined index: m D:\xampp\htdocs\mc\ThinkPHP\Common\functions.php 第 977 行.
NOTIC: [8] Undefined index: m D:\xampp\htdocs\mc\ThinkPHP\Common\functions.php 第 977 行.
NOTIC: [8] Undefined index: m D:\xampp\htdocs\mc\ThinkPHP\Common\functions.php 第 977 行.
INFO: Run Behavior\ParseTemplateBehavior [ RunTime:0.039099s ]
INFO: [ view_parse ] --END-- [ RunTime:0.039154s ]
INFO: [ view_filter ] --START--
INFO: Run Behavior\WriteHtmlCacheBehavior [ RunTime:0.000857s ]
INFO: [ view_filter ] --END-- [ RunTime:0.000905s ]
INFO: [ app_end ] --START--
INFO: Run Behavior\ShowPageTraceBehavior [ RunTime:0.001414s ]
INFO: [ app_end ] --END-- [ RunTime:0.001497s ]

[ 2018-03-21T22:22:20+08:00 ] ::1 /mc/index.php?s=/admin
INFO: [ app_init ] --START--
INFO: Run Behavior\BuildLiteBehavior [ RunTime:0.000013s ]
INFO: [ app_init ] --END-- [ RunTime:0.000858s ]
INFO: [ app_begin ] --START--
INFO: Run Behavior\ReadHtmlCacheBehavior [ RunTime:0.001044s ]
INFO: [ app_begin ] --END-- [ RunTime:0.001111s ]
ERR: 无法加载控制器:Admin

[ 2018-03-21T22:22:33+08:00 ] ::1 /mc/index.php?s=/Mobile/Regus/login.html
INFO: [ app_init ] --START--
INFO: Run Behavior\BuildLiteBehavior [ RunTime:0.000015s ]
INFO: [ app_init ] --END-- [ RunTime:0.001021s ]
INFO: [ app_begin ] --START--
INFO: Run Behavior\ReadHtmlCacheBehavior [ RunTime:0.000794s ]
INFO: [ app_begin ] --END-- [ RunTime:0.000843s ]
INFO: [ view_parse ] --START--
INFO: [ template_filter ] --START--
INFO: Run Behavior\ContentReplaceBehavior [ RunTime:0.000049s ]
INFO: [ template_filter ] --END-- [ RunTime:0.000099s ]
NOTIC: [8] Undefined index: m D:\xampp\htdocs\mc\ThinkPHP\Common\functions.php 第 977 行.
INFO: Run Behavior\ParseTemplateBehavior [ RunTime:0.009800s ]
INFO: [ view_parse ] --END-- [ RunTime:0.009850s ]
INFO: [ view_filter ] --START--
INFO: Run Behavior\WriteHtmlCacheBehavior [ RunTime:0.000617s ]
INFO: [ view_filter ] --END-- [ RunTime:0.000654s ]
INFO: [ app_end ] --START--
INFO: Run Behavior\ShowPageTraceBehavior [ RunTime:0.000818s ]
INFO: [ app_end ] --END-- [ RunTime:0.000859s ]

[ 2018-03-21T22:22:41+08:00 ] ::1 /mc/index.php?s=/Mobile/Regus/testid.html
INFO: [ app_init ] --START--
INFO: Run Behavior\BuildLiteBehavior [ RunTime:0.000014s ]
INFO: [ app_init ] --END-- [ RunTime:0.000817s ]
INFO: [ app_begin ] --START--
INFO: Run Behavior\ReadHtmlCacheBehavior [ RunTime:0.001101s ]
INFO: [ app_begin ] --END-- [ RunTime:0.001216s ]
SQL: SHOW COLUMNS FROM `syd_user` [ RunTime:0.0918s ]
SQL: SELECT * FROM `syd_user` WHERE ( account='d8888888' ) LIMIT 1   [ RunTime:0.0018s ]
NOTIC: [8] Undefined index: m D:\xampp\htdocs\mc\ThinkPHP\Common\functions.php 第 977 行.
INFO: [ app_end ] --START--
INFO: Run Behavior\ShowPageTraceBehavior [ RunTime:0.002602s ]
INFO: [ app_end ] --END-- [ RunTime:0.002738s ]

[ 2018-03-21T22:22:42+08:00 ] ::1 /mc/index.php?s=/Regus/login.html
INFO: [ app_init ] --START--
INFO: Run Behavior\BuildLiteBehavior [ RunTime:0.000033s ]
INFO: [ app_init ] --END-- [ RunTime:0.000823s ]
INFO: [ app_begin ] --START--
INFO: Run Behavior\ReadHtmlCacheBehavior [ RunTime:0.000824s ]
INFO: [ app_begin ] --END-- [ RunTime:0.000875s ]
INFO: [ view_parse ] --START--
INFO: [ template_filter ] --START--
INFO: Run Behavior\ContentReplaceBehavior [ RunTime:0.000048s ]
INFO: [ template_filter ] --END-- [ RunTime:0.000102s ]
NOTIC: [8] Undefined index: m D:\xampp\htdocs\mc\ThinkPHP\Common\functions.php 第 977 行.
INFO: Run Behavior\ParseTemplateBehavior [ RunTime:0.008561s ]
INFO: [ view_parse ] --END-- [ RunTime:0.008606s ]
INFO: [ view_filter ] --START--
INFO: Run Behavior\WriteHtmlCacheBehavior [ RunTime:0.000634s ]
INFO: [ view_filter ] --END-- [ RunTime:0.000674s ]
INFO: [ app_end ] --START--
INFO: Run Behavior\ShowPageTraceBehavior [ RunTime:0.000847s ]
INFO: [ app_end ] --END-- [ RunTime:0.000888s ]

[ 2018-03-21T22:22:52+08:00 ] ::1 /mc/index.php?s=/Mobile/Regus/testid.html
INFO: [ app_init ] --START--
INFO: Run Behavior\BuildLiteBehavior [ RunTime:0.000013s ]
INFO: [ app_init ] --END-- [ RunTime:0.000820s ]
INFO: [ app_begin ] --START--
INFO: Run Behavior\ReadHtmlCacheBehavior [ RunTime:0.000947s ]
INFO: [ app_begin ] --END-- [ RunTime:0.001023s ]
SQL: SHOW COLUMNS FROM `syd_user` [ RunTime:0.0146s ]
SQL: SELECT * FROM `syd_user` WHERE ( account='d8888888' ) LIMIT 1   [ RunTime:0.0016s ]

[ 2018-03-21T22:22:52+08:00 ] ::1 /mc/index.php?s=/Mobile/Index/copyPageTwo.html
INFO: [ app_init ] --START--
INFO: Run Behavior\BuildLiteBehavior [ RunTime:0.000014s ]
INFO: [ app_init ] --END-- [ RunTime:0.000954s ]
INFO: [ app_begin ] --START--
INFO: Run Behavior\ReadHtmlCacheBehavior [ RunTime:0.001120s ]
INFO: [ app_begin ] --END-- [ RunTime:0.001177s ]
SQL: SHOW COLUMNS FROM `syd_user` [ RunTime:0.0105s ]
SQL: SELECT * FROM `syd_user` WHERE ( userid=164 ) LIMIT 1   [ RunTime:0.0006s ]
SQL: SHOW COLUMNS FROM `syd_store` [ RunTime:0.0097s ]
SQL: SELECT * FROM `syd_store` WHERE ( uid=164 ) LIMIT 1   [ RunTime:0.0008s ]
SQL: SHOW COLUMNS FROM `syd_group` [ RunTime:0.0102s ]
SQL: SELECT * FROM `syd_group` WHERE ( one_id=164 ) LIMIT 1   [ RunTime:0.0007s ]
INFO: [ view_parse ] --START--
INFO: [ template_filter ] --START--
INFO: Run Behavior\ContentReplaceBehavior [ RunTime:0.000140s ]
INFO: [ template_filter ] --END-- [ RunTime:0.000175s ]
NOTIC: [8] Undefined index: m D:\xampp\htdocs\mc\ThinkPHP\Common\functions.php 第 977 行.
NOTIC: [8] Undefined index: m D:\xampp\htdocs\mc\ThinkPHP\Common\functions.php 第 977 行.
NOTIC: [8] Undefined index: m D:\xampp\htdocs\mc\ThinkPHP\Common\functions.php 第 977 行.
NOTIC: [8] Undefined index: m D:\xampp\htdocs\mc\ThinkPHP\Common\functions.php 第 977 行.
NOTIC: [8] Undefined index: m D:\xampp\htdocs\mc\ThinkPHP\Common\functions.php 第 977 行.
NOTIC: [8] Undefined index: m D:\xampp\htdocs\mc\ThinkPHP\Common\functions.php 第 977 行.
NOTIC: [8] Undefined index: m D:\xampp\htdocs\mc\ThinkPHP\Common\functions.php 第 977 行.
NOTIC: [8] Undefined index: m D:\xampp\htdocs\mc\ThinkPHP\Common\functions.php 第 977 行.
NOTIC: [8] Undefined index: m D:\xampp\htdocs\mc\ThinkPHP\Common\functions.php 第 977 行.
NOTIC: [8] Undefined index: m D:\xampp\htdocs\mc\ThinkPHP\Common\functions.php 第 977 行.
NOTIC: [8] Undefined index: m D:\xampp\htdocs\mc\ThinkPHP\Common\functions.php 第 977 行.
NOTIC: [8] Undefined index: m D:\xampp\htdocs\mc\ThinkPHP\Common\functions.php 第 977 行.
NOTIC: [8] Undefined index: m D:\xampp\htdocs\mc\ThinkPHP\Common\functions.php 第 977 行.
NOTIC: [8] Undefined index: m D:\xampp\htdocs\mc\ThinkPHP\Common\functions.php 第 977 行.
NOTIC: [8] Undefined index: m D:\xampp\htdocs\mc\ThinkPHP\Common\functions.php 第 977 行.
NOTIC: [8] Undefined index: m D:\xampp\htdocs\mc\ThinkPHP\Common\functions.php 第 977 行.
NOTIC: [8] Undefined index: m D:\xampp\htdocs\mc\ThinkPHP\Common\functions.php 第 977 行.
NOTIC: [8] Undefined index: m D:\xampp\htdocs\mc\ThinkPHP\Common\functions.php 第 977 行.
NOTIC: [8] Undefined index: m D:\xampp\htdocs\mc\ThinkPHP\Common\functions.php 第 977 行.
NOTIC: [8] Undefined index: m D:\xampp\htdocs\mc\ThinkPHP\Common\functions.php 第 977 行.
NOTIC: [8] Undefined index: m D:\xampp\htdocs\mc\ThinkPHP\Common\functions.php 第 977 行.
NOTIC: [8] Undefined index: m D:\xampp\htdocs\mc\ThinkPHP\Common\functions.php 第 977 行.
NOTIC: [8] Undefined index: m D:\xampp\htdocs\mc\ThinkPHP\Common\functions.php 第 977 行.
NOTIC: [8] Undefined index: m D:\xampp\htdocs\mc\ThinkPHP\Common\functions.php 第 977 行.
NOTIC: [8] Undefined index: m D:\xampp\htdocs\mc\ThinkPHP\Common\functions.php 第 977 行.
NOTIC: [8] Undefined index: m D:\xampp\htdocs\mc\ThinkPHP\Common\functions.php 第 977 行.
NOTIC: [8] Undefined index: m D:\xampp\htdocs\mc\ThinkPHP\Common\functions.php 第 977 行.
INFO: Run Behavior\ParseTemplateBehavior [ RunTime:0.013041s ]
INFO: [ view_parse ] --END-- [ RunTime:0.013081s ]
INFO: [ view_filter ] --START--
INFO: Run Behavior\WriteHtmlCacheBehavior [ RunTime:0.000624s ]
INFO: [ view_filter ] --END-- [ RunTime:0.000660s ]
INFO: [ app_end ] --START--
INFO: Run Behavior\ShowPageTraceBehavior [ RunTime:0.000851s ]
INFO: [ app_end ] --END-- [ RunTime:0.000893s ]

[ 2018-03-21T22:23:00+08:00 ] ::1 /mc/index.php?s=/Datamodify/structure.html
INFO: [ app_init ] --START--
INFO: Run Behavior\BuildLiteBehavior [ RunTime:0.000013s ]
INFO: [ app_init ] --END-- [ RunTime:0.000762s ]
INFO: [ app_begin ] --START--
INFO: Run Behavior\ReadHtmlCacheBehavior [ RunTime:0.000954s ]
INFO: [ app_begin ] --END-- [ RunTime:0.001001s ]
SQL: SHOW COLUMNS FROM `syd_group` [ RunTime:0.0119s ]
SQL: SELECT * FROM `syd_group` WHERE ( one_id=164 ) LIMIT 1   [ RunTime:0.0006s ]
SQL: SHOW COLUMNS FROM `syd_user` [ RunTime:0.0121s ]
SQL: SELECT * FROM `syd_user` WHERE ( userid=164 ) LIMIT 1   [ RunTime:0.0007s ]
SQL: SELECT * FROM `syd_user` WHERE ( userid=163 ) LIMIT 1   [ RunTime:0.0008s ]
SQL: SELECT * FROM `syd_user` WHERE ( userid=191 ) LIMIT 1   [ RunTime:0.0005s ]
SQL: SELECT * FROM `syd_user` WHERE ( userid=190 ) LIMIT 1   [ RunTime:0.0004s ]
SQL: SELECT * FROM `syd_user` WHERE ( userid=192 ) LIMIT 1   [ RunTime:0.0005s ]
SQL: SELECT * FROM `syd_user` WHERE ( userid=191 ) LIMIT 1   [ RunTime:0.0005s ]
SQL: SELECT * FROM `syd_user` WHERE ( userid=190 ) LIMIT 1   [ RunTime:0.0004s ]
SQL: SELECT * FROM `syd_user` WHERE ( userid=164 ) LIMIT 1   [ RunTime:0.0007s ]
SQL: SELECT * FROM `syd_user` WHERE ( userid=208 ) LIMIT 1   [ RunTime:0.0008s ]
SQL: SELECT * FROM `syd_user` WHERE ( userid=190 ) LIMIT 1   [ RunTime:0.0007s ]
SQL: SELECT * FROM `syd_user` WHERE ( userid=193 ) LIMIT 1   [ RunTime:0.0005s ]
SQL: SELECT * FROM `syd_user` WHERE ( userid=192 ) LIMIT 1   [ RunTime:0.0004s ]
INFO: [ view_parse ] --START--
INFO: [ template_filter ] --START--
INFO: Run Behavior\ContentReplaceBehavior [ RunTime:0.000068s ]
INFO: [ template_filter ] --END-- [ RunTime:0.000111s ]
INFO: Run Behavior\ParseTemplateBehavior [ RunTime:0.013745s ]
INFO: [ view_parse ] --END-- [ RunTime:0.013799s ]
INFO: [ view_filter ] --START--
INFO: Run Behavior\WriteHtmlCacheBehavior [ RunTime:0.000823s ]
INFO: [ view_filter ] --END-- [ RunTime:0.000922s ]
INFO: [ app_end ] --START--
INFO: Run Behavior\ShowPageTraceBehavior [ RunTime:0.000979s ]
INFO: [ app_end ] --END-- [ RunTime:0.001022s ]

[ 2018-03-21T22:23:16+08:00 ] ::1 /mc/index.php?s=/Index/copyPageTwo.html
INFO: [ app_init ] --START--
INFO: Run Behavior\BuildLiteBehavior [ RunTime:0.000018s ]
INFO: [ app_init ] --END-- [ RunTime:0.001121s ]
INFO: [ app_begin ] --START--
INFO: Run Behavior\ReadHtmlCacheBehavior [ RunTime:0.001206s ]
INFO: [ app_begin ] --END-- [ RunTime:0.001276s ]
SQL: SHOW COLUMNS FROM `syd_user` [ RunTime:0.0097s ]
SQL: SELECT * FROM `syd_user` WHERE ( userid=164 ) LIMIT 1   [ RunTime:0.0013s ]
SQL: SHOW COLUMNS FROM `syd_store` [ RunTime:0.0103s ]
SQL: SELECT * FROM `syd_store` WHERE ( uid=164 ) LIMIT 1   [ RunTime:0.0005s ]
SQL: SHOW COLUMNS FROM `syd_group` [ RunTime:0.0105s ]
SQL: SELECT * FROM `syd_group` WHERE ( one_id=164 ) LIMIT 1   [ RunTime:0.0005s ]
INFO: [ view_parse ] --START--
INFO: [ template_filter ] --START--
INFO: Run Behavior\ContentReplaceBehavior [ RunTime:0.000174s ]
INFO: [ template_filter ] --END-- [ RunTime:0.000217s ]
NOTIC: [8] Undefined index: m D:\xampp\htdocs\mc\ThinkPHP\Common\functions.php 第 977 行.
NOTIC: [8] Undefined index: m D:\xampp\htdocs\mc\ThinkPHP\Common\functions.php 第 977 行.
NOTIC: [8] Undefined index: m D:\xampp\htdocs\mc\ThinkPHP\Common\functions.php 第 977 行.
NOTIC: [8] Undefined index: m D:\xampp\htdocs\mc\ThinkPHP\Common\functions.php 第 977 行.
NOTIC: [8] Undefined index: m D:\xampp\htdocs\mc\ThinkPHP\Common\functions.php 第 977 行.
NOTIC: [8] Undefined index: m D:\xampp\htdocs\mc\ThinkPHP\Common\functions.php 第 977 行.
NOTIC: [8] Undefined index: m D:\xampp\htdocs\mc\ThinkPHP\Common\functions.php 第 977 行.
NOTIC: [8] Undefined index: m D:\xampp\htdocs\mc\ThinkPHP\Common\functions.php 第 977 行.
NOTIC: [8] Undefined index: m D:\xampp\htdocs\mc\ThinkPHP\Common\functions.php 第 977 行.
NOTIC: [8] Undefined index: m D:\xampp\htdocs\mc\ThinkPHP\Common\functions.php 第 977 行.
NOTIC: [8] Undefined index: m D:\xampp\htdocs\mc\ThinkPHP\Common\functions.php 第 977 行.
NOTIC: [8] Undefined index: m D:\xampp\htdocs\mc\ThinkPHP\Common\functions.php 第 977 行.
NOTIC: [8] Undefined index: m D:\xampp\htdocs\mc\ThinkPHP\Common\functions.php 第 977 行.
NOTIC: [8] Undefined index: m D:\xampp\htdocs\mc\ThinkPHP\Common\functions.php 第 977 行.
NOTIC: [8] Undefined index: m D:\xampp\htdocs\mc\ThinkPHP\Common\functions.php 第 977 行.
NOTIC: [8] Undefined index: m D:\xampp\htdocs\mc\ThinkPHP\Common\functions.php 第 977 行.
NOTIC: [8] Undefined index: m D:\xampp\htdocs\mc\ThinkPHP\Common\functions.php 第 977 行.
NOTIC: [8] Undefined index: m D:\xampp\htdocs\mc\ThinkPHP\Common\functions.php 第 977 行.
NOTIC: [8] Undefined index: m D:\xampp\htdocs\mc\ThinkPHP\Common\functions.php 第 977 行.
NOTIC: [8] Undefined index: m D:\xampp\htdocs\mc\ThinkPHP\Common\functions.php 第 977 行.
NOTIC: [8] Undefined index: m D:\xampp\htdocs\mc\ThinkPHP\Common\functions.php 第 977 行.
NOTIC: [8] Undefined index: m D:\xampp\htdocs\mc\ThinkPHP\Common\functions.php 第 977 行.
NOTIC: [8] Undefined index: m D:\xampp\htdocs\mc\ThinkPHP\Common\functions.php 第 977 行.
NOTIC: [8] Undefined index: m D:\xampp\htdocs\mc\ThinkPHP\Common\functions.php 第 977 行.
NOTIC: [8] Undefined index: m D:\xampp\htdocs\mc\ThinkPHP\Common\functions.php 第 977 行.
NOTIC: [8] Undefined index: m D:\xampp\htdocs\mc\ThinkPHP\Common\functions.php 第 977 行.
NOTIC: [8] Undefined index: m D:\xampp\htdocs\mc\ThinkPHP\Common\functions.php 第 977 行.
INFO: Run Behavior\ParseTemplateBehavior [ RunTime:0.013283s ]
INFO: [ view_parse ] --END-- [ RunTime:0.013330s ]
INFO: [ view_filter ] --START--
INFO: Run Behavior\WriteHtmlCacheBehavior [ RunTime:0.000656s ]
INFO: [ view_filter ] --END-- [ RunTime:0.000695s ]
INFO: [ app_end ] --START--
INFO: Run Behavior\ShowPageTraceBehavior [ RunTime:0.000876s ]
INFO: [ app_end ] --END-- [ RunTime:0.000922s ]

[ 2018-03-21T22:23:19+08:00 ] ::1 /mc/index.php?s=/Index/user_register.html
INFO: [ app_init ] --START--
INFO: Run Behavior\BuildLiteBehavior [ RunTime:0.000022s ]
INFO: [ app_init ] --END-- [ RunTime:0.001647s ]
INFO: [ app_begin ] --START--
INFO: Run Behavior\ReadHtmlCacheBehavior [ RunTime:0.001181s ]
INFO: [ app_begin ] --END-- [ RunTime:0.001255s ]
SQL: SHOW COLUMNS FROM `syd_user` [ RunTime:0.0204s ]
SQL: SELECT * FROM `syd_user` WHERE ( userid=164 ) LIMIT 1   [ RunTime:0.0009s ]
INFO: [ view_parse ] --START--
INFO: [ template_filter ] --START--
INFO: Run Behavior\ContentReplaceBehavior [ RunTime:0.000142s ]
INFO: [ template_filter ] --END-- [ RunTime:0.000252s ]
INFO: Run Behavior\ParseTemplateBehavior [ RunTime:0.016728s ]
INFO: [ view_parse ] --END-- [ RunTime:0.016807s ]
INFO: [ view_filter ] --START--
INFO: Run Behavior\WriteHtmlCacheBehavior [ RunTime:0.000935s ]
INFO: [ view_filter ] --END-- [ RunTime:0.000991s ]
INFO: [ app_end ] --START--
INFO: Run Behavior\ShowPageTraceBehavior [ RunTime:0.001305s ]
INFO: [ app_end ] --END-- [ RunTime:0.001372s ]

[ 2018-03-21T22:23:24+08:00 ] ::1 /mc/index.php?s=/Index/copyPageTwo.html
INFO: [ app_init ] --START--
INFO: Run Behavior\BuildLiteBehavior [ RunTime:0.000012s ]
INFO: [ app_init ] --END-- [ RunTime:0.000711s ]
INFO: [ app_begin ] --START--
INFO: Run Behavior\ReadHtmlCacheBehavior [ RunTime:0.001115s ]
INFO: [ app_begin ] --END-- [ RunTime:0.001207s ]
SQL: SHOW COLUMNS FROM `syd_user` [ RunTime:0.0099s ]
SQL: SELECT * FROM `syd_user` WHERE ( userid=164 ) LIMIT 1   [ RunTime:0.0006s ]
SQL: SHOW COLUMNS FROM `syd_store` [ RunTime:0.0090s ]
SQL: SELECT * FROM `syd_store` WHERE ( uid=164 ) LIMIT 1   [ RunTime:0.0004s ]
SQL: SHOW COLUMNS FROM `syd_group` [ RunTime:0.0104s ]
SQL: SELECT * FROM `syd_group` WHERE ( one_id=164 ) LIMIT 1   [ RunTime:0.0005s ]
INFO: [ view_parse ] --START--
INFO: [ template_filter ] --START--
INFO: Run Behavior\ContentReplaceBehavior [ RunTime:0.000182s ]
INFO: [ template_filter ] --END-- [ RunTime:0.000231s ]
NOTIC: [8] Undefined index: m D:\xampp\htdocs\mc\ThinkPHP\Common\functions.php 第 977 行.
NOTIC: [8] Undefined index: m D:\xampp\htdocs\mc\ThinkPHP\Common\functions.php 第 977 行.
NOTIC: [8] Undefined index: m D:\xampp\htdocs\mc\ThinkPHP\Common\functions.php 第 977 行.
NOTIC: [8] Undefined index: m D:\xampp\htdocs\mc\ThinkPHP\Common\functions.php 第 977 行.
NOTIC: [8] Undefined index: m D:\xampp\htdocs\mc\ThinkPHP\Common\functions.php 第 977 行.
NOTIC: [8] Undefined index: m D:\xampp\htdocs\mc\ThinkPHP\Common\functions.php 第 977 行.
NOTIC: [8] Undefined index: m D:\xampp\htdocs\mc\ThinkPHP\Common\functions.php 第 977 行.
NOTIC: [8] Undefined index: m D:\xampp\htdocs\mc\ThinkPHP\Common\functions.php 第 977 行.
NOTIC: [8] Undefined index: m D:\xampp\htdocs\mc\ThinkPHP\Common\functions.php 第 977 行.
NOTIC: [8] Undefined index: m D:\xampp\htdocs\mc\ThinkPHP\Common\functions.php 第 977 行.
NOTIC: [8] Undefined index: m D:\xampp\htdocs\mc\ThinkPHP\Common\functions.php 第 977 行.
NOTIC: [8] Undefined index: m D:\xampp\htdocs\mc\ThinkPHP\Common\functions.php 第 977 行.
NOTIC: [8] Undefined index: m D:\xampp\htdocs\mc\ThinkPHP\Common\functions.php 第 977 行.
NOTIC: [8] Undefined index: m D:\xampp\htdocs\mc\ThinkPHP\Common\functions.php 第 977 行.
NOTIC: [8] Undefined index: m D:\xampp\htdocs\mc\ThinkPHP\Common\functions.php 第 977 行.
NOTIC: [8] Undefined index: m D:\xampp\htdocs\mc\ThinkPHP\Common\functions.php 第 977 行.
NOTIC: [8] Undefined index: m D:\xampp\htdocs\mc\ThinkPHP\Common\functions.php 第 977 行.
NOTIC: [8] Undefined index: m D:\xampp\htdocs\mc\ThinkPHP\Common\functions.php 第 977 行.
NOTIC: [8] Undefined index: m D:\xampp\htdocs\mc\ThinkPHP\Common\functions.php 第 977 行.
NOTIC: [8] Undefined index: m D:\xampp\htdocs\mc\ThinkPHP\Common\functions.php 第 977 行.
NOTIC: [8] Undefined index: m D:\xampp\htdocs\mc\ThinkPHP\Common\functions.php 第 977 行.
NOTIC: [8] Undefined index: m D:\xampp\htdocs\mc\ThinkPHP\Common\functions.php 第 977 行.
NOTIC: [8] Undefined index: m D:\xampp\htdocs\mc\ThinkPHP\Common\functions.php 第 977 行.
NOTIC: [8] Undefined index: m D:\xampp\htdocs\mc\ThinkPHP\Common\functions.php 第 977 行.
NOTIC: [8] Undefined index: m D:\xampp\htdocs\mc\ThinkPHP\Common\functions.php 第 977 行.
NOTIC: [8] Undefined index: m D:\xampp\htdocs\mc\ThinkPHP\Common\functions.php 第 977 行.
NOTIC: [8] Undefined index: m D:\xampp\htdocs\mc\ThinkPHP\Common\functions.php 第 977 行.
INFO: Run Behavior\ParseTemplateBehavior [ RunTime:0.013903s ]
INFO: [ view_parse ] --END-- [ RunTime:0.013952s ]
INFO: [ view_filter ] --START--
INFO: Run Behavior\WriteHtmlCacheBehavior [ RunTime:0.000687s ]
INFO: [ view_filter ] --END-- [ RunTime:0.000728s ]
INFO: [ app_end ] --START--
INFO: Run Behavior\ShowPageTraceBehavior [ RunTime:0.000891s ]
INFO: [ app_end ] --END-- [ RunTime:0.000936s ]

[ 2018-03-21T22:23:27+08:00 ] ::1 /mc/index.php?s=/financemanagement/finance_transaction.html
INFO: [ app_init ] --START--
INFO: Run Behavior\BuildLiteBehavior [ RunTime:0.000015s ]
INFO: [ app_init ] --END-- [ RunTime:0.001155s ]
INFO: [ app_begin ] --START--
INFO: Run Behavior\ReadHtmlCacheBehavior [ RunTime:0.000812s ]
INFO: [ app_begin ] --END-- [ RunTime:0.000863s ]
INFO: [ view_parse ] --START--
INFO: [ template_filter ] --START--
INFO: Run Behavior\ContentReplaceBehavior [ RunTime:0.000122s ]
INFO: [ template_filter ] --END-- [ RunTime:0.000257s ]
INFO: Run Behavior\ParseTemplateBehavior [ RunTime:0.018195s ]
INFO: [ view_parse ] --END-- [ RunTime:0.018274s ]
INFO: [ view_filter ] --START--
INFO: Run Behavior\WriteHtmlCacheBehavior [ RunTime:0.000807s ]
INFO: [ view_filter ] --END-- [ RunTime:0.000870s ]
INFO: [ app_end ] --START--
INFO: Run Behavior\ShowPageTraceBehavior [ RunTime:0.001270s ]
INFO: [ app_end ] --END-- [ RunTime:0.001344s ]

[ 2018-03-21T22:23:30+08:00 ] ::1 /mc/index.php?s=/Index/copyPageTwo.html
INFO: [ app_init ] --START--
INFO: Run Behavior\BuildLiteBehavior [ RunTime:0.000013s ]
INFO: [ app_init ] --END-- [ RunTime:0.000681s ]
INFO: [ app_begin ] --START--
INFO: Run Behavior\ReadHtmlCacheBehavior [ RunTime:0.001138s ]
INFO: [ app_begin ] --END-- [ RunTime:0.001223s ]
SQL: SHOW COLUMNS FROM `syd_user` [ RunTime:0.0105s ]
SQL: SELECT * FROM `syd_user` WHERE ( userid=164 ) LIMIT 1   [ RunTime:0.0008s ]
SQL: SHOW COLUMNS FROM `syd_store` [ RunTime:0.0114s ]
SQL: SELECT * FROM `syd_store` WHERE ( uid=164 ) LIMIT 1   [ RunTime:0.0005s ]
SQL: SHOW COLUMNS FROM `syd_group` [ RunTime:0.0117s ]
SQL: SELECT * FROM `syd_group` WHERE ( one_id=164 ) LIMIT 1   [ RunTime:0.0006s ]
INFO: [ view_parse ] --START--
INFO: [ template_filter ] --START--
INFO: Run Behavior\ContentReplaceBehavior [ RunTime:0.000176s ]
INFO: [ template_filter ] --END-- [ RunTime:0.000229s ]
NOTIC: [8] Undefined index: m D:\xampp\htdocs\mc\ThinkPHP\Common\functions.php 第 977 行.
NOTIC: [8] Undefined index: m D:\xampp\htdocs\mc\ThinkPHP\Common\functions.php 第 977 行.
NOTIC: [8] Undefined index: m D:\xampp\htdocs\mc\ThinkPHP\Common\functions.php 第 977 行.
NOTIC: [8] Undefined index: m D:\xampp\htdocs\mc\ThinkPHP\Common\functions.php 第 977 行.
NOTIC: [8] Undefined index: m D:\xampp\htdocs\mc\ThinkPHP\Common\functions.php 第 977 行.
NOTIC: [8] Undefined index: m D:\xampp\htdocs\mc\ThinkPHP\Common\functions.php 第 977 行.
NOTIC: [8] Undefined index: m D:\xampp\htdocs\mc\ThinkPHP\Common\functions.php 第 977 行.
NOTIC: [8] Undefined index: m D:\xampp\htdocs\mc\ThinkPHP\Common\functions.php 第 977 行.
NOTIC: [8] Undefined index: m D:\xampp\htdocs\mc\ThinkPHP\Common\functions.php 第 977 行.
NOTIC: [8] Undefined index: m D:\xampp\htdocs\mc\ThinkPHP\Common\functions.php 第 977 行.
NOTIC: [8] Undefined index: m D:\xampp\htdocs\mc\ThinkPHP\Common\functions.php 第 977 行.
NOTIC: [8] Undefined index: m D:\xampp\htdocs\mc\ThinkPHP\Common\functions.php 第 977 行.
NOTIC: [8] Undefined index: m D:\xampp\htdocs\mc\ThinkPHP\Common\functions.php 第 977 行.
NOTIC: [8] Undefined index: m D:\xampp\htdocs\mc\ThinkPHP\Common\functions.php 第 977 行.
NOTIC: [8] Undefined index: m D:\xampp\htdocs\mc\ThinkPHP\Common\functions.php 第 977 行.
NOTIC: [8] Undefined index: m D:\xampp\htdocs\mc\ThinkPHP\Common\functions.php 第 977 行.
NOTIC: [8] Undefined index: m D:\xampp\htdocs\mc\ThinkPHP\Common\functions.php 第 977 行.
NOTIC: [8] Undefined index: m D:\xampp\htdocs\mc\ThinkPHP\Common\functions.php 第 977 行.
NOTIC: [8] Undefined index: m D:\xampp\htdocs\mc\ThinkPHP\Common\functions.php 第 977 行.
NOTIC: [8] Undefined index: m D:\xampp\htdocs\mc\ThinkPHP\Common\functions.php 第 977 行.
NOTIC: [8] Undefined index: m D:\xampp\htdocs\mc\ThinkPHP\Common\functions.php 第 977 行.
NOTIC: [8] Undefined index: m D:\xampp\htdocs\mc\ThinkPHP\Common\functions.php 第 977 行.
NOTIC: [8] Undefined index: m D:\xampp\htdocs\mc\ThinkPHP\Common\functions.php 第 977 行.
NOTIC: [8] Undefined index: m D:\xampp\htdocs\mc\ThinkPHP\Common\functions.php 第 977 行.
NOTIC: [8] Undefined index: m D:\xampp\htdocs\mc\ThinkPHP\Common\functions.php 第 977 行.
NOTIC: [8] Undefined index: m D:\xampp\htdocs\mc\ThinkPHP\Common\functions.php 第 977 行.
NOTIC: [8] Undefined index: m D:\xampp\htdocs\mc\ThinkPHP\Common\functions.php 第 977 行.
INFO: Run Behavior\ParseTemplateBehavior [ RunTime:0.014427s ]
INFO: [ view_parse ] --END-- [ RunTime:0.014470s ]
INFO: [ view_filter ] --START--
INFO: Run Behavior\WriteHtmlCacheBehavior [ RunTime:0.000550s ]
INFO: [ view_filter ] --END-- [ RunTime:0.000581s ]
INFO: [ app_end ] --START--
INFO: Run Behavior\ShowPageTraceBehavior [ RunTime:0.001248s ]
INFO: [ app_end ] --END-- [ RunTime:0.001289s ]

[ 2018-03-21T22:23:38+08:00 ] ::1 /mc/index.php?s=/financemanagement/finance_detailed.html
INFO: [ app_init ] --START--
INFO: Run Behavior\BuildLiteBehavior [ RunTime:0.000012s ]
INFO: [ app_init ] --END-- [ RunTime:0.000845s ]
INFO: [ app_begin ] --START--
INFO: Run Behavior\ReadHtmlCacheBehavior [ RunTime:0.001481s ]
INFO: [ app_begin ] --END-- [ RunTime:0.001570s ]
SQL: SHOW COLUMNS FROM `syd_getgold_record` [ RunTime:0.0159s ]
SQL: SELECT * FROM `syd_getgold_record` WHERE ( uid=164 ) ORDER BY id desc  [ RunTime:0.0018s ]
SQL: SHOW COLUMNS FROM `syd_getbonus_record` [ RunTime:0.0145s ]
SQL: SELECT * FROM `syd_getbonus_record` WHERE ( uid=164 ) ORDER BY id desc  [ RunTime:0.0011s ]
SQL: SHOW COLUMNS FROM `syd_getbuycarmoney_record` [ RunTime:0.0143s ]
SQL: SELECT * FROM `syd_getbuycarmoney_record` WHERE ( uid=164 ) ORDER BY id desc  [ RunTime:0.0015s ]
SQL: SHOW COLUMNS FROM `syd_agentmoney_record` [ RunTime:0.0952s ]
SQL: SELECT * FROM `syd_agentmoney_record` WHERE ( uid=164 ) ORDER BY id desc  [ RunTime:0.0059s ]
INFO: [ view_parse ] --START--
INFO: [ template_filter ] --START--
INFO: Run Behavior\ContentReplaceBehavior [ RunTime:0.000069s ]
INFO: [ template_filter ] --END-- [ RunTime:0.000128s ]
INFO: Run Behavior\ParseTemplateBehavior [ RunTime:0.042685s ]
INFO: [ view_parse ] --END-- [ RunTime:0.042838s ]
INFO: [ view_filter ] --START--
INFO: Run Behavior\WriteHtmlCacheBehavior [ RunTime:0.002758s ]
INFO: [ view_filter ] --END-- [ RunTime:0.002920s ]
INFO: [ app_end ] --START--
INFO: Run Behavior\ShowPageTraceBehavior [ RunTime:0.001854s ]
INFO: [ app_end ] --END-- [ RunTime:0.001964s ]

[ 2018-03-21T22:23:40+08:00 ] ::1 /mc/index.php?s=/Index/copyPageTwo.html
INFO: [ app_init ] --START--
INFO: Run Behavior\BuildLiteBehavior [ RunTime:0.000018s ]
INFO: [ app_init ] --END-- [ RunTime:0.001494s ]
INFO: [ app_begin ] --START--
INFO: Run Behavior\ReadHtmlCacheBehavior [ RunTime:0.001126s ]
INFO: [ app_begin ] --END-- [ RunTime:0.001210s ]
SQL: SHOW COLUMNS FROM `syd_user` [ RunTime:0.0215s ]
SQL: SELECT * FROM `syd_user` WHERE ( userid=164 ) LIMIT 1   [ RunTime:0.0008s ]
SQL: SHOW COLUMNS FROM `syd_store` [ RunTime:0.0214s ]
SQL: SELECT * FROM `syd_store` WHERE ( uid=164 ) LIMIT 1   [ RunTime:0.0018s ]
SQL: SHOW COLUMNS FROM `syd_group` [ RunTime:0.0210s ]
SQL: SELECT * FROM `syd_group` WHERE ( one_id=164 ) LIMIT 1   [ RunTime:0.0008s ]
INFO: [ view_parse ] --START--
INFO: [ template_filter ] --START--
INFO: Run Behavior\ContentReplaceBehavior [ RunTime:0.000221s ]
INFO: [ template_filter ] --END-- [ RunTime:0.000280s ]
NOTIC: [8] Undefined index: m D:\xampp\htdocs\mc\ThinkPHP\Common\functions.php 第 977 行.
NOTIC: [8] Undefined index: m D:\xampp\htdocs\mc\ThinkPHP\Common\functions.php 第 977 行.
NOTIC: [8] Undefined index: m D:\xampp\htdocs\mc\ThinkPHP\Common\functions.php 第 977 行.
NOTIC: [8] Undefined index: m D:\xampp\htdocs\mc\ThinkPHP\Common\functions.php 第 977 行.
NOTIC: [8] Undefined index: m D:\xampp\htdocs\mc\ThinkPHP\Common\functions.php 第 977 行.
NOTIC: [8] Undefined index: m D:\xampp\htdocs\mc\ThinkPHP\Common\functions.php 第 977 行.
NOTIC: [8] Undefined index: m D:\xampp\htdocs\mc\ThinkPHP\Common\functions.php 第 977 行.
NOTIC: [8] Undefined index: m D:\xampp\htdocs\mc\ThinkPHP\Common\functions.php 第 977 行.
NOTIC: [8] Undefined index: m D:\xampp\htdocs\mc\ThinkPHP\Common\functions.php 第 977 行.
NOTIC: [8] Undefined index: m D:\xampp\htdocs\mc\ThinkPHP\Common\functions.php 第 977 行.
NOTIC: [8] Undefined index: m D:\xampp\htdocs\mc\ThinkPHP\Common\functions.php 第 977 行.
NOTIC: [8] Undefined index: m D:\xampp\htdocs\mc\ThinkPHP\Common\functions.php 第 977 行.
NOTIC: [8] Undefined index: m D:\xampp\htdocs\mc\ThinkPHP\Common\functions.php 第 977 行.
NOTIC: [8] Undefined index: m D:\xampp\htdocs\mc\ThinkPHP\Common\functions.php 第 977 行.
NOTIC: [8] Undefined index: m D:\xampp\htdocs\mc\ThinkPHP\Common\functions.php 第 977 行.
NOTIC: [8] Undefined index: m D:\xampp\htdocs\mc\ThinkPHP\Common\functions.php 第 977 行.
NOTIC: [8] Undefined index: m D:\xampp\htdocs\mc\ThinkPHP\Common\functions.php 第 977 行.
NOTIC: [8] Undefined index: m D:\xampp\htdocs\mc\ThinkPHP\Common\functions.php 第 977 行.
NOTIC: [8] Undefined index: m D:\xampp\htdocs\mc\ThinkPHP\Common\functions.php 第 977 行.
NOTIC: [8] Undefined index: m D:\xampp\htdocs\mc\ThinkPHP\Common\functions.php 第 977 行.
NOTIC: [8] Undefined index: m D:\xampp\htdocs\mc\ThinkPHP\Common\functions.php 第 977 行.
NOTIC: [8] Undefined index: m D:\xampp\htdocs\mc\ThinkPHP\Common\functions.php 第 977 行.
NOTIC: [8] Undefined index: m D:\xampp\htdocs\mc\ThinkPHP\Common\functions.php 第 977 行.
NOTIC: [8] Undefined index: m D:\xampp\htdocs\mc\ThinkPHP\Common\functions.php 第 977 行.
NOTIC: [8] Undefined index: m D:\xampp\htdocs\mc\ThinkPHP\Common\functions.php 第 977 行.
NOTIC: [8] Undefined index: m D:\xampp\htdocs\mc\ThinkPHP\Common\functions.php 第 977 行.
NOTIC: [8] Undefined index: m D:\xampp\htdocs\mc\ThinkPHP\Common\functions.php 第 977 行.
INFO: Run Behavior\ParseTemplateBehavior [ RunTime:0.020011s ]
INFO: [ view_parse ] --END-- [ RunTime:0.020062s ]
INFO: [ view_filter ] --START--
INFO: Run Behavior\WriteHtmlCacheBehavior [ RunTime:0.000756s ]
INFO: [ view_filter ] --END-- [ RunTime:0.000797s ]
INFO: [ app_end ] --START--
INFO: Run Behavior\ShowPageTraceBehavior [ RunTime:0.003916s ]
INFO: [ app_end ] --END-- [ RunTime:0.004230s ]

