[ 2017-09-24T11:18:15+08:00 ] 127.0.0.1 /peoplecar/index.php?s=/super/UserAdministration/administrationPage.html
INFO: [ app_init ] --START--
INFO: Run Behavior\BuildLiteBehavior [ RunTime:0.000000s ]
INFO: [ app_init ] --END-- [ RunTime:0.000000s ]
INFO: [ app_begin ] --START--
INFO: Run Behavior\ReadHtmlCacheBehavior [ RunTime:0.001000s ]
INFO: [ app_begin ] --END-- [ RunTime:0.002000s ]
SQL: SHOW COLUMNS FROM `syd_user` [ RunTime:0.0070s ]
NOTIC: [8] Undefined index: clock_user D:\xampp\htdocs\peoplecar\game\Admin\Controller\CommonController.class.php 第 19 行.
NOTIC: [8] Undefined index: clock_usfarm D:\xampp\htdocs\peoplecar\game\Admin\Controller\CommonController.class.php 第 37 行.
NOTIC: [8] Undefined index: clock_play D:\xampp\htdocs\peoplecar\game\Admin\Controller\CommonController.class.php 第 54 行.
NOTIC: [8] Undefined variable: where D:\xampp\htdocs\peoplecar\game\Admin\Controller\UserAdministrationController.class.php 第 27 行.
SQL: SELECT COUNT(*) AS tp_count FROM `syd_user` LIMIT 1   [ RunTime:0.0000s ]
NOTIC: [2] Missing argument 2 for Think\Page::setConfig(), called in D:\xampp\htdocs\peoplecar\game\Common\Common\function.php on line 176 and defined D:\xampp\htdocs\peoplecar\ThinkPHP\Library\Think\Page.class.php 第 58 行.
NOTIC: [2] Illegal offset type in isset or empty D:\xampp\htdocs\peoplecar\ThinkPHP\Library\Think\Page.class.php 第 59 行.
NOTIC: [8] Undefined variable: where D:\xampp\htdocs\peoplecar\game\Admin\Controller\UserAdministrationController.class.php 第 30 行.
SQL: SELECT `userid`,`account`,`username`,`lockuser`,`time`,`parent_id`,`identity_card`,`phone` FROM `syd_user` ORDER BY userid desc  LIMIT 0,10   [ RunTime:0.0010s ]
INFO: [ view_parse ] --START--
INFO: [ template_filter ] --START--
INFO: Run Behavior\ContentReplaceBehavior [ RunTime:0.000000s ]
INFO: [ template_filter ] --END-- [ RunTime:0.000000s ]
INFO: Run Behavior\ParseTemplateBehavior [ RunTime:0.015001s ]
INFO: [ view_parse ] --END-- [ RunTime:0.015001s ]
INFO: [ view_filter ] --START--
INFO: Run Behavior\WriteHtmlCacheBehavior [ RunTime:0.000000s ]
INFO: [ view_filter ] --END-- [ RunTime:0.000000s ]
INFO: [ app_end ] --START--
INFO: Run Behavior\ShowPageTraceBehavior [ RunTime:0.000000s ]
INFO: [ app_end ] --END-- [ RunTime:0.000000s ]

[ 2017-09-24T11:18:18+08:00 ] 127.0.0.1 /peoplecar/index.php?s=/super/UserAdministration/updateUserDataPage/userid/5
INFO: [ app_init ] --START--
INFO: Run Behavior\BuildLiteBehavior [ RunTime:0.001000s ]
INFO: [ app_init ] --END-- [ RunTime:0.001000s ]
INFO: [ app_begin ] --START--
INFO: Run Behavior\ReadHtmlCacheBehavior [ RunTime:0.002000s ]
INFO: [ app_begin ] --END-- [ RunTime:0.002000s ]
SQL: SHOW COLUMNS FROM `syd_user` [ RunTime:0.0050s ]
NOTIC: [8] Undefined index: clock_user D:\xampp\htdocs\peoplecar\game\Admin\Controller\CommonController.class.php 第 19 行.
NOTIC: [8] Undefined index: clock_usfarm D:\xampp\htdocs\peoplecar\game\Admin\Controller\CommonController.class.php 第 37 行.
NOTIC: [8] Undefined index: clock_play D:\xampp\htdocs\peoplecar\game\Admin\Controller\CommonController.class.php 第 54 行.
SQL: SELECT * FROM `syd_user` WHERE ( userid=5 ) LIMIT 1   [ RunTime:0.0010s ]
INFO: [ view_parse ] --START--
INFO: [ template_filter ] --START--
INFO: Run Behavior\ContentReplaceBehavior [ RunTime:0.000000s ]
INFO: [ template_filter ] --END-- [ RunTime:0.000000s ]
INFO: Run Behavior\ParseTemplateBehavior [ RunTime:0.008001s ]
INFO: [ view_parse ] --END-- [ RunTime:0.008001s ]
INFO: [ view_filter ] --START--
INFO: Run Behavior\WriteHtmlCacheBehavior [ RunTime:0.000000s ]
INFO: [ view_filter ] --END-- [ RunTime:0.000000s ]
INFO: [ app_end ] --START--
INFO: Run Behavior\ShowPageTraceBehavior [ RunTime:0.001000s ]
INFO: [ app_end ] --END-- [ RunTime:0.001000s ]

[ 2017-09-24T11:18:24+08:00 ] 127.0.0.1 /peoplecar/index.php?s=/super/UserAdministration/edituserInfo
INFO: [ app_init ] --START--
INFO: Run Behavior\BuildLiteBehavior [ RunTime:0.000000s ]
INFO: [ app_init ] --END-- [ RunTime:0.001000s ]
INFO: [ app_begin ] --START--
INFO: Run Behavior\ReadHtmlCacheBehavior [ RunTime:0.000000s ]
INFO: [ app_begin ] --END-- [ RunTime:0.000000s ]
SQL: SHOW COLUMNS FROM `syd_user` [ RunTime:0.0060s ]
NOTIC: [8] Undefined index: clock_user D:\xampp\htdocs\peoplecar\game\Admin\Controller\CommonController.class.php 第 19 行.
NOTIC: [8] Undefined index: clock_usfarm D:\xampp\htdocs\peoplecar\game\Admin\Controller\CommonController.class.php 第 37 行.
NOTIC: [8] Undefined index: clock_play D:\xampp\htdocs\peoplecar\game\Admin\Controller\CommonController.class.php 第 54 行.

[ 2017-09-24T11:19:53+08:00 ] 127.0.0.1 /peoplecar/index.php?s=/super/UserAdministration/administrationPage.html
INFO: [ app_init ] --START--
INFO: Run Behavior\BuildLiteBehavior [ RunTime:0.000000s ]
INFO: [ app_init ] --END-- [ RunTime:0.001000s ]
INFO: [ app_begin ] --START--
INFO: Run Behavior\ReadHtmlCacheBehavior [ RunTime:0.001000s ]
INFO: [ app_begin ] --END-- [ RunTime:0.001000s ]
SQL: SHOW COLUMNS FROM `syd_user` [ RunTime:0.0030s ]
NOTIC: [8] Undefined index: clock_user D:\xampp\htdocs\peoplecar\game\Admin\Controller\CommonController.class.php 第 19 行.
NOTIC: [8] Undefined index: clock_usfarm D:\xampp\htdocs\peoplecar\game\Admin\Controller\CommonController.class.php 第 37 行.
NOTIC: [8] Undefined index: clock_play D:\xampp\htdocs\peoplecar\game\Admin\Controller\CommonController.class.php 第 54 行.
NOTIC: [8] Undefined variable: where D:\xampp\htdocs\peoplecar\game\Admin\Controller\UserAdministrationController.class.php 第 27 行.
SQL: SELECT COUNT(*) AS tp_count FROM `syd_user` LIMIT 1   [ RunTime:0.0000s ]
NOTIC: [2] Missing argument 2 for Think\Page::setConfig(), called in D:\xampp\htdocs\peoplecar\game\Common\Common\function.php on line 176 and defined D:\xampp\htdocs\peoplecar\ThinkPHP\Library\Think\Page.class.php 第 58 行.
NOTIC: [2] Illegal offset type in isset or empty D:\xampp\htdocs\peoplecar\ThinkPHP\Library\Think\Page.class.php 第 59 行.
NOTIC: [8] Undefined variable: where D:\xampp\htdocs\peoplecar\game\Admin\Controller\UserAdministrationController.class.php 第 30 行.
SQL: SELECT `userid`,`account`,`username`,`lockuser`,`time`,`parent_id`,`identity_card`,`phone` FROM `syd_user` ORDER BY userid desc  LIMIT 0,10   [ RunTime:0.0000s ]
INFO: [ view_parse ] --START--
INFO: [ template_filter ] --START--
INFO: Run Behavior\ContentReplaceBehavior [ RunTime:0.000000s ]
INFO: [ template_filter ] --END-- [ RunTime:0.000000s ]
INFO: Run Behavior\ParseTemplateBehavior [ RunTime:0.010000s ]
INFO: [ view_parse ] --END-- [ RunTime:0.010000s ]
INFO: [ view_filter ] --START--
INFO: Run Behavior\WriteHtmlCacheBehavior [ RunTime:0.001000s ]
INFO: [ view_filter ] --END-- [ RunTime:0.001000s ]
INFO: [ app_end ] --START--
INFO: Run Behavior\ShowPageTraceBehavior [ RunTime:0.001000s ]
INFO: [ app_end ] --END-- [ RunTime:0.001000s ]

[ 2017-09-24T11:20:26+08:00 ] 127.0.0.1 /peoplecar/index.php?s=/super/UserAdministration/updateUserDataPage/userid/1
INFO: [ app_init ] --START--
INFO: Run Behavior\BuildLiteBehavior [ RunTime:0.000000s ]
INFO: [ app_init ] --END-- [ RunTime:0.001000s ]
INFO: [ app_begin ] --START--
INFO: Run Behavior\ReadHtmlCacheBehavior [ RunTime:0.001000s ]
INFO: [ app_begin ] --END-- [ RunTime:0.001000s ]
SQL: SHOW COLUMNS FROM `syd_user` [ RunTime:0.0050s ]
NOTIC: [8] Undefined index: clock_user D:\xampp\htdocs\peoplecar\game\Admin\Controller\CommonController.class.php 第 19 行.
NOTIC: [8] Undefined index: clock_usfarm D:\xampp\htdocs\peoplecar\game\Admin\Controller\CommonController.class.php 第 37 行.
NOTIC: [8] Undefined index: clock_play D:\xampp\htdocs\peoplecar\game\Admin\Controller\CommonController.class.php 第 54 行.
SQL: SELECT * FROM `syd_user` WHERE ( userid=1 ) LIMIT 1   [ RunTime:0.0010s ]
INFO: [ view_parse ] --START--
INFO: [ template_filter ] --START--
INFO: Run Behavior\ContentReplaceBehavior [ RunTime:0.000000s ]
INFO: [ template_filter ] --END-- [ RunTime:0.000000s ]
INFO: Run Behavior\ParseTemplateBehavior [ RunTime:0.009000s ]
INFO: [ view_parse ] --END-- [ RunTime:0.009000s ]
INFO: [ view_filter ] --START--
INFO: Run Behavior\WriteHtmlCacheBehavior [ RunTime:0.000000s ]
INFO: [ view_filter ] --END-- [ RunTime:0.000000s ]
INFO: [ app_end ] --START--
INFO: Run Behavior\ShowPageTraceBehavior [ RunTime:0.001000s ]
INFO: [ app_end ] --END-- [ RunTime:0.002000s ]

[ 2017-09-24T11:22:36+08:00 ] 127.0.0.1 /peoplecar/index.php?s=/super/UserAdministration/administrationPage.html
INFO: [ app_init ] --START--
INFO: Run Behavior\BuildLiteBehavior [ RunTime:0.000000s ]
INFO: [ app_init ] --END-- [ RunTime:0.000000s ]
INFO: [ app_begin ] --START--
INFO: Run Behavior\ReadHtmlCacheBehavior [ RunTime:0.001000s ]
INFO: [ app_begin ] --END-- [ RunTime:0.001000s ]
SQL: SHOW COLUMNS FROM `syd_user` [ RunTime:0.0040s ]
NOTIC: [8] Undefined index: clock_user D:\xampp\htdocs\peoplecar\game\Admin\Controller\CommonController.class.php 第 19 行.
NOTIC: [8] Undefined index: clock_usfarm D:\xampp\htdocs\peoplecar\game\Admin\Controller\CommonController.class.php 第 37 行.
NOTIC: [8] Undefined index: clock_play D:\xampp\htdocs\peoplecar\game\Admin\Controller\CommonController.class.php 第 54 行.
NOTIC: [8] Undefined variable: where D:\xampp\htdocs\peoplecar\game\Admin\Controller\UserAdministrationController.class.php 第 27 行.
SQL: SELECT COUNT(*) AS tp_count FROM `syd_user` LIMIT 1   [ RunTime:0.0000s ]
NOTIC: [2] Missing argument 2 for Think\Page::setConfig(), called in D:\xampp\htdocs\peoplecar\game\Common\Common\function.php on line 176 and defined D:\xampp\htdocs\peoplecar\ThinkPHP\Library\Think\Page.class.php 第 58 行.
NOTIC: [2] Illegal offset type in isset or empty D:\xampp\htdocs\peoplecar\ThinkPHP\Library\Think\Page.class.php 第 59 行.
NOTIC: [8] Undefined variable: where D:\xampp\htdocs\peoplecar\game\Admin\Controller\UserAdministrationController.class.php 第 30 行.
SQL: SELECT `userid`,`account`,`username`,`lockuser`,`time`,`parent_id`,`identity_card`,`phone` FROM `syd_user` ORDER BY userid desc  LIMIT 0,10   [ RunTime:0.0010s ]
INFO: [ view_parse ] --START--
INFO: [ template_filter ] --START--
INFO: Run Behavior\ContentReplaceBehavior [ RunTime:0.000000s ]
INFO: [ template_filter ] --END-- [ RunTime:0.000000s ]
INFO: Run Behavior\ParseTemplateBehavior [ RunTime:0.010001s ]
INFO: [ view_parse ] --END-- [ RunTime:0.010001s ]
INFO: [ view_filter ] --START--
INFO: Run Behavior\WriteHtmlCacheBehavior [ RunTime:0.001000s ]
INFO: [ view_filter ] --END-- [ RunTime:0.001000s ]
INFO: [ app_end ] --START--
INFO: Run Behavior\ShowPageTraceBehavior [ RunTime:0.000000s ]
INFO: [ app_end ] --END-- [ RunTime:0.000000s ]

[ 2017-09-24T11:22:38+08:00 ] 127.0.0.1 /peoplecar/index.php?s=/super/UserAdministration/updateUserDataPage/userid/5
INFO: [ app_init ] --START--
INFO: Run Behavior\BuildLiteBehavior [ RunTime:0.000000s ]
INFO: [ app_init ] --END-- [ RunTime:0.000000s ]
INFO: [ app_begin ] --START--
INFO: Run Behavior\ReadHtmlCacheBehavior [ RunTime:0.001000s ]
INFO: [ app_begin ] --END-- [ RunTime:0.001000s ]
SQL: SHOW COLUMNS FROM `syd_user` [ RunTime:0.0030s ]
NOTIC: [8] Undefined index: clock_user D:\xampp\htdocs\peoplecar\game\Admin\Controller\CommonController.class.php 第 19 行.
NOTIC: [8] Undefined index: clock_usfarm D:\xampp\htdocs\peoplecar\game\Admin\Controller\CommonController.class.php 第 37 行.
NOTIC: [8] Undefined index: clock_play D:\xampp\htdocs\peoplecar\game\Admin\Controller\CommonController.class.php 第 54 行.
SQL: SELECT * FROM `syd_user` WHERE ( userid=5 ) LIMIT 1   [ RunTime:0.0000s ]
INFO: [ view_parse ] --START--
INFO: [ template_filter ] --START--
INFO: Run Behavior\ContentReplaceBehavior [ RunTime:0.000000s ]
INFO: [ template_filter ] --END-- [ RunTime:0.000000s ]
INFO: Run Behavior\ParseTemplateBehavior [ RunTime:0.007000s ]
INFO: [ view_parse ] --END-- [ RunTime:0.007000s ]
INFO: [ view_filter ] --START--
INFO: Run Behavior\WriteHtmlCacheBehavior [ RunTime:0.000000s ]
INFO: [ view_filter ] --END-- [ RunTime:0.001000s ]
INFO: [ app_end ] --START--
INFO: Run Behavior\ShowPageTraceBehavior [ RunTime:0.001000s ]
INFO: [ app_end ] --END-- [ RunTime:0.001000s ]

[ 2017-09-24T11:30:49+08:00 ] 127.0.0.1 /peoplecar/index.php?s=/super/UserAdministration/administrationPage.html
INFO: [ app_init ] --START--
INFO: Run Behavior\BuildLiteBehavior [ RunTime:0.000000s ]
INFO: [ app_init ] --END-- [ RunTime:0.001000s ]
INFO: [ app_begin ] --START--
INFO: Run Behavior\ReadHtmlCacheBehavior [ RunTime:0.001001s ]
INFO: [ app_begin ] --END-- [ RunTime:0.001001s ]
SQL: SHOW COLUMNS FROM `syd_user` [ RunTime:0.0050s ]
NOTIC: [8] Undefined index: clock_user D:\xampp\htdocs\peoplecar\game\Admin\Controller\CommonController.class.php 第 19 行.
NOTIC: [8] Undefined index: clock_usfarm D:\xampp\htdocs\peoplecar\game\Admin\Controller\CommonController.class.php 第 37 行.
NOTIC: [8] Undefined index: clock_play D:\xampp\htdocs\peoplecar\game\Admin\Controller\CommonController.class.php 第 54 行.
NOTIC: [8] Undefined variable: where D:\xampp\htdocs\peoplecar\game\Admin\Controller\UserAdministrationController.class.php 第 27 行.
SQL: SELECT COUNT(*) AS tp_count FROM `syd_user` LIMIT 1   [ RunTime:0.0010s ]
NOTIC: [2] Missing argument 2 for Think\Page::setConfig(), called in D:\xampp\htdocs\peoplecar\game\Common\Common\function.php on line 176 and defined D:\xampp\htdocs\peoplecar\ThinkPHP\Library\Think\Page.class.php 第 58 行.
NOTIC: [2] Illegal offset type in isset or empty D:\xampp\htdocs\peoplecar\ThinkPHP\Library\Think\Page.class.php 第 59 行.
NOTIC: [8] Undefined variable: where D:\xampp\htdocs\peoplecar\game\Admin\Controller\UserAdministrationController.class.php 第 30 行.
SQL: SELECT `userid`,`account`,`username`,`lockuser`,`time`,`parent_id`,`identity_card`,`phone` FROM `syd_user` ORDER BY userid desc  LIMIT 0,10   [ RunTime:0.0010s ]
INFO: [ view_parse ] --START--
INFO: [ template_filter ] --START--
INFO: Run Behavior\ContentReplaceBehavior [ RunTime:0.000000s ]
INFO: [ template_filter ] --END-- [ RunTime:0.000000s ]
INFO: Run Behavior\ParseTemplateBehavior [ RunTime:0.010000s ]
INFO: [ view_parse ] --END-- [ RunTime:0.010000s ]
INFO: [ view_filter ] --START--
INFO: Run Behavior\WriteHtmlCacheBehavior [ RunTime:0.001000s ]
INFO: [ view_filter ] --END-- [ RunTime:0.001000s ]
INFO: [ app_end ] --START--
INFO: Run Behavior\ShowPageTraceBehavior [ RunTime:0.001000s ]
INFO: [ app_end ] --END-- [ RunTime:0.001000s ]

[ 2017-09-24T11:30:59+08:00 ] 127.0.0.1 /peoplecar/index.php?s=/super/UserAdministration/updatelockuser/userid/2
INFO: [ app_init ] --START--
INFO: Run Behavior\BuildLiteBehavior [ RunTime:0.000000s ]
INFO: [ app_init ] --END-- [ RunTime:0.000000s ]
INFO: [ app_begin ] --START--
INFO: Run Behavior\ReadHtmlCacheBehavior [ RunTime:0.001000s ]
INFO: [ app_begin ] --END-- [ RunTime:0.001000s ]
SQL: SHOW COLUMNS FROM `syd_user` [ RunTime:0.0030s ]
NOTIC: [8] Undefined index: clock_user D:\xampp\htdocs\peoplecar\game\Admin\Controller\CommonController.class.php 第 19 行.
NOTIC: [8] Undefined index: clock_usfarm D:\xampp\htdocs\peoplecar\game\Admin\Controller\CommonController.class.php 第 37 行.
NOTIC: [8] Undefined index: clock_play D:\xampp\htdocs\peoplecar\game\Admin\Controller\CommonController.class.php 第 54 行.
SQL: SELECT `lockuser` FROM `syd_user` WHERE ( userid=2 ) LIMIT 1   [ RunTime:0.0000s ]
SQL: UPDATE `syd_user` SET `lockuser`='2' WHERE ( userid=2 ) [ RunTime:0.0010s ]
INFO: [ app_end ] --START--
INFO: Run Behavior\ShowPageTraceBehavior [ RunTime:0.001000s ]
INFO: [ app_end ] --END-- [ RunTime:0.001000s ]

[ 2017-09-24T11:31:00+08:00 ] 127.0.0.1 /peoplecar/index.php?s=/super/UserAdministration/administrationPage
INFO: [ app_init ] --START--
INFO: Run Behavior\BuildLiteBehavior [ RunTime:0.000000s ]
INFO: [ app_init ] --END-- [ RunTime:0.000000s ]
INFO: [ app_begin ] --START--
INFO: Run Behavior\ReadHtmlCacheBehavior [ RunTime:0.001000s ]
INFO: [ app_begin ] --END-- [ RunTime:0.001000s ]
SQL: SHOW COLUMNS FROM `syd_user` [ RunTime:0.0070s ]
NOTIC: [8] Undefined index: clock_user D:\xampp\htdocs\peoplecar\game\Admin\Controller\CommonController.class.php 第 19 行.
NOTIC: [8] Undefined index: clock_usfarm D:\xampp\htdocs\peoplecar\game\Admin\Controller\CommonController.class.php 第 37 行.
NOTIC: [8] Undefined index: clock_play D:\xampp\htdocs\peoplecar\game\Admin\Controller\CommonController.class.php 第 54 行.
NOTIC: [8] Undefined variable: where D:\xampp\htdocs\peoplecar\game\Admin\Controller\UserAdministrationController.class.php 第 27 行.
SQL: SELECT COUNT(*) AS tp_count FROM `syd_user` LIMIT 1   [ RunTime:0.0010s ]
NOTIC: [2] Missing argument 2 for Think\Page::setConfig(), called in D:\xampp\htdocs\peoplecar\game\Common\Common\function.php on line 176 and defined D:\xampp\htdocs\peoplecar\ThinkPHP\Library\Think\Page.class.php 第 58 行.
NOTIC: [2] Illegal offset type in isset or empty D:\xampp\htdocs\peoplecar\ThinkPHP\Library\Think\Page.class.php 第 59 行.
NOTIC: [8] Undefined variable: where D:\xampp\htdocs\peoplecar\game\Admin\Controller\UserAdministrationController.class.php 第 30 行.
SQL: SELECT `userid`,`account`,`username`,`lockuser`,`time`,`parent_id`,`identity_card`,`phone` FROM `syd_user` ORDER BY userid desc  LIMIT 0,10   [ RunTime:0.0010s ]
INFO: [ view_parse ] --START--
INFO: [ template_filter ] --START--
INFO: Run Behavior\ContentReplaceBehavior [ RunTime:0.000000s ]
INFO: [ template_filter ] --END-- [ RunTime:0.000000s ]
INFO: Run Behavior\ParseTemplateBehavior [ RunTime:0.011001s ]
INFO: [ view_parse ] --END-- [ RunTime:0.011001s ]
INFO: [ view_filter ] --START--
INFO: Run Behavior\WriteHtmlCacheBehavior [ RunTime:0.000000s ]
INFO: [ view_filter ] --END-- [ RunTime:0.000000s ]
INFO: [ app_end ] --START--
INFO: Run Behavior\ShowPageTraceBehavior [ RunTime:0.001000s ]
INFO: [ app_end ] --END-- [ RunTime:0.001000s ]

[ 2017-09-24T11:31:03+08:00 ] 127.0.0.1 /peoplecar/index.php?s=/super/UserAdministration/updatelockuser/userid/2
INFO: [ app_init ] --START--
INFO: Run Behavior\BuildLiteBehavior [ RunTime:0.000000s ]
INFO: [ app_init ] --END-- [ RunTime:0.001000s ]
INFO: [ app_begin ] --START--
INFO: Run Behavior\ReadHtmlCacheBehavior [ RunTime:0.001000s ]
INFO: [ app_begin ] --END-- [ RunTime:0.001000s ]
SQL: SHOW COLUMNS FROM `syd_user` [ RunTime:0.0050s ]
NOTIC: [8] Undefined index: clock_user D:\xampp\htdocs\peoplecar\game\Admin\Controller\CommonController.class.php 第 19 行.
NOTIC: [8] Undefined index: clock_usfarm D:\xampp\htdocs\peoplecar\game\Admin\Controller\CommonController.class.php 第 37 行.
NOTIC: [8] Undefined index: clock_play D:\xampp\htdocs\peoplecar\game\Admin\Controller\CommonController.class.php 第 54 行.
SQL: SELECT `lockuser` FROM `syd_user` WHERE ( userid=2 ) LIMIT 1   [ RunTime:0.0010s ]
SQL: UPDATE `syd_user` SET `lockuser`='0' WHERE ( userid=2 ) [ RunTime:0.0010s ]
INFO: [ app_end ] --START--
INFO: Run Behavior\ShowPageTraceBehavior [ RunTime:0.001000s ]
INFO: [ app_end ] --END-- [ RunTime:0.001000s ]

[ 2017-09-24T11:31:05+08:00 ] 127.0.0.1 /peoplecar/index.php?s=/super/UserAdministration/administrationPage
INFO: [ app_init ] --START--
INFO: Run Behavior\BuildLiteBehavior [ RunTime:0.000000s ]
INFO: [ app_init ] --END-- [ RunTime:0.000000s ]
INFO: [ app_begin ] --START--
INFO: Run Behavior\ReadHtmlCacheBehavior [ RunTime:0.001000s ]
INFO: [ app_begin ] --END-- [ RunTime:0.001000s ]
SQL: SHOW COLUMNS FROM `syd_user` [ RunTime:0.0040s ]
NOTIC: [8] Undefined index: clock_user D:\xampp\htdocs\peoplecar\game\Admin\Controller\CommonController.class.php 第 19 行.
NOTIC: [8] Undefined index: clock_usfarm D:\xampp\htdocs\peoplecar\game\Admin\Controller\CommonController.class.php 第 37 行.
NOTIC: [8] Undefined index: clock_play D:\xampp\htdocs\peoplecar\game\Admin\Controller\CommonController.class.php 第 54 行.
NOTIC: [8] Undefined variable: where D:\xampp\htdocs\peoplecar\game\Admin\Controller\UserAdministrationController.class.php 第 27 行.
SQL: SELECT COUNT(*) AS tp_count FROM `syd_user` LIMIT 1   [ RunTime:0.0010s ]
NOTIC: [2] Missing argument 2 for Think\Page::setConfig(), called in D:\xampp\htdocs\peoplecar\game\Common\Common\function.php on line 176 and defined D:\xampp\htdocs\peoplecar\ThinkPHP\Library\Think\Page.class.php 第 58 行.
NOTIC: [2] Illegal offset type in isset or empty D:\xampp\htdocs\peoplecar\ThinkPHP\Library\Think\Page.class.php 第 59 行.
NOTIC: [8] Undefined variable: where D:\xampp\htdocs\peoplecar\game\Admin\Controller\UserAdministrationController.class.php 第 30 行.
SQL: SELECT `userid`,`account`,`username`,`lockuser`,`time`,`parent_id`,`identity_card`,`phone` FROM `syd_user` ORDER BY userid desc  LIMIT 0,10   [ RunTime:0.0010s ]
INFO: [ view_parse ] --START--
INFO: [ template_filter ] --START--
INFO: Run Behavior\ContentReplaceBehavior [ RunTime:0.000000s ]
INFO: [ template_filter ] --END-- [ RunTime:0.000000s ]
INFO: Run Behavior\ParseTemplateBehavior [ RunTime:0.011001s ]
INFO: [ view_parse ] --END-- [ RunTime:0.011001s ]
INFO: [ view_filter ] --START--
INFO: Run Behavior\WriteHtmlCacheBehavior [ RunTime:0.000000s ]
INFO: [ view_filter ] --END-- [ RunTime:0.000000s ]
INFO: [ app_end ] --START--
INFO: Run Behavior\ShowPageTraceBehavior [ RunTime:0.001000s ]
INFO: [ app_end ] --END-- [ RunTime:0.001000s ]

[ 2017-09-24T11:31:35+08:00 ] 127.0.0.1 /peoplecar/index.php?s=/super/UserAdministration/administrationPage.html
INFO: [ app_init ] --START--
INFO: Run Behavior\BuildLiteBehavior [ RunTime:0.000000s ]
INFO: [ app_init ] --END-- [ RunTime:0.000000s ]
INFO: [ app_begin ] --START--
INFO: Run Behavior\ReadHtmlCacheBehavior [ RunTime:0.001000s ]
INFO: [ app_begin ] --END-- [ RunTime:0.001000s ]
SQL: SHOW COLUMNS FROM `syd_user` [ RunTime:0.0040s ]
NOTIC: [8] Undefined index: clock_user D:\xampp\htdocs\peoplecar\game\Admin\Controller\CommonController.class.php 第 19 行.
NOTIC: [8] Undefined index: clock_usfarm D:\xampp\htdocs\peoplecar\game\Admin\Controller\CommonController.class.php 第 37 行.
NOTIC: [8] Undefined index: clock_play D:\xampp\htdocs\peoplecar\game\Admin\Controller\CommonController.class.php 第 54 行.
NOTIC: [8] Undefined variable: where D:\xampp\htdocs\peoplecar\game\Admin\Controller\UserAdministrationController.class.php 第 27 行.
SQL: SELECT COUNT(*) AS tp_count FROM `syd_user` LIMIT 1   [ RunTime:0.0000s ]
NOTIC: [2] Missing argument 2 for Think\Page::setConfig(), called in D:\xampp\htdocs\peoplecar\game\Common\Common\function.php on line 176 and defined D:\xampp\htdocs\peoplecar\ThinkPHP\Library\Think\Page.class.php 第 58 行.
NOTIC: [2] Illegal offset type in isset or empty D:\xampp\htdocs\peoplecar\ThinkPHP\Library\Think\Page.class.php 第 59 行.
NOTIC: [8] Undefined variable: where D:\xampp\htdocs\peoplecar\game\Admin\Controller\UserAdministrationController.class.php 第 30 行.
SQL: SELECT `userid`,`account`,`username`,`lockuser`,`time`,`parent_id`,`identity_card`,`phone` FROM `syd_user` ORDER BY userid desc  LIMIT 0,10   [ RunTime:0.0000s ]
INFO: [ view_parse ] --START--
INFO: [ template_filter ] --START--
INFO: Run Behavior\ContentReplaceBehavior [ RunTime:0.000000s ]
INFO: [ template_filter ] --END-- [ RunTime:0.000000s ]
INFO: Run Behavior\ParseTemplateBehavior [ RunTime:0.012001s ]
INFO: [ view_parse ] --END-- [ RunTime:0.012001s ]
INFO: [ view_filter ] --START--
INFO: Run Behavior\WriteHtmlCacheBehavior [ RunTime:0.000000s ]
INFO: [ view_filter ] --END-- [ RunTime:0.000000s ]
INFO: [ app_end ] --START--
INFO: Run Behavior\ShowPageTraceBehavior [ RunTime:0.001000s ]
INFO: [ app_end ] --END-- [ RunTime:0.001000s ]

[ 2017-09-24T11:31:38+08:00 ] 127.0.0.1 /peoplecar/index.php?s=/super/UserAdministration/administrationPage.html
INFO: [ app_init ] --START--
INFO: Run Behavior\BuildLiteBehavior [ RunTime:0.000000s ]
INFO: [ app_init ] --END-- [ RunTime:0.000000s ]
INFO: [ app_begin ] --START--
INFO: Run Behavior\ReadHtmlCacheBehavior [ RunTime:0.001000s ]
INFO: [ app_begin ] --END-- [ RunTime:0.001000s ]
SQL: SHOW COLUMNS FROM `syd_user` [ RunTime:0.0050s ]
NOTIC: [8] Undefined index: clock_user D:\xampp\htdocs\peoplecar\game\Admin\Controller\CommonController.class.php 第 19 行.
NOTIC: [8] Undefined index: clock_usfarm D:\xampp\htdocs\peoplecar\game\Admin\Controller\CommonController.class.php 第 37 行.
NOTIC: [8] Undefined index: clock_play D:\xampp\htdocs\peoplecar\game\Admin\Controller\CommonController.class.php 第 54 行.
NOTIC: [8] Undefined variable: where D:\xampp\htdocs\peoplecar\game\Admin\Controller\UserAdministrationController.class.php 第 27 行.
SQL: SELECT COUNT(*) AS tp_count FROM `syd_user` LIMIT 1   [ RunTime:0.0000s ]
NOTIC: [2] Missing argument 2 for Think\Page::setConfig(), called in D:\xampp\htdocs\peoplecar\game\Common\Common\function.php on line 176 and defined D:\xampp\htdocs\peoplecar\ThinkPHP\Library\Think\Page.class.php 第 58 行.
NOTIC: [2] Illegal offset type in isset or empty D:\xampp\htdocs\peoplecar\ThinkPHP\Library\Think\Page.class.php 第 59 行.
NOTIC: [8] Undefined variable: where D:\xampp\htdocs\peoplecar\game\Admin\Controller\UserAdministrationController.class.php 第 30 行.
SQL: SELECT `userid`,`account`,`username`,`lockuser`,`time`,`parent_id`,`identity_card`,`phone` FROM `syd_user` ORDER BY userid desc  LIMIT 0,10   [ RunTime:0.0000s ]
INFO: [ view_parse ] --START--
INFO: [ template_filter ] --START--
INFO: Run Behavior\ContentReplaceBehavior [ RunTime:0.000000s ]
INFO: [ template_filter ] --END-- [ RunTime:0.000000s ]
INFO: Run Behavior\ParseTemplateBehavior [ RunTime:0.011000s ]
INFO: [ view_parse ] --END-- [ RunTime:0.011000s ]
INFO: [ view_filter ] --START--
INFO: Run Behavior\WriteHtmlCacheBehavior [ RunTime:0.000000s ]
INFO: [ view_filter ] --END-- [ RunTime:0.000000s ]
INFO: [ app_end ] --START--
INFO: Run Behavior\ShowPageTraceBehavior [ RunTime:0.001001s ]
INFO: [ app_end ] --END-- [ RunTime:0.001001s ]

[ 2017-09-24T11:31:42+08:00 ] 127.0.0.1 /peoplecar/index.php?s=/super/Index/updateMessagePage.html
INFO: [ app_init ] --START--
INFO: Run Behavior\BuildLiteBehavior [ RunTime:0.000000s ]
INFO: [ app_init ] --END-- [ RunTime:0.001000s ]
INFO: [ app_begin ] --START--
INFO: Run Behavior\ReadHtmlCacheBehavior [ RunTime:0.001000s ]
INFO: [ app_begin ] --END-- [ RunTime:0.001000s ]
SQL: SHOW COLUMNS FROM `syd_user` [ RunTime:0.0040s ]
NOTIC: [8] Undefined index: clock_user D:\xampp\htdocs\peoplecar\game\Admin\Controller\CommonController.class.php 第 19 行.
NOTIC: [8] Undefined index: clock_usfarm D:\xampp\htdocs\peoplecar\game\Admin\Controller\CommonController.class.php 第 37 行.
NOTIC: [8] Undefined index: clock_play D:\xampp\htdocs\peoplecar\game\Admin\Controller\CommonController.class.php 第 54 行.
INFO: [ view_parse ] --START--
INFO: [ template_filter ] --START--
INFO: Run Behavior\ContentReplaceBehavior [ RunTime:0.000000s ]
INFO: [ template_filter ] --END-- [ RunTime:0.000000s ]
INFO: Run Behavior\ParseTemplateBehavior [ RunTime:0.010000s ]
INFO: [ view_parse ] --END-- [ RunTime:0.010000s ]
INFO: [ view_filter ] --START--
INFO: Run Behavior\WriteHtmlCacheBehavior [ RunTime:0.000000s ]
INFO: [ view_filter ] --END-- [ RunTime:0.000000s ]
INFO: [ app_end ] --START--
INFO: Run Behavior\ShowPageTraceBehavior [ RunTime:0.000000s ]
INFO: [ app_end ] --END-- [ RunTime:0.001000s ]

[ 2017-09-24T11:31:43+08:00 ] 127.0.0.1 /peoplecar/index.php?s=/super/UserAdministration/administrationPage.html
INFO: [ app_init ] --START--
INFO: Run Behavior\BuildLiteBehavior [ RunTime:0.000000s ]
INFO: [ app_init ] --END-- [ RunTime:0.001000s ]
INFO: [ app_begin ] --START--
INFO: Run Behavior\ReadHtmlCacheBehavior [ RunTime:0.001000s ]
INFO: [ app_begin ] --END-- [ RunTime:0.001000s ]
SQL: SHOW COLUMNS FROM `syd_user` [ RunTime:0.0050s ]
NOTIC: [8] Undefined index: clock_user D:\xampp\htdocs\peoplecar\game\Admin\Controller\CommonController.class.php 第 19 行.
NOTIC: [8] Undefined index: clock_usfarm D:\xampp\htdocs\peoplecar\game\Admin\Controller\CommonController.class.php 第 37 行.
NOTIC: [8] Undefined index: clock_play D:\xampp\htdocs\peoplecar\game\Admin\Controller\CommonController.class.php 第 54 行.
NOTIC: [8] Undefined variable: where D:\xampp\htdocs\peoplecar\game\Admin\Controller\UserAdministrationController.class.php 第 27 行.
SQL: SELECT COUNT(*) AS tp_count FROM `syd_user` LIMIT 1   [ RunTime:0.0000s ]
NOTIC: [2] Missing argument 2 for Think\Page::setConfig(), called in D:\xampp\htdocs\peoplecar\game\Common\Common\function.php on line 176 and defined D:\xampp\htdocs\peoplecar\ThinkPHP\Library\Think\Page.class.php 第 58 行.
NOTIC: [2] Illegal offset type in isset or empty D:\xampp\htdocs\peoplecar\ThinkPHP\Library\Think\Page.class.php 第 59 行.
NOTIC: [8] Undefined variable: where D:\xampp\htdocs\peoplecar\game\Admin\Controller\UserAdministrationController.class.php 第 30 行.
SQL: SELECT `userid`,`account`,`username`,`lockuser`,`time`,`parent_id`,`identity_card`,`phone` FROM `syd_user` ORDER BY userid desc  LIMIT 0,10   [ RunTime:0.0010s ]
INFO: [ view_parse ] --START--
INFO: [ template_filter ] --START--
INFO: Run Behavior\ContentReplaceBehavior [ RunTime:0.000000s ]
INFO: [ template_filter ] --END-- [ RunTime:0.000000s ]
INFO: Run Behavior\ParseTemplateBehavior [ RunTime:0.010001s ]
INFO: [ view_parse ] --END-- [ RunTime:0.011001s ]
INFO: [ view_filter ] --START--
INFO: Run Behavior\WriteHtmlCacheBehavior [ RunTime:0.001000s ]
INFO: [ view_filter ] --END-- [ RunTime:0.001000s ]
INFO: [ app_end ] --START--
INFO: Run Behavior\ShowPageTraceBehavior [ RunTime:0.001000s ]
INFO: [ app_end ] --END-- [ RunTime:0.001000s ]

[ 2017-09-24T11:31:52+08:00 ] 127.0.0.1 /peoplecar/index.php?s=/super/UserAdministration/administrationPage.html
INFO: [ app_init ] --START--
INFO: Run Behavior\BuildLiteBehavior [ RunTime:0.000000s ]
INFO: [ app_init ] --END-- [ RunTime:0.000000s ]
INFO: [ app_begin ] --START--
INFO: Run Behavior\ReadHtmlCacheBehavior [ RunTime:0.001000s ]
INFO: [ app_begin ] --END-- [ RunTime:0.001000s ]
SQL: SHOW COLUMNS FROM `syd_user` [ RunTime:0.0040s ]
NOTIC: [8] Undefined index: clock_user D:\xampp\htdocs\peoplecar\game\Admin\Controller\CommonController.class.php 第 19 行.
NOTIC: [8] Undefined index: clock_usfarm D:\xampp\htdocs\peoplecar\game\Admin\Controller\CommonController.class.php 第 37 行.
NOTIC: [8] Undefined index: clock_play D:\xampp\htdocs\peoplecar\game\Admin\Controller\CommonController.class.php 第 54 行.
NOTIC: [8] Undefined variable: where D:\xampp\htdocs\peoplecar\game\Admin\Controller\UserAdministrationController.class.php 第 27 行.
SQL: SELECT COUNT(*) AS tp_count FROM `syd_user` LIMIT 1   [ RunTime:0.0000s ]
NOTIC: [2] Missing argument 2 for Think\Page::setConfig(), called in D:\xampp\htdocs\peoplecar\game\Common\Common\function.php on line 176 and defined D:\xampp\htdocs\peoplecar\ThinkPHP\Library\Think\Page.class.php 第 58 行.
NOTIC: [2] Illegal offset type in isset or empty D:\xampp\htdocs\peoplecar\ThinkPHP\Library\Think\Page.class.php 第 59 行.
NOTIC: [8] Undefined variable: where D:\xampp\htdocs\peoplecar\game\Admin\Controller\UserAdministrationController.class.php 第 30 行.
SQL: SELECT `userid`,`account`,`username`,`lockuser`,`time`,`parent_id`,`identity_card`,`phone` FROM `syd_user` ORDER BY userid desc  LIMIT 0,10   [ RunTime:0.0010s ]
INFO: [ view_parse ] --START--
INFO: [ template_filter ] --START--
INFO: Run Behavior\ContentReplaceBehavior [ RunTime:0.000000s ]
INFO: [ template_filter ] --END-- [ RunTime:0.000000s ]
INFO: Run Behavior\ParseTemplateBehavior [ RunTime:0.011001s ]
INFO: [ view_parse ] --END-- [ RunTime:0.011001s ]
INFO: [ view_filter ] --START--
INFO: Run Behavior\WriteHtmlCacheBehavior [ RunTime:0.001000s ]
INFO: [ view_filter ] --END-- [ RunTime:0.001000s ]
INFO: [ app_end ] --START--
INFO: Run Behavior\ShowPageTraceBehavior [ RunTime:0.001000s ]
INFO: [ app_end ] --END-- [ RunTime:0.001000s ]

[ 2017-09-24T11:32:05+08:00 ] 127.0.0.1 /peoplecar/index.php?s=/super/ParameterProbability/functionValueResetPage.html
INFO: [ app_init ] --START--
INFO: Run Behavior\BuildLiteBehavior [ RunTime:0.000000s ]
INFO: [ app_init ] --END-- [ RunTime:0.000000s ]
INFO: [ app_begin ] --START--
INFO: Run Behavior\ReadHtmlCacheBehavior [ RunTime:0.001000s ]
INFO: [ app_begin ] --END-- [ RunTime:0.001000s ]
SQL: SHOW COLUMNS FROM `syd_user` [ RunTime:0.0040s ]
NOTIC: [8] Undefined index: clock_user D:\xampp\htdocs\peoplecar\game\Admin\Controller\CommonController.class.php 第 19 行.
NOTIC: [8] Undefined index: clock_usfarm D:\xampp\htdocs\peoplecar\game\Admin\Controller\CommonController.class.php 第 37 行.
NOTIC: [8] Undefined index: clock_play D:\xampp\htdocs\peoplecar\game\Admin\Controller\CommonController.class.php 第 54 行.
INFO: [ view_parse ] --START--
INFO: [ template_filter ] --START--
INFO: Run Behavior\ContentReplaceBehavior [ RunTime:0.000000s ]
INFO: [ template_filter ] --END-- [ RunTime:0.000000s ]
INFO: Run Behavior\ParseTemplateBehavior [ RunTime:0.007000s ]
INFO: [ view_parse ] --END-- [ RunTime:0.007000s ]
INFO: [ view_filter ] --START--
INFO: Run Behavior\WriteHtmlCacheBehavior [ RunTime:0.001000s ]
INFO: [ view_filter ] --END-- [ RunTime:0.001000s ]
INFO: [ app_end ] --START--
INFO: Run Behavior\ShowPageTraceBehavior [ RunTime:0.000000s ]
INFO: [ app_end ] --END-- [ RunTime:0.000000s ]

[ 2017-09-24T11:32:06+08:00 ] 127.0.0.1 /peoplecar/index.php?s=/super/ParameterProbability/operationLogPage.html
INFO: [ app_init ] --START--
INFO: Run Behavior\BuildLiteBehavior [ RunTime:0.000000s ]
INFO: [ app_init ] --END-- [ RunTime:0.001000s ]
INFO: [ app_begin ] --START--
INFO: Run Behavior\ReadHtmlCacheBehavior [ RunTime:0.001000s ]
INFO: [ app_begin ] --END-- [ RunTime:0.001000s ]
SQL: SHOW COLUMNS FROM `syd_user` [ RunTime:0.0040s ]
NOTIC: [8] Undefined index: clock_user D:\xampp\htdocs\peoplecar\game\Admin\Controller\CommonController.class.php 第 19 行.
NOTIC: [8] Undefined index: clock_usfarm D:\xampp\htdocs\peoplecar\game\Admin\Controller\CommonController.class.php 第 37 行.
NOTIC: [8] Undefined index: clock_play D:\xampp\htdocs\peoplecar\game\Admin\Controller\CommonController.class.php 第 54 行.
INFO: [ view_parse ] --START--
INFO: [ template_filter ] --START--
INFO: Run Behavior\ContentReplaceBehavior [ RunTime:0.000000s ]
INFO: [ template_filter ] --END-- [ RunTime:0.001000s ]
INFO: Run Behavior\ParseTemplateBehavior [ RunTime:0.010001s ]
INFO: [ view_parse ] --END-- [ RunTime:0.010001s ]
INFO: [ view_filter ] --START--
INFO: Run Behavior\WriteHtmlCacheBehavior [ RunTime:0.000000s ]
INFO: [ view_filter ] --END-- [ RunTime:0.000000s ]
INFO: [ app_end ] --START--
INFO: Run Behavior\ShowPageTraceBehavior [ RunTime:0.000000s ]
INFO: [ app_end ] --END-- [ RunTime:0.000000s ]

[ 2017-09-24T11:32:07+08:00 ] 127.0.0.1 /peoplecar/index.php?s=/super/ParameterProbability/helpDocumentList.html
INFO: [ app_init ] --START--
INFO: Run Behavior\BuildLiteBehavior [ RunTime:0.000000s ]
INFO: [ app_init ] --END-- [ RunTime:0.001000s ]
INFO: [ app_begin ] --START--
INFO: Run Behavior\ReadHtmlCacheBehavior [ RunTime:0.001000s ]
INFO: [ app_begin ] --END-- [ RunTime:0.001000s ]
SQL: SHOW COLUMNS FROM `syd_user` [ RunTime:0.0040s ]
NOTIC: [8] Undefined index: clock_user D:\xampp\htdocs\peoplecar\game\Admin\Controller\CommonController.class.php 第 19 行.
NOTIC: [8] Undefined index: clock_usfarm D:\xampp\htdocs\peoplecar\game\Admin\Controller\CommonController.class.php 第 37 行.
NOTIC: [8] Undefined index: clock_play D:\xampp\htdocs\peoplecar\game\Admin\Controller\CommonController.class.php 第 54 行.
SQL: SHOW COLUMNS FROM `syd_helpintroduce` [ RunTime:0.0040s ]
SQL: SELECT COUNT(*) AS tp_count FROM `syd_helpintroduce` LIMIT 1   [ RunTime:0.0010s ]
NOTIC: [2] Missing argument 2 for Think\Page::setConfig(), called in D:\xampp\htdocs\peoplecar\game\Common\Common\function.php on line 176 and defined D:\xampp\htdocs\peoplecar\ThinkPHP\Library\Think\Page.class.php 第 58 行.
NOTIC: [2] Illegal offset type in isset or empty D:\xampp\htdocs\peoplecar\ThinkPHP\Library\Think\Page.class.php 第 59 行.
SQL: SELECT `id`,`title`,`content`,`time` FROM `syd_helpintroduce` ORDER BY id desc  LIMIT 0,10   [ RunTime:0.0000s ]
INFO: [ view_parse ] --START--
INFO: [ template_filter ] --START--
INFO: Run Behavior\ContentReplaceBehavior [ RunTime:0.000000s ]
INFO: [ template_filter ] --END-- [ RunTime:0.001000s ]
INFO: Run Behavior\ParseTemplateBehavior [ RunTime:0.011001s ]
INFO: [ view_parse ] --END-- [ RunTime:0.011001s ]
INFO: [ view_filter ] --START--
INFO: Run Behavior\WriteHtmlCacheBehavior [ RunTime:0.001000s ]
INFO: [ view_filter ] --END-- [ RunTime:0.001000s ]
INFO: [ app_end ] --START--
INFO: Run Behavior\ShowPageTraceBehavior [ RunTime:0.000000s ]
INFO: [ app_end ] --END-- [ RunTime:0.000000s ]

[ 2017-09-24T11:32:07+08:00 ] 127.0.0.1 /peoplecar/index.php?s=/super/ParameterProbability/addHelpDocument.html
INFO: [ app_init ] --START--
INFO: Run Behavior\BuildLiteBehavior [ RunTime:0.000000s ]
INFO: [ app_init ] --END-- [ RunTime:0.000000s ]
INFO: [ app_begin ] --START--
INFO: Run Behavior\ReadHtmlCacheBehavior [ RunTime:0.001000s ]
INFO: [ app_begin ] --END-- [ RunTime:0.001000s ]
SQL: SHOW COLUMNS FROM `syd_user` [ RunTime:0.0050s ]
NOTIC: [8] Undefined index: clock_user D:\xampp\htdocs\peoplecar\game\Admin\Controller\CommonController.class.php 第 19 行.
NOTIC: [8] Undefined index: clock_usfarm D:\xampp\htdocs\peoplecar\game\Admin\Controller\CommonController.class.php 第 37 行.
NOTIC: [8] Undefined index: clock_play D:\xampp\htdocs\peoplecar\game\Admin\Controller\CommonController.class.php 第 54 行.
INFO: [ view_parse ] --START--
INFO: [ template_filter ] --START--
INFO: Run Behavior\ContentReplaceBehavior [ RunTime:0.000000s ]
INFO: [ template_filter ] --END-- [ RunTime:0.000000s ]
INFO: Run Behavior\ParseTemplateBehavior [ RunTime:0.007000s ]
INFO: [ view_parse ] --END-- [ RunTime:0.007000s ]
INFO: [ view_filter ] --START--
INFO: Run Behavior\WriteHtmlCacheBehavior [ RunTime:0.001000s ]
INFO: [ view_filter ] --END-- [ RunTime:0.001000s ]
INFO: [ app_end ] --START--
INFO: Run Behavior\ShowPageTraceBehavior [ RunTime:0.001000s ]
INFO: [ app_end ] --END-- [ RunTime:0.001000s ]

[ 2017-09-24T11:32:08+08:00 ] 127.0.0.1 /peoplecar/index.php?s=/super/ParameterProbability/addHelpDocument.html
INFO: [ app_init ] --START--
INFO: Run Behavior\BuildLiteBehavior [ RunTime:0.000000s ]
INFO: [ app_init ] --END-- [ RunTime:0.000000s ]
INFO: [ app_begin ] --START--
INFO: Run Behavior\ReadHtmlCacheBehavior [ RunTime:0.001000s ]
INFO: [ app_begin ] --END-- [ RunTime:0.001000s ]
SQL: SHOW COLUMNS FROM `syd_user` [ RunTime:0.0050s ]
NOTIC: [8] Undefined index: clock_user D:\xampp\htdocs\peoplecar\game\Admin\Controller\CommonController.class.php 第 19 行.
NOTIC: [8] Undefined index: clock_usfarm D:\xampp\htdocs\peoplecar\game\Admin\Controller\CommonController.class.php 第 37 行.
NOTIC: [8] Undefined index: clock_play D:\xampp\htdocs\peoplecar\game\Admin\Controller\CommonController.class.php 第 54 行.
INFO: [ view_parse ] --START--
INFO: [ template_filter ] --START--
INFO: Run Behavior\ContentReplaceBehavior [ RunTime:0.000000s ]
INFO: [ template_filter ] --END-- [ RunTime:0.000000s ]
INFO: Run Behavior\ParseTemplateBehavior [ RunTime:0.009001s ]
INFO: [ view_parse ] --END-- [ RunTime:0.009001s ]
INFO: [ view_filter ] --START--
INFO: Run Behavior\WriteHtmlCacheBehavior [ RunTime:0.000000s ]
INFO: [ view_filter ] --END-- [ RunTime:0.000000s ]
INFO: [ app_end ] --START--
INFO: Run Behavior\ShowPageTraceBehavior [ RunTime:0.000000s ]
INFO: [ app_end ] --END-- [ RunTime:0.001000s ]

[ 2017-09-24T11:32:10+08:00 ] 127.0.0.1 /peoplecar/index.php?s=/super/ParameterProbability/operationLogPage.html
INFO: [ app_init ] --START--
INFO: Run Behavior\BuildLiteBehavior [ RunTime:0.000000s ]
INFO: [ app_init ] --END-- [ RunTime:0.000000s ]
INFO: [ app_begin ] --START--
INFO: Run Behavior\ReadHtmlCacheBehavior [ RunTime:0.001000s ]
INFO: [ app_begin ] --END-- [ RunTime:0.001000s ]
SQL: SHOW COLUMNS FROM `syd_user` [ RunTime:0.0070s ]
NOTIC: [8] Undefined index: clock_user D:\xampp\htdocs\peoplecar\game\Admin\Controller\CommonController.class.php 第 19 行.
NOTIC: [8] Undefined index: clock_usfarm D:\xampp\htdocs\peoplecar\game\Admin\Controller\CommonController.class.php 第 37 行.
NOTIC: [8] Undefined index: clock_play D:\xampp\htdocs\peoplecar\game\Admin\Controller\CommonController.class.php 第 54 行.
INFO: [ view_parse ] --START--
INFO: [ template_filter ] --START--
INFO: Run Behavior\ContentReplaceBehavior [ RunTime:0.001000s ]
INFO: [ template_filter ] --END-- [ RunTime:0.001000s ]
INFO: Run Behavior\ParseTemplateBehavior [ RunTime:0.007000s ]
INFO: [ view_parse ] --END-- [ RunTime:0.007000s ]
INFO: [ view_filter ] --START--
INFO: Run Behavior\WriteHtmlCacheBehavior [ RunTime:0.000000s ]
INFO: [ view_filter ] --END-- [ RunTime:0.000000s ]
INFO: [ app_end ] --START--
INFO: Run Behavior\ShowPageTraceBehavior [ RunTime:0.001000s ]
INFO: [ app_end ] --END-- [ RunTime:0.001000s ]

[ 2017-09-24T11:32:15+08:00 ] 127.0.0.1 /peoplecar/index.php?s=/super/UserAdministration/administrationPage.html
INFO: [ app_init ] --START--
INFO: Run Behavior\BuildLiteBehavior [ RunTime:0.000000s ]
INFO: [ app_init ] --END-- [ RunTime:0.002001s ]
INFO: [ app_begin ] --START--
INFO: Run Behavior\ReadHtmlCacheBehavior [ RunTime:0.001000s ]
INFO: [ app_begin ] --END-- [ RunTime:0.001000s ]
SQL: SHOW COLUMNS FROM `syd_user` [ RunTime:0.0070s ]
NOTIC: [8] Undefined index: clock_user D:\xampp\htdocs\peoplecar\game\Admin\Controller\CommonController.class.php 第 19 行.
NOTIC: [8] Undefined index: clock_usfarm D:\xampp\htdocs\peoplecar\game\Admin\Controller\CommonController.class.php 第 37 行.
NOTIC: [8] Undefined index: clock_play D:\xampp\htdocs\peoplecar\game\Admin\Controller\CommonController.class.php 第 54 行.
NOTIC: [8] Undefined variable: where D:\xampp\htdocs\peoplecar\game\Admin\Controller\UserAdministrationController.class.php 第 27 行.
SQL: SELECT COUNT(*) AS tp_count FROM `syd_user` LIMIT 1   [ RunTime:0.0000s ]
NOTIC: [2] Missing argument 2 for Think\Page::setConfig(), called in D:\xampp\htdocs\peoplecar\game\Common\Common\function.php on line 176 and defined D:\xampp\htdocs\peoplecar\ThinkPHP\Library\Think\Page.class.php 第 58 行.
NOTIC: [2] Illegal offset type in isset or empty D:\xampp\htdocs\peoplecar\ThinkPHP\Library\Think\Page.class.php 第 59 行.
NOTIC: [8] Undefined variable: where D:\xampp\htdocs\peoplecar\game\Admin\Controller\UserAdministrationController.class.php 第 30 行.
SQL: SELECT `userid`,`account`,`username`,`lockuser`,`time`,`parent_id`,`identity_card`,`phone` FROM `syd_user` ORDER BY userid desc  LIMIT 0,10   [ RunTime:0.0010s ]
INFO: [ view_parse ] --START--
INFO: [ template_filter ] --START--
INFO: Run Behavior\ContentReplaceBehavior [ RunTime:0.000000s ]
INFO: [ template_filter ] --END-- [ RunTime:0.001000s ]
INFO: Run Behavior\ParseTemplateBehavior [ RunTime:0.016001s ]
INFO: [ view_parse ] --END-- [ RunTime:0.016001s ]
INFO: [ view_filter ] --START--
INFO: Run Behavior\WriteHtmlCacheBehavior [ RunTime:0.001000s ]
INFO: [ view_filter ] --END-- [ RunTime:0.001000s ]
INFO: [ app_end ] --START--
INFO: Run Behavior\ShowPageTraceBehavior [ RunTime:0.000000s ]
INFO: [ app_end ] --END-- [ RunTime:0.000000s ]

[ 2017-09-24T11:32:19+08:00 ] 127.0.0.1 /peoplecar/index.php?s=/super/UserAdministration/administrationPage.html
INFO: [ app_init ] --START--
INFO: Run Behavior\BuildLiteBehavior [ RunTime:0.000000s ]
INFO: [ app_init ] --END-- [ RunTime:0.001000s ]
INFO: [ app_begin ] --START--
INFO: Run Behavior\ReadHtmlCacheBehavior [ RunTime:0.001000s ]
INFO: [ app_begin ] --END-- [ RunTime:0.001000s ]
SQL: SHOW COLUMNS FROM `syd_user` [ RunTime:0.0050s ]
NOTIC: [8] Undefined index: clock_user D:\xampp\htdocs\peoplecar\game\Admin\Controller\CommonController.class.php 第 19 行.
NOTIC: [8] Undefined index: clock_usfarm D:\xampp\htdocs\peoplecar\game\Admin\Controller\CommonController.class.php 第 37 行.
NOTIC: [8] Undefined index: clock_play D:\xampp\htdocs\peoplecar\game\Admin\Controller\CommonController.class.php 第 54 行.
NOTIC: [8] Undefined variable: where D:\xampp\htdocs\peoplecar\game\Admin\Controller\UserAdministrationController.class.php 第 27 行.
SQL: SELECT COUNT(*) AS tp_count FROM `syd_user` LIMIT 1   [ RunTime:0.0000s ]
NOTIC: [2] Missing argument 2 for Think\Page::setConfig(), called in D:\xampp\htdocs\peoplecar\game\Common\Common\function.php on line 176 and defined D:\xampp\htdocs\peoplecar\ThinkPHP\Library\Think\Page.class.php 第 58 行.
NOTIC: [2] Illegal offset type in isset or empty D:\xampp\htdocs\peoplecar\ThinkPHP\Library\Think\Page.class.php 第 59 行.
NOTIC: [8] Undefined variable: where D:\xampp\htdocs\peoplecar\game\Admin\Controller\UserAdministrationController.class.php 第 30 行.
SQL: SELECT `userid`,`account`,`username`,`lockuser`,`time`,`parent_id`,`identity_card`,`phone` FROM `syd_user` ORDER BY userid desc  LIMIT 0,10   [ RunTime:0.0000s ]
INFO: [ view_parse ] --START--
INFO: [ template_filter ] --START--
INFO: Run Behavior\ContentReplaceBehavior [ RunTime:0.000000s ]
INFO: [ template_filter ] --END-- [ RunTime:0.000000s ]
INFO: Run Behavior\ParseTemplateBehavior [ RunTime:0.011001s ]
INFO: [ view_parse ] --END-- [ RunTime:0.011001s ]
INFO: [ view_filter ] --START--
INFO: Run Behavior\WriteHtmlCacheBehavior [ RunTime:0.000000s ]
INFO: [ view_filter ] --END-- [ RunTime:0.000000s ]
INFO: [ app_end ] --START--
INFO: Run Behavior\ShowPageTraceBehavior [ RunTime:0.001000s ]
INFO: [ app_end ] --END-- [ RunTime:0.001000s ]

[ 2017-09-24T11:32:21+08:00 ] 127.0.0.1 /peoplecar/index.php?s=/super/UserAdministration/administrationPage.html
INFO: [ app_init ] --START--
INFO: Run Behavior\BuildLiteBehavior [ RunTime:0.000000s ]
INFO: [ app_init ] --END-- [ RunTime:0.001000s ]
INFO: [ app_begin ] --START--
INFO: Run Behavior\ReadHtmlCacheBehavior [ RunTime:0.000000s ]
INFO: [ app_begin ] --END-- [ RunTime:0.001000s ]
SQL: SHOW COLUMNS FROM `syd_user` [ RunTime:0.0030s ]
NOTIC: [8] Undefined index: clock_user D:\xampp\htdocs\peoplecar\game\Admin\Controller\CommonController.class.php 第 19 行.
NOTIC: [8] Undefined index: clock_usfarm D:\xampp\htdocs\peoplecar\game\Admin\Controller\CommonController.class.php 第 37 行.
NOTIC: [8] Undefined index: clock_play D:\xampp\htdocs\peoplecar\game\Admin\Controller\CommonController.class.php 第 54 行.
NOTIC: [8] Undefined variable: where D:\xampp\htdocs\peoplecar\game\Admin\Controller\UserAdministrationController.class.php 第 27 行.
SQL: SELECT COUNT(*) AS tp_count FROM `syd_user` LIMIT 1   [ RunTime:0.0000s ]
NOTIC: [2] Missing argument 2 for Think\Page::setConfig(), called in D:\xampp\htdocs\peoplecar\game\Common\Common\function.php on line 176 and defined D:\xampp\htdocs\peoplecar\ThinkPHP\Library\Think\Page.class.php 第 58 行.
NOTIC: [2] Illegal offset type in isset or empty D:\xampp\htdocs\peoplecar\ThinkPHP\Library\Think\Page.class.php 第 59 行.
NOTIC: [8] Undefined variable: where D:\xampp\htdocs\peoplecar\game\Admin\Controller\UserAdministrationController.class.php 第 30 行.
SQL: SELECT `userid`,`account`,`username`,`lockuser`,`time`,`parent_id`,`identity_card`,`phone` FROM `syd_user` ORDER BY userid desc  LIMIT 0,10   [ RunTime:0.0000s ]
INFO: [ view_parse ] --START--
INFO: [ template_filter ] --START--
INFO: Run Behavior\ContentReplaceBehavior [ RunTime:0.000000s ]
INFO: [ template_filter ] --END-- [ RunTime:0.000000s ]
INFO: Run Behavior\ParseTemplateBehavior [ RunTime:0.010001s ]
INFO: [ view_parse ] --END-- [ RunTime:0.010001s ]
INFO: [ view_filter ] --START--
INFO: Run Behavior\WriteHtmlCacheBehavior [ RunTime:0.001000s ]
INFO: [ view_filter ] --END-- [ RunTime:0.001000s ]
INFO: [ app_end ] --START--
INFO: Run Behavior\ShowPageTraceBehavior [ RunTime:0.001000s ]
INFO: [ app_end ] --END-- [ RunTime:0.001000s ]

[ 2017-09-24T11:32:21+08:00 ] 127.0.0.1 /peoplecar/index.php?s=/super/UserAdministration/administrationPage.html
INFO: [ app_init ] --START--
INFO: Run Behavior\BuildLiteBehavior [ RunTime:0.000000s ]
INFO: [ app_init ] --END-- [ RunTime:0.000000s ]
INFO: [ app_begin ] --START--
INFO: Run Behavior\ReadHtmlCacheBehavior [ RunTime:0.000000s ]
INFO: [ app_begin ] --END-- [ RunTime:0.000000s ]
SQL: SHOW COLUMNS FROM `syd_user` [ RunTime:0.0030s ]
NOTIC: [8] Undefined index: clock_user D:\xampp\htdocs\peoplecar\game\Admin\Controller\CommonController.class.php 第 19 行.
NOTIC: [8] Undefined index: clock_usfarm D:\xampp\htdocs\peoplecar\game\Admin\Controller\CommonController.class.php 第 37 行.
NOTIC: [8] Undefined index: clock_play D:\xampp\htdocs\peoplecar\game\Admin\Controller\CommonController.class.php 第 54 行.
NOTIC: [8] Undefined variable: where D:\xampp\htdocs\peoplecar\game\Admin\Controller\UserAdministrationController.class.php 第 27 行.
SQL: SELECT COUNT(*) AS tp_count FROM `syd_user` LIMIT 1   [ RunTime:0.0010s ]
NOTIC: [2] Missing argument 2 for Think\Page::setConfig(), called in D:\xampp\htdocs\peoplecar\game\Common\Common\function.php on line 176 and defined D:\xampp\htdocs\peoplecar\ThinkPHP\Library\Think\Page.class.php 第 58 行.
NOTIC: [2] Illegal offset type in isset or empty D:\xampp\htdocs\peoplecar\ThinkPHP\Library\Think\Page.class.php 第 59 行.
NOTIC: [8] Undefined variable: where D:\xampp\htdocs\peoplecar\game\Admin\Controller\UserAdministrationController.class.php 第 30 行.
SQL: SELECT `userid`,`account`,`username`,`lockuser`,`time`,`parent_id`,`identity_card`,`phone` FROM `syd_user` ORDER BY userid desc  LIMIT 0,10   [ RunTime:0.0000s ]
INFO: [ view_parse ] --START--
INFO: [ template_filter ] --START--
INFO: Run Behavior\ContentReplaceBehavior [ RunTime:0.000000s ]
INFO: [ template_filter ] --END-- [ RunTime:0.000000s ]
INFO: Run Behavior\ParseTemplateBehavior [ RunTime:0.010000s ]
INFO: [ view_parse ] --END-- [ RunTime:0.010000s ]
INFO: [ view_filter ] --START--
INFO: Run Behavior\WriteHtmlCacheBehavior [ RunTime:0.001000s ]
INFO: [ view_filter ] --END-- [ RunTime:0.001000s ]
INFO: [ app_end ] --START--
INFO: Run Behavior\ShowPageTraceBehavior [ RunTime:0.001000s ]
INFO: [ app_end ] --END-- [ RunTime:0.001000s ]

[ 2017-09-24T11:32:35+08:00 ] 127.0.0.1 /peoplecar/index.php?s=/super/index/backstageSammaryPage
INFO: [ app_init ] --START--
INFO: Run Behavior\BuildLiteBehavior [ RunTime:0.000000s ]
INFO: [ app_init ] --END-- [ RunTime:0.000000s ]
INFO: [ app_begin ] --START--
INFO: Run Behavior\ReadHtmlCacheBehavior [ RunTime:0.001000s ]
INFO: [ app_begin ] --END-- [ RunTime:0.001000s ]
SQL: SHOW COLUMNS FROM `syd_user` [ RunTime:0.0040s ]
NOTIC: [8] Undefined index: clock_user D:\xampp\htdocs\peoplecar\game\Admin\Controller\CommonController.class.php 第 19 行.
NOTIC: [8] Undefined index: clock_usfarm D:\xampp\htdocs\peoplecar\game\Admin\Controller\CommonController.class.php 第 37 行.
NOTIC: [8] Undefined index: clock_play D:\xampp\htdocs\peoplecar\game\Admin\Controller\CommonController.class.php 第 54 行.
INFO: [ view_parse ] --START--
INFO: [ template_filter ] --START--
INFO: Run Behavior\ContentReplaceBehavior [ RunTime:0.000000s ]
INFO: [ template_filter ] --END-- [ RunTime:0.001000s ]
INFO: Run Behavior\ParseTemplateBehavior [ RunTime:0.008000s ]
INFO: [ view_parse ] --END-- [ RunTime:0.008000s ]
INFO: [ view_filter ] --START--
INFO: Run Behavior\WriteHtmlCacheBehavior [ RunTime:0.001001s ]
INFO: [ view_filter ] --END-- [ RunTime:0.001001s ]
INFO: [ app_end ] --START--
INFO: Run Behavior\ShowPageTraceBehavior [ RunTime:0.000000s ]
INFO: [ app_end ] --END-- [ RunTime:0.000000s ]

[ 2017-09-24T11:32:35+08:00 ] 127.0.0.1 /peoplecar/index.php?s=/super/Index/gameNotice
INFO: [ app_init ] --START--
INFO: Run Behavior\BuildLiteBehavior [ RunTime:0.000000s ]
INFO: [ app_init ] --END-- [ RunTime:0.000000s ]
INFO: [ app_begin ] --START--
INFO: Run Behavior\ReadHtmlCacheBehavior [ RunTime:0.001000s ]
INFO: [ app_begin ] --END-- [ RunTime:0.001000s ]
SQL: SHOW COLUMNS FROM `syd_user` [ RunTime:0.0060s ]
NOTIC: [8] Undefined index: clock_user D:\xampp\htdocs\peoplecar\game\Admin\Controller\CommonController.class.php 第 19 行.
NOTIC: [8] Undefined index: clock_usfarm D:\xampp\htdocs\peoplecar\game\Admin\Controller\CommonController.class.php 第 37 行.
NOTIC: [8] Undefined index: clock_play D:\xampp\htdocs\peoplecar\game\Admin\Controller\CommonController.class.php 第 54 行.
INFO: [ view_parse ] --START--
INFO: [ template_filter ] --START--
INFO: Run Behavior\ContentReplaceBehavior [ RunTime:0.000000s ]
INFO: [ template_filter ] --END-- [ RunTime:0.000000s ]
INFO: Run Behavior\ParseTemplateBehavior [ RunTime:0.011001s ]
INFO: [ view_parse ] --END-- [ RunTime:0.011001s ]
INFO: [ view_filter ] --START--
INFO: Run Behavior\WriteHtmlCacheBehavior [ RunTime:0.001000s ]
INFO: [ view_filter ] --END-- [ RunTime:0.001000s ]
INFO: [ app_end ] --START--
INFO: Run Behavior\ShowPageTraceBehavior [ RunTime:0.001000s ]
INFO: [ app_end ] --END-- [ RunTime:0.001000s ]

[ 2017-09-24T11:32:37+08:00 ] 127.0.0.1 /peoplecar/index.php?s=/super/UserAdministration/administrationPage.html
INFO: [ app_init ] --START--
INFO: Run Behavior\BuildLiteBehavior [ RunTime:0.000000s ]
INFO: [ app_init ] --END-- [ RunTime:0.001001s ]
INFO: [ app_begin ] --START--
INFO: Run Behavior\ReadHtmlCacheBehavior [ RunTime:0.000000s ]
INFO: [ app_begin ] --END-- [ RunTime:0.000000s ]
SQL: SHOW COLUMNS FROM `syd_user` [ RunTime:0.0060s ]
NOTIC: [8] Undefined index: clock_user D:\xampp\htdocs\peoplecar\game\Admin\Controller\CommonController.class.php 第 19 行.
NOTIC: [8] Undefined index: clock_usfarm D:\xampp\htdocs\peoplecar\game\Admin\Controller\CommonController.class.php 第 37 行.
NOTIC: [8] Undefined index: clock_play D:\xampp\htdocs\peoplecar\game\Admin\Controller\CommonController.class.php 第 54 行.
NOTIC: [8] Undefined variable: where D:\xampp\htdocs\peoplecar\game\Admin\Controller\UserAdministrationController.class.php 第 27 行.
SQL: SELECT COUNT(*) AS tp_count FROM `syd_user` LIMIT 1   [ RunTime:0.0010s ]
NOTIC: [2] Missing argument 2 for Think\Page::setConfig(), called in D:\xampp\htdocs\peoplecar\game\Common\Common\function.php on line 176 and defined D:\xampp\htdocs\peoplecar\ThinkPHP\Library\Think\Page.class.php 第 58 行.
NOTIC: [2] Illegal offset type in isset or empty D:\xampp\htdocs\peoplecar\ThinkPHP\Library\Think\Page.class.php 第 59 行.
NOTIC: [8] Undefined variable: where D:\xampp\htdocs\peoplecar\game\Admin\Controller\UserAdministrationController.class.php 第 30 行.
SQL: SELECT `userid`,`account`,`username`,`lockuser`,`time`,`parent_id`,`identity_card`,`phone` FROM `syd_user` ORDER BY userid desc  LIMIT 0,10   [ RunTime:0.0010s ]
INFO: [ view_parse ] --START--
INFO: [ template_filter ] --START--
INFO: Run Behavior\ContentReplaceBehavior [ RunTime:0.000000s ]
INFO: [ template_filter ] --END-- [ RunTime:0.000000s ]
INFO: Run Behavior\ParseTemplateBehavior [ RunTime:0.011001s ]
INFO: [ view_parse ] --END-- [ RunTime:0.011001s ]
INFO: [ view_filter ] --START--
INFO: Run Behavior\WriteHtmlCacheBehavior [ RunTime:0.001000s ]
INFO: [ view_filter ] --END-- [ RunTime:0.001000s ]
INFO: [ app_end ] --START--
INFO: Run Behavior\ShowPageTraceBehavior [ RunTime:0.000000s ]
INFO: [ app_end ] --END-- [ RunTime:0.000000s ]

[ 2017-09-24T11:32:41+08:00 ] 127.0.0.1 /peoplecar/index.php?s=/super/UserAdministration/administrationPage.html
INFO: [ app_init ] --START--
INFO: Run Behavior\BuildLiteBehavior [ RunTime:0.000000s ]
INFO: [ app_init ] --END-- [ RunTime:0.001000s ]
INFO: [ app_begin ] --START--
INFO: Run Behavior\ReadHtmlCacheBehavior [ RunTime:0.001000s ]
INFO: [ app_begin ] --END-- [ RunTime:0.001000s ]
SQL: SHOW COLUMNS FROM `syd_user` [ RunTime:0.0060s ]
NOTIC: [8] Undefined index: clock_user D:\xampp\htdocs\peoplecar\game\Admin\Controller\CommonController.class.php 第 19 行.
NOTIC: [8] Undefined index: clock_usfarm D:\xampp\htdocs\peoplecar\game\Admin\Controller\CommonController.class.php 第 37 行.
NOTIC: [8] Undefined index: clock_play D:\xampp\htdocs\peoplecar\game\Admin\Controller\CommonController.class.php 第 54 行.
NOTIC: [8] Undefined variable: where D:\xampp\htdocs\peoplecar\game\Admin\Controller\UserAdministrationController.class.php 第 27 行.
SQL: SELECT COUNT(*) AS tp_count FROM `syd_user` LIMIT 1   [ RunTime:0.0010s ]
NOTIC: [2] Missing argument 2 for Think\Page::setConfig(), called in D:\xampp\htdocs\peoplecar\game\Common\Common\function.php on line 176 and defined D:\xampp\htdocs\peoplecar\ThinkPHP\Library\Think\Page.class.php 第 58 行.
NOTIC: [2] Illegal offset type in isset or empty D:\xampp\htdocs\peoplecar\ThinkPHP\Library\Think\Page.class.php 第 59 行.
NOTIC: [8] Undefined variable: where D:\xampp\htdocs\peoplecar\game\Admin\Controller\UserAdministrationController.class.php 第 30 行.
SQL: SELECT `userid`,`account`,`username`,`lockuser`,`time`,`parent_id`,`identity_card`,`phone` FROM `syd_user` ORDER BY userid desc  LIMIT 0,10   [ RunTime:0.0000s ]
INFO: [ view_parse ] --START--
INFO: [ template_filter ] --START--
INFO: Run Behavior\ContentReplaceBehavior [ RunTime:0.000000s ]
INFO: [ template_filter ] --END-- [ RunTime:0.000000s ]
INFO: Run Behavior\ParseTemplateBehavior [ RunTime:0.013001s ]
INFO: [ view_parse ] --END-- [ RunTime:0.013001s ]
INFO: [ view_filter ] --START--
INFO: Run Behavior\WriteHtmlCacheBehavior [ RunTime:0.001000s ]
INFO: [ view_filter ] --END-- [ RunTime:0.001000s ]
INFO: [ app_end ] --START--
INFO: Run Behavior\ShowPageTraceBehavior [ RunTime:0.001000s ]
INFO: [ app_end ] --END-- [ RunTime:0.001000s ]

[ 2017-09-24T11:33:11+08:00 ] 127.0.0.1 /peoplecar/index.php?s=/super/WealthDetailed/userDetails.html
INFO: [ app_init ] --START--
INFO: Run Behavior\BuildLiteBehavior [ RunTime:0.000000s ]
INFO: [ app_init ] --END-- [ RunTime:0.002000s ]
INFO: [ app_begin ] --START--
INFO: Run Behavior\ReadHtmlCacheBehavior [ RunTime:0.001001s ]
INFO: [ app_begin ] --END-- [ RunTime:0.001001s ]
SQL: SHOW COLUMNS FROM `syd_user` [ RunTime:0.0040s ]
NOTIC: [8] Undefined index: clock_user D:\xampp\htdocs\peoplecar\game\Admin\Controller\CommonController.class.php 第 19 行.
NOTIC: [8] Undefined index: clock_usfarm D:\xampp\htdocs\peoplecar\game\Admin\Controller\CommonController.class.php 第 37 行.
NOTIC: [8] Undefined index: clock_play D:\xampp\htdocs\peoplecar\game\Admin\Controller\CommonController.class.php 第 54 行.
INFO: [ view_parse ] --START--
INFO: [ template_filter ] --START--
INFO: Run Behavior\ContentReplaceBehavior [ RunTime:0.000000s ]
INFO: [ template_filter ] --END-- [ RunTime:0.000000s ]
INFO: Run Behavior\ParseTemplateBehavior [ RunTime:0.012000s ]
INFO: [ view_parse ] --END-- [ RunTime:0.012000s ]
INFO: [ view_filter ] --START--
INFO: Run Behavior\WriteHtmlCacheBehavior [ RunTime:0.001000s ]
INFO: [ view_filter ] --END-- [ RunTime:0.001000s ]
INFO: [ app_end ] --START--
INFO: Run Behavior\ShowPageTraceBehavior [ RunTime:0.001000s ]
INFO: [ app_end ] --END-- [ RunTime:0.001000s ]

[ 2017-09-24T11:33:12+08:00 ] 127.0.0.1 /peoplecar/index.php?s=/super/WealthDetailed/userChargeHistory.html
INFO: [ app_init ] --START--
INFO: Run Behavior\BuildLiteBehavior [ RunTime:0.000000s ]
INFO: [ app_init ] --END-- [ RunTime:0.001000s ]
INFO: [ app_begin ] --START--
INFO: Run Behavior\ReadHtmlCacheBehavior [ RunTime:0.000000s ]
INFO: [ app_begin ] --END-- [ RunTime:0.000000s ]
SQL: SHOW COLUMNS FROM `syd_user` [ RunTime:0.0060s ]
NOTIC: [8] Undefined index: clock_user D:\xampp\htdocs\peoplecar\game\Admin\Controller\CommonController.class.php 第 19 行.
NOTIC: [8] Undefined index: clock_usfarm D:\xampp\htdocs\peoplecar\game\Admin\Controller\CommonController.class.php 第 37 行.
NOTIC: [8] Undefined index: clock_play D:\xampp\htdocs\peoplecar\game\Admin\Controller\CommonController.class.php 第 54 行.
SQL: SHOW COLUMNS FROM `syd_charge` [ RunTime:0.0040s ]
SQL: SELECT COUNT(*) AS tp_count FROM `syd_charge` LIMIT 1   [ RunTime:0.0010s ]
NOTIC: [2] Missing argument 2 for Think\Page::setConfig(), called in D:\xampp\htdocs\peoplecar\game\Common\Common\function.php on line 176 and defined D:\xampp\htdocs\peoplecar\ThinkPHP\Library\Think\Page.class.php 第 58 行.
NOTIC: [2] Illegal offset type in isset or empty D:\xampp\htdocs\peoplecar\ThinkPHP\Library\Think\Page.class.php 第 59 行.
SQL: SELECT `id`,`uid`,`phone`,`wx_no`,`money`,`time`,`status` FROM `syd_charge` ORDER BY id desc  LIMIT 0,10   [ RunTime:0.0020s ]
SQL: SELECT * FROM `syd_user` WHERE ( userid=1 ) LIMIT 1   [ RunTime:0.0010s ]
SQL: SELECT * FROM `syd_user` WHERE ( userid=1 ) LIMIT 1   [ RunTime:0.0010s ]
SQL: SELECT * FROM `syd_user` WHERE ( userid=1 ) LIMIT 1   [ RunTime:0.0010s ]
SQL: SELECT * FROM `syd_user` WHERE ( userid=1 ) LIMIT 1   [ RunTime:0.0010s ]
SQL: SELECT * FROM `syd_user` WHERE ( userid=1 ) LIMIT 1   [ RunTime:0.0000s ]
INFO: [ view_parse ] --START--
INFO: [ template_filter ] --START--
INFO: Run Behavior\ContentReplaceBehavior [ RunTime:0.000000s ]
INFO: [ template_filter ] --END-- [ RunTime:0.000000s ]
INFO: Run Behavior\ParseTemplateBehavior [ RunTime:0.010000s ]
INFO: [ view_parse ] --END-- [ RunTime:0.010000s ]
INFO: [ view_filter ] --START--
INFO: Run Behavior\WriteHtmlCacheBehavior [ RunTime:0.000000s ]
INFO: [ view_filter ] --END-- [ RunTime:0.000000s ]
INFO: [ app_end ] --START--
INFO: Run Behavior\ShowPageTraceBehavior [ RunTime:0.000000s ]
INFO: [ app_end ] --END-- [ RunTime:0.000000s ]

[ 2017-09-24T11:33:12+08:00 ] 127.0.0.1 /peoplecar/index.php?s=/super/WealthDetailed/userCapitalOffset.html
INFO: [ app_init ] --START--
INFO: Run Behavior\BuildLiteBehavior [ RunTime:0.000000s ]
INFO: [ app_init ] --END-- [ RunTime:0.001000s ]
INFO: [ app_begin ] --START--
INFO: Run Behavior\ReadHtmlCacheBehavior [ RunTime:0.000000s ]
INFO: [ app_begin ] --END-- [ RunTime:0.000000s ]
SQL: SHOW COLUMNS FROM `syd_user` [ RunTime:0.0040s ]
NOTIC: [8] Undefined index: clock_user D:\xampp\htdocs\peoplecar\game\Admin\Controller\CommonController.class.php 第 19 行.
NOTIC: [8] Undefined index: clock_usfarm D:\xampp\htdocs\peoplecar\game\Admin\Controller\CommonController.class.php 第 37 行.
NOTIC: [8] Undefined index: clock_play D:\xampp\htdocs\peoplecar\game\Admin\Controller\CommonController.class.php 第 54 行.
INFO: [ view_parse ] --START--
INFO: [ template_filter ] --START--
INFO: Run Behavior\ContentReplaceBehavior [ RunTime:0.001000s ]
INFO: [ template_filter ] --END-- [ RunTime:0.001000s ]
INFO: Run Behavior\ParseTemplateBehavior [ RunTime:0.011001s ]
INFO: [ view_parse ] --END-- [ RunTime:0.012001s ]
INFO: [ view_filter ] --START--
INFO: Run Behavior\WriteHtmlCacheBehavior [ RunTime:0.000000s ]
INFO: [ view_filter ] --END-- [ RunTime:0.001000s ]
INFO: [ app_end ] --START--
INFO: Run Behavior\ShowPageTraceBehavior [ RunTime:0.001000s ]
INFO: [ app_end ] --END-- [ RunTime:0.001000s ]

[ 2017-09-24T11:33:13+08:00 ] 127.0.0.1 /peoplecar/index.php?s=/super/WealthDetailed/remittanceHistory.html
INFO: [ app_init ] --START--
INFO: Run Behavior\BuildLiteBehavior [ RunTime:0.000000s ]
INFO: [ app_init ] --END-- [ RunTime:0.001000s ]
INFO: [ app_begin ] --START--
INFO: Run Behavior\ReadHtmlCacheBehavior [ RunTime:0.001000s ]
INFO: [ app_begin ] --END-- [ RunTime:0.001000s ]
SQL: SHOW COLUMNS FROM `syd_user` [ RunTime:0.0050s ]
NOTIC: [8] Undefined index: clock_user D:\xampp\htdocs\peoplecar\game\Admin\Controller\CommonController.class.php 第 19 行.
NOTIC: [8] Undefined index: clock_usfarm D:\xampp\htdocs\peoplecar\game\Admin\Controller\CommonController.class.php 第 37 行.
NOTIC: [8] Undefined index: clock_play D:\xampp\htdocs\peoplecar\game\Admin\Controller\CommonController.class.php 第 54 行.
INFO: [ view_parse ] --START--
INFO: [ template_filter ] --START--
INFO: Run Behavior\ContentReplaceBehavior [ RunTime:0.000000s ]
INFO: [ template_filter ] --END-- [ RunTime:0.000000s ]
INFO: Run Behavior\ParseTemplateBehavior [ RunTime:0.010001s ]
INFO: [ view_parse ] --END-- [ RunTime:0.010001s ]
INFO: [ view_filter ] --START--
INFO: Run Behavior\WriteHtmlCacheBehavior [ RunTime:0.000000s ]
INFO: [ view_filter ] --END-- [ RunTime:0.001000s ]
INFO: [ app_end ] --START--
INFO: Run Behavior\ShowPageTraceBehavior [ RunTime:0.001000s ]
INFO: [ app_end ] --END-- [ RunTime:0.001000s ]

[ 2017-09-24T11:33:14+08:00 ] 127.0.0.1 /peoplecar/index.php?s=/super/WealthDetailed/userCapitalOffset.html
INFO: [ app_init ] --START--
INFO: Run Behavior\BuildLiteBehavior [ RunTime:0.000000s ]
INFO: [ app_init ] --END-- [ RunTime:0.000000s ]
INFO: [ app_begin ] --START--
INFO: Run Behavior\ReadHtmlCacheBehavior [ RunTime:0.001001s ]
INFO: [ app_begin ] --END-- [ RunTime:0.001001s ]
SQL: SHOW COLUMNS FROM `syd_user` [ RunTime:0.0070s ]
NOTIC: [8] Undefined index: clock_user D:\xampp\htdocs\peoplecar\game\Admin\Controller\CommonController.class.php 第 19 行.
NOTIC: [8] Undefined index: clock_usfarm D:\xampp\htdocs\peoplecar\game\Admin\Controller\CommonController.class.php 第 37 行.
NOTIC: [8] Undefined index: clock_play D:\xampp\htdocs\peoplecar\game\Admin\Controller\CommonController.class.php 第 54 行.
INFO: [ view_parse ] --START--
INFO: [ template_filter ] --START--
INFO: Run Behavior\ContentReplaceBehavior [ RunTime:0.000000s ]
INFO: [ template_filter ] --END-- [ RunTime:0.000000s ]
INFO: Run Behavior\ParseTemplateBehavior [ RunTime:0.010001s ]
INFO: [ view_parse ] --END-- [ RunTime:0.010001s ]
INFO: [ view_filter ] --START--
INFO: Run Behavior\WriteHtmlCacheBehavior [ RunTime:0.001000s ]
INFO: [ view_filter ] --END-- [ RunTime:0.001000s ]
INFO: [ app_end ] --START--
INFO: Run Behavior\ShowPageTraceBehavior [ RunTime:0.000000s ]
INFO: [ app_end ] --END-- [ RunTime:0.000000s ]

[ 2017-09-24T11:33:14+08:00 ] 127.0.0.1 /peoplecar/index.php?s=/super/WealthDetailed/userChargeHistory.html
INFO: [ app_init ] --START--
INFO: Run Behavior\BuildLiteBehavior [ RunTime:0.000000s ]
INFO: [ app_init ] --END-- [ RunTime:0.001000s ]
INFO: [ app_begin ] --START--
INFO: Run Behavior\ReadHtmlCacheBehavior [ RunTime:0.000000s ]
INFO: [ app_begin ] --END-- [ RunTime:0.001000s ]
SQL: SHOW COLUMNS FROM `syd_user` [ RunTime:0.0030s ]
NOTIC: [8] Undefined index: clock_user D:\xampp\htdocs\peoplecar\game\Admin\Controller\CommonController.class.php 第 19 行.
NOTIC: [8] Undefined index: clock_usfarm D:\xampp\htdocs\peoplecar\game\Admin\Controller\CommonController.class.php 第 37 行.
NOTIC: [8] Undefined index: clock_play D:\xampp\htdocs\peoplecar\game\Admin\Controller\CommonController.class.php 第 54 行.
SQL: SHOW COLUMNS FROM `syd_charge` [ RunTime:0.0040s ]
SQL: SELECT COUNT(*) AS tp_count FROM `syd_charge` LIMIT 1   [ RunTime:0.0010s ]
NOTIC: [2] Missing argument 2 for Think\Page::setConfig(), called in D:\xampp\htdocs\peoplecar\game\Common\Common\function.php on line 176 and defined D:\xampp\htdocs\peoplecar\ThinkPHP\Library\Think\Page.class.php 第 58 行.
NOTIC: [2] Illegal offset type in isset or empty D:\xampp\htdocs\peoplecar\ThinkPHP\Library\Think\Page.class.php 第 59 行.
SQL: SELECT `id`,`uid`,`phone`,`wx_no`,`money`,`time`,`status` FROM `syd_charge` ORDER BY id desc  LIMIT 0,10   [ RunTime:0.0010s ]
SQL: SELECT * FROM `syd_user` WHERE ( userid=1 ) LIMIT 1   [ RunTime:0.0010s ]
SQL: SELECT * FROM `syd_user` WHERE ( userid=1 ) LIMIT 1   [ RunTime:0.0010s ]
SQL: SELECT * FROM `syd_user` WHERE ( userid=1 ) LIMIT 1   [ RunTime:0.0010s ]
SQL: SELECT * FROM `syd_user` WHERE ( userid=1 ) LIMIT 1   [ RunTime:0.0000s ]
SQL: SELECT * FROM `syd_user` WHERE ( userid=1 ) LIMIT 1   [ RunTime:0.0000s ]
INFO: [ view_parse ] --START--
INFO: [ template_filter ] --START--
INFO: Run Behavior\ContentReplaceBehavior [ RunTime:0.000000s ]
INFO: [ template_filter ] --END-- [ RunTime:0.000000s ]
INFO: Run Behavior\ParseTemplateBehavior [ RunTime:0.011001s ]
INFO: [ view_parse ] --END-- [ RunTime:0.011001s ]
INFO: [ view_filter ] --START--
INFO: Run Behavior\WriteHtmlCacheBehavior [ RunTime:0.001000s ]
INFO: [ view_filter ] --END-- [ RunTime:0.001000s ]
INFO: [ app_end ] --START--
INFO: Run Behavior\ShowPageTraceBehavior [ RunTime:0.001000s ]
INFO: [ app_end ] --END-- [ RunTime:0.001000s ]

[ 2017-09-24T11:33:15+08:00 ] 127.0.0.1 /peoplecar/index.php?s=/super/WealthDetailed/cashHistory.html
INFO: [ app_init ] --START--
INFO: Run Behavior\BuildLiteBehavior [ RunTime:0.000000s ]
INFO: [ app_init ] --END-- [ RunTime:0.000000s ]
INFO: [ app_begin ] --START--
INFO: Run Behavior\ReadHtmlCacheBehavior [ RunTime:0.001000s ]
INFO: [ app_begin ] --END-- [ RunTime:0.001000s ]
SQL: SHOW COLUMNS FROM `syd_user` [ RunTime:0.0050s ]
NOTIC: [8] Undefined index: clock_user D:\xampp\htdocs\peoplecar\game\Admin\Controller\CommonController.class.php 第 19 行.
NOTIC: [8] Undefined index: clock_usfarm D:\xampp\htdocs\peoplecar\game\Admin\Controller\CommonController.class.php 第 37 行.
NOTIC: [8] Undefined index: clock_play D:\xampp\htdocs\peoplecar\game\Admin\Controller\CommonController.class.php 第 54 行.
SQL: SHOW COLUMNS FROM `syd_withdraw` [ RunTime:0.0050s ]
SQL: SELECT COUNT(*) AS tp_count FROM `syd_withdraw` LIMIT 1   [ RunTime:0.0000s ]
NOTIC: [2] Missing argument 2 for Think\Page::setConfig(), called in D:\xampp\htdocs\peoplecar\game\Common\Common\function.php on line 176 and defined D:\xampp\htdocs\peoplecar\ThinkPHP\Library\Think\Page.class.php 第 58 行.
NOTIC: [2] Illegal offset type in isset or empty D:\xampp\htdocs\peoplecar\ThinkPHP\Library\Think\Page.class.php 第 59 行.
SQL: SELECT `id`,`uid`,`realname`,`bank_name`,`bank_address`,`bank_card`,`money`,`status`,`time` FROM `syd_withdraw` ORDER BY id desc  LIMIT 0,10   [ RunTime:0.0010s ]
SQL: SELECT * FROM `syd_user` WHERE ( userid=1 ) LIMIT 1   [ RunTime:0.0010s ]
SQL: SELECT * FROM `syd_user` WHERE ( userid=1 ) LIMIT 1   [ RunTime:0.0000s ]
INFO: [ view_parse ] --START--
INFO: [ template_filter ] --START--
INFO: Run Behavior\ContentReplaceBehavior [ RunTime:0.000000s ]
INFO: [ template_filter ] --END-- [ RunTime:0.000000s ]
NOTIC: [2] date() expects parameter 2 to be long, string given D:\xampp\htdocs\peoplecar\game\Runtime\Cache\Admin\5385f0d48bc9e7ed81d7635c49300df5.php 第 30 行.
INFO: Run Behavior\ParseTemplateBehavior [ RunTime:0.012001s ]
INFO: [ view_parse ] --END-- [ RunTime:0.012001s ]
INFO: [ view_filter ] --START--
INFO: Run Behavior\WriteHtmlCacheBehavior [ RunTime:0.001000s ]
INFO: [ view_filter ] --END-- [ RunTime:0.001000s ]
INFO: [ app_end ] --START--
INFO: Run Behavior\ShowPageTraceBehavior [ RunTime:0.000000s ]
INFO: [ app_end ] --END-- [ RunTime:0.000000s ]

[ 2017-09-24T11:33:15+08:00 ] 127.0.0.1 /peoplecar/index.php?s=/super/WealthDetailed/bonusDetails.html
INFO: [ app_init ] --START--
INFO: Run Behavior\BuildLiteBehavior [ RunTime:0.000000s ]
INFO: [ app_init ] --END-- [ RunTime:0.001000s ]
INFO: [ app_begin ] --START--
INFO: Run Behavior\ReadHtmlCacheBehavior [ RunTime:0.000000s ]
INFO: [ app_begin ] --END-- [ RunTime:0.000000s ]
SQL: SHOW COLUMNS FROM `syd_user` [ RunTime:0.0070s ]
NOTIC: [8] Undefined index: clock_user D:\xampp\htdocs\peoplecar\game\Admin\Controller\CommonController.class.php 第 19 行.
NOTIC: [8] Undefined index: clock_usfarm D:\xampp\htdocs\peoplecar\game\Admin\Controller\CommonController.class.php 第 37 行.
NOTIC: [8] Undefined index: clock_play D:\xampp\htdocs\peoplecar\game\Admin\Controller\CommonController.class.php 第 54 行.
INFO: [ view_parse ] --START--
INFO: [ template_filter ] --START--
INFO: Run Behavior\ContentReplaceBehavior [ RunTime:0.000000s ]
INFO: [ template_filter ] --END-- [ RunTime:0.000000s ]
INFO: Run Behavior\ParseTemplateBehavior [ RunTime:0.010001s ]
INFO: [ view_parse ] --END-- [ RunTime:0.010001s ]
INFO: [ view_filter ] --START--
INFO: Run Behavior\WriteHtmlCacheBehavior [ RunTime:0.001000s ]
INFO: [ view_filter ] --END-- [ RunTime:0.001000s ]
INFO: [ app_end ] --START--
INFO: Run Behavior\ShowPageTraceBehavior [ RunTime:0.001000s ]
INFO: [ app_end ] --END-- [ RunTime:0.001000s ]

[ 2017-09-24T11:33:16+08:00 ] 127.0.0.1 /peoplecar/index.php?s=/super/WealthDetailed/refundAplyHistory.html
INFO: [ app_init ] --START--
INFO: Run Behavior\BuildLiteBehavior [ RunTime:0.000000s ]
INFO: [ app_init ] --END-- [ RunTime:0.001000s ]
INFO: [ app_begin ] --START--
INFO: Run Behavior\ReadHtmlCacheBehavior [ RunTime:0.000000s ]
INFO: [ app_begin ] --END-- [ RunTime:0.000000s ]
SQL: SHOW COLUMNS FROM `syd_user` [ RunTime:0.0050s ]
NOTIC: [8] Undefined index: clock_user D:\xampp\htdocs\peoplecar\game\Admin\Controller\CommonController.class.php 第 19 行.
NOTIC: [8] Undefined index: clock_usfarm D:\xampp\htdocs\peoplecar\game\Admin\Controller\CommonController.class.php 第 37 行.
NOTIC: [8] Undefined index: clock_play D:\xampp\htdocs\peoplecar\game\Admin\Controller\CommonController.class.php 第 54 行.
INFO: [ view_parse ] --START--
INFO: [ template_filter ] --START--
INFO: Run Behavior\ContentReplaceBehavior [ RunTime:0.000000s ]
INFO: [ template_filter ] --END-- [ RunTime:0.000000s ]
INFO: Run Behavior\ParseTemplateBehavior [ RunTime:0.010000s ]
INFO: [ view_parse ] --END-- [ RunTime:0.010000s ]
INFO: [ view_filter ] --START--
INFO: Run Behavior\WriteHtmlCacheBehavior [ RunTime:0.001000s ]
INFO: [ view_filter ] --END-- [ RunTime:0.001000s ]
INFO: [ app_end ] --START--
INFO: Run Behavior\ShowPageTraceBehavior [ RunTime:0.002000s ]
INFO: [ app_end ] --END-- [ RunTime:0.002000s ]

[ 2017-09-24T11:33:17+08:00 ] 127.0.0.1 /peoplecar/index.php?s=/super/WealthDetailed/bonusDetails.html
INFO: [ app_init ] --START--
INFO: Run Behavior\BuildLiteBehavior [ RunTime:0.000000s ]
INFO: [ app_init ] --END-- [ RunTime:0.000000s ]
INFO: [ app_begin ] --START--
INFO: Run Behavior\ReadHtmlCacheBehavior [ RunTime:0.001000s ]
INFO: [ app_begin ] --END-- [ RunTime:0.001000s ]
SQL: SHOW COLUMNS FROM `syd_user` [ RunTime:0.0040s ]
NOTIC: [8] Undefined index: clock_user D:\xampp\htdocs\peoplecar\game\Admin\Controller\CommonController.class.php 第 19 行.
NOTIC: [8] Undefined index: clock_usfarm D:\xampp\htdocs\peoplecar\game\Admin\Controller\CommonController.class.php 第 37 行.
NOTIC: [8] Undefined index: clock_play D:\xampp\htdocs\peoplecar\game\Admin\Controller\CommonController.class.php 第 54 行.
INFO: [ view_parse ] --START--
INFO: [ template_filter ] --START--
INFO: Run Behavior\ContentReplaceBehavior [ RunTime:0.000000s ]
INFO: [ template_filter ] --END-- [ RunTime:0.000000s ]
INFO: Run Behavior\ParseTemplateBehavior [ RunTime:0.010001s ]
INFO: [ view_parse ] --END-- [ RunTime:0.010001s ]
INFO: [ view_filter ] --START--
INFO: Run Behavior\WriteHtmlCacheBehavior [ RunTime:0.001000s ]
INFO: [ view_filter ] --END-- [ RunTime:0.001000s ]
INFO: [ app_end ] --START--
INFO: Run Behavior\ShowPageTraceBehavior [ RunTime:0.000000s ]
INFO: [ app_end ] --END-- [ RunTime:0.000000s ]

[ 2017-09-24T11:33:17+08:00 ] 127.0.0.1 /peoplecar/index.php?s=/super/WealthDetailed/cashHistory.html
INFO: [ app_init ] --START--
INFO: Run Behavior\BuildLiteBehavior [ RunTime:0.000000s ]
INFO: [ app_init ] --END-- [ RunTime:0.000000s ]
INFO: [ app_begin ] --START--
INFO: Run Behavior\ReadHtmlCacheBehavior [ RunTime:0.001000s ]
INFO: [ app_begin ] --END-- [ RunTime:0.001000s ]
SQL: SHOW COLUMNS FROM `syd_user` [ RunTime:0.0040s ]
NOTIC: [8] Undefined index: clock_user D:\xampp\htdocs\peoplecar\game\Admin\Controller\CommonController.class.php 第 19 行.
NOTIC: [8] Undefined index: clock_usfarm D:\xampp\htdocs\peoplecar\game\Admin\Controller\CommonController.class.php 第 37 行.
NOTIC: [8] Undefined index: clock_play D:\xampp\htdocs\peoplecar\game\Admin\Controller\CommonController.class.php 第 54 行.
SQL: SHOW COLUMNS FROM `syd_withdraw` [ RunTime:0.0050s ]
SQL: SELECT COUNT(*) AS tp_count FROM `syd_withdraw` LIMIT 1   [ RunTime:0.0010s ]
NOTIC: [2] Missing argument 2 for Think\Page::setConfig(), called in D:\xampp\htdocs\peoplecar\game\Common\Common\function.php on line 176 and defined D:\xampp\htdocs\peoplecar\ThinkPHP\Library\Think\Page.class.php 第 58 行.
NOTIC: [2] Illegal offset type in isset or empty D:\xampp\htdocs\peoplecar\ThinkPHP\Library\Think\Page.class.php 第 59 行.
SQL: SELECT `id`,`uid`,`realname`,`bank_name`,`bank_address`,`bank_card`,`money`,`status`,`time` FROM `syd_withdraw` ORDER BY id desc  LIMIT 0,10   [ RunTime:0.0010s ]
SQL: SELECT * FROM `syd_user` WHERE ( userid=1 ) LIMIT 1   [ RunTime:0.0010s ]
SQL: SELECT * FROM `syd_user` WHERE ( userid=1 ) LIMIT 1   [ RunTime:0.0000s ]
INFO: [ view_parse ] --START--
INFO: [ template_filter ] --START--
INFO: Run Behavior\ContentReplaceBehavior [ RunTime:0.000000s ]
INFO: [ template_filter ] --END-- [ RunTime:0.000000s ]
NOTIC: [2] date() expects parameter 2 to be long, string given D:\xampp\htdocs\peoplecar\game\Runtime\Cache\Admin\5385f0d48bc9e7ed81d7635c49300df5.php 第 30 行.
INFO: Run Behavior\ParseTemplateBehavior [ RunTime:0.008001s ]
INFO: [ view_parse ] --END-- [ RunTime:0.009001s ]
INFO: [ view_filter ] --START--
INFO: Run Behavior\WriteHtmlCacheBehavior [ RunTime:0.000000s ]
INFO: [ view_filter ] --END-- [ RunTime:0.000000s ]
INFO: [ app_end ] --START--
INFO: Run Behavior\ShowPageTraceBehavior [ RunTime:0.002000s ]
INFO: [ app_end ] --END-- [ RunTime:0.002000s ]

[ 2017-09-24T11:33:20+08:00 ] 127.0.0.1 /peoplecar/index.php?s=/super/WealthDetailed/userChargeHistory.html
INFO: [ app_init ] --START--
INFO: Run Behavior\BuildLiteBehavior [ RunTime:0.000000s ]
INFO: [ app_init ] --END-- [ RunTime:0.000000s ]
INFO: [ app_begin ] --START--
INFO: Run Behavior\ReadHtmlCacheBehavior [ RunTime:0.001000s ]
INFO: [ app_begin ] --END-- [ RunTime:0.001000s ]
SQL: SHOW COLUMNS FROM `syd_user` [ RunTime:0.0040s ]
NOTIC: [8] Undefined index: clock_user D:\xampp\htdocs\peoplecar\game\Admin\Controller\CommonController.class.php 第 19 行.
NOTIC: [8] Undefined index: clock_usfarm D:\xampp\htdocs\peoplecar\game\Admin\Controller\CommonController.class.php 第 37 行.
NOTIC: [8] Undefined index: clock_play D:\xampp\htdocs\peoplecar\game\Admin\Controller\CommonController.class.php 第 54 行.
SQL: SHOW COLUMNS FROM `syd_charge` [ RunTime:0.0050s ]
SQL: SELECT COUNT(*) AS tp_count FROM `syd_charge` LIMIT 1   [ RunTime:0.0010s ]
NOTIC: [2] Missing argument 2 for Think\Page::setConfig(), called in D:\xampp\htdocs\peoplecar\game\Common\Common\function.php on line 176 and defined D:\xampp\htdocs\peoplecar\ThinkPHP\Library\Think\Page.class.php 第 58 行.
NOTIC: [2] Illegal offset type in isset or empty D:\xampp\htdocs\peoplecar\ThinkPHP\Library\Think\Page.class.php 第 59 行.
SQL: SELECT `id`,`uid`,`phone`,`wx_no`,`money`,`time`,`status` FROM `syd_charge` ORDER BY id desc  LIMIT 0,10   [ RunTime:0.0010s ]
SQL: SELECT * FROM `syd_user` WHERE ( userid=1 ) LIMIT 1   [ RunTime:0.0010s ]
SQL: SELECT * FROM `syd_user` WHERE ( userid=1 ) LIMIT 1   [ RunTime:0.0010s ]
SQL: SELECT * FROM `syd_user` WHERE ( userid=1 ) LIMIT 1   [ RunTime:0.0000s ]
SQL: SELECT * FROM `syd_user` WHERE ( userid=1 ) LIMIT 1   [ RunTime:0.0000s ]
SQL: SELECT * FROM `syd_user` WHERE ( userid=1 ) LIMIT 1   [ RunTime:0.0000s ]
INFO: [ view_parse ] --START--
INFO: [ template_filter ] --START--
INFO: Run Behavior\ContentReplaceBehavior [ RunTime:0.000000s ]
INFO: [ template_filter ] --END-- [ RunTime:0.000000s ]
INFO: Run Behavior\ParseTemplateBehavior [ RunTime:0.009000s ]
INFO: [ view_parse ] --END-- [ RunTime:0.009000s ]
INFO: [ view_filter ] --START--
INFO: Run Behavior\WriteHtmlCacheBehavior [ RunTime:0.001000s ]
INFO: [ view_filter ] --END-- [ RunTime:0.001000s ]
INFO: [ app_end ] --START--
INFO: Run Behavior\ShowPageTraceBehavior [ RunTime:0.002001s ]
INFO: [ app_end ] --END-- [ RunTime:0.002001s ]

[ 2017-09-24T11:33:21+08:00 ] 127.0.0.1 /peoplecar/index.php?s=/super/WealthDetailed/cashHistory.html
INFO: [ app_init ] --START--
INFO: Run Behavior\BuildLiteBehavior [ RunTime:0.000000s ]
INFO: [ app_init ] --END-- [ RunTime:0.000000s ]
INFO: [ app_begin ] --START--
INFO: Run Behavior\ReadHtmlCacheBehavior [ RunTime:0.001001s ]
INFO: [ app_begin ] --END-- [ RunTime:0.001001s ]
SQL: SHOW COLUMNS FROM `syd_user` [ RunTime:0.0060s ]
NOTIC: [8] Undefined index: clock_user D:\xampp\htdocs\peoplecar\game\Admin\Controller\CommonController.class.php 第 19 行.
NOTIC: [8] Undefined index: clock_usfarm D:\xampp\htdocs\peoplecar\game\Admin\Controller\CommonController.class.php 第 37 行.
NOTIC: [8] Undefined index: clock_play D:\xampp\htdocs\peoplecar\game\Admin\Controller\CommonController.class.php 第 54 行.
SQL: SHOW COLUMNS FROM `syd_withdraw` [ RunTime:0.0040s ]
SQL: SELECT COUNT(*) AS tp_count FROM `syd_withdraw` LIMIT 1   [ RunTime:0.0010s ]
NOTIC: [2] Missing argument 2 for Think\Page::setConfig(), called in D:\xampp\htdocs\peoplecar\game\Common\Common\function.php on line 176 and defined D:\xampp\htdocs\peoplecar\ThinkPHP\Library\Think\Page.class.php 第 58 行.
NOTIC: [2] Illegal offset type in isset or empty D:\xampp\htdocs\peoplecar\ThinkPHP\Library\Think\Page.class.php 第 59 行.
SQL: SELECT `id`,`uid`,`realname`,`bank_name`,`bank_address`,`bank_card`,`money`,`status`,`time` FROM `syd_withdraw` ORDER BY id desc  LIMIT 0,10   [ RunTime:0.0010s ]
SQL: SELECT * FROM `syd_user` WHERE ( userid=1 ) LIMIT 1   [ RunTime:0.0010s ]
SQL: SELECT * FROM `syd_user` WHERE ( userid=1 ) LIMIT 1   [ RunTime:0.0010s ]
INFO: [ view_parse ] --START--
INFO: [ template_filter ] --START--
INFO: Run Behavior\ContentReplaceBehavior [ RunTime:0.000000s ]
INFO: [ template_filter ] --END-- [ RunTime:0.000000s ]
NOTIC: [2] date() expects parameter 2 to be long, string given D:\xampp\htdocs\peoplecar\game\Runtime\Cache\Admin\5385f0d48bc9e7ed81d7635c49300df5.php 第 30 行.
INFO: Run Behavior\ParseTemplateBehavior [ RunTime:0.009000s ]
INFO: [ view_parse ] --END-- [ RunTime:0.009000s ]
INFO: [ view_filter ] --START--
INFO: Run Behavior\WriteHtmlCacheBehavior [ RunTime:0.000000s ]
INFO: [ view_filter ] --END-- [ RunTime:0.000000s ]
INFO: [ app_end ] --START--
INFO: Run Behavior\ShowPageTraceBehavior [ RunTime:0.001000s ]
INFO: [ app_end ] --END-- [ RunTime:0.001000s ]

[ 2017-09-24T11:33:21+08:00 ] 127.0.0.1 /peoplecar/index.php?s=/super/WealthDetailed/remittanceHistory.html
INFO: [ app_init ] --START--
INFO: Run Behavior\BuildLiteBehavior [ RunTime:0.000000s ]
INFO: [ app_init ] --END-- [ RunTime:0.001000s ]
INFO: [ app_begin ] --START--
INFO: Run Behavior\ReadHtmlCacheBehavior [ RunTime:0.000000s ]
INFO: [ app_begin ] --END-- [ RunTime:0.000000s ]
SQL: SHOW COLUMNS FROM `syd_user` [ RunTime:0.0040s ]
NOTIC: [8] Undefined index: clock_user D:\xampp\htdocs\peoplecar\game\Admin\Controller\CommonController.class.php 第 19 行.
NOTIC: [8] Undefined index: clock_usfarm D:\xampp\htdocs\peoplecar\game\Admin\Controller\CommonController.class.php 第 37 行.
NOTIC: [8] Undefined index: clock_play D:\xampp\htdocs\peoplecar\game\Admin\Controller\CommonController.class.php 第 54 行.
INFO: [ view_parse ] --START--
INFO: [ template_filter ] --START--
INFO: Run Behavior\ContentReplaceBehavior [ RunTime:0.000000s ]
INFO: [ template_filter ] --END-- [ RunTime:0.000000s ]
INFO: Run Behavior\ParseTemplateBehavior [ RunTime:0.008001s ]
INFO: [ view_parse ] --END-- [ RunTime:0.008001s ]
INFO: [ view_filter ] --START--
INFO: Run Behavior\WriteHtmlCacheBehavior [ RunTime:0.000000s ]
INFO: [ view_filter ] --END-- [ RunTime:0.000000s ]
INFO: [ app_end ] --START--
INFO: Run Behavior\ShowPageTraceBehavior [ RunTime:0.001000s ]
INFO: [ app_end ] --END-- [ RunTime:0.001000s ]

[ 2017-09-24T11:33:22+08:00 ] 127.0.0.1 /peoplecar/index.php?s=/super/WealthDetailed/userCapitalOffset.html
INFO: [ app_init ] --START--
INFO: Run Behavior\BuildLiteBehavior [ RunTime:0.000000s ]
INFO: [ app_init ] --END-- [ RunTime:0.001000s ]
INFO: [ app_begin ] --START--
INFO: Run Behavior\ReadHtmlCacheBehavior [ RunTime:0.000000s ]
INFO: [ app_begin ] --END-- [ RunTime:0.000000s ]
SQL: SHOW COLUMNS FROM `syd_user` [ RunTime:0.0060s ]
NOTIC: [8] Undefined index: clock_user D:\xampp\htdocs\peoplecar\game\Admin\Controller\CommonController.class.php 第 19 行.
NOTIC: [8] Undefined index: clock_usfarm D:\xampp\htdocs\peoplecar\game\Admin\Controller\CommonController.class.php 第 37 行.
NOTIC: [8] Undefined index: clock_play D:\xampp\htdocs\peoplecar\game\Admin\Controller\CommonController.class.php 第 54 行.
INFO: [ view_parse ] --START--
INFO: [ template_filter ] --START--
INFO: Run Behavior\ContentReplaceBehavior [ RunTime:0.000000s ]
INFO: [ template_filter ] --END-- [ RunTime:0.001001s ]
INFO: Run Behavior\ParseTemplateBehavior [ RunTime:0.013001s ]
INFO: [ view_parse ] --END-- [ RunTime:0.013001s ]
INFO: [ view_filter ] --START--
INFO: Run Behavior\WriteHtmlCacheBehavior [ RunTime:0.000000s ]
INFO: [ view_filter ] --END-- [ RunTime:0.000000s ]
INFO: [ app_end ] --START--
INFO: Run Behavior\ShowPageTraceBehavior [ RunTime:0.001000s ]
INFO: [ app_end ] --END-- [ RunTime:0.001000s ]

[ 2017-09-24T11:33:23+08:00 ] 127.0.0.1 /peoplecar/index.php?s=/super/WealthDetailed/remittanceHistory.html
INFO: [ app_init ] --START--
INFO: Run Behavior\BuildLiteBehavior [ RunTime:0.000000s ]
INFO: [ app_init ] --END-- [ RunTime:0.000000s ]
INFO: [ app_begin ] --START--
INFO: Run Behavior\ReadHtmlCacheBehavior [ RunTime:0.001001s ]
INFO: [ app_begin ] --END-- [ RunTime:0.001001s ]
SQL: SHOW COLUMNS FROM `syd_user` [ RunTime:0.0040s ]
NOTIC: [8] Undefined index: clock_user D:\xampp\htdocs\peoplecar\game\Admin\Controller\CommonController.class.php 第 19 行.
NOTIC: [8] Undefined index: clock_usfarm D:\xampp\htdocs\peoplecar\game\Admin\Controller\CommonController.class.php 第 37 行.
NOTIC: [8] Undefined index: clock_play D:\xampp\htdocs\peoplecar\game\Admin\Controller\CommonController.class.php 第 54 行.
INFO: [ view_parse ] --START--
INFO: [ template_filter ] --START--
INFO: Run Behavior\ContentReplaceBehavior [ RunTime:0.000000s ]
INFO: [ template_filter ] --END-- [ RunTime:0.000000s ]
INFO: Run Behavior\ParseTemplateBehavior [ RunTime:0.009001s ]
INFO: [ view_parse ] --END-- [ RunTime:0.009001s ]
INFO: [ view_filter ] --START--
INFO: Run Behavior\WriteHtmlCacheBehavior [ RunTime:0.001000s ]
INFO: [ view_filter ] --END-- [ RunTime:0.001000s ]
INFO: [ app_end ] --START--
INFO: Run Behavior\ShowPageTraceBehavior [ RunTime:0.001000s ]
INFO: [ app_end ] --END-- [ RunTime:0.001000s ]

[ 2017-09-24T11:41:07+08:00 ] 127.0.0.1 /peoplecar/index.php?s=/super/index/backstageSammaryPage
INFO: [ app_init ] --START--
INFO: Run Behavior\BuildLiteBehavior [ RunTime:0.000000s ]
INFO: [ app_init ] --END-- [ RunTime:0.001000s ]
INFO: [ app_begin ] --START--
INFO: Run Behavior\ReadHtmlCacheBehavior [ RunTime:0.000000s ]
INFO: [ app_begin ] --END-- [ RunTime:0.000000s ]
SQL: SHOW COLUMNS FROM `syd_user` [ RunTime:0.0040s ]
NOTIC: [8] Undefined index: clock_user D:\xampp\htdocs\peoplecar\game\Admin\Controller\CommonController.class.php 第 19 行.
NOTIC: [8] Undefined index: clock_usfarm D:\xampp\htdocs\peoplecar\game\Admin\Controller\CommonController.class.php 第 37 行.
NOTIC: [8] Undefined index: clock_play D:\xampp\htdocs\peoplecar\game\Admin\Controller\CommonController.class.php 第 54 行.
INFO: [ view_parse ] --START--
INFO: [ template_filter ] --START--
INFO: Run Behavior\ContentReplaceBehavior [ RunTime:0.000000s ]
INFO: [ template_filter ] --END-- [ RunTime:0.000000s ]
INFO: Run Behavior\ParseTemplateBehavior [ RunTime:0.008001s ]
INFO: [ view_parse ] --END-- [ RunTime:0.009001s ]
INFO: [ view_filter ] --START--
INFO: Run Behavior\WriteHtmlCacheBehavior [ RunTime:0.000000s ]
INFO: [ view_filter ] --END-- [ RunTime:0.000000s ]
INFO: [ app_end ] --START--
INFO: Run Behavior\ShowPageTraceBehavior [ RunTime:0.001000s ]
INFO: [ app_end ] --END-- [ RunTime:0.001000s ]

[ 2017-09-24T11:41:07+08:00 ] 127.0.0.1 /peoplecar/index.php?s=/super/Index/gameNotice
INFO: [ app_init ] --START--
INFO: Run Behavior\BuildLiteBehavior [ RunTime:0.000000s ]
INFO: [ app_init ] --END-- [ RunTime:0.002000s ]
INFO: [ app_begin ] --START--
INFO: Run Behavior\ReadHtmlCacheBehavior [ RunTime:0.000000s ]
INFO: [ app_begin ] --END-- [ RunTime:0.000000s ]
SQL: SHOW COLUMNS FROM `syd_user` [ RunTime:0.0070s ]
NOTIC: [8] Undefined index: clock_user D:\xampp\htdocs\peoplecar\game\Admin\Controller\CommonController.class.php 第 19 行.
NOTIC: [8] Undefined index: clock_usfarm D:\xampp\htdocs\peoplecar\game\Admin\Controller\CommonController.class.php 第 37 行.
NOTIC: [8] Undefined index: clock_play D:\xampp\htdocs\peoplecar\game\Admin\Controller\CommonController.class.php 第 54 行.
INFO: [ view_parse ] --START--
INFO: [ template_filter ] --START--
INFO: Run Behavior\ContentReplaceBehavior [ RunTime:0.000000s ]
INFO: [ template_filter ] --END-- [ RunTime:0.000000s ]
INFO: Run Behavior\ParseTemplateBehavior [ RunTime:0.008001s ]
INFO: [ view_parse ] --END-- [ RunTime:0.009001s ]
INFO: [ view_filter ] --START--
INFO: Run Behavior\WriteHtmlCacheBehavior [ RunTime:0.000000s ]
INFO: [ view_filter ] --END-- [ RunTime:0.000000s ]
INFO: [ app_end ] --START--
INFO: Run Behavior\ShowPageTraceBehavior [ RunTime:0.000000s ]
INFO: [ app_end ] --END-- [ RunTime:0.000000s ]

[ 2017-09-24T13:09:32+08:00 ] 127.0.0.1 /peoplecar/index.php?s=/super/index/backstageSammaryPage
INFO: [ app_init ] --START--
INFO: Run Behavior\BuildLiteBehavior [ RunTime:0.000000s ]
INFO: [ app_init ] --END-- [ RunTime:0.000000s ]
INFO: [ app_begin ] --START--
INFO: Run Behavior\ReadHtmlCacheBehavior [ RunTime:0.001000s ]
INFO: [ app_begin ] --END-- [ RunTime:0.001000s ]
SQL: SHOW COLUMNS FROM `syd_user` [ RunTime:0.0040s ]
NOTIC: [8] Undefined index: clock_user D:\xampp\htdocs\peoplecar\game\Admin\Controller\CommonController.class.php 第 19 行.
NOTIC: [8] Undefined index: clock_usfarm D:\xampp\htdocs\peoplecar\game\Admin\Controller\CommonController.class.php 第 37 行.
NOTIC: [8] Undefined index: clock_play D:\xampp\htdocs\peoplecar\game\Admin\Controller\CommonController.class.php 第 54 行.
INFO: [ view_parse ] --START--
INFO: [ template_filter ] --START--
INFO: Run Behavior\ContentReplaceBehavior [ RunTime:0.000000s ]
INFO: [ template_filter ] --END-- [ RunTime:0.000000s ]
INFO: Run Behavior\ParseTemplateBehavior [ RunTime:0.009001s ]
INFO: [ view_parse ] --END-- [ RunTime:0.009001s ]
INFO: [ view_filter ] --START--
INFO: Run Behavior\WriteHtmlCacheBehavior [ RunTime:0.001000s ]
INFO: [ view_filter ] --END-- [ RunTime:0.001000s ]
INFO: [ app_end ] --START--
INFO: Run Behavior\ShowPageTraceBehavior [ RunTime:0.001000s ]
INFO: [ app_end ] --END-- [ RunTime:0.001000s ]

[ 2017-09-24T13:09:32+08:00 ] 127.0.0.1 /peoplecar/index.php?s=/super/Index/gameNotice
INFO: [ app_init ] --START--
INFO: Run Behavior\BuildLiteBehavior [ RunTime:0.000000s ]
INFO: [ app_init ] --END-- [ RunTime:0.001000s ]
INFO: [ app_begin ] --START--
INFO: Run Behavior\ReadHtmlCacheBehavior [ RunTime:0.001001s ]
INFO: [ app_begin ] --END-- [ RunTime:0.001001s ]
SQL: SHOW COLUMNS FROM `syd_user` [ RunTime:0.0040s ]
NOTIC: [8] Undefined index: clock_user D:\xampp\htdocs\peoplecar\game\Admin\Controller\CommonController.class.php 第 19 行.
NOTIC: [8] Undefined index: clock_usfarm D:\xampp\htdocs\peoplecar\game\Admin\Controller\CommonController.class.php 第 37 行.
NOTIC: [8] Undefined index: clock_play D:\xampp\htdocs\peoplecar\game\Admin\Controller\CommonController.class.php 第 54 行.
INFO: [ view_parse ] --START--
INFO: [ template_filter ] --START--
INFO: Run Behavior\ContentReplaceBehavior [ RunTime:0.000000s ]
INFO: [ template_filter ] --END-- [ RunTime:0.000000s ]
INFO: Run Behavior\ParseTemplateBehavior [ RunTime:0.009000s ]
INFO: [ view_parse ] --END-- [ RunTime:0.009000s ]
INFO: [ view_filter ] --START--
INFO: Run Behavior\WriteHtmlCacheBehavior [ RunTime:0.001000s ]
INFO: [ view_filter ] --END-- [ RunTime:0.001000s ]
INFO: [ app_end ] --START--
INFO: Run Behavior\ShowPageTraceBehavior [ RunTime:0.001000s ]
INFO: [ app_end ] --END-- [ RunTime:0.001000s ]

[ 2017-09-24T13:09:35+08:00 ] 127.0.0.1 /peoplecar/index.php?s=/super/UserAdministration/administrationPage.html
INFO: [ app_init ] --START--
INFO: Run Behavior\BuildLiteBehavior [ RunTime:0.000000s ]
INFO: [ app_init ] --END-- [ RunTime:0.001000s ]
INFO: [ app_begin ] --START--
INFO: Run Behavior\ReadHtmlCacheBehavior [ RunTime:0.001000s ]
INFO: [ app_begin ] --END-- [ RunTime:0.001000s ]
SQL: SHOW COLUMNS FROM `syd_user` [ RunTime:0.0070s ]
NOTIC: [8] Undefined index: clock_user D:\xampp\htdocs\peoplecar\game\Admin\Controller\CommonController.class.php 第 19 行.
NOTIC: [8] Undefined index: clock_usfarm D:\xampp\htdocs\peoplecar\game\Admin\Controller\CommonController.class.php 第 37 行.
NOTIC: [8] Undefined index: clock_play D:\xampp\htdocs\peoplecar\game\Admin\Controller\CommonController.class.php 第 54 行.
NOTIC: [8] Undefined variable: where D:\xampp\htdocs\peoplecar\game\Admin\Controller\UserAdministrationController.class.php 第 27 行.
SQL: SELECT COUNT(*) AS tp_count FROM `syd_user` LIMIT 1   [ RunTime:0.0000s ]
NOTIC: [2] Missing argument 2 for Think\Page::setConfig(), called in D:\xampp\htdocs\peoplecar\game\Common\Common\function.php on line 176 and defined D:\xampp\htdocs\peoplecar\ThinkPHP\Library\Think\Page.class.php 第 58 行.
NOTIC: [2] Illegal offset type in isset or empty D:\xampp\htdocs\peoplecar\ThinkPHP\Library\Think\Page.class.php 第 59 行.
NOTIC: [8] Undefined variable: where D:\xampp\htdocs\peoplecar\game\Admin\Controller\UserAdministrationController.class.php 第 30 行.
SQL: SELECT `userid`,`account`,`username`,`lockuser`,`time`,`parent_id`,`identity_card`,`phone` FROM `syd_user` ORDER BY userid desc  LIMIT 0,10   [ RunTime:0.0000s ]
INFO: [ view_parse ] --START--
INFO: [ template_filter ] --START--
INFO: Run Behavior\ContentReplaceBehavior [ RunTime:0.000000s ]
INFO: [ template_filter ] --END-- [ RunTime:0.001000s ]
INFO: Run Behavior\ParseTemplateBehavior [ RunTime:0.011001s ]
INFO: [ view_parse ] --END-- [ RunTime:0.011001s ]
INFO: [ view_filter ] --START--
INFO: Run Behavior\WriteHtmlCacheBehavior [ RunTime:0.001000s ]
INFO: [ view_filter ] --END-- [ RunTime:0.001000s ]
INFO: [ app_end ] --START--
INFO: Run Behavior\ShowPageTraceBehavior [ RunTime:0.001000s ]
INFO: [ app_end ] --END-- [ RunTime:0.001000s ]

[ 2017-09-24T13:09:39+08:00 ] 127.0.0.1 /peoplecar/index.php?s=/super/UserAdministration/updatelockuser/userid/2
INFO: [ app_init ] --START--
INFO: Run Behavior\BuildLiteBehavior [ RunTime:0.000000s ]
INFO: [ app_init ] --END-- [ RunTime:0.001000s ]
INFO: [ app_begin ] --START--
INFO: Run Behavior\ReadHtmlCacheBehavior [ RunTime:0.001000s ]
INFO: [ app_begin ] --END-- [ RunTime:0.001000s ]
SQL: SHOW COLUMNS FROM `syd_user` [ RunTime:0.0040s ]
NOTIC: [8] Undefined index: clock_user D:\xampp\htdocs\peoplecar\game\Admin\Controller\CommonController.class.php 第 19 行.
NOTIC: [8] Undefined index: clock_usfarm D:\xampp\htdocs\peoplecar\game\Admin\Controller\CommonController.class.php 第 37 行.
NOTIC: [8] Undefined index: clock_play D:\xampp\htdocs\peoplecar\game\Admin\Controller\CommonController.class.php 第 54 行.
SQL: SELECT `lockuser` FROM `syd_user` WHERE ( userid=2 ) LIMIT 1   [ RunTime:0.0010s ]
SQL: UPDATE `syd_user` SET `lockuser`='2' WHERE ( userid=2 ) [ RunTime:0.0000s ]
INFO: [ app_end ] --START--
INFO: Run Behavior\ShowPageTraceBehavior [ RunTime:0.001001s ]
INFO: [ app_end ] --END-- [ RunTime:0.001001s ]

[ 2017-09-24T13:09:40+08:00 ] 127.0.0.1 /peoplecar/index.php?s=/super/UserAdministration/administrationPage
INFO: [ app_init ] --START--
INFO: Run Behavior\BuildLiteBehavior [ RunTime:0.000000s ]
INFO: [ app_init ] --END-- [ RunTime:0.001000s ]
INFO: [ app_begin ] --START--
INFO: Run Behavior\ReadHtmlCacheBehavior [ RunTime:0.001000s ]
INFO: [ app_begin ] --END-- [ RunTime:0.001000s ]
SQL: SHOW COLUMNS FROM `syd_user` [ RunTime:0.0050s ]
NOTIC: [8] Undefined index: clock_user D:\xampp\htdocs\peoplecar\game\Admin\Controller\CommonController.class.php 第 19 行.
NOTIC: [8] Undefined index: clock_usfarm D:\xampp\htdocs\peoplecar\game\Admin\Controller\CommonController.class.php 第 37 行.
NOTIC: [8] Undefined index: clock_play D:\xampp\htdocs\peoplecar\game\Admin\Controller\CommonController.class.php 第 54 行.
NOTIC: [8] Undefined variable: where D:\xampp\htdocs\peoplecar\game\Admin\Controller\UserAdministrationController.class.php 第 27 行.
SQL: SELECT COUNT(*) AS tp_count FROM `syd_user` LIMIT 1   [ RunTime:0.0010s ]
NOTIC: [2] Missing argument 2 for Think\Page::setConfig(), called in D:\xampp\htdocs\peoplecar\game\Common\Common\function.php on line 176 and defined D:\xampp\htdocs\peoplecar\ThinkPHP\Library\Think\Page.class.php 第 58 行.
NOTIC: [2] Illegal offset type in isset or empty D:\xampp\htdocs\peoplecar\ThinkPHP\Library\Think\Page.class.php 第 59 行.
NOTIC: [8] Undefined variable: where D:\xampp\htdocs\peoplecar\game\Admin\Controller\UserAdministrationController.class.php 第 30 行.
SQL: SELECT `userid`,`account`,`username`,`lockuser`,`time`,`parent_id`,`identity_card`,`phone` FROM `syd_user` ORDER BY userid desc  LIMIT 0,10   [ RunTime:0.0000s ]
INFO: [ view_parse ] --START--
INFO: [ template_filter ] --START--
INFO: Run Behavior\ContentReplaceBehavior [ RunTime:0.000000s ]
INFO: [ template_filter ] --END-- [ RunTime:0.000000s ]
INFO: Run Behavior\ParseTemplateBehavior [ RunTime:0.011001s ]
INFO: [ view_parse ] --END-- [ RunTime:0.011001s ]
INFO: [ view_filter ] --START--
INFO: Run Behavior\WriteHtmlCacheBehavior [ RunTime:0.001000s ]
INFO: [ view_filter ] --END-- [ RunTime:0.001000s ]
INFO: [ app_end ] --START--
INFO: Run Behavior\ShowPageTraceBehavior [ RunTime:0.000000s ]
INFO: [ app_end ] --END-- [ RunTime:0.000000s ]

[ 2017-09-24T13:09:42+08:00 ] 127.0.0.1 /peoplecar/index.php?s=/super/UserAdministration/updatelockuser/userid/2
INFO: [ app_init ] --START--
INFO: Run Behavior\BuildLiteBehavior [ RunTime:0.000000s ]
INFO: [ app_init ] --END-- [ RunTime:0.000000s ]
INFO: [ app_begin ] --START--
INFO: Run Behavior\ReadHtmlCacheBehavior [ RunTime:0.001000s ]
INFO: [ app_begin ] --END-- [ RunTime:0.001000s ]
SQL: SHOW COLUMNS FROM `syd_user` [ RunTime:0.0060s ]
NOTIC: [8] Undefined index: clock_user D:\xampp\htdocs\peoplecar\game\Admin\Controller\CommonController.class.php 第 19 行.
NOTIC: [8] Undefined index: clock_usfarm D:\xampp\htdocs\peoplecar\game\Admin\Controller\CommonController.class.php 第 37 行.
NOTIC: [8] Undefined index: clock_play D:\xampp\htdocs\peoplecar\game\Admin\Controller\CommonController.class.php 第 54 行.
SQL: SELECT `lockuser` FROM `syd_user` WHERE ( userid=2 ) LIMIT 1   [ RunTime:0.0010s ]
SQL: UPDATE `syd_user` SET `lockuser`='0' WHERE ( userid=2 ) [ RunTime:0.0000s ]
INFO: [ app_end ] --START--
INFO: Run Behavior\ShowPageTraceBehavior [ RunTime:0.001000s ]
INFO: [ app_end ] --END-- [ RunTime:0.001000s ]

[ 2017-09-24T13:09:43+08:00 ] 127.0.0.1 /peoplecar/index.php?s=/super/UserAdministration/administrationPage
INFO: [ app_init ] --START--
INFO: Run Behavior\BuildLiteBehavior [ RunTime:0.000000s ]
INFO: [ app_init ] --END-- [ RunTime:0.000000s ]
INFO: [ app_begin ] --START--
INFO: Run Behavior\ReadHtmlCacheBehavior [ RunTime:0.001000s ]
INFO: [ app_begin ] --END-- [ RunTime:0.002000s ]
SQL: SHOW COLUMNS FROM `syd_user` [ RunTime:0.0050s ]
NOTIC: [8] Undefined index: clock_user D:\xampp\htdocs\peoplecar\game\Admin\Controller\CommonController.class.php 第 19 行.
NOTIC: [8] Undefined index: clock_usfarm D:\xampp\htdocs\peoplecar\game\Admin\Controller\CommonController.class.php 第 37 行.
NOTIC: [8] Undefined index: clock_play D:\xampp\htdocs\peoplecar\game\Admin\Controller\CommonController.class.php 第 54 行.
NOTIC: [8] Undefined variable: where D:\xampp\htdocs\peoplecar\game\Admin\Controller\UserAdministrationController.class.php 第 27 行.
SQL: SELECT COUNT(*) AS tp_count FROM `syd_user` LIMIT 1   [ RunTime:0.0000s ]
NOTIC: [2] Missing argument 2 for Think\Page::setConfig(), called in D:\xampp\htdocs\peoplecar\game\Common\Common\function.php on line 176 and defined D:\xampp\htdocs\peoplecar\ThinkPHP\Library\Think\Page.class.php 第 58 行.
NOTIC: [2] Illegal offset type in isset or empty D:\xampp\htdocs\peoplecar\ThinkPHP\Library\Think\Page.class.php 第 59 行.
NOTIC: [8] Undefined variable: where D:\xampp\htdocs\peoplecar\game\Admin\Controller\UserAdministrationController.class.php 第 30 行.
SQL: SELECT `userid`,`account`,`username`,`lockuser`,`time`,`parent_id`,`identity_card`,`phone` FROM `syd_user` ORDER BY userid desc  LIMIT 0,10   [ RunTime:0.0010s ]
INFO: [ view_parse ] --START--
INFO: [ template_filter ] --START--
INFO: Run Behavior\ContentReplaceBehavior [ RunTime:0.000000s ]
INFO: [ template_filter ] --END-- [ RunTime:0.000000s ]
INFO: Run Behavior\ParseTemplateBehavior [ RunTime:0.010000s ]
INFO: [ view_parse ] --END-- [ RunTime:0.011001s ]
INFO: [ view_filter ] --START--
INFO: Run Behavior\WriteHtmlCacheBehavior [ RunTime:0.000000s ]
INFO: [ view_filter ] --END-- [ RunTime:0.000000s ]
INFO: [ app_end ] --START--
INFO: Run Behavior\ShowPageTraceBehavior [ RunTime:0.001000s ]
INFO: [ app_end ] --END-- [ RunTime:0.001000s ]

