[ 2017-10-11T14:14:44+08:00 ] ::1 /peoplecar/index.php?s=/super
INFO: [ app_init ] --START--
INFO: Run Behavior\BuildLiteBehavior [ RunTime:0.000000s ]
INFO: [ app_init ] --END-- [ RunTime:0.001000s ]
INFO: [ app_begin ] --START--
INFO: Run Behavior\ReadHtmlCacheBehavior [ RunTime:0.001000s ]
INFO: [ app_begin ] --END-- [ RunTime:0.001000s ]

[ 2017-10-11T14:14:44+08:00 ] ::1 /peoplecar/index.php?s=/super/Login/index
INFO: [ app_init ] --START--
INFO: Run Behavior\BuildLiteBehavior [ RunTime:0.000000s ]
INFO: [ app_init ] --END-- [ RunTime:0.000000s ]
INFO: [ app_begin ] --START--
INFO: Run Behavior\ReadHtmlCacheBehavior [ RunTime:0.001000s ]
INFO: [ app_begin ] --END-- [ RunTime:0.001000s ]
INFO: [ view_parse ] --START--
INFO: [ template_filter ] --START--
INFO: Run Behavior\ContentReplaceBehavior [ RunTime:0.000000s ]
INFO: [ template_filter ] --END-- [ RunTime:0.000000s ]
INFO: Run Behavior\ParseTemplateBehavior [ RunTime:0.008001s ]
INFO: [ view_parse ] --END-- [ RunTime:0.008001s ]
INFO: [ view_filter ] --START--
INFO: Run Behavior\WriteHtmlCacheBehavior [ RunTime:0.000000s ]
INFO: [ view_filter ] --END-- [ RunTime:0.000000s ]
INFO: [ app_end ] --START--
INFO: Run Behavior\ShowPageTraceBehavior [ RunTime:0.001000s ]
INFO: [ app_end ] --END-- [ RunTime:0.001000s ]

[ 2017-10-11T14:14:48+08:00 ] ::1 /peoplecar/index.php?s=/super/Login/index
INFO: [ app_init ] --START--
INFO: Run Behavior\BuildLiteBehavior [ RunTime:0.000000s ]
INFO: [ app_init ] --END-- [ RunTime:0.001000s ]
INFO: [ app_begin ] --START--
INFO: Run Behavior\ReadHtmlCacheBehavior [ RunTime:0.002000s ]
INFO: [ app_begin ] --END-- [ RunTime:0.002000s ]
INFO: [ view_parse ] --START--
INFO: [ template_filter ] --START--
INFO: Run Behavior\ContentReplaceBehavior [ RunTime:0.000000s ]
INFO: [ template_filter ] --END-- [ RunTime:0.000000s ]
INFO: Run Behavior\ParseTemplateBehavior [ RunTime:0.011000s ]
INFO: [ view_parse ] --END-- [ RunTime:0.011000s ]
INFO: [ view_filter ] --START--
INFO: Run Behavior\WriteHtmlCacheBehavior [ RunTime:0.001000s ]
INFO: [ view_filter ] --END-- [ RunTime:0.001000s ]
INFO: [ app_end ] --START--
INFO: Run Behavior\ShowPageTraceBehavior [ RunTime:0.001001s ]
INFO: [ app_end ] --END-- [ RunTime:0.002001s ]

[ 2017-10-11T14:15:11+08:00 ] ::1 /peoplecar/index.php?s=/super/login/idcheck
INFO: [ app_init ] --START--
INFO: Run Behavior\BuildLiteBehavior [ RunTime:0.000000s ]
INFO: [ app_init ] --END-- [ RunTime:0.001000s ]
INFO: [ app_begin ] --START--
INFO: Run Behavior\ReadHtmlCacheBehavior [ RunTime:0.001000s ]
INFO: [ app_begin ] --END-- [ RunTime:0.001000s ]
SQL: SHOW COLUMNS FROM `syd_nzspuser` [ RunTime:0.0160s ]
SQL: SELECT * FROM `syd_nzspuser` WHERE ( sp_username='admin' ) LIMIT 1   [ RunTime:0.0020s ]

[ 2017-10-11T14:15:16+08:00 ] ::1 /peoplecar/index.php?s=/super/login/idcheck
INFO: [ app_init ] --START--
INFO: Run Behavior\BuildLiteBehavior [ RunTime:0.000000s ]
INFO: [ app_init ] --END-- [ RunTime:0.001000s ]
INFO: [ app_begin ] --START--
INFO: Run Behavior\ReadHtmlCacheBehavior [ RunTime:0.001000s ]
INFO: [ app_begin ] --END-- [ RunTime:0.001000s ]
SQL: SHOW COLUMNS FROM `syd_nzspuser` [ RunTime:0.0040s ]
SQL: SELECT * FROM `syd_nzspuser` WHERE ( sp_username='admin' ) LIMIT 1   [ RunTime:0.0000s ]
SQL: UPDATE `syd_nzspuser` SET `sp_logintime`='1507702516',`sp_loginip`='0.0.0.0' WHERE ( sp_id ='1' ) [ RunTime:0.0010s ]
INFO: [ app_end ] --START--
INFO: Run Behavior\ShowPageTraceBehavior [ RunTime:0.001000s ]
INFO: [ app_end ] --END-- [ RunTime:0.001000s ]

[ 2017-10-11T14:15:17+08:00 ] ::1 /peoplecar/index.php?s=/super/index/backstageSammaryPage
INFO: [ app_init ] --START--
INFO: Run Behavior\BuildLiteBehavior [ RunTime:0.000000s ]
INFO: [ app_init ] --END-- [ RunTime:0.000000s ]
INFO: [ app_begin ] --START--
INFO: Run Behavior\ReadHtmlCacheBehavior [ RunTime:0.001000s ]
INFO: [ app_begin ] --END-- [ RunTime:0.001000s ]
SQL: SHOW COLUMNS FROM `syd_user` [ RunTime:0.0070s ]
NOTIC: [8] Undefined index: clock_user D:\xampp\htdocs\peoplecar\game\Admin\Controller\CommonController.class.php 第 19 行.
NOTIC: [8] Undefined index: clock_usfarm D:\xampp\htdocs\peoplecar\game\Admin\Controller\CommonController.class.php 第 37 行.
NOTIC: [8] Undefined index: clock_play D:\xampp\htdocs\peoplecar\game\Admin\Controller\CommonController.class.php 第 54 行.
INFO: [ view_parse ] --START--
INFO: [ template_filter ] --START--
INFO: Run Behavior\ContentReplaceBehavior [ RunTime:0.000000s ]
INFO: [ template_filter ] --END-- [ RunTime:0.000000s ]
INFO: Run Behavior\ParseTemplateBehavior [ RunTime:0.009001s ]
INFO: [ view_parse ] --END-- [ RunTime:0.009001s ]
INFO: [ view_filter ] --START--
INFO: Run Behavior\WriteHtmlCacheBehavior [ RunTime:0.000000s ]
INFO: [ view_filter ] --END-- [ RunTime:0.001000s ]
INFO: [ app_end ] --START--
INFO: Run Behavior\ShowPageTraceBehavior [ RunTime:0.001000s ]
INFO: [ app_end ] --END-- [ RunTime:0.001000s ]

[ 2017-10-11T14:15:17+08:00 ] ::1 /peoplecar/index.php?s=/super/Index/gameNotice
INFO: [ app_init ] --START--
INFO: Run Behavior\BuildLiteBehavior [ RunTime:0.000000s ]
INFO: [ app_init ] --END-- [ RunTime:0.001000s ]
INFO: [ app_begin ] --START--
INFO: Run Behavior\ReadHtmlCacheBehavior [ RunTime:0.001000s ]
INFO: [ app_begin ] --END-- [ RunTime:0.001000s ]
SQL: SHOW COLUMNS FROM `syd_user` [ RunTime:0.0030s ]
NOTIC: [8] Undefined index: clock_user D:\xampp\htdocs\peoplecar\game\Admin\Controller\CommonController.class.php 第 19 行.
NOTIC: [8] Undefined index: clock_usfarm D:\xampp\htdocs\peoplecar\game\Admin\Controller\CommonController.class.php 第 37 行.
NOTIC: [8] Undefined index: clock_play D:\xampp\htdocs\peoplecar\game\Admin\Controller\CommonController.class.php 第 54 行.
INFO: [ view_parse ] --START--
INFO: [ template_filter ] --START--
INFO: Run Behavior\ContentReplaceBehavior [ RunTime:0.000000s ]
INFO: [ template_filter ] --END-- [ RunTime:0.000000s ]
INFO: Run Behavior\ParseTemplateBehavior [ RunTime:0.015001s ]
INFO: [ view_parse ] --END-- [ RunTime:0.016001s ]
INFO: [ view_filter ] --START--
INFO: Run Behavior\WriteHtmlCacheBehavior [ RunTime:0.000000s ]
INFO: [ view_filter ] --END-- [ RunTime:0.000000s ]
INFO: [ app_end ] --START--
INFO: Run Behavior\ShowPageTraceBehavior [ RunTime:0.001000s ]
INFO: [ app_end ] --END-- [ RunTime:0.001000s ]

[ 2017-10-11T14:15:25+08:00 ] ::1 /peoplecar/index.php?s=/super/UserAdministration/userRecommendStructure.html
INFO: [ app_init ] --START--
INFO: Run Behavior\BuildLiteBehavior [ RunTime:0.000000s ]
INFO: [ app_init ] --END-- [ RunTime:0.001000s ]
INFO: [ app_begin ] --START--
INFO: Run Behavior\ReadHtmlCacheBehavior [ RunTime:0.001000s ]
INFO: [ app_begin ] --END-- [ RunTime:0.001000s ]
SQL: SHOW COLUMNS FROM `syd_user` [ RunTime:0.0040s ]
NOTIC: [8] Undefined index: clock_user D:\xampp\htdocs\peoplecar\game\Admin\Controller\CommonController.class.php 第 19 行.
NOTIC: [8] Undefined index: clock_usfarm D:\xampp\htdocs\peoplecar\game\Admin\Controller\CommonController.class.php 第 37 行.
NOTIC: [8] Undefined index: clock_play D:\xampp\htdocs\peoplecar\game\Admin\Controller\CommonController.class.php 第 54 行.
INFO: [ view_parse ] --START--
INFO: [ template_filter ] --START--
INFO: Run Behavior\ContentReplaceBehavior [ RunTime:0.000000s ]
INFO: [ template_filter ] --END-- [ RunTime:0.000000s ]
INFO: Run Behavior\ParseTemplateBehavior [ RunTime:0.010001s ]
INFO: [ view_parse ] --END-- [ RunTime:0.010001s ]
INFO: [ view_filter ] --START--
INFO: Run Behavior\WriteHtmlCacheBehavior [ RunTime:0.002000s ]
INFO: [ view_filter ] --END-- [ RunTime:0.002000s ]
INFO: [ app_end ] --START--
INFO: Run Behavior\ShowPageTraceBehavior [ RunTime:0.001000s ]
INFO: [ app_end ] --END-- [ RunTime:0.001000s ]

[ 2017-10-11T14:15:31+08:00 ] ::1 /peoplecar/index.php?s=/super/UserAdministration/userRecommendStructure.html
INFO: [ app_init ] --START--
INFO: Run Behavior\BuildLiteBehavior [ RunTime:0.000000s ]
INFO: [ app_init ] --END-- [ RunTime:0.000000s ]
INFO: [ app_begin ] --START--
INFO: Run Behavior\ReadHtmlCacheBehavior [ RunTime:0.001000s ]
INFO: [ app_begin ] --END-- [ RunTime:0.001000s ]
SQL: SHOW COLUMNS FROM `syd_user` [ RunTime:0.0040s ]
NOTIC: [8] Undefined index: clock_user D:\xampp\htdocs\peoplecar\game\Admin\Controller\CommonController.class.php 第 19 行.
NOTIC: [8] Undefined index: clock_usfarm D:\xampp\htdocs\peoplecar\game\Admin\Controller\CommonController.class.php 第 37 行.
NOTIC: [8] Undefined index: clock_play D:\xampp\htdocs\peoplecar\game\Admin\Controller\CommonController.class.php 第 54 行.
INFO: [ view_parse ] --START--
INFO: [ template_filter ] --START--
INFO: Run Behavior\ContentReplaceBehavior [ RunTime:0.000000s ]
INFO: [ template_filter ] --END-- [ RunTime:0.001000s ]
INFO: Run Behavior\ParseTemplateBehavior [ RunTime:0.011001s ]
INFO: [ view_parse ] --END-- [ RunTime:0.011001s ]
INFO: [ view_filter ] --START--
INFO: Run Behavior\WriteHtmlCacheBehavior [ RunTime:0.001000s ]
INFO: [ view_filter ] --END-- [ RunTime:0.001000s ]
INFO: [ app_end ] --START--
INFO: Run Behavior\ShowPageTraceBehavior [ RunTime:0.001000s ]
INFO: [ app_end ] --END-- [ RunTime:0.001000s ]

[ 2017-10-11T14:15:32+08:00 ] ::1 /peoplecar/index.php?s=/super/Index/updateMessagePage.html
INFO: [ app_init ] --START--
INFO: Run Behavior\BuildLiteBehavior [ RunTime:0.000000s ]
INFO: [ app_init ] --END-- [ RunTime:0.001000s ]
INFO: [ app_begin ] --START--
INFO: Run Behavior\ReadHtmlCacheBehavior [ RunTime:0.000000s ]
INFO: [ app_begin ] --END-- [ RunTime:0.001000s ]
SQL: SHOW COLUMNS FROM `syd_user` [ RunTime:0.0040s ]
NOTIC: [8] Undefined index: clock_user D:\xampp\htdocs\peoplecar\game\Admin\Controller\CommonController.class.php 第 19 行.
NOTIC: [8] Undefined index: clock_usfarm D:\xampp\htdocs\peoplecar\game\Admin\Controller\CommonController.class.php 第 37 行.
NOTIC: [8] Undefined index: clock_play D:\xampp\htdocs\peoplecar\game\Admin\Controller\CommonController.class.php 第 54 行.
INFO: [ view_parse ] --START--
INFO: [ template_filter ] --START--
INFO: Run Behavior\ContentReplaceBehavior [ RunTime:0.000000s ]
INFO: [ template_filter ] --END-- [ RunTime:0.000000s ]
INFO: Run Behavior\ParseTemplateBehavior [ RunTime:0.009000s ]
INFO: [ view_parse ] --END-- [ RunTime:0.009000s ]
INFO: [ view_filter ] --START--
INFO: Run Behavior\WriteHtmlCacheBehavior [ RunTime:0.000000s ]
INFO: [ view_filter ] --END-- [ RunTime:0.000000s ]
INFO: [ app_end ] --START--
INFO: Run Behavior\ShowPageTraceBehavior [ RunTime:0.001000s ]
INFO: [ app_end ] --END-- [ RunTime:0.001000s ]

[ 2017-10-11T14:15:33+08:00 ] ::1 /peoplecar/index.php?s=/super/UserAdministration/administrationPage.html
INFO: [ app_init ] --START--
INFO: Run Behavior\BuildLiteBehavior [ RunTime:0.000000s ]
INFO: [ app_init ] --END-- [ RunTime:0.000000s ]
INFO: [ app_begin ] --START--
INFO: Run Behavior\ReadHtmlCacheBehavior [ RunTime:0.001000s ]
INFO: [ app_begin ] --END-- [ RunTime:0.001000s ]
SQL: SHOW COLUMNS FROM `syd_user` [ RunTime:0.0040s ]
NOTIC: [8] Undefined index: clock_user D:\xampp\htdocs\peoplecar\game\Admin\Controller\CommonController.class.php 第 19 行.
NOTIC: [8] Undefined index: clock_usfarm D:\xampp\htdocs\peoplecar\game\Admin\Controller\CommonController.class.php 第 37 行.
NOTIC: [8] Undefined index: clock_play D:\xampp\htdocs\peoplecar\game\Admin\Controller\CommonController.class.php 第 54 行.
NOTIC: [8] Undefined variable: where D:\xampp\htdocs\peoplecar\game\Admin\Controller\UserAdministrationController.class.php 第 27 行.
SQL: SELECT COUNT(*) AS tp_count FROM `syd_user` LIMIT 1   [ RunTime:0.0030s ]
NOTIC: [2] Missing argument 2 for Think\Page::setConfig(), called in D:\xampp\htdocs\peoplecar\game\Common\Common\function.php on line 176 and defined D:\xampp\htdocs\peoplecar\ThinkPHP\Library\Think\Page.class.php 第 58 行.
NOTIC: [2] Illegal offset type in isset or empty D:\xampp\htdocs\peoplecar\ThinkPHP\Library\Think\Page.class.php 第 59 行.
NOTIC: [8] Undefined variable: where D:\xampp\htdocs\peoplecar\game\Admin\Controller\UserAdministrationController.class.php 第 30 行.
SQL: SELECT `userid`,`account`,`username`,`lockuser`,`time`,`parent_id`,`identity_card`,`phone` FROM `syd_user` ORDER BY userid desc  LIMIT 0,10   [ RunTime:0.0030s ]
INFO: [ view_parse ] --START--
INFO: [ template_filter ] --START--
INFO: Run Behavior\ContentReplaceBehavior [ RunTime:0.000000s ]
INFO: [ template_filter ] --END-- [ RunTime:0.001000s ]
INFO: Run Behavior\ParseTemplateBehavior [ RunTime:0.015000s ]
INFO: [ view_parse ] --END-- [ RunTime:0.015000s ]
INFO: [ view_filter ] --START--
INFO: Run Behavior\WriteHtmlCacheBehavior [ RunTime:0.001001s ]
INFO: [ view_filter ] --END-- [ RunTime:0.001001s ]
INFO: [ app_end ] --START--
INFO: Run Behavior\ShowPageTraceBehavior [ RunTime:0.001000s ]
INFO: [ app_end ] --END-- [ RunTime:0.001000s ]

[ 2017-10-11T14:15:51+08:00 ] ::1 /peoplecar/index.php?s=/super/AdminControl/adminListPage.html
INFO: [ app_init ] --START--
INFO: Run Behavior\BuildLiteBehavior [ RunTime:0.000000s ]
INFO: [ app_init ] --END-- [ RunTime:0.001000s ]
INFO: [ app_begin ] --START--
INFO: Run Behavior\ReadHtmlCacheBehavior [ RunTime:0.000000s ]
INFO: [ app_begin ] --END-- [ RunTime:0.001000s ]
SQL: SHOW COLUMNS FROM `syd_user` [ RunTime:0.0050s ]
NOTIC: [8] Undefined index: clock_user D:\xampp\htdocs\peoplecar\game\Admin\Controller\CommonController.class.php 第 19 行.
NOTIC: [8] Undefined index: clock_usfarm D:\xampp\htdocs\peoplecar\game\Admin\Controller\CommonController.class.php 第 37 行.
NOTIC: [8] Undefined index: clock_play D:\xampp\htdocs\peoplecar\game\Admin\Controller\CommonController.class.php 第 54 行.
SQL: SHOW COLUMNS FROM `syd_nzspuser` [ RunTime:0.0040s ]
SQL: SELECT COUNT(*) AS tp_count FROM `syd_nzspuser` LIMIT 1   [ RunTime:0.0010s ]
NOTIC: [2] Missing argument 2 for Think\Page::setConfig(), called in D:\xampp\htdocs\peoplecar\game\Common\Common\function.php on line 176 and defined D:\xampp\htdocs\peoplecar\ThinkPHP\Library\Think\Page.class.php 第 58 行.
NOTIC: [2] Illegal offset type in isset or empty D:\xampp\htdocs\peoplecar\ThinkPHP\Library\Think\Page.class.php 第 59 行.
SQL: SELECT `sp_id`,`sp_username`,`sp_logintime`,`sp_addtime`,`sp_loginip` FROM `syd_nzspuser` ORDER BY sp_id desc  LIMIT 0,10   [ RunTime:0.0000s ]
INFO: [ view_parse ] --START--
INFO: [ template_filter ] --START--
INFO: Run Behavior\ContentReplaceBehavior [ RunTime:0.000000s ]
INFO: [ template_filter ] --END-- [ RunTime:0.000000s ]
INFO: Run Behavior\ParseTemplateBehavior [ RunTime:0.009000s ]
INFO: [ view_parse ] --END-- [ RunTime:0.009000s ]
INFO: [ view_filter ] --START--
INFO: Run Behavior\WriteHtmlCacheBehavior [ RunTime:0.001000s ]
INFO: [ view_filter ] --END-- [ RunTime:0.001000s ]
INFO: [ app_end ] --START--
INFO: Run Behavior\ShowPageTraceBehavior [ RunTime:0.003001s ]
INFO: [ app_end ] --END-- [ RunTime:0.003001s ]

[ 2017-10-11T14:16:17+08:00 ] 192.168.1.100 /peoplecar/index.php?s=/super/Login/index
INFO: [ app_init ] --START--
INFO: Run Behavior\BuildLiteBehavior [ RunTime:0.000000s ]
INFO: [ app_init ] --END-- [ RunTime:0.001000s ]
INFO: [ app_begin ] --START--
INFO: Run Behavior\ReadHtmlCacheBehavior [ RunTime:0.001000s ]
INFO: [ app_begin ] --END-- [ RunTime:0.001000s ]
INFO: [ view_parse ] --START--
INFO: [ template_filter ] --START--
INFO: Run Behavior\ContentReplaceBehavior [ RunTime:0.000000s ]
INFO: [ template_filter ] --END-- [ RunTime:0.000000s ]
INFO: Run Behavior\ParseTemplateBehavior [ RunTime:0.010000s ]
INFO: [ view_parse ] --END-- [ RunTime:0.010000s ]
INFO: [ view_filter ] --START--
INFO: Run Behavior\WriteHtmlCacheBehavior [ RunTime:0.000000s ]
INFO: [ view_filter ] --END-- [ RunTime:0.000000s ]
INFO: [ app_end ] --START--
INFO: Run Behavior\ShowPageTraceBehavior [ RunTime:0.001000s ]
INFO: [ app_end ] --END-- [ RunTime:0.001000s ]

[ 2017-10-11T14:16:29+08:00 ] 192.168.1.100 /peoplecar/index.php?s=/super/login/idcheck
INFO: [ app_init ] --START--
INFO: Run Behavior\BuildLiteBehavior [ RunTime:0.000000s ]
INFO: [ app_init ] --END-- [ RunTime:0.001001s ]
INFO: [ app_begin ] --START--
INFO: Run Behavior\ReadHtmlCacheBehavior [ RunTime:0.001000s ]
INFO: [ app_begin ] --END-- [ RunTime:0.001000s ]
SQL: SHOW COLUMNS FROM `syd_nzspuser` [ RunTime:0.0050s ]
SQL: SELECT * FROM `syd_nzspuser` WHERE ( sp_username='admin' ) LIMIT 1   [ RunTime:0.0000s ]

[ 2017-10-11T14:16:33+08:00 ] 192.168.1.100 /peoplecar/index.php?s=/super/login/idcheck
INFO: [ app_init ] --START--
INFO: Run Behavior\BuildLiteBehavior [ RunTime:0.000000s ]
INFO: [ app_init ] --END-- [ RunTime:0.001001s ]
INFO: [ app_begin ] --START--
INFO: Run Behavior\ReadHtmlCacheBehavior [ RunTime:0.001000s ]
INFO: [ app_begin ] --END-- [ RunTime:0.001000s ]
SQL: SHOW COLUMNS FROM `syd_nzspuser` [ RunTime:0.0040s ]
SQL: SELECT * FROM `syd_nzspuser` WHERE ( sp_username='admin' ) LIMIT 1   [ RunTime:0.0010s ]
SQL: UPDATE `syd_nzspuser` SET `sp_logintime`='1507702593',`sp_loginip`='192.168.1.100' WHERE ( sp_id ='1' ) [ RunTime:0.0010s ]
INFO: [ app_end ] --START--
INFO: Run Behavior\ShowPageTraceBehavior [ RunTime:0.001000s ]
INFO: [ app_end ] --END-- [ RunTime:0.001000s ]

[ 2017-10-11T14:16:35+08:00 ] 192.168.1.100 /peoplecar/index.php?s=/super/index/backstageSammaryPage
INFO: [ app_init ] --START--
INFO: Run Behavior\BuildLiteBehavior [ RunTime:0.000000s ]
INFO: [ app_init ] --END-- [ RunTime:0.001000s ]
INFO: [ app_begin ] --START--
INFO: Run Behavior\ReadHtmlCacheBehavior [ RunTime:0.001001s ]
INFO: [ app_begin ] --END-- [ RunTime:0.001001s ]
SQL: SHOW COLUMNS FROM `syd_user` [ RunTime:0.0040s ]
NOTIC: [8] Undefined index: clock_user D:\xampp\htdocs\peoplecar\game\Admin\Controller\CommonController.class.php 第 19 行.
NOTIC: [8] Undefined index: clock_usfarm D:\xampp\htdocs\peoplecar\game\Admin\Controller\CommonController.class.php 第 37 行.
NOTIC: [8] Undefined index: clock_play D:\xampp\htdocs\peoplecar\game\Admin\Controller\CommonController.class.php 第 54 行.
INFO: [ view_parse ] --START--
INFO: [ template_filter ] --START--
INFO: Run Behavior\ContentReplaceBehavior [ RunTime:0.000000s ]
INFO: [ template_filter ] --END-- [ RunTime:0.001000s ]
INFO: Run Behavior\ParseTemplateBehavior [ RunTime:0.008000s ]
INFO: [ view_parse ] --END-- [ RunTime:0.008000s ]
INFO: [ view_filter ] --START--
INFO: Run Behavior\WriteHtmlCacheBehavior [ RunTime:0.001000s ]
INFO: [ view_filter ] --END-- [ RunTime:0.001000s ]
INFO: [ app_end ] --START--
INFO: Run Behavior\ShowPageTraceBehavior [ RunTime:0.000000s ]
INFO: [ app_end ] --END-- [ RunTime:0.000000s ]

[ 2017-10-11T14:16:35+08:00 ] 192.168.1.100 /peoplecar/index.php?s=/super/Index/gameNotice
INFO: [ app_init ] --START--
INFO: Run Behavior\BuildLiteBehavior [ RunTime:0.000000s ]
INFO: [ app_init ] --END-- [ RunTime:0.001000s ]
INFO: [ app_begin ] --START--
INFO: Run Behavior\ReadHtmlCacheBehavior [ RunTime:0.000000s ]
INFO: [ app_begin ] --END-- [ RunTime:0.000000s ]
SQL: SHOW COLUMNS FROM `syd_user` [ RunTime:0.0030s ]
NOTIC: [8] Undefined index: clock_user D:\xampp\htdocs\peoplecar\game\Admin\Controller\CommonController.class.php 第 19 行.
NOTIC: [8] Undefined index: clock_usfarm D:\xampp\htdocs\peoplecar\game\Admin\Controller\CommonController.class.php 第 37 行.
NOTIC: [8] Undefined index: clock_play D:\xampp\htdocs\peoplecar\game\Admin\Controller\CommonController.class.php 第 54 行.
INFO: [ view_parse ] --START--
INFO: [ template_filter ] --START--
INFO: Run Behavior\ContentReplaceBehavior [ RunTime:0.000000s ]
INFO: [ template_filter ] --END-- [ RunTime:0.000000s ]
INFO: Run Behavior\ParseTemplateBehavior [ RunTime:0.007000s ]
INFO: [ view_parse ] --END-- [ RunTime:0.007000s ]
INFO: [ view_filter ] --START--
INFO: Run Behavior\WriteHtmlCacheBehavior [ RunTime:0.001000s ]
INFO: [ view_filter ] --END-- [ RunTime:0.001000s ]
INFO: [ app_end ] --START--
INFO: Run Behavior\ShowPageTraceBehavior [ RunTime:0.000000s ]
INFO: [ app_end ] --END-- [ RunTime:0.000000s ]

[ 2017-10-11T14:16:51+08:00 ] 192.168.1.100 /peoplecar/index.php?s=/super/NoticControl/emailToUserListPage.html
INFO: [ app_init ] --START--
INFO: Run Behavior\BuildLiteBehavior [ RunTime:0.000000s ]
INFO: [ app_init ] --END-- [ RunTime:0.000000s ]
INFO: [ app_begin ] --START--
INFO: Run Behavior\ReadHtmlCacheBehavior [ RunTime:0.001000s ]
INFO: [ app_begin ] --END-- [ RunTime:0.001000s ]
SQL: SHOW COLUMNS FROM `syd_user` [ RunTime:0.0040s ]
NOTIC: [8] Undefined index: clock_user D:\xampp\htdocs\peoplecar\game\Admin\Controller\CommonController.class.php 第 19 行.
NOTIC: [8] Undefined index: clock_usfarm D:\xampp\htdocs\peoplecar\game\Admin\Controller\CommonController.class.php 第 37 行.
NOTIC: [8] Undefined index: clock_play D:\xampp\htdocs\peoplecar\game\Admin\Controller\CommonController.class.php 第 54 行.
SQL: SHOW COLUMNS FROM `syd_useremail` [ RunTime:0.0070s ]
SQL: SELECT COUNT(*) AS tp_count FROM `syd_useremail` LIMIT 1   [ RunTime:0.0010s ]
NOTIC: [2] Missing argument 2 for Think\Page::setConfig(), called in D:\xampp\htdocs\peoplecar\game\Common\Common\function.php on line 176 and defined D:\xampp\htdocs\peoplecar\ThinkPHP\Library\Think\Page.class.php 第 58 行.
NOTIC: [2] Illegal offset type in isset or empty D:\xampp\htdocs\peoplecar\ThinkPHP\Library\Think\Page.class.php 第 59 行.
SQL: SELECT `id`,`sp_id`,`title`,`content`,`time`,`status`,`uid` FROM `syd_useremail` ORDER BY id desc  LIMIT 0,10   [ RunTime:0.0010s ]
INFO: [ view_parse ] --START--
INFO: [ template_filter ] --START--
INFO: Run Behavior\ContentReplaceBehavior [ RunTime:0.001000s ]
INFO: [ template_filter ] --END-- [ RunTime:0.001000s ]
INFO: Run Behavior\ParseTemplateBehavior [ RunTime:0.010001s ]
INFO: [ view_parse ] --END-- [ RunTime:0.010001s ]
INFO: [ view_filter ] --START--
INFO: Run Behavior\WriteHtmlCacheBehavior [ RunTime:0.000000s ]
INFO: [ view_filter ] --END-- [ RunTime:0.000000s ]
INFO: [ app_end ] --START--
INFO: Run Behavior\ShowPageTraceBehavior [ RunTime:0.001000s ]
INFO: [ app_end ] --END-- [ RunTime:0.001000s ]

[ 2017-10-11T14:20:10+08:00 ] 192.168.1.100 /peoplecar/index.php?s=/super/login/idcheck
INFO: [ app_init ] --START--
INFO: Run Behavior\BuildLiteBehavior [ RunTime:0.000000s ]
INFO: [ app_init ] --END-- [ RunTime:0.001000s ]
INFO: [ app_begin ] --START--
INFO: Run Behavior\ReadHtmlCacheBehavior [ RunTime:0.000000s ]
INFO: [ app_begin ] --END-- [ RunTime:0.000000s ]
SQL: SHOW COLUMNS FROM `syd_nzspuser` [ RunTime:0.0040s ]
SQL: SELECT * FROM `syd_nzspuser` WHERE ( sp_username='admin' ) LIMIT 1   [ RunTime:0.0010s ]
SQL: UPDATE `syd_nzspuser` SET `sp_logintime`='1507702810',`sp_loginip`='192.168.1.100' WHERE ( sp_id ='1' ) [ RunTime:0.0010s ]
INFO: [ app_end ] --START--
INFO: Run Behavior\ShowPageTraceBehavior [ RunTime:0.001000s ]
INFO: [ app_end ] --END-- [ RunTime:0.001000s ]

[ 2017-10-11T14:20:12+08:00 ] 192.168.1.100 /peoplecar/index.php?s=/super/index/backstageSammaryPage
INFO: [ app_init ] --START--
INFO: Run Behavior\BuildLiteBehavior [ RunTime:0.000000s ]
INFO: [ app_init ] --END-- [ RunTime:0.001000s ]
INFO: [ app_begin ] --START--
INFO: Run Behavior\ReadHtmlCacheBehavior [ RunTime:0.001000s ]
INFO: [ app_begin ] --END-- [ RunTime:0.001000s ]
SQL: SHOW COLUMNS FROM `syd_user` [ RunTime:0.0040s ]
NOTIC: [8] Undefined index: clock_user D:\xampp\htdocs\peoplecar\game\Admin\Controller\CommonController.class.php 第 19 行.
NOTIC: [8] Undefined index: clock_usfarm D:\xampp\htdocs\peoplecar\game\Admin\Controller\CommonController.class.php 第 37 行.
NOTIC: [8] Undefined index: clock_play D:\xampp\htdocs\peoplecar\game\Admin\Controller\CommonController.class.php 第 54 行.
INFO: [ view_parse ] --START--
INFO: [ template_filter ] --START--
INFO: Run Behavior\ContentReplaceBehavior [ RunTime:0.000000s ]
INFO: [ template_filter ] --END-- [ RunTime:0.000000s ]
INFO: Run Behavior\ParseTemplateBehavior [ RunTime:0.009001s ]
INFO: [ view_parse ] --END-- [ RunTime:0.009001s ]
INFO: [ view_filter ] --START--
INFO: Run Behavior\WriteHtmlCacheBehavior [ RunTime:0.000000s ]
INFO: [ view_filter ] --END-- [ RunTime:0.000000s ]
INFO: [ app_end ] --START--
INFO: Run Behavior\ShowPageTraceBehavior [ RunTime:0.001000s ]
INFO: [ app_end ] --END-- [ RunTime:0.001000s ]

[ 2017-10-11T14:20:12+08:00 ] 192.168.1.100 /peoplecar/index.php?s=/super/Index/gameNotice
INFO: [ app_init ] --START--
INFO: Run Behavior\BuildLiteBehavior [ RunTime:0.001000s ]
INFO: [ app_init ] --END-- [ RunTime:0.001000s ]
INFO: [ app_begin ] --START--
INFO: Run Behavior\ReadHtmlCacheBehavior [ RunTime:0.001000s ]
INFO: [ app_begin ] --END-- [ RunTime:0.001000s ]
SQL: SHOW COLUMNS FROM `syd_user` [ RunTime:0.0040s ]
NOTIC: [8] Undefined index: clock_user D:\xampp\htdocs\peoplecar\game\Admin\Controller\CommonController.class.php 第 19 行.
NOTIC: [8] Undefined index: clock_usfarm D:\xampp\htdocs\peoplecar\game\Admin\Controller\CommonController.class.php 第 37 行.
NOTIC: [8] Undefined index: clock_play D:\xampp\htdocs\peoplecar\game\Admin\Controller\CommonController.class.php 第 54 行.
INFO: [ view_parse ] --START--
INFO: [ template_filter ] --START--
INFO: Run Behavior\ContentReplaceBehavior [ RunTime:0.001000s ]
INFO: [ template_filter ] --END-- [ RunTime:0.001000s ]
INFO: Run Behavior\ParseTemplateBehavior [ RunTime:0.008000s ]
INFO: [ view_parse ] --END-- [ RunTime:0.008000s ]
INFO: [ view_filter ] --START--
INFO: Run Behavior\WriteHtmlCacheBehavior [ RunTime:0.000000s ]
INFO: [ view_filter ] --END-- [ RunTime:0.000000s ]
INFO: [ app_end ] --START--
INFO: Run Behavior\ShowPageTraceBehavior [ RunTime:0.001000s ]
INFO: [ app_end ] --END-- [ RunTime:0.001000s ]

[ 2017-10-11T14:20:19+08:00 ] 192.168.1.100 /peoplecar/index.php?s=/super/ParameterProbability/functionValueResetPage.html
INFO: [ app_init ] --START--
INFO: Run Behavior\BuildLiteBehavior [ RunTime:0.000000s ]
INFO: [ app_init ] --END-- [ RunTime:0.001000s ]
INFO: [ app_begin ] --START--
INFO: Run Behavior\ReadHtmlCacheBehavior [ RunTime:0.001000s ]
INFO: [ app_begin ] --END-- [ RunTime:0.001000s ]
SQL: SHOW COLUMNS FROM `syd_user` [ RunTime:0.0040s ]
NOTIC: [8] Undefined index: clock_user D:\xampp\htdocs\peoplecar\game\Admin\Controller\CommonController.class.php 第 19 行.
NOTIC: [8] Undefined index: clock_usfarm D:\xampp\htdocs\peoplecar\game\Admin\Controller\CommonController.class.php 第 37 行.
NOTIC: [8] Undefined index: clock_play D:\xampp\htdocs\peoplecar\game\Admin\Controller\CommonController.class.php 第 54 行.
INFO: [ view_parse ] --START--
INFO: [ template_filter ] --START--
INFO: Run Behavior\ContentReplaceBehavior [ RunTime:0.000000s ]
INFO: [ template_filter ] --END-- [ RunTime:0.000000s ]
INFO: Run Behavior\ParseTemplateBehavior [ RunTime:0.008001s ]
INFO: [ view_parse ] --END-- [ RunTime:0.009001s ]
INFO: [ view_filter ] --START--
INFO: Run Behavior\WriteHtmlCacheBehavior [ RunTime:0.000000s ]
INFO: [ view_filter ] --END-- [ RunTime:0.000000s ]
INFO: [ app_end ] --START--
INFO: Run Behavior\ShowPageTraceBehavior [ RunTime:0.001000s ]
INFO: [ app_end ] --END-- [ RunTime:0.001000s ]

[ 2017-10-11T14:20:20+08:00 ] 192.168.1.100 /peoplecar/index.php?s=/super/ParameterProbability/helpDocumentList.html
INFO: [ app_init ] --START--
INFO: Run Behavior\BuildLiteBehavior [ RunTime:0.000000s ]
INFO: [ app_init ] --END-- [ RunTime:0.001000s ]
INFO: [ app_begin ] --START--
INFO: Run Behavior\ReadHtmlCacheBehavior [ RunTime:0.001000s ]
INFO: [ app_begin ] --END-- [ RunTime:0.001000s ]
SQL: SHOW COLUMNS FROM `syd_user` [ RunTime:0.0050s ]
NOTIC: [8] Undefined index: clock_user D:\xampp\htdocs\peoplecar\game\Admin\Controller\CommonController.class.php 第 19 行.
NOTIC: [8] Undefined index: clock_usfarm D:\xampp\htdocs\peoplecar\game\Admin\Controller\CommonController.class.php 第 37 行.
NOTIC: [8] Undefined index: clock_play D:\xampp\htdocs\peoplecar\game\Admin\Controller\CommonController.class.php 第 54 行.
SQL: SHOW COLUMNS FROM `syd_helpintroduce` [ RunTime:0.0100s ]
SQL: SELECT COUNT(*) AS tp_count FROM `syd_helpintroduce` LIMIT 1   [ RunTime:0.0000s ]
NOTIC: [2] Missing argument 2 for Think\Page::setConfig(), called in D:\xampp\htdocs\peoplecar\game\Common\Common\function.php on line 176 and defined D:\xampp\htdocs\peoplecar\ThinkPHP\Library\Think\Page.class.php 第 58 行.
NOTIC: [2] Illegal offset type in isset or empty D:\xampp\htdocs\peoplecar\ThinkPHP\Library\Think\Page.class.php 第 59 行.
SQL: SELECT `id`,`title`,`content`,`time` FROM `syd_helpintroduce` ORDER BY id desc  LIMIT 0,10   [ RunTime:0.0010s ]
INFO: [ view_parse ] --START--
INFO: [ template_filter ] --START--
INFO: Run Behavior\ContentReplaceBehavior [ RunTime:0.000000s ]
INFO: [ template_filter ] --END-- [ RunTime:0.000000s ]
INFO: Run Behavior\ParseTemplateBehavior [ RunTime:0.009001s ]
INFO: [ view_parse ] --END-- [ RunTime:0.010001s ]
INFO: [ view_filter ] --START--
INFO: Run Behavior\WriteHtmlCacheBehavior [ RunTime:0.000000s ]
INFO: [ view_filter ] --END-- [ RunTime:0.000000s ]
INFO: [ app_end ] --START--
INFO: Run Behavior\ShowPageTraceBehavior [ RunTime:0.001000s ]
INFO: [ app_end ] --END-- [ RunTime:0.001000s ]

[ 2017-10-11T14:20:21+08:00 ] 192.168.1.100 /peoplecar/index.php?s=/super/ParameterProbability/addHelpDocument.html
INFO: [ app_init ] --START--
INFO: Run Behavior\BuildLiteBehavior [ RunTime:0.000000s ]
INFO: [ app_init ] --END-- [ RunTime:0.002000s ]
INFO: [ app_begin ] --START--
INFO: Run Behavior\ReadHtmlCacheBehavior [ RunTime:0.002000s ]
INFO: [ app_begin ] --END-- [ RunTime:0.002000s ]
SQL: SHOW COLUMNS FROM `syd_user` [ RunTime:0.0050s ]
NOTIC: [8] Undefined index: clock_user D:\xampp\htdocs\peoplecar\game\Admin\Controller\CommonController.class.php 第 19 行.
NOTIC: [8] Undefined index: clock_usfarm D:\xampp\htdocs\peoplecar\game\Admin\Controller\CommonController.class.php 第 37 行.
NOTIC: [8] Undefined index: clock_play D:\xampp\htdocs\peoplecar\game\Admin\Controller\CommonController.class.php 第 54 行.
INFO: [ view_parse ] --START--
INFO: [ template_filter ] --START--
INFO: Run Behavior\ContentReplaceBehavior [ RunTime:0.000000s ]
INFO: [ template_filter ] --END-- [ RunTime:0.000000s ]
INFO: Run Behavior\ParseTemplateBehavior [ RunTime:0.010001s ]
INFO: [ view_parse ] --END-- [ RunTime:0.010001s ]
INFO: [ view_filter ] --START--
INFO: Run Behavior\WriteHtmlCacheBehavior [ RunTime:0.001000s ]
INFO: [ view_filter ] --END-- [ RunTime:0.001000s ]
INFO: [ app_end ] --START--
INFO: Run Behavior\ShowPageTraceBehavior [ RunTime:0.001000s ]
INFO: [ app_end ] --END-- [ RunTime:0.001000s ]

[ 2017-10-11T14:20:22+08:00 ] 192.168.1.100 /peoplecar/index.php?s=/super/WealthDetailed/userDetails.html
INFO: [ app_init ] --START--
INFO: Run Behavior\BuildLiteBehavior [ RunTime:0.000000s ]
INFO: [ app_init ] --END-- [ RunTime:0.001000s ]
INFO: [ app_begin ] --START--
INFO: Run Behavior\ReadHtmlCacheBehavior [ RunTime:0.001000s ]
INFO: [ app_begin ] --END-- [ RunTime:0.001000s ]
SQL: SHOW COLUMNS FROM `syd_user` [ RunTime:0.0040s ]
NOTIC: [8] Undefined index: clock_user D:\xampp\htdocs\peoplecar\game\Admin\Controller\CommonController.class.php 第 19 行.
NOTIC: [8] Undefined index: clock_usfarm D:\xampp\htdocs\peoplecar\game\Admin\Controller\CommonController.class.php 第 37 行.
NOTIC: [8] Undefined index: clock_play D:\xampp\htdocs\peoplecar\game\Admin\Controller\CommonController.class.php 第 54 行.
INFO: [ view_parse ] --START--
INFO: [ template_filter ] --START--
INFO: Run Behavior\ContentReplaceBehavior [ RunTime:0.000000s ]
INFO: [ template_filter ] --END-- [ RunTime:0.000000s ]
INFO: Run Behavior\ParseTemplateBehavior [ RunTime:0.008000s ]
INFO: [ view_parse ] --END-- [ RunTime:0.008000s ]
INFO: [ view_filter ] --START--
INFO: Run Behavior\WriteHtmlCacheBehavior [ RunTime:0.000000s ]
INFO: [ view_filter ] --END-- [ RunTime:0.000000s ]
INFO: [ app_end ] --START--
INFO: Run Behavior\ShowPageTraceBehavior [ RunTime:0.000000s ]
INFO: [ app_end ] --END-- [ RunTime:0.001000s ]

[ 2017-10-11T14:20:23+08:00 ] 192.168.1.100 /peoplecar/index.php?s=/super/WealthDetailed/userChargeHistory.html
INFO: [ app_init ] --START--
INFO: Run Behavior\BuildLiteBehavior [ RunTime:0.000000s ]
INFO: [ app_init ] --END-- [ RunTime:0.001000s ]
INFO: [ app_begin ] --START--
INFO: Run Behavior\ReadHtmlCacheBehavior [ RunTime:0.001000s ]
INFO: [ app_begin ] --END-- [ RunTime:0.001000s ]
SQL: SHOW COLUMNS FROM `syd_user` [ RunTime:0.0040s ]
NOTIC: [8] Undefined index: clock_user D:\xampp\htdocs\peoplecar\game\Admin\Controller\CommonController.class.php 第 19 行.
NOTIC: [8] Undefined index: clock_usfarm D:\xampp\htdocs\peoplecar\game\Admin\Controller\CommonController.class.php 第 37 行.
NOTIC: [8] Undefined index: clock_play D:\xampp\htdocs\peoplecar\game\Admin\Controller\CommonController.class.php 第 54 行.
SQL: SHOW COLUMNS FROM `syd_charge` [ RunTime:0.0050s ]
SQL: SELECT COUNT(*) AS tp_count FROM `syd_charge` LIMIT 1   [ RunTime:0.0010s ]
NOTIC: [2] Missing argument 2 for Think\Page::setConfig(), called in D:\xampp\htdocs\peoplecar\game\Common\Common\function.php on line 176 and defined D:\xampp\htdocs\peoplecar\ThinkPHP\Library\Think\Page.class.php 第 58 行.
NOTIC: [2] Illegal offset type in isset or empty D:\xampp\htdocs\peoplecar\ThinkPHP\Library\Think\Page.class.php 第 59 行.
SQL: SELECT `id`,`uid`,`phone`,`wx_no`,`money`,`time`,`status` FROM `syd_charge` ORDER BY id desc  LIMIT 0,10   [ RunTime:0.0010s ]
SQL: SELECT * FROM `syd_user` WHERE ( userid=1 ) LIMIT 1   [ RunTime:0.0000s ]
SQL: SELECT * FROM `syd_user` WHERE ( userid=1 ) LIMIT 1   [ RunTime:0.0000s ]
SQL: SELECT * FROM `syd_user` WHERE ( userid=1 ) LIMIT 1   [ RunTime:0.0000s ]
SQL: SELECT * FROM `syd_user` WHERE ( userid=1 ) LIMIT 1   [ RunTime:0.0000s ]
SQL: SELECT * FROM `syd_user` WHERE ( userid=1 ) LIMIT 1   [ RunTime:0.0000s ]
INFO: [ view_parse ] --START--
INFO: [ template_filter ] --START--
INFO: Run Behavior\ContentReplaceBehavior [ RunTime:0.001000s ]
INFO: [ template_filter ] --END-- [ RunTime:0.001000s ]
INFO: Run Behavior\ParseTemplateBehavior [ RunTime:0.011001s ]
INFO: [ view_parse ] --END-- [ RunTime:0.011001s ]
INFO: [ view_filter ] --START--
INFO: Run Behavior\WriteHtmlCacheBehavior [ RunTime:0.000000s ]
INFO: [ view_filter ] --END-- [ RunTime:0.000000s ]
INFO: [ app_end ] --START--
INFO: Run Behavior\ShowPageTraceBehavior [ RunTime:0.001000s ]
INFO: [ app_end ] --END-- [ RunTime:0.001000s ]

[ 2017-10-11T14:20:24+08:00 ] 192.168.1.100 /peoplecar/index.php?s=/super/WealthDetailed/userCapitalOffset.html
INFO: [ app_init ] --START--
INFO: Run Behavior\BuildLiteBehavior [ RunTime:0.000000s ]
INFO: [ app_init ] --END-- [ RunTime:0.000000s ]
INFO: [ app_begin ] --START--
INFO: Run Behavior\ReadHtmlCacheBehavior [ RunTime:0.001000s ]
INFO: [ app_begin ] --END-- [ RunTime:0.001000s ]
SQL: SHOW COLUMNS FROM `syd_user` [ RunTime:0.0040s ]
NOTIC: [8] Undefined index: clock_user D:\xampp\htdocs\peoplecar\game\Admin\Controller\CommonController.class.php 第 19 行.
NOTIC: [8] Undefined index: clock_usfarm D:\xampp\htdocs\peoplecar\game\Admin\Controller\CommonController.class.php 第 37 行.
NOTIC: [8] Undefined index: clock_play D:\xampp\htdocs\peoplecar\game\Admin\Controller\CommonController.class.php 第 54 行.
INFO: [ view_parse ] --START--
INFO: [ template_filter ] --START--
INFO: Run Behavior\ContentReplaceBehavior [ RunTime:0.000000s ]
INFO: [ template_filter ] --END-- [ RunTime:0.000000s ]
INFO: Run Behavior\ParseTemplateBehavior [ RunTime:0.009001s ]
INFO: [ view_parse ] --END-- [ RunTime:0.009001s ]
INFO: [ view_filter ] --START--
INFO: Run Behavior\WriteHtmlCacheBehavior [ RunTime:0.001000s ]
INFO: [ view_filter ] --END-- [ RunTime:0.001000s ]
INFO: [ app_end ] --START--
INFO: Run Behavior\ShowPageTraceBehavior [ RunTime:0.001000s ]
INFO: [ app_end ] --END-- [ RunTime:0.001000s ]

[ 2017-10-11T14:20:25+08:00 ] 192.168.1.100 /peoplecar/index.php?s=/super/WealthDetailed/remittanceHistory.html
INFO: [ app_init ] --START--
INFO: Run Behavior\BuildLiteBehavior [ RunTime:0.000000s ]
INFO: [ app_init ] --END-- [ RunTime:0.000000s ]
INFO: [ app_begin ] --START--
INFO: Run Behavior\ReadHtmlCacheBehavior [ RunTime:0.000000s ]
INFO: [ app_begin ] --END-- [ RunTime:0.001000s ]
SQL: SHOW COLUMNS FROM `syd_user` [ RunTime:0.0050s ]
NOTIC: [8] Undefined index: clock_user D:\xampp\htdocs\peoplecar\game\Admin\Controller\CommonController.class.php 第 19 行.
NOTIC: [8] Undefined index: clock_usfarm D:\xampp\htdocs\peoplecar\game\Admin\Controller\CommonController.class.php 第 37 行.
NOTIC: [8] Undefined index: clock_play D:\xampp\htdocs\peoplecar\game\Admin\Controller\CommonController.class.php 第 54 行.
INFO: [ view_parse ] --START--
INFO: [ template_filter ] --START--
INFO: Run Behavior\ContentReplaceBehavior [ RunTime:0.000000s ]
INFO: [ template_filter ] --END-- [ RunTime:0.000000s ]
INFO: Run Behavior\ParseTemplateBehavior [ RunTime:0.009000s ]
INFO: [ view_parse ] --END-- [ RunTime:0.009000s ]
INFO: [ view_filter ] --START--
INFO: Run Behavior\WriteHtmlCacheBehavior [ RunTime:0.000000s ]
INFO: [ view_filter ] --END-- [ RunTime:0.000000s ]
INFO: [ app_end ] --START--
INFO: Run Behavior\ShowPageTraceBehavior [ RunTime:0.000000s ]
INFO: [ app_end ] --END-- [ RunTime:0.001000s ]

[ 2017-10-11T14:20:26+08:00 ] 192.168.1.100 /peoplecar/index.php?s=/super/WealthDetailed/cashHistory.html
INFO: [ app_init ] --START--
INFO: Run Behavior\BuildLiteBehavior [ RunTime:0.000000s ]
INFO: [ app_init ] --END-- [ RunTime:0.001000s ]
INFO: [ app_begin ] --START--
INFO: Run Behavior\ReadHtmlCacheBehavior [ RunTime:0.001000s ]
INFO: [ app_begin ] --END-- [ RunTime:0.001000s ]
SQL: SHOW COLUMNS FROM `syd_user` [ RunTime:0.0050s ]
NOTIC: [8] Undefined index: clock_user D:\xampp\htdocs\peoplecar\game\Admin\Controller\CommonController.class.php 第 19 行.
NOTIC: [8] Undefined index: clock_usfarm D:\xampp\htdocs\peoplecar\game\Admin\Controller\CommonController.class.php 第 37 行.
NOTIC: [8] Undefined index: clock_play D:\xampp\htdocs\peoplecar\game\Admin\Controller\CommonController.class.php 第 54 行.
SQL: SHOW COLUMNS FROM `syd_withdraw` [ RunTime:0.0100s ]
SQL: SELECT COUNT(*) AS tp_count FROM `syd_withdraw` LIMIT 1   [ RunTime:0.0010s ]
NOTIC: [2] Missing argument 2 for Think\Page::setConfig(), called in D:\xampp\htdocs\peoplecar\game\Common\Common\function.php on line 176 and defined D:\xampp\htdocs\peoplecar\ThinkPHP\Library\Think\Page.class.php 第 58 行.
NOTIC: [2] Illegal offset type in isset or empty D:\xampp\htdocs\peoplecar\ThinkPHP\Library\Think\Page.class.php 第 59 行.
SQL: SELECT `id`,`uid`,`realname`,`bank_name`,`bank_address`,`bank_card`,`money`,`status`,`time` FROM `syd_withdraw` ORDER BY id desc  LIMIT 0,10   [ RunTime:0.0000s ]
SQL: SELECT * FROM `syd_user` WHERE ( userid=1 ) LIMIT 1   [ RunTime:0.0000s ]
SQL: SELECT * FROM `syd_user` WHERE ( userid=1 ) LIMIT 1   [ RunTime:0.0010s ]
INFO: [ view_parse ] --START--
INFO: [ template_filter ] --START--
INFO: Run Behavior\ContentReplaceBehavior [ RunTime:0.000000s ]
INFO: [ template_filter ] --END-- [ RunTime:0.000000s ]
NOTIC: [2] date() expects parameter 2 to be long, string given D:\xampp\htdocs\peoplecar\game\Runtime\Cache\Admin\5385f0d48bc9e7ed81d7635c49300df5.php 第 30 行.
INFO: Run Behavior\ParseTemplateBehavior [ RunTime:0.015001s ]
INFO: [ view_parse ] --END-- [ RunTime:0.015001s ]
INFO: [ view_filter ] --START--
INFO: Run Behavior\WriteHtmlCacheBehavior [ RunTime:0.000000s ]
INFO: [ view_filter ] --END-- [ RunTime:0.000000s ]
INFO: [ app_end ] --START--
INFO: Run Behavior\ShowPageTraceBehavior [ RunTime:0.000000s ]
INFO: [ app_end ] --END-- [ RunTime:0.001000s ]

[ 2017-10-11T14:20:26+08:00 ] 192.168.1.100 /peoplecar/index.php?s=/super/WealthDetailed/bonusDetails.html
INFO: [ app_init ] --START--
INFO: Run Behavior\BuildLiteBehavior [ RunTime:0.000000s ]
INFO: [ app_init ] --END-- [ RunTime:0.001000s ]
INFO: [ app_begin ] --START--
INFO: Run Behavior\ReadHtmlCacheBehavior [ RunTime:0.000000s ]
INFO: [ app_begin ] --END-- [ RunTime:0.000000s ]
SQL: SHOW COLUMNS FROM `syd_user` [ RunTime:0.0050s ]
NOTIC: [8] Undefined index: clock_user D:\xampp\htdocs\peoplecar\game\Admin\Controller\CommonController.class.php 第 19 行.
NOTIC: [8] Undefined index: clock_usfarm D:\xampp\htdocs\peoplecar\game\Admin\Controller\CommonController.class.php 第 37 行.
NOTIC: [8] Undefined index: clock_play D:\xampp\htdocs\peoplecar\game\Admin\Controller\CommonController.class.php 第 54 行.
INFO: [ view_parse ] --START--
INFO: [ template_filter ] --START--
INFO: Run Behavior\ContentReplaceBehavior [ RunTime:0.000000s ]
INFO: [ template_filter ] --END-- [ RunTime:0.000000s ]
INFO: Run Behavior\ParseTemplateBehavior [ RunTime:0.010000s ]
INFO: [ view_parse ] --END-- [ RunTime:0.010000s ]
INFO: [ view_filter ] --START--
INFO: Run Behavior\WriteHtmlCacheBehavior [ RunTime:0.000000s ]
INFO: [ view_filter ] --END-- [ RunTime:0.000000s ]
INFO: [ app_end ] --START--
INFO: Run Behavior\ShowPageTraceBehavior [ RunTime:0.001000s ]
INFO: [ app_end ] --END-- [ RunTime:0.001000s ]

[ 2017-10-11T14:20:28+08:00 ] 192.168.1.100 /peoplecar/index.php?s=/super/UserAdministration/administrationPage.html
INFO: [ app_init ] --START--
INFO: Run Behavior\BuildLiteBehavior [ RunTime:0.000000s ]
INFO: [ app_init ] --END-- [ RunTime:0.001000s ]
INFO: [ app_begin ] --START--
INFO: Run Behavior\ReadHtmlCacheBehavior [ RunTime:0.001000s ]
INFO: [ app_begin ] --END-- [ RunTime:0.001000s ]
SQL: SHOW COLUMNS FROM `syd_user` [ RunTime:0.0050s ]
NOTIC: [8] Undefined index: clock_user D:\xampp\htdocs\peoplecar\game\Admin\Controller\CommonController.class.php 第 19 行.
NOTIC: [8] Undefined index: clock_usfarm D:\xampp\htdocs\peoplecar\game\Admin\Controller\CommonController.class.php 第 37 行.
NOTIC: [8] Undefined index: clock_play D:\xampp\htdocs\peoplecar\game\Admin\Controller\CommonController.class.php 第 54 行.
NOTIC: [8] Undefined variable: where D:\xampp\htdocs\peoplecar\game\Admin\Controller\UserAdministrationController.class.php 第 27 行.
SQL: SELECT COUNT(*) AS tp_count FROM `syd_user` LIMIT 1   [ RunTime:0.0000s ]
NOTIC: [2] Missing argument 2 for Think\Page::setConfig(), called in D:\xampp\htdocs\peoplecar\game\Common\Common\function.php on line 176 and defined D:\xampp\htdocs\peoplecar\ThinkPHP\Library\Think\Page.class.php 第 58 行.
NOTIC: [2] Illegal offset type in isset or empty D:\xampp\htdocs\peoplecar\ThinkPHP\Library\Think\Page.class.php 第 59 行.
NOTIC: [8] Undefined variable: where D:\xampp\htdocs\peoplecar\game\Admin\Controller\UserAdministrationController.class.php 第 30 行.
SQL: SELECT `userid`,`account`,`username`,`lockuser`,`time`,`parent_id`,`identity_card`,`phone` FROM `syd_user` ORDER BY userid desc  LIMIT 0,10   [ RunTime:0.0010s ]
INFO: [ view_parse ] --START--
INFO: [ template_filter ] --START--
INFO: Run Behavior\ContentReplaceBehavior [ RunTime:0.000000s ]
INFO: [ template_filter ] --END-- [ RunTime:0.000000s ]
INFO: Run Behavior\ParseTemplateBehavior [ RunTime:0.014001s ]
INFO: [ view_parse ] --END-- [ RunTime:0.014001s ]
INFO: [ view_filter ] --START--
INFO: Run Behavior\WriteHtmlCacheBehavior [ RunTime:0.000000s ]
INFO: [ view_filter ] --END-- [ RunTime:0.000000s ]
INFO: [ app_end ] --START--
INFO: Run Behavior\ShowPageTraceBehavior [ RunTime:0.001000s ]
INFO: [ app_end ] --END-- [ RunTime:0.001000s ]

[ 2017-10-11T14:20:30+08:00 ] 192.168.1.100 /peoplecar/index.php?s=/super/UserAdministration/userRecommendStructure.html
INFO: [ app_init ] --START--
INFO: Run Behavior\BuildLiteBehavior [ RunTime:0.000000s ]
INFO: [ app_init ] --END-- [ RunTime:0.000000s ]
INFO: [ app_begin ] --START--
INFO: Run Behavior\ReadHtmlCacheBehavior [ RunTime:0.001000s ]
INFO: [ app_begin ] --END-- [ RunTime:0.001000s ]
SQL: SHOW COLUMNS FROM `syd_user` [ RunTime:0.0030s ]
NOTIC: [8] Undefined index: clock_user D:\xampp\htdocs\peoplecar\game\Admin\Controller\CommonController.class.php 第 19 行.
NOTIC: [8] Undefined index: clock_usfarm D:\xampp\htdocs\peoplecar\game\Admin\Controller\CommonController.class.php 第 37 行.
NOTIC: [8] Undefined index: clock_play D:\xampp\htdocs\peoplecar\game\Admin\Controller\CommonController.class.php 第 54 行.
INFO: [ view_parse ] --START--
INFO: [ template_filter ] --START--
INFO: Run Behavior\ContentReplaceBehavior [ RunTime:0.000000s ]
INFO: [ template_filter ] --END-- [ RunTime:0.000000s ]
INFO: Run Behavior\ParseTemplateBehavior [ RunTime:0.008001s ]
INFO: [ view_parse ] --END-- [ RunTime:0.008001s ]
INFO: [ view_filter ] --START--
INFO: Run Behavior\WriteHtmlCacheBehavior [ RunTime:0.000000s ]
INFO: [ view_filter ] --END-- [ RunTime:0.001000s ]
INFO: [ app_end ] --START--
INFO: Run Behavior\ShowPageTraceBehavior [ RunTime:0.001000s ]
INFO: [ app_end ] --END-- [ RunTime:0.001000s ]

[ 2017-10-11T14:20:40+08:00 ] 192.168.1.100 /peoplecar/index.php?s=/super/WealthDetailed/userChargeHistory.html
INFO: [ app_init ] --START--
INFO: Run Behavior\BuildLiteBehavior [ RunTime:0.000000s ]
INFO: [ app_init ] --END-- [ RunTime:0.001000s ]
INFO: [ app_begin ] --START--
INFO: Run Behavior\ReadHtmlCacheBehavior [ RunTime:0.001000s ]
INFO: [ app_begin ] --END-- [ RunTime:0.001000s ]
SQL: SHOW COLUMNS FROM `syd_user` [ RunTime:0.0050s ]
NOTIC: [8] Undefined index: clock_user D:\xampp\htdocs\peoplecar\game\Admin\Controller\CommonController.class.php 第 19 行.
NOTIC: [8] Undefined index: clock_usfarm D:\xampp\htdocs\peoplecar\game\Admin\Controller\CommonController.class.php 第 37 行.
NOTIC: [8] Undefined index: clock_play D:\xampp\htdocs\peoplecar\game\Admin\Controller\CommonController.class.php 第 54 行.
SQL: SHOW COLUMNS FROM `syd_charge` [ RunTime:0.0040s ]
SQL: SELECT COUNT(*) AS tp_count FROM `syd_charge` LIMIT 1   [ RunTime:0.0010s ]
NOTIC: [2] Missing argument 2 for Think\Page::setConfig(), called in D:\xampp\htdocs\peoplecar\game\Common\Common\function.php on line 176 and defined D:\xampp\htdocs\peoplecar\ThinkPHP\Library\Think\Page.class.php 第 58 行.
NOTIC: [2] Illegal offset type in isset or empty D:\xampp\htdocs\peoplecar\ThinkPHP\Library\Think\Page.class.php 第 59 行.
SQL: SELECT `id`,`uid`,`phone`,`wx_no`,`money`,`time`,`status` FROM `syd_charge` ORDER BY id desc  LIMIT 0,10   [ RunTime:0.0010s ]
SQL: SELECT * FROM `syd_user` WHERE ( userid=1 ) LIMIT 1   [ RunTime:0.0010s ]
SQL: SELECT * FROM `syd_user` WHERE ( userid=1 ) LIMIT 1   [ RunTime:0.0010s ]
SQL: SELECT * FROM `syd_user` WHERE ( userid=1 ) LIMIT 1   [ RunTime:0.0000s ]
SQL: SELECT * FROM `syd_user` WHERE ( userid=1 ) LIMIT 1   [ RunTime:0.0010s ]
SQL: SELECT * FROM `syd_user` WHERE ( userid=1 ) LIMIT 1   [ RunTime:0.0000s ]
INFO: [ view_parse ] --START--
INFO: [ template_filter ] --START--
INFO: Run Behavior\ContentReplaceBehavior [ RunTime:0.000000s ]
INFO: [ template_filter ] --END-- [ RunTime:0.001001s ]
INFO: Run Behavior\ParseTemplateBehavior [ RunTime:0.009001s ]
INFO: [ view_parse ] --END-- [ RunTime:0.009001s ]
INFO: [ view_filter ] --START--
INFO: Run Behavior\WriteHtmlCacheBehavior [ RunTime:0.001000s ]
INFO: [ view_filter ] --END-- [ RunTime:0.001000s ]
INFO: [ app_end ] --START--
INFO: Run Behavior\ShowPageTraceBehavior [ RunTime:0.001000s ]
INFO: [ app_end ] --END-- [ RunTime:0.001000s ]

[ 2017-10-11T14:20:41+08:00 ] 192.168.1.100 /peoplecar/index.php?s=/super/WealthDetailed/userCapitalOffset.html
INFO: [ app_init ] --START--
INFO: Run Behavior\BuildLiteBehavior [ RunTime:0.000000s ]
INFO: [ app_init ] --END-- [ RunTime:0.001000s ]
INFO: [ app_begin ] --START--
INFO: Run Behavior\ReadHtmlCacheBehavior [ RunTime:0.001001s ]
INFO: [ app_begin ] --END-- [ RunTime:0.001001s ]
SQL: SHOW COLUMNS FROM `syd_user` [ RunTime:0.0050s ]
NOTIC: [8] Undefined index: clock_user D:\xampp\htdocs\peoplecar\game\Admin\Controller\CommonController.class.php 第 19 行.
NOTIC: [8] Undefined index: clock_usfarm D:\xampp\htdocs\peoplecar\game\Admin\Controller\CommonController.class.php 第 37 行.
NOTIC: [8] Undefined index: clock_play D:\xampp\htdocs\peoplecar\game\Admin\Controller\CommonController.class.php 第 54 行.
INFO: [ view_parse ] --START--
INFO: [ template_filter ] --START--
INFO: Run Behavior\ContentReplaceBehavior [ RunTime:0.000000s ]
INFO: [ template_filter ] --END-- [ RunTime:0.000000s ]
INFO: Run Behavior\ParseTemplateBehavior [ RunTime:0.009000s ]
INFO: [ view_parse ] --END-- [ RunTime:0.009000s ]
INFO: [ view_filter ] --START--
INFO: Run Behavior\WriteHtmlCacheBehavior [ RunTime:0.000000s ]
INFO: [ view_filter ] --END-- [ RunTime:0.000000s ]
INFO: [ app_end ] --START--
INFO: Run Behavior\ShowPageTraceBehavior [ RunTime:0.001000s ]
INFO: [ app_end ] --END-- [ RunTime:0.001000s ]

[ 2017-10-11T14:20:42+08:00 ] 192.168.1.100 /peoplecar/index.php?s=/super/WealthDetailed/remittanceHistory.html
INFO: [ app_init ] --START--
INFO: Run Behavior\BuildLiteBehavior [ RunTime:0.000000s ]
INFO: [ app_init ] --END-- [ RunTime:0.000000s ]
INFO: [ app_begin ] --START--
INFO: Run Behavior\ReadHtmlCacheBehavior [ RunTime:0.000000s ]
INFO: [ app_begin ] --END-- [ RunTime:0.001000s ]
SQL: SHOW COLUMNS FROM `syd_user` [ RunTime:0.0040s ]
NOTIC: [8] Undefined index: clock_user D:\xampp\htdocs\peoplecar\game\Admin\Controller\CommonController.class.php 第 19 行.
NOTIC: [8] Undefined index: clock_usfarm D:\xampp\htdocs\peoplecar\game\Admin\Controller\CommonController.class.php 第 37 行.
NOTIC: [8] Undefined index: clock_play D:\xampp\htdocs\peoplecar\game\Admin\Controller\CommonController.class.php 第 54 行.
INFO: [ view_parse ] --START--
INFO: [ template_filter ] --START--
INFO: Run Behavior\ContentReplaceBehavior [ RunTime:0.000000s ]
INFO: [ template_filter ] --END-- [ RunTime:0.000000s ]
INFO: Run Behavior\ParseTemplateBehavior [ RunTime:0.008000s ]
INFO: [ view_parse ] --END-- [ RunTime:0.008000s ]
INFO: [ view_filter ] --START--
INFO: Run Behavior\WriteHtmlCacheBehavior [ RunTime:0.000000s ]
INFO: [ view_filter ] --END-- [ RunTime:0.000000s ]
INFO: [ app_end ] --START--
INFO: Run Behavior\ShowPageTraceBehavior [ RunTime:0.001000s ]
INFO: [ app_end ] --END-- [ RunTime:0.001000s ]

[ 2017-10-11T14:20:42+08:00 ] 192.168.1.100 /peoplecar/index.php?s=/super/WealthDetailed/cashHistory.html
INFO: [ app_init ] --START--
INFO: Run Behavior\BuildLiteBehavior [ RunTime:0.000000s ]
INFO: [ app_init ] --END-- [ RunTime:0.001000s ]
INFO: [ app_begin ] --START--
INFO: Run Behavior\ReadHtmlCacheBehavior [ RunTime:0.001000s ]
INFO: [ app_begin ] --END-- [ RunTime:0.001000s ]
SQL: SHOW COLUMNS FROM `syd_user` [ RunTime:0.0040s ]
NOTIC: [8] Undefined index: clock_user D:\xampp\htdocs\peoplecar\game\Admin\Controller\CommonController.class.php 第 19 行.
NOTIC: [8] Undefined index: clock_usfarm D:\xampp\htdocs\peoplecar\game\Admin\Controller\CommonController.class.php 第 37 行.
NOTIC: [8] Undefined index: clock_play D:\xampp\htdocs\peoplecar\game\Admin\Controller\CommonController.class.php 第 54 行.
SQL: SHOW COLUMNS FROM `syd_withdraw` [ RunTime:0.0030s ]
SQL: SELECT COUNT(*) AS tp_count FROM `syd_withdraw` LIMIT 1   [ RunTime:0.0000s ]
NOTIC: [2] Missing argument 2 for Think\Page::setConfig(), called in D:\xampp\htdocs\peoplecar\game\Common\Common\function.php on line 176 and defined D:\xampp\htdocs\peoplecar\ThinkPHP\Library\Think\Page.class.php 第 58 行.
NOTIC: [2] Illegal offset type in isset or empty D:\xampp\htdocs\peoplecar\ThinkPHP\Library\Think\Page.class.php 第 59 行.
SQL: SELECT `id`,`uid`,`realname`,`bank_name`,`bank_address`,`bank_card`,`money`,`status`,`time` FROM `syd_withdraw` ORDER BY id desc  LIMIT 0,10   [ RunTime:0.0010s ]
SQL: SELECT * FROM `syd_user` WHERE ( userid=1 ) LIMIT 1   [ RunTime:0.0000s ]
SQL: SELECT * FROM `syd_user` WHERE ( userid=1 ) LIMIT 1   [ RunTime:0.0010s ]
INFO: [ view_parse ] --START--
INFO: [ template_filter ] --START--
INFO: Run Behavior\ContentReplaceBehavior [ RunTime:0.000000s ]
INFO: [ template_filter ] --END-- [ RunTime:0.000000s ]
NOTIC: [2] date() expects parameter 2 to be long, string given D:\xampp\htdocs\peoplecar\game\Runtime\Cache\Admin\5385f0d48bc9e7ed81d7635c49300df5.php 第 30 行.
INFO: Run Behavior\ParseTemplateBehavior [ RunTime:0.009001s ]
INFO: [ view_parse ] --END-- [ RunTime:0.009001s ]
INFO: [ view_filter ] --START--
INFO: Run Behavior\WriteHtmlCacheBehavior [ RunTime:0.000000s ]
INFO: [ view_filter ] --END-- [ RunTime:0.000000s ]
INFO: [ app_end ] --START--
INFO: Run Behavior\ShowPageTraceBehavior [ RunTime:0.001000s ]
INFO: [ app_end ] --END-- [ RunTime:0.001000s ]

[ 2017-10-11T14:20:45+08:00 ] 192.168.1.100 /peoplecar/index.php?s=/super/NoticControl/emailToUserPage.html
INFO: [ app_init ] --START--
INFO: Run Behavior\BuildLiteBehavior [ RunTime:0.000000s ]
INFO: [ app_init ] --END-- [ RunTime:0.001000s ]
INFO: [ app_begin ] --START--
INFO: Run Behavior\ReadHtmlCacheBehavior [ RunTime:0.001000s ]
INFO: [ app_begin ] --END-- [ RunTime:0.001000s ]
SQL: SHOW COLUMNS FROM `syd_user` [ RunTime:0.0040s ]
NOTIC: [8] Undefined index: clock_user D:\xampp\htdocs\peoplecar\game\Admin\Controller\CommonController.class.php 第 19 行.
NOTIC: [8] Undefined index: clock_usfarm D:\xampp\htdocs\peoplecar\game\Admin\Controller\CommonController.class.php 第 37 行.
NOTIC: [8] Undefined index: clock_play D:\xampp\htdocs\peoplecar\game\Admin\Controller\CommonController.class.php 第 54 行.
INFO: [ view_parse ] --START--
INFO: [ template_filter ] --START--
INFO: Run Behavior\ContentReplaceBehavior [ RunTime:0.000000s ]
INFO: [ template_filter ] --END-- [ RunTime:0.000000s ]
INFO: Run Behavior\ParseTemplateBehavior [ RunTime:0.009000s ]
INFO: [ view_parse ] --END-- [ RunTime:0.009000s ]
INFO: [ view_filter ] --START--
INFO: Run Behavior\WriteHtmlCacheBehavior [ RunTime:0.000000s ]
INFO: [ view_filter ] --END-- [ RunTime:0.000000s ]
INFO: [ app_end ] --START--
INFO: Run Behavior\ShowPageTraceBehavior [ RunTime:0.000000s ]
INFO: [ app_end ] --END-- [ RunTime:0.000000s ]

[ 2017-10-11T14:20:46+08:00 ] 192.168.1.100 /peoplecar/index.php?s=/super/NoticControl/emailToUserListPage.html
INFO: [ app_init ] --START--
INFO: Run Behavior\BuildLiteBehavior [ RunTime:0.000000s ]
INFO: [ app_init ] --END-- [ RunTime:0.001000s ]
INFO: [ app_begin ] --START--
INFO: Run Behavior\ReadHtmlCacheBehavior [ RunTime:0.001000s ]
INFO: [ app_begin ] --END-- [ RunTime:0.001000s ]
SQL: SHOW COLUMNS FROM `syd_user` [ RunTime:0.0030s ]
NOTIC: [8] Undefined index: clock_user D:\xampp\htdocs\peoplecar\game\Admin\Controller\CommonController.class.php 第 19 行.
NOTIC: [8] Undefined index: clock_usfarm D:\xampp\htdocs\peoplecar\game\Admin\Controller\CommonController.class.php 第 37 行.
NOTIC: [8] Undefined index: clock_play D:\xampp\htdocs\peoplecar\game\Admin\Controller\CommonController.class.php 第 54 行.
SQL: SHOW COLUMNS FROM `syd_useremail` [ RunTime:0.0040s ]
SQL: SELECT COUNT(*) AS tp_count FROM `syd_useremail` LIMIT 1   [ RunTime:0.0010s ]
NOTIC: [2] Missing argument 2 for Think\Page::setConfig(), called in D:\xampp\htdocs\peoplecar\game\Common\Common\function.php on line 176 and defined D:\xampp\htdocs\peoplecar\ThinkPHP\Library\Think\Page.class.php 第 58 行.
NOTIC: [2] Illegal offset type in isset or empty D:\xampp\htdocs\peoplecar\ThinkPHP\Library\Think\Page.class.php 第 59 行.
SQL: SELECT `id`,`sp_id`,`title`,`content`,`time`,`status`,`uid` FROM `syd_useremail` ORDER BY id desc  LIMIT 0,10   [ RunTime:0.0000s ]
INFO: [ view_parse ] --START--
INFO: [ template_filter ] --START--
INFO: Run Behavior\ContentReplaceBehavior [ RunTime:0.000000s ]
INFO: [ template_filter ] --END-- [ RunTime:0.000000s ]
INFO: Run Behavior\ParseTemplateBehavior [ RunTime:0.008001s ]
INFO: [ view_parse ] --END-- [ RunTime:0.008001s ]
INFO: [ view_filter ] --START--
INFO: Run Behavior\WriteHtmlCacheBehavior [ RunTime:0.000000s ]
INFO: [ view_filter ] --END-- [ RunTime:0.000000s ]
INFO: [ app_end ] --START--
INFO: Run Behavior\ShowPageTraceBehavior [ RunTime:0.001000s ]
INFO: [ app_end ] --END-- [ RunTime:0.001000s ]

[ 2017-10-11T14:20:48+08:00 ] 192.168.1.100 /peoplecar/index.php?s=/super/ParameterProbability/functionValueResetPage.html
INFO: [ app_init ] --START--
INFO: Run Behavior\BuildLiteBehavior [ RunTime:0.000000s ]
INFO: [ app_init ] --END-- [ RunTime:0.001000s ]
INFO: [ app_begin ] --START--
INFO: Run Behavior\ReadHtmlCacheBehavior [ RunTime:0.001000s ]
INFO: [ app_begin ] --END-- [ RunTime:0.001000s ]
SQL: SHOW COLUMNS FROM `syd_user` [ RunTime:0.0040s ]
NOTIC: [8] Undefined index: clock_user D:\xampp\htdocs\peoplecar\game\Admin\Controller\CommonController.class.php 第 19 行.
NOTIC: [8] Undefined index: clock_usfarm D:\xampp\htdocs\peoplecar\game\Admin\Controller\CommonController.class.php 第 37 行.
NOTIC: [8] Undefined index: clock_play D:\xampp\htdocs\peoplecar\game\Admin\Controller\CommonController.class.php 第 54 行.
INFO: [ view_parse ] --START--
INFO: [ template_filter ] --START--
INFO: Run Behavior\ContentReplaceBehavior [ RunTime:0.000000s ]
INFO: [ template_filter ] --END-- [ RunTime:0.000000s ]
INFO: Run Behavior\ParseTemplateBehavior [ RunTime:0.007000s ]
INFO: [ view_parse ] --END-- [ RunTime:0.007000s ]
INFO: [ view_filter ] --START--
INFO: Run Behavior\WriteHtmlCacheBehavior [ RunTime:0.000000s ]
INFO: [ view_filter ] --END-- [ RunTime:0.000000s ]
INFO: [ app_end ] --START--
INFO: Run Behavior\ShowPageTraceBehavior [ RunTime:0.001000s ]
INFO: [ app_end ] --END-- [ RunTime:0.001000s ]

[ 2017-10-11T14:20:49+08:00 ] 192.168.1.100 /peoplecar/index.php?s=/super/ParameterProbability/helpDocumentList.html
INFO: [ app_init ] --START--
INFO: Run Behavior\BuildLiteBehavior [ RunTime:0.000000s ]
INFO: [ app_init ] --END-- [ RunTime:0.001000s ]
INFO: [ app_begin ] --START--
INFO: Run Behavior\ReadHtmlCacheBehavior [ RunTime:0.001000s ]
INFO: [ app_begin ] --END-- [ RunTime:0.001000s ]
SQL: SHOW COLUMNS FROM `syd_user` [ RunTime:0.0070s ]
NOTIC: [8] Undefined index: clock_user D:\xampp\htdocs\peoplecar\game\Admin\Controller\CommonController.class.php 第 19 行.
NOTIC: [8] Undefined index: clock_usfarm D:\xampp\htdocs\peoplecar\game\Admin\Controller\CommonController.class.php 第 37 行.
NOTIC: [8] Undefined index: clock_play D:\xampp\htdocs\peoplecar\game\Admin\Controller\CommonController.class.php 第 54 行.
SQL: SHOW COLUMNS FROM `syd_helpintroduce` [ RunTime:0.0060s ]
SQL: SELECT COUNT(*) AS tp_count FROM `syd_helpintroduce` LIMIT 1   [ RunTime:0.0010s ]
NOTIC: [2] Missing argument 2 for Think\Page::setConfig(), called in D:\xampp\htdocs\peoplecar\game\Common\Common\function.php on line 176 and defined D:\xampp\htdocs\peoplecar\ThinkPHP\Library\Think\Page.class.php 第 58 行.
NOTIC: [2] Illegal offset type in isset or empty D:\xampp\htdocs\peoplecar\ThinkPHP\Library\Think\Page.class.php 第 59 行.
SQL: SELECT `id`,`title`,`content`,`time` FROM `syd_helpintroduce` ORDER BY id desc  LIMIT 0,10   [ RunTime:0.0000s ]
INFO: [ view_parse ] --START--
INFO: [ template_filter ] --START--
INFO: Run Behavior\ContentReplaceBehavior [ RunTime:0.000000s ]
INFO: [ template_filter ] --END-- [ RunTime:0.001001s ]
INFO: Run Behavior\ParseTemplateBehavior [ RunTime:0.009001s ]
INFO: [ view_parse ] --END-- [ RunTime:0.009001s ]
INFO: [ view_filter ] --START--
INFO: Run Behavior\WriteHtmlCacheBehavior [ RunTime:0.001000s ]
INFO: [ view_filter ] --END-- [ RunTime:0.001000s ]
INFO: [ app_end ] --START--
INFO: Run Behavior\ShowPageTraceBehavior [ RunTime:0.001000s ]
INFO: [ app_end ] --END-- [ RunTime:0.001000s ]

[ 2017-10-11T14:20:50+08:00 ] 192.168.1.100 /peoplecar/index.php?s=/super/ParameterProbability/addHelpDocument.html
INFO: [ app_init ] --START--
INFO: Run Behavior\BuildLiteBehavior [ RunTime:0.000000s ]
INFO: [ app_init ] --END-- [ RunTime:0.001000s ]
INFO: [ app_begin ] --START--
INFO: Run Behavior\ReadHtmlCacheBehavior [ RunTime:0.001000s ]
INFO: [ app_begin ] --END-- [ RunTime:0.001000s ]
SQL: SHOW COLUMNS FROM `syd_user` [ RunTime:0.0040s ]
NOTIC: [8] Undefined index: clock_user D:\xampp\htdocs\peoplecar\game\Admin\Controller\CommonController.class.php 第 19 行.
NOTIC: [8] Undefined index: clock_usfarm D:\xampp\htdocs\peoplecar\game\Admin\Controller\CommonController.class.php 第 37 行.
NOTIC: [8] Undefined index: clock_play D:\xampp\htdocs\peoplecar\game\Admin\Controller\CommonController.class.php 第 54 行.
INFO: [ view_parse ] --START--
INFO: [ template_filter ] --START--
INFO: Run Behavior\ContentReplaceBehavior [ RunTime:0.000000s ]
INFO: [ template_filter ] --END-- [ RunTime:0.000000s ]
INFO: Run Behavior\ParseTemplateBehavior [ RunTime:0.008000s ]
INFO: [ view_parse ] --END-- [ RunTime:0.008000s ]
INFO: [ view_filter ] --START--
INFO: Run Behavior\WriteHtmlCacheBehavior [ RunTime:0.001000s ]
INFO: [ view_filter ] --END-- [ RunTime:0.001000s ]
INFO: [ app_end ] --START--
INFO: Run Behavior\ShowPageTraceBehavior [ RunTime:0.000000s ]
INFO: [ app_end ] --END-- [ RunTime:0.000000s ]

[ 2017-10-11T14:20:53+08:00 ] 192.168.1.100 /peoplecar/index.php?s=/super/BackstageControl/websiteSwitchPage.html
INFO: [ app_init ] --START--
INFO: Run Behavior\BuildLiteBehavior [ RunTime:0.000000s ]
INFO: [ app_init ] --END-- [ RunTime:0.000000s ]
INFO: [ app_begin ] --START--
INFO: Run Behavior\ReadHtmlCacheBehavior [ RunTime:0.001000s ]
INFO: [ app_begin ] --END-- [ RunTime:0.001000s ]
SQL: SHOW COLUMNS FROM `syd_user` [ RunTime:0.0050s ]
NOTIC: [8] Undefined index: clock_user D:\xampp\htdocs\peoplecar\game\Admin\Controller\CommonController.class.php 第 19 行.
NOTIC: [8] Undefined index: clock_usfarm D:\xampp\htdocs\peoplecar\game\Admin\Controller\CommonController.class.php 第 37 行.
NOTIC: [8] Undefined index: clock_play D:\xampp\htdocs\peoplecar\game\Admin\Controller\CommonController.class.php 第 54 行.
SQL: SHOW COLUMNS FROM `syd_switch` [ RunTime:0.0070s ]
SQL: SELECT `status` FROM `syd_switch` WHERE ( id=1 ) LIMIT 1   [ RunTime:0.0000s ]
INFO: [ view_parse ] --START--
INFO: [ template_filter ] --START--
INFO: Run Behavior\ContentReplaceBehavior [ RunTime:0.000000s ]
INFO: [ template_filter ] --END-- [ RunTime:0.000000s ]
INFO: Run Behavior\ParseTemplateBehavior [ RunTime:0.008000s ]
INFO: [ view_parse ] --END-- [ RunTime:0.008000s ]
INFO: [ view_filter ] --START--
INFO: Run Behavior\WriteHtmlCacheBehavior [ RunTime:0.000000s ]
INFO: [ view_filter ] --END-- [ RunTime:0.000000s ]
INFO: [ app_end ] --START--
INFO: Run Behavior\ShowPageTraceBehavior [ RunTime:0.001001s ]
INFO: [ app_end ] --END-- [ RunTime:0.001001s ]

[ 2017-10-11T14:21:05+08:00 ] 192.168.1.100 /peoplecar/index.php?s=/super/NoticControl/emailToUserListPage.html
INFO: [ app_init ] --START--
INFO: Run Behavior\BuildLiteBehavior [ RunTime:0.000000s ]
INFO: [ app_init ] --END-- [ RunTime:0.000000s ]
INFO: [ app_begin ] --START--
INFO: Run Behavior\ReadHtmlCacheBehavior [ RunTime:0.001000s ]
INFO: [ app_begin ] --END-- [ RunTime:0.001000s ]
SQL: SHOW COLUMNS FROM `syd_user` [ RunTime:0.0060s ]
NOTIC: [8] Undefined index: clock_user D:\xampp\htdocs\peoplecar\game\Admin\Controller\CommonController.class.php 第 19 行.
NOTIC: [8] Undefined index: clock_usfarm D:\xampp\htdocs\peoplecar\game\Admin\Controller\CommonController.class.php 第 37 行.
NOTIC: [8] Undefined index: clock_play D:\xampp\htdocs\peoplecar\game\Admin\Controller\CommonController.class.php 第 54 行.
SQL: SHOW COLUMNS FROM `syd_useremail` [ RunTime:0.0040s ]
SQL: SELECT COUNT(*) AS tp_count FROM `syd_useremail` LIMIT 1   [ RunTime:0.0010s ]
NOTIC: [2] Missing argument 2 for Think\Page::setConfig(), called in D:\xampp\htdocs\peoplecar\game\Common\Common\function.php on line 176 and defined D:\xampp\htdocs\peoplecar\ThinkPHP\Library\Think\Page.class.php 第 58 行.
NOTIC: [2] Illegal offset type in isset or empty D:\xampp\htdocs\peoplecar\ThinkPHP\Library\Think\Page.class.php 第 59 行.
SQL: SELECT `id`,`sp_id`,`title`,`content`,`time`,`status`,`uid` FROM `syd_useremail` ORDER BY id desc  LIMIT 0,10   [ RunTime:0.0000s ]
INFO: [ view_parse ] --START--
INFO: [ template_filter ] --START--
INFO: Run Behavior\ContentReplaceBehavior [ RunTime:0.000000s ]
INFO: [ template_filter ] --END-- [ RunTime:0.000000s ]
INFO: Run Behavior\ParseTemplateBehavior [ RunTime:0.009001s ]
INFO: [ view_parse ] --END-- [ RunTime:0.009001s ]
INFO: [ view_filter ] --START--
INFO: Run Behavior\WriteHtmlCacheBehavior [ RunTime:0.000000s ]
INFO: [ view_filter ] --END-- [ RunTime:0.000000s ]
INFO: [ app_end ] --START--
INFO: Run Behavior\ShowPageTraceBehavior [ RunTime:0.001000s ]
INFO: [ app_end ] --END-- [ RunTime:0.001000s ]

[ 2017-10-11T14:21:08+08:00 ] 192.168.1.100 /peoplecar/index.php?s=/super/NoticControl/noticeListPage.html
INFO: [ app_init ] --START--
INFO: Run Behavior\BuildLiteBehavior [ RunTime:0.000000s ]
INFO: [ app_init ] --END-- [ RunTime:0.001001s ]
INFO: [ app_begin ] --START--
INFO: Run Behavior\ReadHtmlCacheBehavior [ RunTime:0.001000s ]
INFO: [ app_begin ] --END-- [ RunTime:0.001000s ]
SQL: SHOW COLUMNS FROM `syd_user` [ RunTime:0.0040s ]
NOTIC: [8] Undefined index: clock_user D:\xampp\htdocs\peoplecar\game\Admin\Controller\CommonController.class.php 第 19 行.
NOTIC: [8] Undefined index: clock_usfarm D:\xampp\htdocs\peoplecar\game\Admin\Controller\CommonController.class.php 第 37 行.
NOTIC: [8] Undefined index: clock_play D:\xampp\htdocs\peoplecar\game\Admin\Controller\CommonController.class.php 第 54 行.
SQL: SHOW COLUMNS FROM `syd_new` [ RunTime:0.0070s ]
SQL: SELECT COUNT(*) AS tp_count FROM `syd_new` LIMIT 1   [ RunTime:0.0000s ]
NOTIC: [2] Missing argument 2 for Think\Page::setConfig(), called in D:\xampp\htdocs\peoplecar\game\Common\Common\function.php on line 176 and defined D:\xampp\htdocs\peoplecar\ThinkPHP\Library\Think\Page.class.php 第 58 行.
NOTIC: [2] Illegal offset type in isset or empty D:\xampp\htdocs\peoplecar\ThinkPHP\Library\Think\Page.class.php 第 59 行.
SQL: SELECT `id`,`title`,`content`,`add_time` FROM `syd_new` ORDER BY id desc  LIMIT 0,10   [ RunTime:0.0000s ]
INFO: [ view_parse ] --START--
INFO: [ template_filter ] --START--
INFO: Run Behavior\ContentReplaceBehavior [ RunTime:0.001000s ]
INFO: [ template_filter ] --END-- [ RunTime:0.001000s ]
INFO: Run Behavior\ParseTemplateBehavior [ RunTime:0.012001s ]
INFO: [ view_parse ] --END-- [ RunTime:0.012001s ]
INFO: [ view_filter ] --START--
INFO: Run Behavior\WriteHtmlCacheBehavior [ RunTime:0.000000s ]
INFO: [ view_filter ] --END-- [ RunTime:0.000000s ]
INFO: [ app_end ] --START--
INFO: Run Behavior\ShowPageTraceBehavior [ RunTime:0.001000s ]
INFO: [ app_end ] --END-- [ RunTime:0.001000s ]

[ 2017-10-11T14:21:19+08:00 ] 192.168.1.100 /peoplecar/index.php?s=/super/NoticControl/editNotice
INFO: [ app_init ] --START--
INFO: Run Behavior\BuildLiteBehavior [ RunTime:0.000000s ]
INFO: [ app_init ] --END-- [ RunTime:0.000000s ]
INFO: [ app_begin ] --START--
INFO: Run Behavior\ReadHtmlCacheBehavior [ RunTime:0.001000s ]
INFO: [ app_begin ] --END-- [ RunTime:0.001000s ]
SQL: SHOW COLUMNS FROM `syd_user` [ RunTime:0.0030s ]
NOTIC: [8] Undefined index: clock_user D:\xampp\htdocs\peoplecar\game\Admin\Controller\CommonController.class.php 第 19 行.
NOTIC: [8] Undefined index: clock_usfarm D:\xampp\htdocs\peoplecar\game\Admin\Controller\CommonController.class.php 第 37 行.
NOTIC: [8] Undefined index: clock_play D:\xampp\htdocs\peoplecar\game\Admin\Controller\CommonController.class.php 第 54 行.
SQL: SHOW COLUMNS FROM `syd_new` [ RunTime:0.0040s ]
SQL: UPDATE `syd_new` SET `content`='                                                                                            测试测试测试测试测试测试测试测试1212
                                fdsfsdfs f sdf
ds
fds
f
dsf
sd
fsd
f
sdf
                                                        ' WHERE ( id=1 ) [ RunTime:0.0050s ]
INFO: [ app_end ] --START--
INFO: Run Behavior\ShowPageTraceBehavior [ RunTime:0.001000s ]
INFO: [ app_end ] --END-- [ RunTime:0.001000s ]

[ 2017-10-11T14:21:21+08:00 ] 192.168.1.100 /peoplecar/index.php?s=/super/NoticControl/noticeListPage
INFO: [ app_init ] --START--
INFO: Run Behavior\BuildLiteBehavior [ RunTime:0.000000s ]
INFO: [ app_init ] --END-- [ RunTime:0.001000s ]
INFO: [ app_begin ] --START--
INFO: Run Behavior\ReadHtmlCacheBehavior [ RunTime:0.001000s ]
INFO: [ app_begin ] --END-- [ RunTime:0.001000s ]
SQL: SHOW COLUMNS FROM `syd_user` [ RunTime:0.0040s ]
NOTIC: [8] Undefined index: clock_user D:\xampp\htdocs\peoplecar\game\Admin\Controller\CommonController.class.php 第 19 行.
NOTIC: [8] Undefined index: clock_usfarm D:\xampp\htdocs\peoplecar\game\Admin\Controller\CommonController.class.php 第 37 行.
NOTIC: [8] Undefined index: clock_play D:\xampp\htdocs\peoplecar\game\Admin\Controller\CommonController.class.php 第 54 行.
SQL: SHOW COLUMNS FROM `syd_new` [ RunTime:0.0040s ]
SQL: SELECT COUNT(*) AS tp_count FROM `syd_new` LIMIT 1   [ RunTime:0.0000s ]
NOTIC: [2] Missing argument 2 for Think\Page::setConfig(), called in D:\xampp\htdocs\peoplecar\game\Common\Common\function.php on line 176 and defined D:\xampp\htdocs\peoplecar\ThinkPHP\Library\Think\Page.class.php 第 58 行.
NOTIC: [2] Illegal offset type in isset or empty D:\xampp\htdocs\peoplecar\ThinkPHP\Library\Think\Page.class.php 第 59 行.
SQL: SELECT `id`,`title`,`content`,`add_time` FROM `syd_new` ORDER BY id desc  LIMIT 0,10   [ RunTime:0.0000s ]
INFO: [ view_parse ] --START--
INFO: [ template_filter ] --START--
INFO: Run Behavior\ContentReplaceBehavior [ RunTime:0.000000s ]
INFO: [ template_filter ] --END-- [ RunTime:0.000000s ]
INFO: Run Behavior\ParseTemplateBehavior [ RunTime:0.011001s ]
INFO: [ view_parse ] --END-- [ RunTime:0.011001s ]
INFO: [ view_filter ] --START--
INFO: Run Behavior\WriteHtmlCacheBehavior [ RunTime:0.000000s ]
INFO: [ view_filter ] --END-- [ RunTime:0.000000s ]
INFO: [ app_end ] --START--
INFO: Run Behavior\ShowPageTraceBehavior [ RunTime:0.001000s ]
INFO: [ app_end ] --END-- [ RunTime:0.001000s ]

[ 2017-10-11T14:22:58+08:00 ] 192.168.1.100 /peoplecar/index.php?s=/super/Index/outlogin
INFO: [ app_init ] --START--
INFO: Run Behavior\BuildLiteBehavior [ RunTime:0.000000s ]
INFO: [ app_init ] --END-- [ RunTime:0.001000s ]
INFO: [ app_begin ] --START--
INFO: Run Behavior\ReadHtmlCacheBehavior [ RunTime:0.000000s ]
INFO: [ app_begin ] --END-- [ RunTime:0.002000s ]
SQL: SHOW COLUMNS FROM `syd_user` [ RunTime:0.0050s ]
NOTIC: [8] Undefined index: clock_user D:\xampp\htdocs\peoplecar\game\Admin\Controller\CommonController.class.php 第 19 行.
NOTIC: [8] Undefined index: clock_usfarm D:\xampp\htdocs\peoplecar\game\Admin\Controller\CommonController.class.php 第 37 行.
NOTIC: [8] Undefined index: clock_play D:\xampp\htdocs\peoplecar\game\Admin\Controller\CommonController.class.php 第 54 行.

[ 2017-10-11T14:22:58+08:00 ] 192.168.1.100 /peoplecar/index.php?s=/super/Login/index
INFO: [ app_init ] --START--
INFO: Run Behavior\BuildLiteBehavior [ RunTime:0.000000s ]
INFO: [ app_init ] --END-- [ RunTime:0.001000s ]
INFO: [ app_begin ] --START--
INFO: Run Behavior\ReadHtmlCacheBehavior [ RunTime:0.000000s ]
INFO: [ app_begin ] --END-- [ RunTime:0.000000s ]
INFO: [ view_parse ] --START--
INFO: [ template_filter ] --START--
INFO: Run Behavior\ContentReplaceBehavior [ RunTime:0.000000s ]
INFO: [ template_filter ] --END-- [ RunTime:0.000000s ]
INFO: Run Behavior\ParseTemplateBehavior [ RunTime:0.007000s ]
INFO: [ view_parse ] --END-- [ RunTime:0.007000s ]
INFO: [ view_filter ] --START--
INFO: Run Behavior\WriteHtmlCacheBehavior [ RunTime:0.001000s ]
INFO: [ view_filter ] --END-- [ RunTime:0.001000s ]
INFO: [ app_end ] --START--
INFO: Run Behavior\ShowPageTraceBehavior [ RunTime:0.000000s ]
INFO: [ app_end ] --END-- [ RunTime:0.000000s ]

[ 2017-10-11T18:47:35+08:00 ] 192.168.1.100 /peoplecar/index.php?s=/super/Login/index
INFO: [ app_init ] --START--
INFO: Run Behavior\BuildLiteBehavior [ RunTime:0.000000s ]
INFO: [ app_init ] --END-- [ RunTime:0.001000s ]
INFO: [ app_begin ] --START--
INFO: Run Behavior\ReadHtmlCacheBehavior [ RunTime:0.000000s ]
INFO: [ app_begin ] --END-- [ RunTime:0.000000s ]
INFO: [ view_parse ] --START--
INFO: [ template_filter ] --START--
INFO: Run Behavior\ContentReplaceBehavior [ RunTime:0.000000s ]
INFO: [ template_filter ] --END-- [ RunTime:0.000000s ]
INFO: Run Behavior\ParseTemplateBehavior [ RunTime:0.011001s ]
INFO: [ view_parse ] --END-- [ RunTime:0.011001s ]
INFO: [ view_filter ] --START--
INFO: Run Behavior\WriteHtmlCacheBehavior [ RunTime:0.000000s ]
INFO: [ view_filter ] --END-- [ RunTime:0.000000s ]
INFO: [ app_end ] --START--
INFO: Run Behavior\ShowPageTraceBehavior [ RunTime:0.001000s ]
INFO: [ app_end ] --END-- [ RunTime:0.001000s ]

[ 2017-10-11T18:47:49+08:00 ] 192.168.1.100 /peoplecar/index.php?s=/super/login/idcheck
INFO: [ app_init ] --START--
INFO: Run Behavior\BuildLiteBehavior [ RunTime:0.000000s ]
INFO: [ app_init ] --END-- [ RunTime:0.000000s ]
INFO: [ app_begin ] --START--
INFO: Run Behavior\ReadHtmlCacheBehavior [ RunTime:0.001000s ]
INFO: [ app_begin ] --END-- [ RunTime:0.001000s ]
SQL: SHOW COLUMNS FROM `syd_nzspuser` [ RunTime:0.0080s ]
SQL: SELECT * FROM `syd_nzspuser` WHERE ( sp_username='admin' ) LIMIT 1   [ RunTime:0.0010s ]
SQL: UPDATE `syd_nzspuser` SET `sp_logintime`='1507718869',`sp_loginip`='192.168.1.100' WHERE ( sp_id ='1' ) [ RunTime:0.0010s ]
INFO: [ app_end ] --START--
INFO: Run Behavior\ShowPageTraceBehavior [ RunTime:0.001000s ]
INFO: [ app_end ] --END-- [ RunTime:0.001000s ]

[ 2017-10-11T18:47:50+08:00 ] 192.168.1.100 /peoplecar/index.php?s=/super/index/backstageSammaryPage
INFO: [ app_init ] --START--
INFO: Run Behavior\BuildLiteBehavior [ RunTime:0.000000s ]
INFO: [ app_init ] --END-- [ RunTime:0.001000s ]
INFO: [ app_begin ] --START--
INFO: Run Behavior\ReadHtmlCacheBehavior [ RunTime:0.001000s ]
INFO: [ app_begin ] --END-- [ RunTime:0.001000s ]
SQL: SHOW COLUMNS FROM `syd_user` [ RunTime:0.0070s ]
NOTIC: [8] Undefined index: clock_user D:\xampp\htdocs\peoplecar\game\Admin\Controller\CommonController.class.php 第 19 行.
NOTIC: [8] Undefined index: clock_usfarm D:\xampp\htdocs\peoplecar\game\Admin\Controller\CommonController.class.php 第 37 行.
NOTIC: [8] Undefined index: clock_play D:\xampp\htdocs\peoplecar\game\Admin\Controller\CommonController.class.php 第 54 行.
INFO: [ view_parse ] --START--
INFO: [ template_filter ] --START--
INFO: Run Behavior\ContentReplaceBehavior [ RunTime:0.000000s ]
INFO: [ template_filter ] --END-- [ RunTime:0.000000s ]
INFO: Run Behavior\ParseTemplateBehavior [ RunTime:0.011000s ]
INFO: [ view_parse ] --END-- [ RunTime:0.011000s ]
INFO: [ view_filter ] --START--
INFO: Run Behavior\WriteHtmlCacheBehavior [ RunTime:0.001000s ]
INFO: [ view_filter ] --END-- [ RunTime:0.001000s ]
INFO: [ app_end ] --START--
INFO: Run Behavior\ShowPageTraceBehavior [ RunTime:0.001000s ]
INFO: [ app_end ] --END-- [ RunTime:0.001000s ]

[ 2017-10-11T18:47:50+08:00 ] 192.168.1.100 /peoplecar/index.php?s=/super/Index/gameNotice
INFO: [ app_init ] --START--
INFO: Run Behavior\BuildLiteBehavior [ RunTime:0.000000s ]
INFO: [ app_init ] --END-- [ RunTime:0.000000s ]
INFO: [ app_begin ] --START--
INFO: Run Behavior\ReadHtmlCacheBehavior [ RunTime:0.001000s ]
INFO: [ app_begin ] --END-- [ RunTime:0.001000s ]
SQL: SHOW COLUMNS FROM `syd_user` [ RunTime:0.0040s ]
NOTIC: [8] Undefined index: clock_user D:\xampp\htdocs\peoplecar\game\Admin\Controller\CommonController.class.php 第 19 行.
NOTIC: [8] Undefined index: clock_usfarm D:\xampp\htdocs\peoplecar\game\Admin\Controller\CommonController.class.php 第 37 行.
NOTIC: [8] Undefined index: clock_play D:\xampp\htdocs\peoplecar\game\Admin\Controller\CommonController.class.php 第 54 行.
INFO: [ view_parse ] --START--
INFO: [ template_filter ] --START--
INFO: Run Behavior\ContentReplaceBehavior [ RunTime:0.000000s ]
INFO: [ template_filter ] --END-- [ RunTime:0.000000s ]
INFO: Run Behavior\ParseTemplateBehavior [ RunTime:0.009001s ]
INFO: [ view_parse ] --END-- [ RunTime:0.009001s ]
INFO: [ view_filter ] --START--
INFO: Run Behavior\WriteHtmlCacheBehavior [ RunTime:0.001000s ]
INFO: [ view_filter ] --END-- [ RunTime:0.001000s ]
INFO: [ app_end ] --START--
INFO: Run Behavior\ShowPageTraceBehavior [ RunTime:0.000000s ]
INFO: [ app_end ] --END-- [ RunTime:0.000000s ]

[ 2017-10-11T18:47:52+08:00 ] 192.168.1.100 /peoplecar/index.php?s=/super/index/backstageSammaryPage
INFO: [ app_init ] --START--
INFO: Run Behavior\BuildLiteBehavior [ RunTime:0.000000s ]
INFO: [ app_init ] --END-- [ RunTime:0.000000s ]
INFO: [ app_begin ] --START--
INFO: Run Behavior\ReadHtmlCacheBehavior [ RunTime:0.001000s ]
INFO: [ app_begin ] --END-- [ RunTime:0.001000s ]
SQL: SHOW COLUMNS FROM `syd_user` [ RunTime:0.0030s ]
NOTIC: [8] Undefined index: clock_user D:\xampp\htdocs\peoplecar\game\Admin\Controller\CommonController.class.php 第 19 行.
NOTIC: [8] Undefined index: clock_usfarm D:\xampp\htdocs\peoplecar\game\Admin\Controller\CommonController.class.php 第 37 行.
NOTIC: [8] Undefined index: clock_play D:\xampp\htdocs\peoplecar\game\Admin\Controller\CommonController.class.php 第 54 行.
INFO: [ view_parse ] --START--
INFO: [ template_filter ] --START--
INFO: Run Behavior\ContentReplaceBehavior [ RunTime:0.000000s ]
INFO: [ template_filter ] --END-- [ RunTime:0.001000s ]
INFO: Run Behavior\ParseTemplateBehavior [ RunTime:0.009001s ]
INFO: [ view_parse ] --END-- [ RunTime:0.009001s ]
INFO: [ view_filter ] --START--
INFO: Run Behavior\WriteHtmlCacheBehavior [ RunTime:0.000000s ]
INFO: [ view_filter ] --END-- [ RunTime:0.000000s ]
INFO: [ app_end ] --START--
INFO: Run Behavior\ShowPageTraceBehavior [ RunTime:0.001000s ]
INFO: [ app_end ] --END-- [ RunTime:0.001000s ]

[ 2017-10-11T18:47:52+08:00 ] 192.168.1.100 /peoplecar/index.php?s=/super/Index/gameNotice
INFO: [ app_init ] --START--
INFO: Run Behavior\BuildLiteBehavior [ RunTime:0.000000s ]
INFO: [ app_init ] --END-- [ RunTime:0.000000s ]
INFO: [ app_begin ] --START--
INFO: Run Behavior\ReadHtmlCacheBehavior [ RunTime:0.001000s ]
INFO: [ app_begin ] --END-- [ RunTime:0.001000s ]
SQL: SHOW COLUMNS FROM `syd_user` [ RunTime:0.0030s ]
NOTIC: [8] Undefined index: clock_user D:\xampp\htdocs\peoplecar\game\Admin\Controller\CommonController.class.php 第 19 行.
NOTIC: [8] Undefined index: clock_usfarm D:\xampp\htdocs\peoplecar\game\Admin\Controller\CommonController.class.php 第 37 行.
NOTIC: [8] Undefined index: clock_play D:\xampp\htdocs\peoplecar\game\Admin\Controller\CommonController.class.php 第 54 行.
INFO: [ view_parse ] --START--
INFO: [ template_filter ] --START--
INFO: Run Behavior\ContentReplaceBehavior [ RunTime:0.000000s ]
INFO: [ template_filter ] --END-- [ RunTime:0.000000s ]
INFO: Run Behavior\ParseTemplateBehavior [ RunTime:0.008001s ]
INFO: [ view_parse ] --END-- [ RunTime:0.008001s ]
INFO: [ view_filter ] --START--
INFO: Run Behavior\WriteHtmlCacheBehavior [ RunTime:0.000000s ]
INFO: [ view_filter ] --END-- [ RunTime:0.000000s ]
INFO: [ app_end ] --START--
INFO: Run Behavior\ShowPageTraceBehavior [ RunTime:0.001000s ]
INFO: [ app_end ] --END-- [ RunTime:0.001000s ]

[ 2017-10-11T18:47:55+08:00 ] 192.168.1.100 /peoplecar/index.php?s=/super/index/backstageSammaryPage
INFO: [ app_init ] --START--
INFO: Run Behavior\BuildLiteBehavior [ RunTime:0.000000s ]
INFO: [ app_init ] --END-- [ RunTime:0.001000s ]
INFO: [ app_begin ] --START--
INFO: Run Behavior\ReadHtmlCacheBehavior [ RunTime:0.001000s ]
INFO: [ app_begin ] --END-- [ RunTime:0.001000s ]
SQL: SHOW COLUMNS FROM `syd_user` [ RunTime:0.0040s ]
NOTIC: [8] Undefined index: clock_user D:\xampp\htdocs\peoplecar\game\Admin\Controller\CommonController.class.php 第 19 行.
NOTIC: [8] Undefined index: clock_usfarm D:\xampp\htdocs\peoplecar\game\Admin\Controller\CommonController.class.php 第 37 行.
NOTIC: [8] Undefined index: clock_play D:\xampp\htdocs\peoplecar\game\Admin\Controller\CommonController.class.php 第 54 行.
INFO: [ view_parse ] --START--
INFO: [ template_filter ] --START--
INFO: Run Behavior\ContentReplaceBehavior [ RunTime:0.000000s ]
INFO: [ template_filter ] --END-- [ RunTime:0.000000s ]
INFO: Run Behavior\ParseTemplateBehavior [ RunTime:0.010001s ]
INFO: [ view_parse ] --END-- [ RunTime:0.010001s ]
INFO: [ view_filter ] --START--
INFO: Run Behavior\WriteHtmlCacheBehavior [ RunTime:0.000000s ]
INFO: [ view_filter ] --END-- [ RunTime:0.001000s ]
INFO: [ app_end ] --START--
INFO: Run Behavior\ShowPageTraceBehavior [ RunTime:0.001000s ]
INFO: [ app_end ] --END-- [ RunTime:0.001000s ]

[ 2017-10-11T18:47:55+08:00 ] 192.168.1.100 /peoplecar/index.php?s=/super/Index/gameNotice
INFO: [ app_init ] --START--
INFO: Run Behavior\BuildLiteBehavior [ RunTime:0.000000s ]
INFO: [ app_init ] --END-- [ RunTime:0.001000s ]
INFO: [ app_begin ] --START--
INFO: Run Behavior\ReadHtmlCacheBehavior [ RunTime:0.000000s ]
INFO: [ app_begin ] --END-- [ RunTime:0.000000s ]
SQL: SHOW COLUMNS FROM `syd_user` [ RunTime:0.0030s ]
NOTIC: [8] Undefined index: clock_user D:\xampp\htdocs\peoplecar\game\Admin\Controller\CommonController.class.php 第 19 行.
NOTIC: [8] Undefined index: clock_usfarm D:\xampp\htdocs\peoplecar\game\Admin\Controller\CommonController.class.php 第 37 行.
NOTIC: [8] Undefined index: clock_play D:\xampp\htdocs\peoplecar\game\Admin\Controller\CommonController.class.php 第 54 行.
INFO: [ view_parse ] --START--
INFO: [ template_filter ] --START--
INFO: Run Behavior\ContentReplaceBehavior [ RunTime:0.000000s ]
INFO: [ template_filter ] --END-- [ RunTime:0.000000s ]
INFO: Run Behavior\ParseTemplateBehavior [ RunTime:0.007000s ]
INFO: [ view_parse ] --END-- [ RunTime:0.007000s ]
INFO: [ view_filter ] --START--
INFO: Run Behavior\WriteHtmlCacheBehavior [ RunTime:0.001000s ]
INFO: [ view_filter ] --END-- [ RunTime:0.001000s ]
INFO: [ app_end ] --START--
INFO: Run Behavior\ShowPageTraceBehavior [ RunTime:0.000000s ]
INFO: [ app_end ] --END-- [ RunTime:0.001000s ]

[ 2017-10-11T18:47:56+08:00 ] 192.168.1.100 /peoplecar/index.php?s=/super/index/backstageSammaryPage
INFO: [ app_init ] --START--
INFO: Run Behavior\BuildLiteBehavior [ RunTime:0.000000s ]
INFO: [ app_init ] --END-- [ RunTime:0.001000s ]
INFO: [ app_begin ] --START--
INFO: Run Behavior\ReadHtmlCacheBehavior [ RunTime:0.001001s ]
INFO: [ app_begin ] --END-- [ RunTime:0.001001s ]
SQL: SHOW COLUMNS FROM `syd_user` [ RunTime:0.0020s ]
NOTIC: [8] Undefined index: clock_user D:\xampp\htdocs\peoplecar\game\Admin\Controller\CommonController.class.php 第 19 行.
NOTIC: [8] Undefined index: clock_usfarm D:\xampp\htdocs\peoplecar\game\Admin\Controller\CommonController.class.php 第 37 行.
NOTIC: [8] Undefined index: clock_play D:\xampp\htdocs\peoplecar\game\Admin\Controller\CommonController.class.php 第 54 行.
INFO: [ view_parse ] --START--
INFO: [ template_filter ] --START--
INFO: Run Behavior\ContentReplaceBehavior [ RunTime:0.000000s ]
INFO: [ template_filter ] --END-- [ RunTime:0.001000s ]
INFO: Run Behavior\ParseTemplateBehavior [ RunTime:0.008001s ]
INFO: [ view_parse ] --END-- [ RunTime:0.008001s ]
INFO: [ view_filter ] --START--
INFO: Run Behavior\WriteHtmlCacheBehavior [ RunTime:0.000000s ]
INFO: [ view_filter ] --END-- [ RunTime:0.000000s ]
INFO: [ app_end ] --START--
INFO: Run Behavior\ShowPageTraceBehavior [ RunTime:0.001000s ]
INFO: [ app_end ] --END-- [ RunTime:0.001000s ]

[ 2017-10-11T18:47:56+08:00 ] 192.168.1.100 /peoplecar/index.php?s=/super/Index/gameNotice
INFO: [ app_init ] --START--
INFO: Run Behavior\BuildLiteBehavior [ RunTime:0.000000s ]
INFO: [ app_init ] --END-- [ RunTime:0.001000s ]
INFO: [ app_begin ] --START--
INFO: Run Behavior\ReadHtmlCacheBehavior [ RunTime:0.001000s ]
INFO: [ app_begin ] --END-- [ RunTime:0.001000s ]
SQL: SHOW COLUMNS FROM `syd_user` [ RunTime:0.0020s ]
NOTIC: [8] Undefined index: clock_user D:\xampp\htdocs\peoplecar\game\Admin\Controller\CommonController.class.php 第 19 行.
NOTIC: [8] Undefined index: clock_usfarm D:\xampp\htdocs\peoplecar\game\Admin\Controller\CommonController.class.php 第 37 行.
NOTIC: [8] Undefined index: clock_play D:\xampp\htdocs\peoplecar\game\Admin\Controller\CommonController.class.php 第 54 行.
INFO: [ view_parse ] --START--
INFO: [ template_filter ] --START--
INFO: Run Behavior\ContentReplaceBehavior [ RunTime:0.000000s ]
INFO: [ template_filter ] --END-- [ RunTime:0.000000s ]
INFO: Run Behavior\ParseTemplateBehavior [ RunTime:0.007001s ]
INFO: [ view_parse ] --END-- [ RunTime:0.007001s ]
INFO: [ view_filter ] --START--
INFO: Run Behavior\WriteHtmlCacheBehavior [ RunTime:0.001000s ]
INFO: [ view_filter ] --END-- [ RunTime:0.001000s ]
INFO: [ app_end ] --START--
INFO: Run Behavior\ShowPageTraceBehavior [ RunTime:0.000000s ]
INFO: [ app_end ] --END-- [ RunTime:0.000000s ]

[ 2017-10-11T18:47:57+08:00 ] 192.168.1.100 /peoplecar/index.php?s=/super/index/backstageSammaryPage
INFO: [ app_init ] --START--
INFO: Run Behavior\BuildLiteBehavior [ RunTime:0.000000s ]
INFO: [ app_init ] --END-- [ RunTime:0.001000s ]
INFO: [ app_begin ] --START--
INFO: Run Behavior\ReadHtmlCacheBehavior [ RunTime:0.000000s ]
INFO: [ app_begin ] --END-- [ RunTime:0.000000s ]
SQL: SHOW COLUMNS FROM `syd_user` [ RunTime:0.0030s ]
NOTIC: [8] Undefined index: clock_user D:\xampp\htdocs\peoplecar\game\Admin\Controller\CommonController.class.php 第 19 行.
NOTIC: [8] Undefined index: clock_usfarm D:\xampp\htdocs\peoplecar\game\Admin\Controller\CommonController.class.php 第 37 行.
NOTIC: [8] Undefined index: clock_play D:\xampp\htdocs\peoplecar\game\Admin\Controller\CommonController.class.php 第 54 行.
INFO: [ view_parse ] --START--
INFO: [ template_filter ] --START--
INFO: Run Behavior\ContentReplaceBehavior [ RunTime:0.000000s ]
INFO: [ template_filter ] --END-- [ RunTime:0.000000s ]
INFO: Run Behavior\ParseTemplateBehavior [ RunTime:0.008000s ]
INFO: [ view_parse ] --END-- [ RunTime:0.008000s ]
INFO: [ view_filter ] --START--
INFO: Run Behavior\WriteHtmlCacheBehavior [ RunTime:0.000000s ]
INFO: [ view_filter ] --END-- [ RunTime:0.000000s ]
INFO: [ app_end ] --START--
INFO: Run Behavior\ShowPageTraceBehavior [ RunTime:0.000000s ]
INFO: [ app_end ] --END-- [ RunTime:0.000000s ]

[ 2017-10-11T18:47:57+08:00 ] 192.168.1.100 /peoplecar/index.php?s=/super/Index/gameNotice
INFO: [ app_init ] --START--
INFO: Run Behavior\BuildLiteBehavior [ RunTime:0.000000s ]
INFO: [ app_init ] --END-- [ RunTime:0.000000s ]
INFO: [ app_begin ] --START--
INFO: Run Behavior\ReadHtmlCacheBehavior [ RunTime:0.001000s ]
INFO: [ app_begin ] --END-- [ RunTime:0.001000s ]
SQL: SHOW COLUMNS FROM `syd_user` [ RunTime:0.0030s ]
NOTIC: [8] Undefined index: clock_user D:\xampp\htdocs\peoplecar\game\Admin\Controller\CommonController.class.php 第 19 行.
NOTIC: [8] Undefined index: clock_usfarm D:\xampp\htdocs\peoplecar\game\Admin\Controller\CommonController.class.php 第 37 行.
NOTIC: [8] Undefined index: clock_play D:\xampp\htdocs\peoplecar\game\Admin\Controller\CommonController.class.php 第 54 行.
INFO: [ view_parse ] --START--
INFO: [ template_filter ] --START--
INFO: Run Behavior\ContentReplaceBehavior [ RunTime:0.000000s ]
INFO: [ template_filter ] --END-- [ RunTime:0.000000s ]
INFO: Run Behavior\ParseTemplateBehavior [ RunTime:0.007000s ]
INFO: [ view_parse ] --END-- [ RunTime:0.007000s ]
INFO: [ view_filter ] --START--
INFO: Run Behavior\WriteHtmlCacheBehavior [ RunTime:0.000000s ]
INFO: [ view_filter ] --END-- [ RunTime:0.000000s ]
INFO: [ app_end ] --START--
INFO: Run Behavior\ShowPageTraceBehavior [ RunTime:0.001000s ]
INFO: [ app_end ] --END-- [ RunTime:0.001000s ]

[ 2017-10-11T18:48:10+08:00 ] 192.168.1.100 /peoplecar/index.php?s=/super/index/backstageSammaryPage
INFO: [ app_init ] --START--
INFO: Run Behavior\BuildLiteBehavior [ RunTime:0.000000s ]
INFO: [ app_init ] --END-- [ RunTime:0.001000s ]
INFO: [ app_begin ] --START--
INFO: Run Behavior\ReadHtmlCacheBehavior [ RunTime:0.000000s ]
INFO: [ app_begin ] --END-- [ RunTime:0.001000s ]

[ 2017-10-11T18:48:10+08:00 ] 192.168.1.100 /peoplecar/index.php?s=/super/Login/index
INFO: [ app_init ] --START--
INFO: Run Behavior\BuildLiteBehavior [ RunTime:0.000000s ]
INFO: [ app_init ] --END-- [ RunTime:0.001000s ]
INFO: [ app_begin ] --START--
INFO: Run Behavior\ReadHtmlCacheBehavior [ RunTime:0.001000s ]
INFO: [ app_begin ] --END-- [ RunTime:0.001000s ]
INFO: [ view_parse ] --START--
INFO: [ template_filter ] --START--
INFO: Run Behavior\ContentReplaceBehavior [ RunTime:0.000000s ]
INFO: [ template_filter ] --END-- [ RunTime:0.000000s ]
INFO: Run Behavior\ParseTemplateBehavior [ RunTime:0.007001s ]
INFO: [ view_parse ] --END-- [ RunTime:0.007001s ]
INFO: [ view_filter ] --START--
INFO: Run Behavior\WriteHtmlCacheBehavior [ RunTime:0.000000s ]
INFO: [ view_filter ] --END-- [ RunTime:0.000000s ]
INFO: [ app_end ] --START--
INFO: Run Behavior\ShowPageTraceBehavior [ RunTime:0.000000s ]
INFO: [ app_end ] --END-- [ RunTime:0.000000s ]

[ 2017-10-11T18:48:11+08:00 ] 192.168.1.100 /peoplecar/index.php?s=/super/login/idcheck
INFO: [ app_init ] --START--
INFO: Run Behavior\BuildLiteBehavior [ RunTime:0.000000s ]
INFO: [ app_init ] --END-- [ RunTime:0.001000s ]
INFO: [ app_begin ] --START--
INFO: Run Behavior\ReadHtmlCacheBehavior [ RunTime:0.001000s ]
INFO: [ app_begin ] --END-- [ RunTime:0.001000s ]
SQL: SHOW COLUMNS FROM `syd_nzspuser` [ RunTime:0.0040s ]
SQL: SELECT * FROM `syd_nzspuser` WHERE ( sp_username='admin' ) LIMIT 1   [ RunTime:0.0000s ]
SQL: UPDATE `syd_nzspuser` SET `sp_logintime`='1507718891',`sp_loginip`='192.168.1.100' WHERE ( sp_id ='1' ) [ RunTime:0.0000s ]
INFO: [ app_end ] --START--
INFO: Run Behavior\ShowPageTraceBehavior [ RunTime:0.001000s ]
INFO: [ app_end ] --END-- [ RunTime:0.002001s ]

[ 2017-10-11T18:48:13+08:00 ] 192.168.1.100 /peoplecar/index.php?s=/super/index/backstageSammaryPage
INFO: [ app_init ] --START--
INFO: Run Behavior\BuildLiteBehavior [ RunTime:0.000000s ]
INFO: [ app_init ] --END-- [ RunTime:0.000000s ]
INFO: [ app_begin ] --START--
INFO: Run Behavior\ReadHtmlCacheBehavior [ RunTime:0.000000s ]
INFO: [ app_begin ] --END-- [ RunTime:0.000000s ]
SQL: SHOW COLUMNS FROM `syd_user` [ RunTime:0.0030s ]
NOTIC: [8] Undefined index: clock_user D:\xampp\htdocs\peoplecar\game\Admin\Controller\CommonController.class.php 第 19 行.
NOTIC: [8] Undefined index: clock_usfarm D:\xampp\htdocs\peoplecar\game\Admin\Controller\CommonController.class.php 第 37 行.
NOTIC: [8] Undefined index: clock_play D:\xampp\htdocs\peoplecar\game\Admin\Controller\CommonController.class.php 第 54 行.
INFO: [ view_parse ] --START--
INFO: [ template_filter ] --START--
INFO: Run Behavior\ContentReplaceBehavior [ RunTime:0.000000s ]
INFO: [ template_filter ] --END-- [ RunTime:0.000000s ]
INFO: Run Behavior\ParseTemplateBehavior [ RunTime:0.008000s ]
INFO: [ view_parse ] --END-- [ RunTime:0.008000s ]
INFO: [ view_filter ] --START--
INFO: Run Behavior\WriteHtmlCacheBehavior [ RunTime:0.000000s ]
INFO: [ view_filter ] --END-- [ RunTime:0.000000s ]
INFO: [ app_end ] --START--
INFO: Run Behavior\ShowPageTraceBehavior [ RunTime:0.001000s ]
INFO: [ app_end ] --END-- [ RunTime:0.001000s ]

[ 2017-10-11T18:48:13+08:00 ] 192.168.1.100 /peoplecar/index.php?s=/super/Index/gameNotice
INFO: [ app_init ] --START--
INFO: Run Behavior\BuildLiteBehavior [ RunTime:0.000000s ]
INFO: [ app_init ] --END-- [ RunTime:0.000000s ]
INFO: [ app_begin ] --START--
INFO: Run Behavior\ReadHtmlCacheBehavior [ RunTime:0.001000s ]
INFO: [ app_begin ] --END-- [ RunTime:0.001000s ]
SQL: SHOW COLUMNS FROM `syd_user` [ RunTime:0.0020s ]
NOTIC: [8] Undefined index: clock_user D:\xampp\htdocs\peoplecar\game\Admin\Controller\CommonController.class.php 第 19 行.
NOTIC: [8] Undefined index: clock_usfarm D:\xampp\htdocs\peoplecar\game\Admin\Controller\CommonController.class.php 第 37 行.
NOTIC: [8] Undefined index: clock_play D:\xampp\htdocs\peoplecar\game\Admin\Controller\CommonController.class.php 第 54 行.
INFO: [ view_parse ] --START--
INFO: [ template_filter ] --START--
INFO: Run Behavior\ContentReplaceBehavior [ RunTime:0.000000s ]
INFO: [ template_filter ] --END-- [ RunTime:0.000000s ]
INFO: Run Behavior\ParseTemplateBehavior [ RunTime:0.007000s ]
INFO: [ view_parse ] --END-- [ RunTime:0.007000s ]
INFO: [ view_filter ] --START--
INFO: Run Behavior\WriteHtmlCacheBehavior [ RunTime:0.000000s ]
INFO: [ view_filter ] --END-- [ RunTime:0.000000s ]
INFO: [ app_end ] --START--
INFO: Run Behavior\ShowPageTraceBehavior [ RunTime:0.000000s ]
INFO: [ app_end ] --END-- [ RunTime:0.001000s ]

[ 2017-10-11T18:48:15+08:00 ] 192.168.1.100 /peoplecar/index.php?s=/super/WealthDetailed/userChargeHistory.html
INFO: [ app_init ] --START--
INFO: Run Behavior\BuildLiteBehavior [ RunTime:0.000000s ]
INFO: [ app_init ] --END-- [ RunTime:0.000000s ]
INFO: [ app_begin ] --START--
INFO: Run Behavior\ReadHtmlCacheBehavior [ RunTime:0.001000s ]
INFO: [ app_begin ] --END-- [ RunTime:0.001000s ]
SQL: SHOW COLUMNS FROM `syd_user` [ RunTime:0.0030s ]
NOTIC: [8] Undefined index: clock_user D:\xampp\htdocs\peoplecar\game\Admin\Controller\CommonController.class.php 第 19 行.
NOTIC: [8] Undefined index: clock_usfarm D:\xampp\htdocs\peoplecar\game\Admin\Controller\CommonController.class.php 第 37 行.
NOTIC: [8] Undefined index: clock_play D:\xampp\htdocs\peoplecar\game\Admin\Controller\CommonController.class.php 第 54 行.
SQL: SHOW COLUMNS FROM `syd_charge` [ RunTime:0.0060s ]
SQL: SELECT COUNT(*) AS tp_count FROM `syd_charge` LIMIT 1   [ RunTime:0.0000s ]
NOTIC: [2] Missing argument 2 for Think\Page::setConfig(), called in D:\xampp\htdocs\peoplecar\game\Common\Common\function.php on line 176 and defined D:\xampp\htdocs\peoplecar\ThinkPHP\Library\Think\Page.class.php 第 58 行.
NOTIC: [2] Illegal offset type in isset or empty D:\xampp\htdocs\peoplecar\ThinkPHP\Library\Think\Page.class.php 第 59 行.
SQL: SELECT `id`,`uid`,`phone`,`wx_no`,`money`,`time`,`status` FROM `syd_charge` ORDER BY id desc  LIMIT 0,10   [ RunTime:0.0010s ]
SQL: SELECT * FROM `syd_user` WHERE ( userid=1 ) LIMIT 1   [ RunTime:0.0010s ]
SQL: SELECT * FROM `syd_user` WHERE ( userid=1 ) LIMIT 1   [ RunTime:0.0010s ]
SQL: SELECT * FROM `syd_user` WHERE ( userid=1 ) LIMIT 1   [ RunTime:0.0000s ]
SQL: SELECT * FROM `syd_user` WHERE ( userid=1 ) LIMIT 1   [ RunTime:0.0000s ]
SQL: SELECT * FROM `syd_user` WHERE ( userid=1 ) LIMIT 1   [ RunTime:0.0000s ]
INFO: [ view_parse ] --START--
INFO: [ template_filter ] --START--
INFO: Run Behavior\ContentReplaceBehavior [ RunTime:0.000000s ]
INFO: [ template_filter ] --END-- [ RunTime:0.000000s ]
INFO: Run Behavior\ParseTemplateBehavior [ RunTime:0.011001s ]
INFO: [ view_parse ] --END-- [ RunTime:0.011001s ]
INFO: [ view_filter ] --START--
INFO: Run Behavior\WriteHtmlCacheBehavior [ RunTime:0.000000s ]
INFO: [ view_filter ] --END-- [ RunTime:0.001000s ]
INFO: [ app_end ] --START--
INFO: Run Behavior\ShowPageTraceBehavior [ RunTime:0.001000s ]
INFO: [ app_end ] --END-- [ RunTime:0.001000s ]

[ 2017-10-11T18:48:16+08:00 ] 192.168.1.100 /peoplecar/index.php?s=/super/WealthDetailed/userDetails.html
INFO: [ app_init ] --START--
INFO: Run Behavior\BuildLiteBehavior [ RunTime:0.000000s ]
INFO: [ app_init ] --END-- [ RunTime:0.001000s ]
INFO: [ app_begin ] --START--
INFO: Run Behavior\ReadHtmlCacheBehavior [ RunTime:0.001000s ]
INFO: [ app_begin ] --END-- [ RunTime:0.001000s ]
SQL: SHOW COLUMNS FROM `syd_user` [ RunTime:0.0030s ]
NOTIC: [8] Undefined index: clock_user D:\xampp\htdocs\peoplecar\game\Admin\Controller\CommonController.class.php 第 19 行.
NOTIC: [8] Undefined index: clock_usfarm D:\xampp\htdocs\peoplecar\game\Admin\Controller\CommonController.class.php 第 37 行.
NOTIC: [8] Undefined index: clock_play D:\xampp\htdocs\peoplecar\game\Admin\Controller\CommonController.class.php 第 54 行.
INFO: [ view_parse ] --START--
INFO: [ template_filter ] --START--
INFO: Run Behavior\ContentReplaceBehavior [ RunTime:0.000000s ]
INFO: [ template_filter ] --END-- [ RunTime:0.000000s ]
INFO: Run Behavior\ParseTemplateBehavior [ RunTime:0.008000s ]
INFO: [ view_parse ] --END-- [ RunTime:0.008000s ]
INFO: [ view_filter ] --START--
INFO: Run Behavior\WriteHtmlCacheBehavior [ RunTime:0.000000s ]
INFO: [ view_filter ] --END-- [ RunTime:0.000000s ]
INFO: [ app_end ] --START--
INFO: Run Behavior\ShowPageTraceBehavior [ RunTime:0.001000s ]
INFO: [ app_end ] --END-- [ RunTime:0.001000s ]

[ 2017-10-11T18:52:44+08:00 ] 192.168.1.100 //peoplecar/index.php?s=/super/Login/index
INFO: [ app_init ] --START--
INFO: Run Behavior\BuildLiteBehavior [ RunTime:0.000000s ]
INFO: [ app_init ] --END-- [ RunTime:0.001000s ]
INFO: [ app_begin ] --START--
INFO: Run Behavior\ReadHtmlCacheBehavior [ RunTime:0.001000s ]
INFO: [ app_begin ] --END-- [ RunTime:0.001000s ]
INFO: [ view_parse ] --START--
INFO: [ template_filter ] --START--
INFO: Run Behavior\ContentReplaceBehavior [ RunTime:0.000000s ]
INFO: [ template_filter ] --END-- [ RunTime:0.000000s ]
INFO: Run Behavior\ParseTemplateBehavior [ RunTime:0.011001s ]
INFO: [ view_parse ] --END-- [ RunTime:0.011001s ]
INFO: [ view_filter ] --START--
INFO: Run Behavior\WriteHtmlCacheBehavior [ RunTime:0.001000s ]
INFO: [ view_filter ] --END-- [ RunTime:0.001000s ]
INFO: [ app_end ] --START--
INFO: Run Behavior\ShowPageTraceBehavior [ RunTime:0.001000s ]
INFO: [ app_end ] --END-- [ RunTime:0.001000s ]

[ 2017-10-11T18:53:00+08:00 ] 192.168.1.100 /peoplecar/index.php?s=/super/login/idcheck
INFO: [ app_init ] --START--
INFO: Run Behavior\BuildLiteBehavior [ RunTime:0.000000s ]
INFO: [ app_init ] --END-- [ RunTime:0.002000s ]
INFO: [ app_begin ] --START--
INFO: Run Behavior\ReadHtmlCacheBehavior [ RunTime:0.002000s ]
INFO: [ app_begin ] --END-- [ RunTime:0.002000s ]
SQL: SHOW COLUMNS FROM `syd_nzspuser` [ RunTime:0.0030s ]
SQL: SELECT * FROM `syd_nzspuser` WHERE ( sp_username='admin' ) LIMIT 1   [ RunTime:0.0010s ]
SQL: UPDATE `syd_nzspuser` SET `sp_logintime`='1507719180',`sp_loginip`='192.168.1.100' WHERE ( sp_id ='1' ) [ RunTime:0.0010s ]
INFO: [ app_end ] --START--
INFO: Run Behavior\ShowPageTraceBehavior [ RunTime:0.001000s ]
INFO: [ app_end ] --END-- [ RunTime:0.001000s ]

[ 2017-10-11T18:53:02+08:00 ] 192.168.1.100 /peoplecar/index.php?s=/super/index/backstageSammaryPage
INFO: [ app_init ] --START--
INFO: Run Behavior\BuildLiteBehavior [ RunTime:0.000000s ]
INFO: [ app_init ] --END-- [ RunTime:0.001000s ]
INFO: [ app_begin ] --START--
INFO: Run Behavior\ReadHtmlCacheBehavior [ RunTime:0.002000s ]
INFO: [ app_begin ] --END-- [ RunTime:0.002000s ]
SQL: SHOW COLUMNS FROM `syd_user` [ RunTime:0.0030s ]
NOTIC: [8] Undefined index: clock_user D:\xampp\htdocs\peoplecar\game\Admin\Controller\CommonController.class.php 第 19 行.
NOTIC: [8] Undefined index: clock_usfarm D:\xampp\htdocs\peoplecar\game\Admin\Controller\CommonController.class.php 第 37 行.
NOTIC: [8] Undefined index: clock_play D:\xampp\htdocs\peoplecar\game\Admin\Controller\CommonController.class.php 第 54 行.
INFO: [ view_parse ] --START--
INFO: [ template_filter ] --START--
INFO: Run Behavior\ContentReplaceBehavior [ RunTime:0.000000s ]
INFO: [ template_filter ] --END-- [ RunTime:0.000000s ]
INFO: Run Behavior\ParseTemplateBehavior [ RunTime:0.008001s ]
INFO: [ view_parse ] --END-- [ RunTime:0.008001s ]
INFO: [ view_filter ] --START--
INFO: Run Behavior\WriteHtmlCacheBehavior [ RunTime:0.000000s ]
INFO: [ view_filter ] --END-- [ RunTime:0.000000s ]
INFO: [ app_end ] --START--
INFO: Run Behavior\ShowPageTraceBehavior [ RunTime:0.000000s ]
INFO: [ app_end ] --END-- [ RunTime:0.000000s ]

[ 2017-10-11T18:53:02+08:00 ] 192.168.1.100 /peoplecar/index.php?s=/super/Index/gameNotice
INFO: [ app_init ] --START--
INFO: Run Behavior\BuildLiteBehavior [ RunTime:0.000000s ]
INFO: [ app_init ] --END-- [ RunTime:0.001000s ]
INFO: [ app_begin ] --START--
INFO: Run Behavior\ReadHtmlCacheBehavior [ RunTime:0.001001s ]
INFO: [ app_begin ] --END-- [ RunTime:0.002001s ]
SQL: SHOW COLUMNS FROM `syd_user` [ RunTime:0.0030s ]
NOTIC: [8] Undefined index: clock_user D:\xampp\htdocs\peoplecar\game\Admin\Controller\CommonController.class.php 第 19 行.
NOTIC: [8] Undefined index: clock_usfarm D:\xampp\htdocs\peoplecar\game\Admin\Controller\CommonController.class.php 第 37 行.
NOTIC: [8] Undefined index: clock_play D:\xampp\htdocs\peoplecar\game\Admin\Controller\CommonController.class.php 第 54 行.
INFO: [ view_parse ] --START--
INFO: [ template_filter ] --START--
INFO: Run Behavior\ContentReplaceBehavior [ RunTime:0.000000s ]
INFO: [ template_filter ] --END-- [ RunTime:0.000000s ]
INFO: Run Behavior\ParseTemplateBehavior [ RunTime:0.008000s ]
INFO: [ view_parse ] --END-- [ RunTime:0.008000s ]
INFO: [ view_filter ] --START--
INFO: Run Behavior\WriteHtmlCacheBehavior [ RunTime:0.000000s ]
INFO: [ view_filter ] --END-- [ RunTime:0.000000s ]
INFO: [ app_end ] --START--
INFO: Run Behavior\ShowPageTraceBehavior [ RunTime:0.001000s ]
INFO: [ app_end ] --END-- [ RunTime:0.001000s ]

