[ 2017-12-04T11:32:28+08:00 ] 61.160.224.140 /index.php?s=/super/Login/index
INFO: [ app_init ] --START--
INFO: Run Behavior\BuildLiteBehavior [ RunTime:0.000000s ]
INFO: [ app_init ] --END-- [ RunTime:0.000000s ]
INFO: [ app_begin ] --START--
INFO: Run Behavior\ReadHtmlCacheBehavior [ RunTime:0.000000s ]
INFO: [ app_begin ] --END-- [ RunTime:0.000000s ]
INFO: [ view_parse ] --START--
INFO: [ template_filter ] --START--
INFO: Run Behavior\ContentReplaceBehavior [ RunTime:0.000000s ]
INFO: [ template_filter ] --END-- [ RunTime:0.000000s ]
INFO: Run Behavior\ParseTemplateBehavior [ RunTime:0.020509s ]
INFO: [ view_parse ] --END-- [ RunTime:0.020509s ]
INFO: [ view_filter ] --START--
INFO: Run Behavior\WriteHtmlCacheBehavior [ RunTime:0.000976s ]
INFO: [ view_filter ] --END-- [ RunTime:0.000976s ]
INFO: [ app_end ] --START--
INFO: Run Behavior\ShowPageTraceBehavior [ RunTime:0.000000s ]
INFO: [ app_end ] --END-- [ RunTime:0.000000s ]

[ 2017-12-04T11:32:40+08:00 ] 61.160.224.140 /index.php?s=/super/login/idcheck
INFO: [ app_init ] --START--
INFO: Run Behavior\BuildLiteBehavior [ RunTime:0.000000s ]
INFO: [ app_init ] --END-- [ RunTime:0.000000s ]
INFO: [ app_begin ] --START--
INFO: Run Behavior\ReadHtmlCacheBehavior [ RunTime:0.000977s ]
INFO: [ app_begin ] --END-- [ RunTime:0.000977s ]
SQL: SHOW COLUMNS FROM `syd_nzspuser` [ RunTime:0.0156s ]
SQL: SELECT * FROM `syd_nzspuser` WHERE ( sp_username='admin' ) LIMIT 1   [ RunTime:0.0020s ]
SQL: UPDATE `syd_nzspuser` SET `sp_logintime`='1512358360',`sp_loginip`='61.160.224.140' WHERE ( sp_id ='1' ) [ RunTime:0.0000s ]
INFO: [ app_end ] --START--
INFO: Run Behavior\ShowPageTraceBehavior [ RunTime:0.000000s ]
INFO: [ app_end ] --END-- [ RunTime:0.000000s ]

[ 2017-12-04T11:32:41+08:00 ] 61.160.224.140 /index.php?s=/super/index/backstageSammaryPage
INFO: [ app_init ] --START--
INFO: Run Behavior\BuildLiteBehavior [ RunTime:0.000000s ]
INFO: [ app_init ] --END-- [ RunTime:0.000000s ]
INFO: [ app_begin ] --START--
INFO: Run Behavior\ReadHtmlCacheBehavior [ RunTime:0.000977s ]
INFO: [ app_begin ] --END-- [ RunTime:0.000977s ]
SQL: SHOW COLUMNS FROM `syd_nzspuser` [ RunTime:0.0049s ]
SQL: SELECT `power` FROM `syd_nzspuser` WHERE ( sp_id=1 ) LIMIT 1   [ RunTime:0.0020s ]
INFO: [ view_parse ] --START--
INFO: [ template_filter ] --START--
INFO: Run Behavior\ContentReplaceBehavior [ RunTime:0.000000s ]
INFO: [ template_filter ] --END-- [ RunTime:0.000000s ]
INFO: Run Behavior\ParseTemplateBehavior [ RunTime:0.009766s ]
INFO: [ view_parse ] --END-- [ RunTime:0.009766s ]
INFO: [ view_filter ] --START--
INFO: Run Behavior\WriteHtmlCacheBehavior [ RunTime:0.000000s ]
INFO: [ view_filter ] --END-- [ RunTime:0.000000s ]
INFO: [ app_end ] --START--
INFO: Run Behavior\ShowPageTraceBehavior [ RunTime:0.000000s ]
INFO: [ app_end ] --END-- [ RunTime:0.000000s ]

[ 2017-12-04T11:32:42+08:00 ] 61.160.224.140 /index.php?s=/super/Index/gameNotice
INFO: [ app_init ] --START--
INFO: Run Behavior\BuildLiteBehavior [ RunTime:0.000000s ]
INFO: [ app_init ] --END-- [ RunTime:0.000977s ]
INFO: [ app_begin ] --START--
INFO: Run Behavior\ReadHtmlCacheBehavior [ RunTime:0.000977s ]
INFO: [ app_begin ] --END-- [ RunTime:0.000977s ]
SQL: SHOW COLUMNS FROM `syd_store` [ RunTime:0.0039s ]
NOTIC: [2] Missing argument 1 for Think\Model::where(), called in D:\wwwroot\jpyc03\wwwroot\game\Admin\Controller\IndexController.class.php on line 34 and defined D:\wwwroot\jpyc03\wwwroot\ThinkPHP\Library\Think\Model.class.php 第 1797 行.
NOTIC: [8] Undefined variable: where D:\wwwroot\jpyc03\wwwroot\ThinkPHP\Library\Think\Model.class.php 第 1805 行.
NOTIC: [8] Undefined variable: where D:\wwwroot\jpyc03\wwwroot\ThinkPHP\Library\Think\Model.class.php 第 1808 行.
NOTIC: [8] Undefined variable: where D:\wwwroot\jpyc03\wwwroot\ThinkPHP\Library\Think\Model.class.php 第 1816 行.
SQL: SELECT SUM(gold) AS tp_sum FROM `syd_store` LIMIT 1   [ RunTime:0.0010s ]
NOTIC: [2] Missing argument 1 for Think\Model::where(), called in D:\wwwroot\jpyc03\wwwroot\game\Admin\Controller\IndexController.class.php on line 35 and defined D:\wwwroot\jpyc03\wwwroot\ThinkPHP\Library\Think\Model.class.php 第 1797 行.
NOTIC: [8] Undefined variable: where D:\wwwroot\jpyc03\wwwroot\ThinkPHP\Library\Think\Model.class.php 第 1805 行.
NOTIC: [8] Undefined variable: where D:\wwwroot\jpyc03\wwwroot\ThinkPHP\Library\Think\Model.class.php 第 1808 行.
NOTIC: [8] Undefined variable: where D:\wwwroot\jpyc03\wwwroot\ThinkPHP\Library\Think\Model.class.php 第 1816 行.
SQL: SELECT SUM(report_money) AS tp_sum FROM `syd_store` LIMIT 1   [ RunTime:0.0000s ]
NOTIC: [2] Missing argument 1 for Think\Model::where(), called in D:\wwwroot\jpyc03\wwwroot\game\Admin\Controller\IndexController.class.php on line 36 and defined D:\wwwroot\jpyc03\wwwroot\ThinkPHP\Library\Think\Model.class.php 第 1797 行.
NOTIC: [8] Undefined variable: where D:\wwwroot\jpyc03\wwwroot\ThinkPHP\Library\Think\Model.class.php 第 1805 行.
NOTIC: [8] Undefined variable: where D:\wwwroot\jpyc03\wwwroot\ThinkPHP\Library\Think\Model.class.php 第 1808 行.
NOTIC: [8] Undefined variable: where D:\wwwroot\jpyc03\wwwroot\ThinkPHP\Library\Think\Model.class.php 第 1816 行.
SQL: SELECT SUM(buycar_money) AS tp_sum FROM `syd_store` LIMIT 1   [ RunTime:0.0000s ]
NOTIC: [2] Missing argument 1 for Think\Model::where(), called in D:\wwwroot\jpyc03\wwwroot\game\Admin\Controller\IndexController.class.php on line 37 and defined D:\wwwroot\jpyc03\wwwroot\ThinkPHP\Library\Think\Model.class.php 第 1797 行.
NOTIC: [8] Undefined variable: where D:\wwwroot\jpyc03\wwwroot\ThinkPHP\Library\Think\Model.class.php 第 1805 行.
NOTIC: [8] Undefined variable: where D:\wwwroot\jpyc03\wwwroot\ThinkPHP\Library\Think\Model.class.php 第 1808 行.
NOTIC: [8] Undefined variable: where D:\wwwroot\jpyc03\wwwroot\ThinkPHP\Library\Think\Model.class.php 第 1816 行.
SQL: SELECT SUM(bonus) AS tp_sum FROM `syd_store` LIMIT 1   [ RunTime:0.0010s ]
NOTIC: [2] Missing argument 1 for Think\Model::where(), called in D:\wwwroot\jpyc03\wwwroot\game\Admin\Controller\IndexController.class.php on line 38 and defined D:\wwwroot\jpyc03\wwwroot\ThinkPHP\Library\Think\Model.class.php 第 1797 行.
NOTIC: [8] Undefined variable: where D:\wwwroot\jpyc03\wwwroot\ThinkPHP\Library\Think\Model.class.php 第 1805 行.
NOTIC: [8] Undefined variable: where D:\wwwroot\jpyc03\wwwroot\ThinkPHP\Library\Think\Model.class.php 第 1808 行.
NOTIC: [8] Undefined variable: where D:\wwwroot\jpyc03\wwwroot\ThinkPHP\Library\Think\Model.class.php 第 1816 行.
SQL: SELECT SUM(frozen_money) AS tp_sum FROM `syd_store` LIMIT 1   [ RunTime:0.0000s ]
SQL: SHOW COLUMNS FROM `syd_transaction` [ RunTime:0.0059s ]
SQL: SELECT SUM(money) AS tp_sum FROM `syd_transaction` WHERE ( `time` > 1512316800 AND `time` < 1512403200  ) LIMIT 1   [ RunTime:0.0020s ]
SQL: SHOW COLUMNS FROM `syd_withdraw` [ RunTime:0.0039s ]
SQL: SELECT SUM(money) AS tp_sum FROM `syd_withdraw` WHERE ( `time` > 1512316800 AND `time` < 1512403200  ) LIMIT 1   [ RunTime:0.0020s ]
SQL: SHOW COLUMNS FROM `syd_user` [ RunTime:0.0049s ]
SQL: SELECT COUNT(*) AS tp_count FROM `syd_user` WHERE ( `time` > 1512316800 AND `time` < 1512403200  ) LIMIT 1   [ RunTime:0.0020s ]
SQL: SHOW COLUMNS FROM `syd_getbuycarmoney_record` [ RunTime:0.0029s ]
SQL: SELECT COUNT(*) AS tp_count FROM `syd_getbuycarmoney_record` WHERE ( `time` > 1512316800 AND `time` < 1512403200  ) LIMIT 1   [ RunTime:0.0010s ]
SQL: SHOW COLUMNS FROM `syd_getgold_record` [ RunTime:0.0049s ]
SQL: SELECT COUNT(*) AS tp_count FROM `syd_getgold_record` WHERE ( `time` > 1512316800 AND `time` < 1512403200  ) LIMIT 1   [ RunTime:0.0029s ]
SQL: SHOW COLUMNS FROM `syd_getbonus_record` [ RunTime:0.0039s ]
SQL: SELECT COUNT(*) AS tp_count FROM `syd_getbonus_record` WHERE ( `time` > 1512316800 AND `time` < 1512403200  ) LIMIT 1   [ RunTime:0.0020s ]
SQL: SHOW COLUMNS FROM `syd_upside_record` [ RunTime:0.0029s ]
SQL: SELECT SUM(money) AS tp_sum FROM `syd_upside_record` WHERE ( `time` > 1512316800 AND `time` < 1512403200  ) LIMIT 1   [ RunTime:0.0039s ]
INFO: [ view_parse ] --START--
INFO: [ template_filter ] --START--
INFO: Run Behavior\ContentReplaceBehavior [ RunTime:0.000000s ]
INFO: [ template_filter ] --END-- [ RunTime:0.000000s ]
INFO: Run Behavior\ParseTemplateBehavior [ RunTime:0.007813s ]
INFO: [ view_parse ] --END-- [ RunTime:0.007813s ]
INFO: [ view_filter ] --START--
INFO: Run Behavior\WriteHtmlCacheBehavior [ RunTime:0.000000s ]
INFO: [ view_filter ] --END-- [ RunTime:0.000000s ]
INFO: [ app_end ] --START--
INFO: Run Behavior\ShowPageTraceBehavior [ RunTime:0.000000s ]
INFO: [ app_end ] --END-- [ RunTime:0.000000s ]

[ 2017-12-04T11:33:16+08:00 ] 61.160.224.140 /index.php?s=/super/WealthDetailed/userCapitalOffset.html
INFO: [ app_init ] --START--
INFO: Run Behavior\BuildLiteBehavior [ RunTime:0.000000s ]
INFO: [ app_init ] --END-- [ RunTime:0.000000s ]
INFO: [ app_begin ] --START--
INFO: Run Behavior\ReadHtmlCacheBehavior [ RunTime:0.000977s ]
INFO: [ app_begin ] --END-- [ RunTime:0.000977s ]
SQL: SHOW COLUMNS FROM `syd_store` [ RunTime:0.0029s ]
SQL: SELECT COUNT(*) AS tp_count FROM `syd_store` LIMIT 1   [ RunTime:0.0029s ]
NOTIC: [2] Missing argument 2 for Think\Page::setConfig(), called in D:\wwwroot\jpyc03\wwwroot\game\Common\Common\function.php on line 176 and defined D:\wwwroot\jpyc03\wwwroot\ThinkPHP\Library\Think\Page.class.php 第 58 行.
NOTIC: [2] Illegal offset type in isset or empty D:\wwwroot\jpyc03\wwwroot\ThinkPHP\Library\Think\Page.class.php 第 59 行.
SQL: SELECT * FROM `syd_store` ORDER BY id desc  LIMIT 0,10   [ RunTime:0.0010s ]
SQL: SHOW COLUMNS FROM `syd_user` [ RunTime:0.0039s ]
SQL: SELECT * FROM `syd_user` WHERE ( userid=221 ) LIMIT 1   [ RunTime:0.0029s ]
SQL: SELECT * FROM `syd_user` WHERE ( userid=220 ) LIMIT 1   [ RunTime:0.0000s ]
SQL: SELECT * FROM `syd_user` WHERE ( userid=219 ) LIMIT 1   [ RunTime:0.0010s ]
SQL: SELECT * FROM `syd_user` WHERE ( userid=218 ) LIMIT 1   [ RunTime:0.0010s ]
SQL: SELECT * FROM `syd_user` WHERE ( userid=217 ) LIMIT 1   [ RunTime:0.0000s ]
SQL: SELECT * FROM `syd_user` WHERE ( userid=216 ) LIMIT 1   [ RunTime:0.0010s ]
SQL: SELECT * FROM `syd_user` WHERE ( userid=215 ) LIMIT 1   [ RunTime:0.0000s ]
SQL: SELECT * FROM `syd_user` WHERE ( userid=214 ) LIMIT 1   [ RunTime:0.0010s ]
SQL: SELECT * FROM `syd_user` WHERE ( userid=213 ) LIMIT 1   [ RunTime:0.0000s ]
SQL: SELECT * FROM `syd_user` WHERE ( userid=212 ) LIMIT 1   [ RunTime:0.0000s ]
INFO: [ view_parse ] --START--
INFO: [ template_filter ] --START--
INFO: Run Behavior\ContentReplaceBehavior [ RunTime:0.000000s ]
INFO: [ template_filter ] --END-- [ RunTime:0.000000s ]
INFO: Run Behavior\ParseTemplateBehavior [ RunTime:0.014647s ]
INFO: [ view_parse ] --END-- [ RunTime:0.014647s ]
INFO: [ view_filter ] --START--
INFO: Run Behavior\WriteHtmlCacheBehavior [ RunTime:0.000000s ]
INFO: [ view_filter ] --END-- [ RunTime:0.000000s ]
INFO: [ app_end ] --START--
INFO: Run Behavior\ShowPageTraceBehavior [ RunTime:0.000977s ]
INFO: [ app_end ] --END-- [ RunTime:0.000977s ]

[ 2017-12-04T11:33:18+08:00 ] 61.160.224.140 /index.php?s=/super/WealthDetailed/userCapitalOffset/p/3
INFO: [ app_init ] --START--
INFO: Run Behavior\BuildLiteBehavior [ RunTime:0.000000s ]
INFO: [ app_init ] --END-- [ RunTime:0.000000s ]
INFO: [ app_begin ] --START--
INFO: Run Behavior\ReadHtmlCacheBehavior [ RunTime:0.000976s ]
INFO: [ app_begin ] --END-- [ RunTime:0.000976s ]
SQL: SHOW COLUMNS FROM `syd_store` [ RunTime:0.0049s ]
SQL: SELECT COUNT(*) AS tp_count FROM `syd_store` LIMIT 1   [ RunTime:0.0010s ]
NOTIC: [2] Missing argument 2 for Think\Page::setConfig(), called in D:\wwwroot\jpyc03\wwwroot\game\Common\Common\function.php on line 176 and defined D:\wwwroot\jpyc03\wwwroot\ThinkPHP\Library\Think\Page.class.php 第 58 行.
NOTIC: [2] Illegal offset type in isset or empty D:\wwwroot\jpyc03\wwwroot\ThinkPHP\Library\Think\Page.class.php 第 59 行.
SQL: SELECT * FROM `syd_store` ORDER BY id desc  LIMIT 20,10   [ RunTime:0.0000s ]
SQL: SHOW COLUMNS FROM `syd_user` [ RunTime:0.0029s ]
SQL: SELECT * FROM `syd_user` WHERE ( userid=201 ) LIMIT 1   [ RunTime:0.0010s ]
SQL: SELECT * FROM `syd_user` WHERE ( userid=200 ) LIMIT 1   [ RunTime:0.0000s ]
SQL: SELECT * FROM `syd_user` WHERE ( userid=199 ) LIMIT 1   [ RunTime:0.0000s ]
SQL: SELECT * FROM `syd_user` WHERE ( userid=198 ) LIMIT 1   [ RunTime:0.0000s ]
SQL: SELECT * FROM `syd_user` WHERE ( userid=197 ) LIMIT 1   [ RunTime:0.0010s ]
SQL: SELECT * FROM `syd_user` WHERE ( userid=196 ) LIMIT 1   [ RunTime:0.0000s ]
SQL: SELECT * FROM `syd_user` WHERE ( userid=195 ) LIMIT 1   [ RunTime:0.0000s ]
SQL: SELECT * FROM `syd_user` WHERE ( userid=194 ) LIMIT 1   [ RunTime:0.0000s ]
SQL: SELECT * FROM `syd_user` WHERE ( userid=193 ) LIMIT 1   [ RunTime:0.0000s ]
SQL: SELECT * FROM `syd_user` WHERE ( userid=192 ) LIMIT 1   [ RunTime:0.0010s ]
INFO: [ view_parse ] --START--
INFO: [ template_filter ] --START--
INFO: Run Behavior\ContentReplaceBehavior [ RunTime:0.000000s ]
INFO: [ template_filter ] --END-- [ RunTime:0.000977s ]
INFO: Run Behavior\ParseTemplateBehavior [ RunTime:0.008789s ]
INFO: [ view_parse ] --END-- [ RunTime:0.008789s ]
INFO: [ view_filter ] --START--
INFO: Run Behavior\WriteHtmlCacheBehavior [ RunTime:0.001953s ]
INFO: [ view_filter ] --END-- [ RunTime:0.001953s ]
INFO: [ app_end ] --START--
INFO: Run Behavior\ShowPageTraceBehavior [ RunTime:0.000976s ]
INFO: [ app_end ] --END-- [ RunTime:0.000976s ]

[ 2017-12-04T11:33:22+08:00 ] 61.160.224.140 /index.php?s=/super/WealthDetailed/userCapitalOffset/p/4
INFO: [ app_init ] --START--
INFO: Run Behavior\BuildLiteBehavior [ RunTime:0.000000s ]
INFO: [ app_init ] --END-- [ RunTime:0.000977s ]
INFO: [ app_begin ] --START--
INFO: Run Behavior\ReadHtmlCacheBehavior [ RunTime:0.000000s ]
INFO: [ app_begin ] --END-- [ RunTime:0.000000s ]
SQL: SHOW COLUMNS FROM `syd_store` [ RunTime:0.0146s ]
SQL: SELECT COUNT(*) AS tp_count FROM `syd_store` LIMIT 1   [ RunTime:0.0020s ]
NOTIC: [2] Missing argument 2 for Think\Page::setConfig(), called in D:\wwwroot\jpyc03\wwwroot\game\Common\Common\function.php on line 176 and defined D:\wwwroot\jpyc03\wwwroot\ThinkPHP\Library\Think\Page.class.php 第 58 行.
NOTIC: [2] Illegal offset type in isset or empty D:\wwwroot\jpyc03\wwwroot\ThinkPHP\Library\Think\Page.class.php 第 59 行.
SQL: SELECT * FROM `syd_store` ORDER BY id desc  LIMIT 30,10   [ RunTime:0.0000s ]
SQL: SHOW COLUMNS FROM `syd_user` [ RunTime:0.2060s ]
SQL: SELECT * FROM `syd_user` WHERE ( userid=191 ) LIMIT 1   [ RunTime:0.0176s ]
SQL: SELECT * FROM `syd_user` WHERE ( userid=190 ) LIMIT 1   [ RunTime:0.0000s ]
SQL: SELECT * FROM `syd_user` WHERE ( userid=164 ) LIMIT 1   [ RunTime:0.0000s ]
SQL: SELECT * FROM `syd_user` WHERE ( userid=163 ) LIMIT 1   [ RunTime:0.0000s ]
SQL: SELECT * FROM `syd_user` WHERE ( userid=162 ) LIMIT 1   [ RunTime:0.0000s ]
SQL: SELECT * FROM `syd_user` WHERE ( userid=161 ) LIMIT 1   [ RunTime:0.0000s ]
SQL: SELECT * FROM `syd_user` WHERE ( userid=2 ) LIMIT 1   [ RunTime:0.0000s ]
SQL: SELECT * FROM `syd_user` WHERE ( userid=5 ) LIMIT 1   [ RunTime:0.0010s ]
INFO: [ view_parse ] --START--
INFO: [ template_filter ] --START--
INFO: Run Behavior\ContentReplaceBehavior [ RunTime:0.000000s ]
INFO: [ template_filter ] --END-- [ RunTime:0.000000s ]
INFO: Run Behavior\ParseTemplateBehavior [ RunTime:0.008789s ]
INFO: [ view_parse ] --END-- [ RunTime:0.008789s ]
INFO: [ view_filter ] --START--
INFO: Run Behavior\WriteHtmlCacheBehavior [ RunTime:0.000000s ]
INFO: [ view_filter ] --END-- [ RunTime:0.000976s ]
INFO: [ app_end ] --START--
INFO: Run Behavior\ShowPageTraceBehavior [ RunTime:0.000000s ]
INFO: [ app_end ] --END-- [ RunTime:0.000000s ]

[ 2017-12-04T11:33:25+08:00 ] 61.160.224.140 /index.php?s=/super/WealthDetailed/userCapitalOffset/p/3
INFO: [ app_init ] --START--
INFO: Run Behavior\BuildLiteBehavior [ RunTime:0.000000s ]
INFO: [ app_init ] --END-- [ RunTime:0.000000s ]
INFO: [ app_begin ] --START--
INFO: Run Behavior\ReadHtmlCacheBehavior [ RunTime:0.000000s ]
INFO: [ app_begin ] --END-- [ RunTime:0.000000s ]
SQL: SHOW COLUMNS FROM `syd_store` [ RunTime:0.3174s ]
SQL: SELECT COUNT(*) AS tp_count FROM `syd_store` LIMIT 1   [ RunTime:0.0586s ]
NOTIC: [2] Missing argument 2 for Think\Page::setConfig(), called in D:\wwwroot\jpyc03\wwwroot\game\Common\Common\function.php on line 176 and defined D:\wwwroot\jpyc03\wwwroot\ThinkPHP\Library\Think\Page.class.php 第 58 行.
NOTIC: [2] Illegal offset type in isset or empty D:\wwwroot\jpyc03\wwwroot\ThinkPHP\Library\Think\Page.class.php 第 59 行.
SQL: SELECT * FROM `syd_store` ORDER BY id desc  LIMIT 20,10   [ RunTime:0.0000s ]
SQL: SHOW COLUMNS FROM `syd_user` [ RunTime:0.0381s ]
SQL: SELECT * FROM `syd_user` WHERE ( userid=201 ) LIMIT 1   [ RunTime:0.0400s ]
SQL: SELECT * FROM `syd_user` WHERE ( userid=200 ) LIMIT 1   [ RunTime:0.0000s ]
SQL: SELECT * FROM `syd_user` WHERE ( userid=199 ) LIMIT 1   [ RunTime:0.0000s ]
SQL: SELECT * FROM `syd_user` WHERE ( userid=198 ) LIMIT 1   [ RunTime:0.0000s ]
SQL: SELECT * FROM `syd_user` WHERE ( userid=197 ) LIMIT 1   [ RunTime:0.0000s ]
SQL: SELECT * FROM `syd_user` WHERE ( userid=196 ) LIMIT 1   [ RunTime:0.0010s ]
SQL: SELECT * FROM `syd_user` WHERE ( userid=195 ) LIMIT 1   [ RunTime:0.0000s ]
SQL: SELECT * FROM `syd_user` WHERE ( userid=194 ) LIMIT 1   [ RunTime:0.0010s ]
SQL: SELECT * FROM `syd_user` WHERE ( userid=193 ) LIMIT 1   [ RunTime:0.0000s ]
SQL: SELECT * FROM `syd_user` WHERE ( userid=192 ) LIMIT 1   [ RunTime:0.0010s ]
INFO: [ view_parse ] --START--
INFO: [ template_filter ] --START--
INFO: Run Behavior\ContentReplaceBehavior [ RunTime:0.000000s ]
INFO: [ template_filter ] --END-- [ RunTime:0.000000s ]
INFO: Run Behavior\ParseTemplateBehavior [ RunTime:0.010743s ]
INFO: [ view_parse ] --END-- [ RunTime:0.010743s ]
INFO: [ view_filter ] --START--
INFO: Run Behavior\WriteHtmlCacheBehavior [ RunTime:0.000000s ]
INFO: [ view_filter ] --END-- [ RunTime:0.000000s ]
INFO: [ app_end ] --START--
INFO: Run Behavior\ShowPageTraceBehavior [ RunTime:0.000977s ]
INFO: [ app_end ] --END-- [ RunTime:0.000977s ]

[ 2017-12-04T11:33:31+08:00 ] 61.160.224.140 /index.php?s=/super/WealthDetailed/userCapitalOffset_Rechange/id/189
INFO: [ app_init ] --START--
INFO: Run Behavior\BuildLiteBehavior [ RunTime:0.000000s ]
INFO: [ app_init ] --END-- [ RunTime:0.000976s ]
INFO: [ app_begin ] --START--
INFO: Run Behavior\ReadHtmlCacheBehavior [ RunTime:0.000977s ]
INFO: [ app_begin ] --END-- [ RunTime:0.000977s ]
SQL: SHOW COLUMNS FROM `syd_nzspuser` [ RunTime:0.0039s ]
SQL: SELECT `power` FROM `syd_nzspuser` WHERE ( sp_id=1 ) LIMIT 1   [ RunTime:0.0029s ]
SQL: SHOW COLUMNS FROM `syd_store` [ RunTime:0.0049s ]
SQL: SELECT * FROM `syd_store` WHERE ( id=189 ) LIMIT 1   [ RunTime:0.0020s ]
SQL: SHOW COLUMNS FROM `syd_user` [ RunTime:0.0039s ]
SQL: SELECT * FROM `syd_user` WHERE ( userid=193 ) LIMIT 1   [ RunTime:0.0020s ]
INFO: [ view_parse ] --START--
INFO: [ template_filter ] --START--
INFO: Run Behavior\ContentReplaceBehavior [ RunTime:0.000000s ]
INFO: [ template_filter ] --END-- [ RunTime:0.000000s ]
INFO: Run Behavior\ParseTemplateBehavior [ RunTime:0.005859s ]
INFO: [ view_parse ] --END-- [ RunTime:0.007813s ]
INFO: [ view_filter ] --START--
INFO: Run Behavior\WriteHtmlCacheBehavior [ RunTime:0.000977s ]
INFO: [ view_filter ] --END-- [ RunTime:0.000977s ]
INFO: [ app_end ] --START--
INFO: Run Behavior\ShowPageTraceBehavior [ RunTime:0.001953s ]
INFO: [ app_end ] --END-- [ RunTime:0.001953s ]

[ 2017-12-04T11:33:37+08:00 ] 61.160.224.140 /index.php?s=/super/WealthDetailed/userCapitalOffset_Rechange
INFO: [ app_init ] --START--
INFO: Run Behavior\BuildLiteBehavior [ RunTime:0.000000s ]
INFO: [ app_init ] --END-- [ RunTime:0.000000s ]
INFO: [ app_begin ] --START--
INFO: Run Behavior\ReadHtmlCacheBehavior [ RunTime:0.000977s ]
INFO: [ app_begin ] --END-- [ RunTime:0.000977s ]
SQL: SHOW COLUMNS FROM `syd_nzspuser` [ RunTime:0.0059s ]
SQL: SELECT `power` FROM `syd_nzspuser` WHERE ( sp_id=1 ) LIMIT 1   [ RunTime:0.0029s ]
SQL: SHOW COLUMNS FROM `syd_store` [ RunTime:0.0039s ]
SQL: UPDATE `syd_store` SET `report_money`='1000000.00' WHERE ( id=189 ) [ RunTime:0.0244s ]
SQL: UPDATE `syd_store` SET `buycar_money`='0' WHERE ( id=189 ) [ RunTime:0.0020s ]
SQL: UPDATE `syd_store` SET `gold`='0.00' WHERE ( id=189 ) [ RunTime:0.0020s ]
SQL: UPDATE `syd_store` SET `bonus`='2000.00' WHERE ( id=189 ) [ RunTime:0.0020s ]
SQL: SELECT * FROM `syd_store` WHERE ( id=189 ) LIMIT 1   [ RunTime:0.0010s ]
SQL: SHOW COLUMNS FROM `syd_management_operation` [ RunTime:0.0088s ]
SQL: INSERT INTO `syd_management_operation` (`sp_id`,`userid`,`type`,`time`) VALUES ('1','193','资金冲减','1512358417') [ RunTime:0.0020s ]

[ 2017-12-04T11:33:41+08:00 ] 61.160.224.140 /index.php?s=/super/WealthDetailed/userCapitalOffset.html
INFO: [ app_init ] --START--
INFO: Run Behavior\BuildLiteBehavior [ RunTime:0.000000s ]
INFO: [ app_init ] --END-- [ RunTime:0.000976s ]
INFO: [ app_begin ] --START--
INFO: Run Behavior\ReadHtmlCacheBehavior [ RunTime:0.000976s ]
INFO: [ app_begin ] --END-- [ RunTime:0.000976s ]
SQL: SHOW COLUMNS FROM `syd_store` [ RunTime:0.0049s ]
SQL: SELECT COUNT(*) AS tp_count FROM `syd_store` LIMIT 1   [ RunTime:0.0029s ]
NOTIC: [2] Missing argument 2 for Think\Page::setConfig(), called in D:\wwwroot\jpyc03\wwwroot\game\Common\Common\function.php on line 176 and defined D:\wwwroot\jpyc03\wwwroot\ThinkPHP\Library\Think\Page.class.php 第 58 行.
NOTIC: [2] Illegal offset type in isset or empty D:\wwwroot\jpyc03\wwwroot\ThinkPHP\Library\Think\Page.class.php 第 59 行.
SQL: SELECT * FROM `syd_store` ORDER BY id desc  LIMIT 0,10   [ RunTime:0.0000s ]
SQL: SHOW COLUMNS FROM `syd_user` [ RunTime:0.0039s ]
SQL: SELECT * FROM `syd_user` WHERE ( userid=221 ) LIMIT 1   [ RunTime:0.0010s ]
SQL: SELECT * FROM `syd_user` WHERE ( userid=220 ) LIMIT 1   [ RunTime:0.0000s ]
SQL: SELECT * FROM `syd_user` WHERE ( userid=219 ) LIMIT 1   [ RunTime:0.0000s ]
SQL: SELECT * FROM `syd_user` WHERE ( userid=218 ) LIMIT 1   [ RunTime:0.0000s ]
SQL: SELECT * FROM `syd_user` WHERE ( userid=217 ) LIMIT 1   [ RunTime:0.0010s ]
SQL: SELECT * FROM `syd_user` WHERE ( userid=216 ) LIMIT 1   [ RunTime:0.0000s ]
SQL: SELECT * FROM `syd_user` WHERE ( userid=215 ) LIMIT 1   [ RunTime:0.0000s ]
SQL: SELECT * FROM `syd_user` WHERE ( userid=214 ) LIMIT 1   [ RunTime:0.0000s ]
SQL: SELECT * FROM `syd_user` WHERE ( userid=213 ) LIMIT 1   [ RunTime:0.0000s ]
SQL: SELECT * FROM `syd_user` WHERE ( userid=212 ) LIMIT 1   [ RunTime:0.0000s ]
INFO: [ view_parse ] --START--
INFO: [ template_filter ] --START--
INFO: Run Behavior\ContentReplaceBehavior [ RunTime:0.000000s ]
INFO: [ template_filter ] --END-- [ RunTime:0.000976s ]
INFO: Run Behavior\ParseTemplateBehavior [ RunTime:0.008789s ]
INFO: [ view_parse ] --END-- [ RunTime:0.008789s ]
INFO: [ view_filter ] --START--
INFO: Run Behavior\WriteHtmlCacheBehavior [ RunTime:0.000000s ]
INFO: [ view_filter ] --END-- [ RunTime:0.000000s ]
INFO: [ app_end ] --START--
INFO: Run Behavior\ShowPageTraceBehavior [ RunTime:0.000977s ]
INFO: [ app_end ] --END-- [ RunTime:0.000977s ]

[ 2017-12-04T11:33:43+08:00 ] 61.160.224.140 /index.php?s=/super/WealthDetailed/userCapitalOffset/p/4
INFO: [ app_init ] --START--
INFO: Run Behavior\BuildLiteBehavior [ RunTime:0.000000s ]
INFO: [ app_init ] --END-- [ RunTime:0.000977s ]
INFO: [ app_begin ] --START--
INFO: Run Behavior\ReadHtmlCacheBehavior [ RunTime:0.000977s ]
INFO: [ app_begin ] --END-- [ RunTime:0.000977s ]
SQL: SHOW COLUMNS FROM `syd_store` [ RunTime:0.0049s ]
SQL: SELECT COUNT(*) AS tp_count FROM `syd_store` LIMIT 1   [ RunTime:0.0029s ]
NOTIC: [2] Missing argument 2 for Think\Page::setConfig(), called in D:\wwwroot\jpyc03\wwwroot\game\Common\Common\function.php on line 176 and defined D:\wwwroot\jpyc03\wwwroot\ThinkPHP\Library\Think\Page.class.php 第 58 行.
NOTIC: [2] Illegal offset type in isset or empty D:\wwwroot\jpyc03\wwwroot\ThinkPHP\Library\Think\Page.class.php 第 59 行.
SQL: SELECT * FROM `syd_store` ORDER BY id desc  LIMIT 30,10   [ RunTime:0.0000s ]
SQL: SHOW COLUMNS FROM `syd_user` [ RunTime:0.0059s ]
SQL: SELECT * FROM `syd_user` WHERE ( userid=191 ) LIMIT 1   [ RunTime:0.0000s ]
SQL: SELECT * FROM `syd_user` WHERE ( userid=190 ) LIMIT 1   [ RunTime:0.0000s ]
SQL: SELECT * FROM `syd_user` WHERE ( userid=164 ) LIMIT 1   [ RunTime:0.0000s ]
SQL: SELECT * FROM `syd_user` WHERE ( userid=163 ) LIMIT 1   [ RunTime:0.0000s ]
SQL: SELECT * FROM `syd_user` WHERE ( userid=162 ) LIMIT 1   [ RunTime:0.0000s ]
SQL: SELECT * FROM `syd_user` WHERE ( userid=161 ) LIMIT 1   [ RunTime:0.0000s ]
SQL: SELECT * FROM `syd_user` WHERE ( userid=2 ) LIMIT 1   [ RunTime:0.0000s ]
SQL: SELECT * FROM `syd_user` WHERE ( userid=5 ) LIMIT 1   [ RunTime:0.0000s ]
INFO: [ view_parse ] --START--
INFO: [ template_filter ] --START--
INFO: Run Behavior\ContentReplaceBehavior [ RunTime:0.000000s ]
INFO: [ template_filter ] --END-- [ RunTime:0.000000s ]
INFO: Run Behavior\ParseTemplateBehavior [ RunTime:0.009766s ]
INFO: [ view_parse ] --END-- [ RunTime:0.009766s ]
INFO: [ view_filter ] --START--
INFO: Run Behavior\WriteHtmlCacheBehavior [ RunTime:0.000977s ]
INFO: [ view_filter ] --END-- [ RunTime:0.000977s ]
INFO: [ app_end ] --START--
INFO: Run Behavior\ShowPageTraceBehavior [ RunTime:0.000000s ]
INFO: [ app_end ] --END-- [ RunTime:0.000000s ]

[ 2017-12-04T11:33:46+08:00 ] 61.160.224.140 /index.php?s=/super/WealthDetailed/userCapitalOffset/p/3
INFO: [ app_init ] --START--
INFO: Run Behavior\BuildLiteBehavior [ RunTime:0.000000s ]
INFO: [ app_init ] --END-- [ RunTime:0.000976s ]
INFO: [ app_begin ] --START--
INFO: Run Behavior\ReadHtmlCacheBehavior [ RunTime:0.000977s ]
INFO: [ app_begin ] --END-- [ RunTime:0.000977s ]
SQL: SHOW COLUMNS FROM `syd_store` [ RunTime:0.0029s ]
SQL: SELECT COUNT(*) AS tp_count FROM `syd_store` LIMIT 1   [ RunTime:0.0010s ]
NOTIC: [2] Missing argument 2 for Think\Page::setConfig(), called in D:\wwwroot\jpyc03\wwwroot\game\Common\Common\function.php on line 176 and defined D:\wwwroot\jpyc03\wwwroot\ThinkPHP\Library\Think\Page.class.php 第 58 行.
NOTIC: [2] Illegal offset type in isset or empty D:\wwwroot\jpyc03\wwwroot\ThinkPHP\Library\Think\Page.class.php 第 59 行.
SQL: SELECT * FROM `syd_store` ORDER BY id desc  LIMIT 20,10   [ RunTime:0.0010s ]
SQL: SHOW COLUMNS FROM `syd_user` [ RunTime:0.0039s ]
SQL: SELECT * FROM `syd_user` WHERE ( userid=201 ) LIMIT 1   [ RunTime:0.0010s ]
SQL: SELECT * FROM `syd_user` WHERE ( userid=200 ) LIMIT 1   [ RunTime:0.0000s ]
SQL: SELECT * FROM `syd_user` WHERE ( userid=199 ) LIMIT 1   [ RunTime:0.0000s ]
SQL: SELECT * FROM `syd_user` WHERE ( userid=198 ) LIMIT 1   [ RunTime:0.0000s ]
SQL: SELECT * FROM `syd_user` WHERE ( userid=197 ) LIMIT 1   [ RunTime:0.0000s ]
SQL: SELECT * FROM `syd_user` WHERE ( userid=196 ) LIMIT 1   [ RunTime:0.0010s ]
SQL: SELECT * FROM `syd_user` WHERE ( userid=195 ) LIMIT 1   [ RunTime:0.0000s ]
SQL: SELECT * FROM `syd_user` WHERE ( userid=194 ) LIMIT 1   [ RunTime:0.0000s ]
SQL: SELECT * FROM `syd_user` WHERE ( userid=193 ) LIMIT 1   [ RunTime:0.0010s ]
SQL: SELECT * FROM `syd_user` WHERE ( userid=192 ) LIMIT 1   [ RunTime:0.0049s ]
INFO: [ view_parse ] --START--
INFO: [ template_filter ] --START--
INFO: Run Behavior\ContentReplaceBehavior [ RunTime:0.000000s ]
INFO: [ template_filter ] --END-- [ RunTime:0.000000s ]
INFO: Run Behavior\ParseTemplateBehavior [ RunTime:0.008790s ]
INFO: [ view_parse ] --END-- [ RunTime:0.008790s ]
INFO: [ view_filter ] --START--
INFO: Run Behavior\WriteHtmlCacheBehavior [ RunTime:0.000976s ]
INFO: [ view_filter ] --END-- [ RunTime:0.000976s ]
INFO: [ app_end ] --START--
INFO: Run Behavior\ShowPageTraceBehavior [ RunTime:0.000977s ]
INFO: [ app_end ] --END-- [ RunTime:0.000977s ]

[ 2017-12-04T11:33:52+08:00 ] 61.160.224.140 /index.php?s=/super/WealthDetailed/userCapitalOffset/p/1
INFO: [ app_init ] --START--
INFO: Run Behavior\BuildLiteBehavior [ RunTime:0.000000s ]
INFO: [ app_init ] --END-- [ RunTime:0.000000s ]
INFO: [ app_begin ] --START--
INFO: Run Behavior\ReadHtmlCacheBehavior [ RunTime:0.000977s ]
INFO: [ app_begin ] --END-- [ RunTime:0.000977s ]
SQL: SHOW COLUMNS FROM `syd_store` [ RunTime:0.0039s ]
SQL: SELECT COUNT(*) AS tp_count FROM `syd_store` LIMIT 1   [ RunTime:0.0020s ]
NOTIC: [2] Missing argument 2 for Think\Page::setConfig(), called in D:\wwwroot\jpyc03\wwwroot\game\Common\Common\function.php on line 176 and defined D:\wwwroot\jpyc03\wwwroot\ThinkPHP\Library\Think\Page.class.php 第 58 行.
NOTIC: [2] Illegal offset type in isset or empty D:\wwwroot\jpyc03\wwwroot\ThinkPHP\Library\Think\Page.class.php 第 59 行.
SQL: SELECT * FROM `syd_store` ORDER BY id desc  LIMIT 0,10   [ RunTime:0.0000s ]
SQL: SHOW COLUMNS FROM `syd_user` [ RunTime:0.0029s ]
SQL: SELECT * FROM `syd_user` WHERE ( userid=221 ) LIMIT 1   [ RunTime:0.0010s ]
SQL: SELECT * FROM `syd_user` WHERE ( userid=220 ) LIMIT 1   [ RunTime:0.0010s ]
SQL: SELECT * FROM `syd_user` WHERE ( userid=219 ) LIMIT 1   [ RunTime:0.0000s ]
SQL: SELECT * FROM `syd_user` WHERE ( userid=218 ) LIMIT 1   [ RunTime:0.0000s ]
SQL: SELECT * FROM `syd_user` WHERE ( userid=217 ) LIMIT 1   [ RunTime:0.0010s ]
SQL: SELECT * FROM `syd_user` WHERE ( userid=216 ) LIMIT 1   [ RunTime:0.0000s ]
SQL: SELECT * FROM `syd_user` WHERE ( userid=215 ) LIMIT 1   [ RunTime:0.0010s ]
SQL: SELECT * FROM `syd_user` WHERE ( userid=214 ) LIMIT 1   [ RunTime:0.0000s ]
SQL: SELECT * FROM `syd_user` WHERE ( userid=213 ) LIMIT 1   [ RunTime:0.0000s ]
SQL: SELECT * FROM `syd_user` WHERE ( userid=212 ) LIMIT 1   [ RunTime:0.0010s ]
INFO: [ view_parse ] --START--
INFO: [ template_filter ] --START--
INFO: Run Behavior\ContentReplaceBehavior [ RunTime:0.000000s ]
INFO: [ template_filter ] --END-- [ RunTime:0.000000s ]
INFO: Run Behavior\ParseTemplateBehavior [ RunTime:0.009766s ]
INFO: [ view_parse ] --END-- [ RunTime:0.009766s ]
INFO: [ view_filter ] --START--
INFO: Run Behavior\WriteHtmlCacheBehavior [ RunTime:0.000976s ]
INFO: [ view_filter ] --END-- [ RunTime:0.000976s ]
INFO: [ app_end ] --START--
INFO: Run Behavior\ShowPageTraceBehavior [ RunTime:0.000977s ]
INFO: [ app_end ] --END-- [ RunTime:0.000977s ]

[ 2017-12-04T11:33:56+08:00 ] 61.160.224.140 /index.php?s=/super/WealthDetailed/userCapitalOffset/p/2
INFO: [ app_init ] --START--
INFO: Run Behavior\BuildLiteBehavior [ RunTime:0.000000s ]
INFO: [ app_init ] --END-- [ RunTime:0.000000s ]
INFO: [ app_begin ] --START--
INFO: Run Behavior\ReadHtmlCacheBehavior [ RunTime:0.000977s ]
INFO: [ app_begin ] --END-- [ RunTime:0.000977s ]
SQL: SHOW COLUMNS FROM `syd_store` [ RunTime:0.0049s ]
SQL: SELECT COUNT(*) AS tp_count FROM `syd_store` LIMIT 1   [ RunTime:0.0020s ]
NOTIC: [2] Missing argument 2 for Think\Page::setConfig(), called in D:\wwwroot\jpyc03\wwwroot\game\Common\Common\function.php on line 176 and defined D:\wwwroot\jpyc03\wwwroot\ThinkPHP\Library\Think\Page.class.php 第 58 行.
NOTIC: [2] Illegal offset type in isset or empty D:\wwwroot\jpyc03\wwwroot\ThinkPHP\Library\Think\Page.class.php 第 59 行.
SQL: SELECT * FROM `syd_store` ORDER BY id desc  LIMIT 10,10   [ RunTime:0.0000s ]
SQL: SHOW COLUMNS FROM `syd_user` [ RunTime:0.0039s ]
SQL: SELECT * FROM `syd_user` WHERE ( userid=211 ) LIMIT 1   [ RunTime:0.0010s ]
SQL: SELECT * FROM `syd_user` WHERE ( userid=210 ) LIMIT 1   [ RunTime:0.0010s ]
SQL: SELECT * FROM `syd_user` WHERE ( userid=209 ) LIMIT 1   [ RunTime:0.0010s ]
SQL: SELECT * FROM `syd_user` WHERE ( userid=208 ) LIMIT 1   [ RunTime:0.0000s ]
SQL: SELECT * FROM `syd_user` WHERE ( userid=207 ) LIMIT 1   [ RunTime:0.0010s ]
SQL: SELECT * FROM `syd_user` WHERE ( userid=206 ) LIMIT 1   [ RunTime:0.0000s ]
SQL: SELECT * FROM `syd_user` WHERE ( userid=205 ) LIMIT 1   [ RunTime:0.0000s ]
SQL: SELECT * FROM `syd_user` WHERE ( userid=204 ) LIMIT 1   [ RunTime:0.0000s ]
SQL: SELECT * FROM `syd_user` WHERE ( userid=203 ) LIMIT 1   [ RunTime:0.0000s ]
SQL: SELECT * FROM `syd_user` WHERE ( userid=202 ) LIMIT 1   [ RunTime:0.0010s ]
INFO: [ view_parse ] --START--
INFO: [ template_filter ] --START--
INFO: Run Behavior\ContentReplaceBehavior [ RunTime:0.000000s ]
INFO: [ template_filter ] --END-- [ RunTime:0.000000s ]
INFO: Run Behavior\ParseTemplateBehavior [ RunTime:0.009766s ]
INFO: [ view_parse ] --END-- [ RunTime:0.009766s ]
INFO: [ view_filter ] --START--
INFO: Run Behavior\WriteHtmlCacheBehavior [ RunTime:0.000977s ]
INFO: [ view_filter ] --END-- [ RunTime:0.000977s ]
INFO: [ app_end ] --START--
INFO: Run Behavior\ShowPageTraceBehavior [ RunTime:0.000000s ]
INFO: [ app_end ] --END-- [ RunTime:0.000000s ]

[ 2017-12-04T11:33:59+08:00 ] 120.52.18.45 /index.php?s=/super/index/backstageSammaryPage
INFO: [ app_init ] --START--
INFO: Run Behavior\BuildLiteBehavior [ RunTime:0.000000s ]
INFO: [ app_init ] --END-- [ RunTime:0.000976s ]
INFO: [ app_begin ] --START--
INFO: Run Behavior\ReadHtmlCacheBehavior [ RunTime:0.000976s ]
INFO: [ app_begin ] --END-- [ RunTime:0.000976s ]

[ 2017-12-04T11:33:59+08:00 ] 120.52.18.45 /index.php?s=/super/Login/index
INFO: [ app_init ] --START--
INFO: Run Behavior\BuildLiteBehavior [ RunTime:0.000000s ]
INFO: [ app_init ] --END-- [ RunTime:0.000976s ]
INFO: [ app_begin ] --START--
INFO: Run Behavior\ReadHtmlCacheBehavior [ RunTime:0.000000s ]
INFO: [ app_begin ] --END-- [ RunTime:0.000976s ]
INFO: [ view_parse ] --START--
INFO: [ template_filter ] --START--
INFO: Run Behavior\ContentReplaceBehavior [ RunTime:0.000000s ]
INFO: [ template_filter ] --END-- [ RunTime:0.000000s ]
INFO: Run Behavior\ParseTemplateBehavior [ RunTime:0.007812s ]
INFO: [ view_parse ] --END-- [ RunTime:0.007812s ]
INFO: [ view_filter ] --START--
INFO: Run Behavior\WriteHtmlCacheBehavior [ RunTime:0.000000s ]
INFO: [ view_filter ] --END-- [ RunTime:0.000000s ]
INFO: [ app_end ] --START--
INFO: Run Behavior\ShowPageTraceBehavior [ RunTime:0.000976s ]
INFO: [ app_end ] --END-- [ RunTime:0.000976s ]

[ 2017-12-04T11:33:59+08:00 ] 61.160.224.140 /index.php?s=/super/WealthDetailed/userCapitalOffset_Rechange/id/202
INFO: [ app_init ] --START--
INFO: Run Behavior\BuildLiteBehavior [ RunTime:0.000000s ]
INFO: [ app_init ] --END-- [ RunTime:0.000000s ]
INFO: [ app_begin ] --START--
INFO: Run Behavior\ReadHtmlCacheBehavior [ RunTime:0.000976s ]
INFO: [ app_begin ] --END-- [ RunTime:0.000976s ]
SQL: SHOW COLUMNS FROM `syd_nzspuser` [ RunTime:0.0029s ]
SQL: SELECT `power` FROM `syd_nzspuser` WHERE ( sp_id=1 ) LIMIT 1   [ RunTime:0.0020s ]
SQL: SHOW COLUMNS FROM `syd_store` [ RunTime:0.0029s ]
SQL: SELECT * FROM `syd_store` WHERE ( id=202 ) LIMIT 1   [ RunTime:0.0029s ]
SQL: SHOW COLUMNS FROM `syd_user` [ RunTime:0.0039s ]
SQL: SELECT * FROM `syd_user` WHERE ( userid=206 ) LIMIT 1   [ RunTime:0.0020s ]
INFO: [ view_parse ] --START--
INFO: [ template_filter ] --START--
INFO: Run Behavior\ContentReplaceBehavior [ RunTime:0.000000s ]
INFO: [ template_filter ] --END-- [ RunTime:0.000000s ]
INFO: Run Behavior\ParseTemplateBehavior [ RunTime:0.008789s ]
INFO: [ view_parse ] --END-- [ RunTime:0.008789s ]
INFO: [ view_filter ] --START--
INFO: Run Behavior\WriteHtmlCacheBehavior [ RunTime:0.000000s ]
INFO: [ view_filter ] --END-- [ RunTime:0.000000s ]
INFO: [ app_end ] --START--
INFO: Run Behavior\ShowPageTraceBehavior [ RunTime:0.000976s ]
INFO: [ app_end ] --END-- [ RunTime:0.000976s ]

[ 2017-12-04T11:34:07+08:00 ] 61.160.224.140 /index.php?s=/super/WealthDetailed/userCapitalOffset_Rechange
INFO: [ app_init ] --START--
INFO: Run Behavior\BuildLiteBehavior [ RunTime:0.000000s ]
INFO: [ app_init ] --END-- [ RunTime:0.000976s ]
INFO: [ app_begin ] --START--
INFO: Run Behavior\ReadHtmlCacheBehavior [ RunTime:0.000000s ]
INFO: [ app_begin ] --END-- [ RunTime:0.000000s ]
SQL: SHOW COLUMNS FROM `syd_nzspuser` [ RunTime:0.0068s ]
SQL: SELECT `power` FROM `syd_nzspuser` WHERE ( sp_id=1 ) LIMIT 1   [ RunTime:0.0039s ]
SQL: SHOW COLUMNS FROM `syd_store` [ RunTime:0.0039s ]
SQL: UPDATE `syd_store` SET `report_money`='980000.00' WHERE ( id=202 ) [ RunTime:0.0107s ]
SQL: UPDATE `syd_store` SET `buycar_money`='6000' WHERE ( id=202 ) [ RunTime:0.0029s ]
SQL: UPDATE `syd_store` SET `gold`='0.00' WHERE ( id=202 ) [ RunTime:0.0010s ]
SQL: UPDATE `syd_store` SET `bonus`='0.00' WHERE ( id=202 ) [ RunTime:0.0020s ]
SQL: SELECT * FROM `syd_store` WHERE ( id=202 ) LIMIT 1   [ RunTime:0.0000s ]
SQL: SHOW COLUMNS FROM `syd_management_operation` [ RunTime:0.0020s ]
SQL: INSERT INTO `syd_management_operation` (`sp_id`,`userid`,`type`,`time`) VALUES ('1','206','资金冲减','1512358447') [ RunTime:0.0020s ]

[ 2017-12-04T11:34:19+08:00 ] 61.160.224.140 /index.php?s=/super/Index/outlogin
INFO: [ app_init ] --START--
INFO: Run Behavior\BuildLiteBehavior [ RunTime:0.000000s ]
INFO: [ app_init ] --END-- [ RunTime:0.000976s ]
INFO: [ app_begin ] --START--
INFO: Run Behavior\ReadHtmlCacheBehavior [ RunTime:0.000000s ]
INFO: [ app_begin ] --END-- [ RunTime:0.000000s ]

[ 2017-12-04T11:34:20+08:00 ] 61.160.224.140 /index.php?s=/super/Login/index
INFO: [ app_init ] --START--
INFO: Run Behavior\BuildLiteBehavior [ RunTime:0.000000s ]
INFO: [ app_init ] --END-- [ RunTime:0.000000s ]
INFO: [ app_begin ] --START--
INFO: Run Behavior\ReadHtmlCacheBehavior [ RunTime:0.000976s ]
INFO: [ app_begin ] --END-- [ RunTime:0.000976s ]
INFO: [ view_parse ] --START--
INFO: [ template_filter ] --START--
INFO: Run Behavior\ContentReplaceBehavior [ RunTime:0.000000s ]
INFO: [ template_filter ] --END-- [ RunTime:0.000976s ]
INFO: Run Behavior\ParseTemplateBehavior [ RunTime:0.008789s ]
INFO: [ view_parse ] --END-- [ RunTime:0.008789s ]
INFO: [ view_filter ] --START--
INFO: Run Behavior\WriteHtmlCacheBehavior [ RunTime:0.000000s ]
INFO: [ view_filter ] --END-- [ RunTime:0.000977s ]
INFO: [ app_end ] --START--
INFO: Run Behavior\ShowPageTraceBehavior [ RunTime:0.000000s ]
INFO: [ app_end ] --END-- [ RunTime:0.000000s ]

[ 2017-12-04T11:56:22+08:00 ] 120.52.18.49 /index.php?s=/super/Index/outlogin
INFO: [ app_init ] --START--
INFO: Run Behavior\BuildLiteBehavior [ RunTime:0.000000s ]
INFO: [ app_init ] --END-- [ RunTime:0.000977s ]
INFO: [ app_begin ] --START--
INFO: Run Behavior\ReadHtmlCacheBehavior [ RunTime:0.000976s ]
INFO: [ app_begin ] --END-- [ RunTime:0.000976s ]

[ 2017-12-04T11:56:23+08:00 ] 120.52.18.49 /index.php?s=/super/Login/index
INFO: [ app_init ] --START--
INFO: Run Behavior\BuildLiteBehavior [ RunTime:0.000000s ]
INFO: [ app_init ] --END-- [ RunTime:0.000000s ]
INFO: [ app_begin ] --START--
INFO: Run Behavior\ReadHtmlCacheBehavior [ RunTime:0.000976s ]
INFO: [ app_begin ] --END-- [ RunTime:0.000976s ]
INFO: [ view_parse ] --START--
INFO: [ template_filter ] --START--
INFO: Run Behavior\ContentReplaceBehavior [ RunTime:0.000000s ]
INFO: [ template_filter ] --END-- [ RunTime:0.000000s ]
INFO: Run Behavior\ParseTemplateBehavior [ RunTime:0.009765s ]
INFO: [ view_parse ] --END-- [ RunTime:0.009765s ]
INFO: [ view_filter ] --START--
INFO: Run Behavior\WriteHtmlCacheBehavior [ RunTime:0.000976s ]
INFO: [ view_filter ] --END-- [ RunTime:0.000976s ]
INFO: [ app_end ] --START--
INFO: Run Behavior\ShowPageTraceBehavior [ RunTime:0.000977s ]
INFO: [ app_end ] --END-- [ RunTime:0.000977s ]

[ 2017-12-04T13:20:09+08:00 ] 120.52.18.49 /index.php?s=/super/Login/index
INFO: [ app_init ] --START--
INFO: Run Behavior\BuildLiteBehavior [ RunTime:0.000000s ]
INFO: [ app_init ] --END-- [ RunTime:0.000976s ]
INFO: [ app_begin ] --START--
INFO: Run Behavior\ReadHtmlCacheBehavior [ RunTime:0.000977s ]
INFO: [ app_begin ] --END-- [ RunTime:0.000977s ]
INFO: [ view_parse ] --START--
INFO: [ template_filter ] --START--
INFO: Run Behavior\ContentReplaceBehavior [ RunTime:0.000000s ]
INFO: [ template_filter ] --END-- [ RunTime:0.000000s ]
INFO: Run Behavior\ParseTemplateBehavior [ RunTime:0.006837s ]
INFO: [ view_parse ] --END-- [ RunTime:0.006837s ]
INFO: [ view_filter ] --START--
INFO: Run Behavior\WriteHtmlCacheBehavior [ RunTime:0.000976s ]
INFO: [ view_filter ] --END-- [ RunTime:0.000976s ]
INFO: [ app_end ] --START--
INFO: Run Behavior\ShowPageTraceBehavior [ RunTime:0.000977s ]
INFO: [ app_end ] --END-- [ RunTime:0.000977s ]

[ 2017-12-04T13:20:14+08:00 ] 61.160.224.136 /index.php?s=/super/Login/index
INFO: [ app_init ] --START--
INFO: Run Behavior\BuildLiteBehavior [ RunTime:0.000000s ]
INFO: [ app_init ] --END-- [ RunTime:0.000976s ]
INFO: [ app_begin ] --START--
INFO: Run Behavior\ReadHtmlCacheBehavior [ RunTime:0.000000s ]
INFO: [ app_begin ] --END-- [ RunTime:0.000000s ]
INFO: [ view_parse ] --START--
INFO: [ template_filter ] --START--
INFO: Run Behavior\ContentReplaceBehavior [ RunTime:0.000000s ]
INFO: [ template_filter ] --END-- [ RunTime:0.000000s ]
INFO: Run Behavior\ParseTemplateBehavior [ RunTime:0.009766s ]
INFO: [ view_parse ] --END-- [ RunTime:0.009766s ]
INFO: [ view_filter ] --START--
INFO: Run Behavior\WriteHtmlCacheBehavior [ RunTime:0.000000s ]
INFO: [ view_filter ] --END-- [ RunTime:0.000000s ]
INFO: [ app_end ] --START--
INFO: Run Behavior\ShowPageTraceBehavior [ RunTime:0.000977s ]
INFO: [ app_end ] --END-- [ RunTime:0.000977s ]

[ 2017-12-04T16:50:17+08:00 ] 61.160.224.141 /index.php?s=/super/WealthDetailed/userCapitalOffset/p/3
INFO: [ app_init ] --START--
INFO: Run Behavior\BuildLiteBehavior [ RunTime:0.000000s ]
INFO: [ app_init ] --END-- [ RunTime:0.000977s ]
INFO: [ app_begin ] --START--
INFO: Run Behavior\ReadHtmlCacheBehavior [ RunTime:0.000976s ]
INFO: [ app_begin ] --END-- [ RunTime:0.000976s ]

[ 2017-12-04T16:50:18+08:00 ] 61.160.224.141 /index.php?s=/super/Login/index
INFO: [ app_init ] --START--
INFO: Run Behavior\BuildLiteBehavior [ RunTime:0.000000s ]
INFO: [ app_init ] --END-- [ RunTime:0.000000s ]
INFO: [ app_begin ] --START--
INFO: Run Behavior\ReadHtmlCacheBehavior [ RunTime:0.000976s ]
INFO: [ app_begin ] --END-- [ RunTime:0.000976s ]
INFO: [ view_parse ] --START--
INFO: [ template_filter ] --START--
INFO: Run Behavior\ContentReplaceBehavior [ RunTime:0.000000s ]
INFO: [ template_filter ] --END-- [ RunTime:0.000000s ]
INFO: Run Behavior\ParseTemplateBehavior [ RunTime:0.019530s ]
INFO: [ view_parse ] --END-- [ RunTime:0.019530s ]
INFO: [ view_filter ] --START--
INFO: Run Behavior\WriteHtmlCacheBehavior [ RunTime:0.000000s ]
INFO: [ view_filter ] --END-- [ RunTime:0.000000s ]
INFO: [ app_end ] --START--
INFO: Run Behavior\ShowPageTraceBehavior [ RunTime:0.000976s ]
INFO: [ app_end ] --END-- [ RunTime:0.000976s ]

[ 2017-12-04T16:52:43+08:00 ] 61.160.224.140 /index.php?s=/super/WealthDetailed/userCapitalOffset/p/4
INFO: [ app_init ] --START--
INFO: Run Behavior\BuildLiteBehavior [ RunTime:0.000000s ]
INFO: [ app_init ] --END-- [ RunTime:0.000976s ]
INFO: [ app_begin ] --START--
INFO: Run Behavior\ReadHtmlCacheBehavior [ RunTime:0.000977s ]
INFO: [ app_begin ] --END-- [ RunTime:0.000977s ]

[ 2017-12-04T16:52:44+08:00 ] 61.160.224.140 /index.php?s=/super/Login/index
INFO: [ app_init ] --START--
INFO: Run Behavior\BuildLiteBehavior [ RunTime:0.000000s ]
INFO: [ app_init ] --END-- [ RunTime:0.000977s ]
INFO: [ app_begin ] --START--
INFO: Run Behavior\ReadHtmlCacheBehavior [ RunTime:0.000976s ]
INFO: [ app_begin ] --END-- [ RunTime:0.000976s ]
INFO: [ view_parse ] --START--
INFO: [ template_filter ] --START--
INFO: Run Behavior\ContentReplaceBehavior [ RunTime:0.000000s ]
INFO: [ template_filter ] --END-- [ RunTime:0.000000s ]
INFO: Run Behavior\ParseTemplateBehavior [ RunTime:0.009765s ]
INFO: [ view_parse ] --END-- [ RunTime:0.009765s ]
INFO: [ view_filter ] --START--
INFO: Run Behavior\WriteHtmlCacheBehavior [ RunTime:0.000000s ]
INFO: [ view_filter ] --END-- [ RunTime:0.000000s ]
INFO: [ app_end ] --START--
INFO: Run Behavior\ShowPageTraceBehavior [ RunTime:0.000977s ]
INFO: [ app_end ] --END-- [ RunTime:0.000977s ]

[ 2017-12-04T16:53:12+08:00 ] 61.160.224.136 /index.php?s=/super/WealthDetailed/userCapitalOffset/p/2
INFO: [ app_init ] --START--
INFO: Run Behavior\BuildLiteBehavior [ RunTime:0.000000s ]
INFO: [ app_init ] --END-- [ RunTime:0.001953s ]
INFO: [ app_begin ] --START--
INFO: Run Behavior\ReadHtmlCacheBehavior [ RunTime:0.000977s ]
INFO: [ app_begin ] --END-- [ RunTime:0.000977s ]

[ 2017-12-04T16:53:12+08:00 ] 61.160.224.136 /index.php?s=/super/Login/index
INFO: [ app_init ] --START--
INFO: Run Behavior\BuildLiteBehavior [ RunTime:0.000000s ]
INFO: [ app_init ] --END-- [ RunTime:0.000977s ]
INFO: [ app_begin ] --START--
INFO: Run Behavior\ReadHtmlCacheBehavior [ RunTime:0.000000s ]
INFO: [ app_begin ] --END-- [ RunTime:0.000976s ]
INFO: [ view_parse ] --START--
INFO: [ template_filter ] --START--
INFO: Run Behavior\ContentReplaceBehavior [ RunTime:0.000000s ]
INFO: [ template_filter ] --END-- [ RunTime:0.000000s ]
INFO: Run Behavior\ParseTemplateBehavior [ RunTime:0.007812s ]
INFO: [ view_parse ] --END-- [ RunTime:0.007812s ]
INFO: [ view_filter ] --START--
INFO: Run Behavior\WriteHtmlCacheBehavior [ RunTime:0.000977s ]
INFO: [ view_filter ] --END-- [ RunTime:0.000977s ]
INFO: [ app_end ] --START--
INFO: Run Behavior\ShowPageTraceBehavior [ RunTime:0.000977s ]
INFO: [ app_end ] --END-- [ RunTime:0.000977s ]

[ 2017-12-04T18:12:22+08:00 ] 61.160.224.140 /index.php?s=/super/Login/index
INFO: [ app_init ] --START--
INFO: Run Behavior\BuildLiteBehavior [ RunTime:0.000000s ]
INFO: [ app_init ] --END-- [ RunTime:0.001953s ]
INFO: [ app_begin ] --START--
INFO: Run Behavior\ReadHtmlCacheBehavior [ RunTime:0.001953s ]
INFO: [ app_begin ] --END-- [ RunTime:0.001953s ]
INFO: [ view_parse ] --START--
INFO: [ template_filter ] --START--
INFO: Run Behavior\ContentReplaceBehavior [ RunTime:0.000000s ]
INFO: [ template_filter ] --END-- [ RunTime:0.000000s ]
INFO: Run Behavior\ParseTemplateBehavior [ RunTime:0.018554s ]
INFO: [ view_parse ] --END-- [ RunTime:0.018554s ]
INFO: [ view_filter ] --START--
INFO: Run Behavior\WriteHtmlCacheBehavior [ RunTime:0.000000s ]
INFO: [ view_filter ] --END-- [ RunTime:0.000000s ]
INFO: [ app_end ] --START--
INFO: Run Behavior\ShowPageTraceBehavior [ RunTime:0.000976s ]
INFO: [ app_end ] --END-- [ RunTime:0.000976s ]

[ 2017-12-04T18:12:30+08:00 ] 61.160.224.140 /index.php?s=/super/login/idcheck
INFO: [ app_init ] --START--
INFO: Run Behavior\BuildLiteBehavior [ RunTime:0.000000s ]
INFO: [ app_init ] --END-- [ RunTime:0.000976s ]
INFO: [ app_begin ] --START--
INFO: Run Behavior\ReadHtmlCacheBehavior [ RunTime:0.000976s ]
INFO: [ app_begin ] --END-- [ RunTime:0.000976s ]
SQL: SHOW COLUMNS FROM `syd_nzspuser` [ RunTime:0.0049s ]
SQL: SELECT * FROM `syd_nzspuser` WHERE ( sp_username='admin' ) LIMIT 1   [ RunTime:0.0010s ]
SQL: UPDATE `syd_nzspuser` SET `sp_logintime`='1512382350',`sp_loginip`='61.160.224.140' WHERE ( sp_id ='1' ) [ RunTime:0.0010s ]
INFO: [ app_end ] --START--
INFO: Run Behavior\ShowPageTraceBehavior [ RunTime:0.000976s ]
INFO: [ app_end ] --END-- [ RunTime:0.000976s ]

[ 2017-12-04T18:12:32+08:00 ] 61.160.224.140 /index.php?s=/super/index/backstageSammaryPage
INFO: [ app_init ] --START--
INFO: Run Behavior\BuildLiteBehavior [ RunTime:0.000000s ]
INFO: [ app_init ] --END-- [ RunTime:0.000000s ]
INFO: [ app_begin ] --START--
INFO: Run Behavior\ReadHtmlCacheBehavior [ RunTime:0.000976s ]
INFO: [ app_begin ] --END-- [ RunTime:0.000976s ]
SQL: SHOW COLUMNS FROM `syd_nzspuser` [ RunTime:0.0029s ]
SQL: SELECT `power` FROM `syd_nzspuser` WHERE ( sp_id=1 ) LIMIT 1   [ RunTime:0.0010s ]
INFO: [ view_parse ] --START--
INFO: [ template_filter ] --START--
INFO: Run Behavior\ContentReplaceBehavior [ RunTime:0.000000s ]
INFO: [ template_filter ] --END-- [ RunTime:0.000000s ]
INFO: Run Behavior\ParseTemplateBehavior [ RunTime:0.009765s ]
INFO: [ view_parse ] --END-- [ RunTime:0.009765s ]
INFO: [ view_filter ] --START--
INFO: Run Behavior\WriteHtmlCacheBehavior [ RunTime:0.000977s ]
INFO: [ view_filter ] --END-- [ RunTime:0.000977s ]
INFO: [ app_end ] --START--
INFO: Run Behavior\ShowPageTraceBehavior [ RunTime:0.000976s ]
INFO: [ app_end ] --END-- [ RunTime:0.000976s ]

[ 2017-12-04T18:12:32+08:00 ] 61.160.224.140 /index.php?s=/super/Index/gameNotice
INFO: [ app_init ] --START--
INFO: Run Behavior\BuildLiteBehavior [ RunTime:0.000000s ]
INFO: [ app_init ] --END-- [ RunTime:0.000000s ]
INFO: [ app_begin ] --START--
INFO: Run Behavior\ReadHtmlCacheBehavior [ RunTime:0.000977s ]
INFO: [ app_begin ] --END-- [ RunTime:0.000977s ]
SQL: SHOW COLUMNS FROM `syd_store` [ RunTime:0.0039s ]
NOTIC: [2] Missing argument 1 for Think\Model::where(), called in D:\wwwroot\jpyc03\wwwroot\game\Admin\Controller\IndexController.class.php on line 34 and defined D:\wwwroot\jpyc03\wwwroot\ThinkPHP\Library\Think\Model.class.php 第 1797 行.
NOTIC: [8] Undefined variable: where D:\wwwroot\jpyc03\wwwroot\ThinkPHP\Library\Think\Model.class.php 第 1805 行.
NOTIC: [8] Undefined variable: where D:\wwwroot\jpyc03\wwwroot\ThinkPHP\Library\Think\Model.class.php 第 1808 行.
NOTIC: [8] Undefined variable: where D:\wwwroot\jpyc03\wwwroot\ThinkPHP\Library\Think\Model.class.php 第 1816 行.
SQL: SELECT SUM(gold) AS tp_sum FROM `syd_store` LIMIT 1   [ RunTime:0.0020s ]
NOTIC: [2] Missing argument 1 for Think\Model::where(), called in D:\wwwroot\jpyc03\wwwroot\game\Admin\Controller\IndexController.class.php on line 35 and defined D:\wwwroot\jpyc03\wwwroot\ThinkPHP\Library\Think\Model.class.php 第 1797 行.
NOTIC: [8] Undefined variable: where D:\wwwroot\jpyc03\wwwroot\ThinkPHP\Library\Think\Model.class.php 第 1805 行.
NOTIC: [8] Undefined variable: where D:\wwwroot\jpyc03\wwwroot\ThinkPHP\Library\Think\Model.class.php 第 1808 行.
NOTIC: [8] Undefined variable: where D:\wwwroot\jpyc03\wwwroot\ThinkPHP\Library\Think\Model.class.php 第 1816 行.
SQL: SELECT SUM(report_money) AS tp_sum FROM `syd_store` LIMIT 1   [ RunTime:0.0000s ]
NOTIC: [2] Missing argument 1 for Think\Model::where(), called in D:\wwwroot\jpyc03\wwwroot\game\Admin\Controller\IndexController.class.php on line 36 and defined D:\wwwroot\jpyc03\wwwroot\ThinkPHP\Library\Think\Model.class.php 第 1797 行.
NOTIC: [8] Undefined variable: where D:\wwwroot\jpyc03\wwwroot\ThinkPHP\Library\Think\Model.class.php 第 1805 行.
NOTIC: [8] Undefined variable: where D:\wwwroot\jpyc03\wwwroot\ThinkPHP\Library\Think\Model.class.php 第 1808 行.
NOTIC: [8] Undefined variable: where D:\wwwroot\jpyc03\wwwroot\ThinkPHP\Library\Think\Model.class.php 第 1816 行.
SQL: SELECT SUM(buycar_money) AS tp_sum FROM `syd_store` LIMIT 1   [ RunTime:0.0000s ]
NOTIC: [2] Missing argument 1 for Think\Model::where(), called in D:\wwwroot\jpyc03\wwwroot\game\Admin\Controller\IndexController.class.php on line 37 and defined D:\wwwroot\jpyc03\wwwroot\ThinkPHP\Library\Think\Model.class.php 第 1797 行.
NOTIC: [8] Undefined variable: where D:\wwwroot\jpyc03\wwwroot\ThinkPHP\Library\Think\Model.class.php 第 1805 行.
NOTIC: [8] Undefined variable: where D:\wwwroot\jpyc03\wwwroot\ThinkPHP\Library\Think\Model.class.php 第 1808 行.
NOTIC: [8] Undefined variable: where D:\wwwroot\jpyc03\wwwroot\ThinkPHP\Library\Think\Model.class.php 第 1816 行.
SQL: SELECT SUM(bonus) AS tp_sum FROM `syd_store` LIMIT 1   [ RunTime:0.0000s ]
NOTIC: [2] Missing argument 1 for Think\Model::where(), called in D:\wwwroot\jpyc03\wwwroot\game\Admin\Controller\IndexController.class.php on line 38 and defined D:\wwwroot\jpyc03\wwwroot\ThinkPHP\Library\Think\Model.class.php 第 1797 行.
NOTIC: [8] Undefined variable: where D:\wwwroot\jpyc03\wwwroot\ThinkPHP\Library\Think\Model.class.php 第 1805 行.
NOTIC: [8] Undefined variable: where D:\wwwroot\jpyc03\wwwroot\ThinkPHP\Library\Think\Model.class.php 第 1808 行.
NOTIC: [8] Undefined variable: where D:\wwwroot\jpyc03\wwwroot\ThinkPHP\Library\Think\Model.class.php 第 1816 行.
SQL: SELECT SUM(frozen_money) AS tp_sum FROM `syd_store` LIMIT 1   [ RunTime:0.0000s ]
SQL: SHOW COLUMNS FROM `syd_transaction` [ RunTime:0.0039s ]
SQL: SELECT SUM(money) AS tp_sum FROM `syd_transaction` WHERE ( `time` > 1512316800 AND `time` < 1512403200  ) LIMIT 1   [ RunTime:0.0000s ]
SQL: SHOW COLUMNS FROM `syd_withdraw` [ RunTime:0.0049s ]
SQL: SELECT SUM(money) AS tp_sum FROM `syd_withdraw` WHERE ( `time` > 1512316800 AND `time` < 1512403200  ) LIMIT 1   [ RunTime:0.0020s ]
SQL: SHOW COLUMNS FROM `syd_user` [ RunTime:0.0059s ]
SQL: SELECT COUNT(*) AS tp_count FROM `syd_user` WHERE ( `time` > 1512316800 AND `time` < 1512403200  ) LIMIT 1   [ RunTime:0.0000s ]
SQL: SHOW COLUMNS FROM `syd_getbuycarmoney_record` [ RunTime:0.0049s ]
SQL: SELECT COUNT(*) AS tp_count FROM `syd_getbuycarmoney_record` WHERE ( `time` > 1512316800 AND `time` < 1512403200  ) LIMIT 1   [ RunTime:0.0010s ]
SQL: SHOW COLUMNS FROM `syd_getgold_record` [ RunTime:0.0020s ]
SQL: SELECT COUNT(*) AS tp_count FROM `syd_getgold_record` WHERE ( `time` > 1512316800 AND `time` < 1512403200  ) LIMIT 1   [ RunTime:0.0010s ]
SQL: SHOW COLUMNS FROM `syd_getbonus_record` [ RunTime:0.0039s ]
SQL: SELECT COUNT(*) AS tp_count FROM `syd_getbonus_record` WHERE ( `time` > 1512316800 AND `time` < 1512403200  ) LIMIT 1   [ RunTime:0.0010s ]
SQL: SHOW COLUMNS FROM `syd_upside_record` [ RunTime:0.0029s ]
SQL: SELECT SUM(money) AS tp_sum FROM `syd_upside_record` WHERE ( `time` > 1512316800 AND `time` < 1512403200  ) LIMIT 1   [ RunTime:0.0068s ]
INFO: [ view_parse ] --START--
INFO: [ template_filter ] --START--
INFO: Run Behavior\ContentReplaceBehavior [ RunTime:0.000000s ]
INFO: [ template_filter ] --END-- [ RunTime:0.000000s ]
INFO: Run Behavior\ParseTemplateBehavior [ RunTime:0.011718s ]
INFO: [ view_parse ] --END-- [ RunTime:0.011718s ]
INFO: [ view_filter ] --START--
INFO: Run Behavior\WriteHtmlCacheBehavior [ RunTime:0.000977s ]
INFO: [ view_filter ] --END-- [ RunTime:0.000977s ]
INFO: [ app_end ] --START--
INFO: Run Behavior\ShowPageTraceBehavior [ RunTime:0.000976s ]
INFO: [ app_end ] --END-- [ RunTime:0.000976s ]

[ 2017-12-04T18:12:41+08:00 ] 120.52.18.50 /index.php?s=/super/login/idcheck
INFO: [ app_init ] --START--
INFO: Run Behavior\BuildLiteBehavior [ RunTime:0.000000s ]
INFO: [ app_init ] --END-- [ RunTime:0.000000s ]
INFO: [ app_begin ] --START--
INFO: Run Behavior\ReadHtmlCacheBehavior [ RunTime:0.000976s ]
INFO: [ app_begin ] --END-- [ RunTime:0.000976s ]

[ 2017-12-04T18:12:44+08:00 ] 61.160.224.140 /index.php?s=/super/WealthDetailed/cashHistory.html
INFO: [ app_init ] --START--
INFO: Run Behavior\BuildLiteBehavior [ RunTime:0.000000s ]
INFO: [ app_init ] --END-- [ RunTime:0.000000s ]
INFO: [ app_begin ] --START--
INFO: Run Behavior\ReadHtmlCacheBehavior [ RunTime:0.000976s ]
INFO: [ app_begin ] --END-- [ RunTime:0.000976s ]
SQL: SHOW COLUMNS FROM `syd_withdraw` [ RunTime:0.0059s ]
SQL: SELECT COUNT(*) AS tp_count FROM `syd_withdraw` LIMIT 1   [ RunTime:0.0020s ]
NOTIC: [2] Missing argument 2 for Think\Page::setConfig(), called in D:\wwwroot\jpyc03\wwwroot\game\Common\Common\function.php on line 176 and defined D:\wwwroot\jpyc03\wwwroot\ThinkPHP\Library\Think\Page.class.php 第 58 行.
NOTIC: [2] Illegal offset type in isset or empty D:\wwwroot\jpyc03\wwwroot\ThinkPHP\Library\Think\Page.class.php 第 59 行.
SQL: SELECT `id`,`uid`,`realname`,`bank_name`,`bank_address`,`bank_card`,`money`,`status`,`time`,`reason`,`charge` FROM `syd_withdraw` ORDER BY id desc  LIMIT 0,10   [ RunTime:0.0000s ]
SQL: SHOW COLUMNS FROM `syd_user` [ RunTime:0.0039s ]
SQL: SELECT * FROM `syd_user` WHERE ( userid=194 ) LIMIT 1   [ RunTime:0.0010s ]
SQL: SELECT * FROM `syd_user` WHERE ( userid=199 ) LIMIT 1   [ RunTime:0.0000s ]
SQL: SELECT * FROM `syd_user` WHERE ( userid=190 ) LIMIT 1   [ RunTime:0.0000s ]
SQL: SELECT * FROM `syd_user` WHERE ( userid=198 ) LIMIT 1   [ RunTime:0.0000s ]
SQL: SELECT * FROM `syd_user` WHERE ( userid=199 ) LIMIT 1   [ RunTime:0.0000s ]
SQL: SELECT * FROM `syd_user` WHERE ( userid=194 ) LIMIT 1   [ RunTime:0.0000s ]
SQL: SELECT * FROM `syd_user` WHERE ( userid=198 ) LIMIT 1   [ RunTime:0.0000s ]
SQL: SELECT * FROM `syd_user` WHERE ( userid=196 ) LIMIT 1   [ RunTime:0.0000s ]
SQL: SELECT * FROM `syd_user` WHERE ( userid=198 ) LIMIT 1   [ RunTime:0.0000s ]
SQL: SELECT * FROM `syd_user` WHERE ( userid=201 ) LIMIT 1   [ RunTime:0.0010s ]
INFO: [ view_parse ] --START--
INFO: [ template_filter ] --START--
INFO: Run Behavior\ContentReplaceBehavior [ RunTime:0.000000s ]
INFO: [ template_filter ] --END-- [ RunTime:0.000000s ]
INFO: Run Behavior\ParseTemplateBehavior [ RunTime:0.010742s ]
INFO: [ view_parse ] --END-- [ RunTime:0.010742s ]
INFO: [ view_filter ] --START--
INFO: Run Behavior\WriteHtmlCacheBehavior [ RunTime:0.000977s ]
INFO: [ view_filter ] --END-- [ RunTime:0.000977s ]
INFO: [ app_end ] --START--
INFO: Run Behavior\ShowPageTraceBehavior [ RunTime:0.000976s ]
INFO: [ app_end ] --END-- [ RunTime:0.000976s ]

[ 2017-12-04T18:12:45+08:00 ] 61.160.224.140 /index.php?s=/super/WealthDetailed/cashHistory.html
INFO: [ app_init ] --START--
INFO: Run Behavior\BuildLiteBehavior [ RunTime:0.000977s ]
INFO: [ app_init ] --END-- [ RunTime:0.000977s ]
INFO: [ app_begin ] --START--
INFO: Run Behavior\ReadHtmlCacheBehavior [ RunTime:0.000000s ]
INFO: [ app_begin ] --END-- [ RunTime:0.000976s ]
SQL: SHOW COLUMNS FROM `syd_withdraw` [ RunTime:0.0059s ]
SQL: SELECT COUNT(*) AS tp_count FROM `syd_withdraw` LIMIT 1   [ RunTime:0.0020s ]
NOTIC: [2] Missing argument 2 for Think\Page::setConfig(), called in D:\wwwroot\jpyc03\wwwroot\game\Common\Common\function.php on line 176 and defined D:\wwwroot\jpyc03\wwwroot\ThinkPHP\Library\Think\Page.class.php 第 58 行.
NOTIC: [2] Illegal offset type in isset or empty D:\wwwroot\jpyc03\wwwroot\ThinkPHP\Library\Think\Page.class.php 第 59 行.
SQL: SELECT `id`,`uid`,`realname`,`bank_name`,`bank_address`,`bank_card`,`money`,`status`,`time`,`reason`,`charge` FROM `syd_withdraw` ORDER BY id desc  LIMIT 0,10   [ RunTime:0.0020s ]
SQL: SHOW COLUMNS FROM `syd_user` [ RunTime:0.0049s ]
SQL: SELECT * FROM `syd_user` WHERE ( userid=194 ) LIMIT 1   [ RunTime:0.0029s ]
SQL: SELECT * FROM `syd_user` WHERE ( userid=199 ) LIMIT 1   [ RunTime:0.0000s ]
SQL: SELECT * FROM `syd_user` WHERE ( userid=190 ) LIMIT 1   [ RunTime:0.0000s ]
SQL: SELECT * FROM `syd_user` WHERE ( userid=198 ) LIMIT 1   [ RunTime:0.0010s ]
SQL: SELECT * FROM `syd_user` WHERE ( userid=199 ) LIMIT 1   [ RunTime:0.0000s ]
SQL: SELECT * FROM `syd_user` WHERE ( userid=194 ) LIMIT 1   [ RunTime:0.0010s ]
SQL: SELECT * FROM `syd_user` WHERE ( userid=198 ) LIMIT 1   [ RunTime:0.0000s ]
SQL: SELECT * FROM `syd_user` WHERE ( userid=196 ) LIMIT 1   [ RunTime:0.0010s ]
SQL: SELECT * FROM `syd_user` WHERE ( userid=198 ) LIMIT 1   [ RunTime:0.0000s ]
SQL: SELECT * FROM `syd_user` WHERE ( userid=201 ) LIMIT 1   [ RunTime:0.0000s ]
INFO: [ view_parse ] --START--
INFO: [ template_filter ] --START--
INFO: Run Behavior\ContentReplaceBehavior [ RunTime:0.000000s ]
INFO: [ template_filter ] --END-- [ RunTime:0.000000s ]
INFO: Run Behavior\ParseTemplateBehavior [ RunTime:0.008789s ]
INFO: [ view_parse ] --END-- [ RunTime:0.009766s ]
INFO: [ view_filter ] --START--
INFO: Run Behavior\WriteHtmlCacheBehavior [ RunTime:0.000000s ]
INFO: [ view_filter ] --END-- [ RunTime:0.000000s ]
INFO: [ app_end ] --START--
INFO: Run Behavior\ShowPageTraceBehavior [ RunTime:0.000000s ]
INFO: [ app_end ] --END-- [ RunTime:0.000000s ]

[ 2017-12-04T18:12:45+08:00 ] 61.160.224.140 /index.php?s=/super/WealthDetailed/cashHistory.html
INFO: [ app_init ] --START--
INFO: Run Behavior\BuildLiteBehavior [ RunTime:0.000000s ]
INFO: [ app_init ] --END-- [ RunTime:0.000977s ]
INFO: [ app_begin ] --START--
INFO: Run Behavior\ReadHtmlCacheBehavior [ RunTime:0.000977s ]
INFO: [ app_begin ] --END-- [ RunTime:0.000977s ]
SQL: SHOW COLUMNS FROM `syd_withdraw` [ RunTime:0.0049s ]
SQL: SELECT COUNT(*) AS tp_count FROM `syd_withdraw` LIMIT 1   [ RunTime:0.0020s ]
NOTIC: [2] Missing argument 2 for Think\Page::setConfig(), called in D:\wwwroot\jpyc03\wwwroot\game\Common\Common\function.php on line 176 and defined D:\wwwroot\jpyc03\wwwroot\ThinkPHP\Library\Think\Page.class.php 第 58 行.
NOTIC: [2] Illegal offset type in isset or empty D:\wwwroot\jpyc03\wwwroot\ThinkPHP\Library\Think\Page.class.php 第 59 行.
SQL: SELECT `id`,`uid`,`realname`,`bank_name`,`bank_address`,`bank_card`,`money`,`status`,`time`,`reason`,`charge` FROM `syd_withdraw` ORDER BY id desc  LIMIT 0,10   [ RunTime:0.0010s ]
SQL: SHOW COLUMNS FROM `syd_user` [ RunTime:0.0049s ]
SQL: SELECT * FROM `syd_user` WHERE ( userid=194 ) LIMIT 1   [ RunTime:0.0020s ]
SQL: SELECT * FROM `syd_user` WHERE ( userid=199 ) LIMIT 1   [ RunTime:0.0000s ]
SQL: SELECT * FROM `syd_user` WHERE ( userid=190 ) LIMIT 1   [ RunTime:0.0000s ]
SQL: SELECT * FROM `syd_user` WHERE ( userid=198 ) LIMIT 1   [ RunTime:0.0000s ]
SQL: SELECT * FROM `syd_user` WHERE ( userid=199 ) LIMIT 1   [ RunTime:0.0000s ]
SQL: SELECT * FROM `syd_user` WHERE ( userid=194 ) LIMIT 1   [ RunTime:0.0010s ]
SQL: SELECT * FROM `syd_user` WHERE ( userid=198 ) LIMIT 1   [ RunTime:0.0000s ]
SQL: SELECT * FROM `syd_user` WHERE ( userid=196 ) LIMIT 1   [ RunTime:0.0000s ]
SQL: SELECT * FROM `syd_user` WHERE ( userid=198 ) LIMIT 1   [ RunTime:0.0000s ]
SQL: SELECT * FROM `syd_user` WHERE ( userid=201 ) LIMIT 1   [ RunTime:0.0000s ]
INFO: [ view_parse ] --START--
INFO: [ template_filter ] --START--
INFO: Run Behavior\ContentReplaceBehavior [ RunTime:0.000000s ]
INFO: [ template_filter ] --END-- [ RunTime:0.000000s ]
INFO: Run Behavior\ParseTemplateBehavior [ RunTime:0.008789s ]
INFO: [ view_parse ] --END-- [ RunTime:0.008789s ]
INFO: [ view_filter ] --START--
INFO: Run Behavior\WriteHtmlCacheBehavior [ RunTime:0.000000s ]
INFO: [ view_filter ] --END-- [ RunTime:0.000000s ]
INFO: [ app_end ] --START--
INFO: Run Behavior\ShowPageTraceBehavior [ RunTime:0.000977s ]
INFO: [ app_end ] --END-- [ RunTime:0.000977s ]

[ 2017-12-04T18:12:45+08:00 ] 61.160.224.140 /index.php?s=/super/WealthDetailed/cashHistory.html
INFO: [ app_init ] --START--
INFO: Run Behavior\BuildLiteBehavior [ RunTime:0.000000s ]
INFO: [ app_init ] --END-- [ RunTime:0.000977s ]
INFO: [ app_begin ] --START--
INFO: Run Behavior\ReadHtmlCacheBehavior [ RunTime:0.000000s ]
INFO: [ app_begin ] --END-- [ RunTime:0.000000s ]
SQL: SHOW COLUMNS FROM `syd_withdraw` [ RunTime:0.0078s ]
SQL: SELECT COUNT(*) AS tp_count FROM `syd_withdraw` LIMIT 1   [ RunTime:0.0039s ]
NOTIC: [2] Missing argument 2 for Think\Page::setConfig(), called in D:\wwwroot\jpyc03\wwwroot\game\Common\Common\function.php on line 176 and defined D:\wwwroot\jpyc03\wwwroot\ThinkPHP\Library\Think\Page.class.php 第 58 行.
NOTIC: [2] Illegal offset type in isset or empty D:\wwwroot\jpyc03\wwwroot\ThinkPHP\Library\Think\Page.class.php 第 59 行.
SQL: SELECT `id`,`uid`,`realname`,`bank_name`,`bank_address`,`bank_card`,`money`,`status`,`time`,`reason`,`charge` FROM `syd_withdraw` ORDER BY id desc  LIMIT 0,10   [ RunTime:0.0000s ]
SQL: SHOW COLUMNS FROM `syd_user` [ RunTime:0.0059s ]
SQL: SELECT * FROM `syd_user` WHERE ( userid=194 ) LIMIT 1   [ RunTime:0.0029s ]
SQL: SELECT * FROM `syd_user` WHERE ( userid=199 ) LIMIT 1   [ RunTime:0.0000s ]
SQL: SELECT * FROM `syd_user` WHERE ( userid=190 ) LIMIT 1   [ RunTime:0.0010s ]
SQL: SELECT * FROM `syd_user` WHERE ( userid=198 ) LIMIT 1   [ RunTime:0.0000s ]
SQL: SELECT * FROM `syd_user` WHERE ( userid=199 ) LIMIT 1   [ RunTime:0.0000s ]
SQL: SELECT * FROM `syd_user` WHERE ( userid=194 ) LIMIT 1   [ RunTime:0.0000s ]
SQL: SELECT * FROM `syd_user` WHERE ( userid=198 ) LIMIT 1   [ RunTime:0.0000s ]
SQL: SELECT * FROM `syd_user` WHERE ( userid=196 ) LIMIT 1   [ RunTime:0.0000s ]
SQL: SELECT * FROM `syd_user` WHERE ( userid=198 ) LIMIT 1   [ RunTime:0.0000s ]
SQL: SELECT * FROM `syd_user` WHERE ( userid=201 ) LIMIT 1   [ RunTime:0.0000s ]
INFO: [ view_parse ] --START--
INFO: [ template_filter ] --START--
INFO: Run Behavior\ContentReplaceBehavior [ RunTime:0.000000s ]
INFO: [ template_filter ] --END-- [ RunTime:0.000000s ]
INFO: Run Behavior\ParseTemplateBehavior [ RunTime:0.007813s ]
INFO: [ view_parse ] --END-- [ RunTime:0.007813s ]
INFO: [ view_filter ] --START--
INFO: Run Behavior\WriteHtmlCacheBehavior [ RunTime:0.000977s ]
INFO: [ view_filter ] --END-- [ RunTime:0.000977s ]
INFO: [ app_end ] --START--
INFO: Run Behavior\ShowPageTraceBehavior [ RunTime:0.000000s ]
INFO: [ app_end ] --END-- [ RunTime:0.000000s ]

[ 2017-12-04T18:12:46+08:00 ] 120.52.18.52 /index.php?s=/super/Index/gameNotice
INFO: [ app_init ] --START--
INFO: Run Behavior\BuildLiteBehavior [ RunTime:0.000000s ]
INFO: [ app_init ] --END-- [ RunTime:0.000000s ]
INFO: [ app_begin ] --START--
INFO: Run Behavior\ReadHtmlCacheBehavior [ RunTime:0.000976s ]
INFO: [ app_begin ] --END-- [ RunTime:0.000976s ]

[ 2017-12-04T18:12:47+08:00 ] 120.52.18.52 /index.php?s=/super/Login/index
INFO: [ app_init ] --START--
INFO: Run Behavior\BuildLiteBehavior [ RunTime:0.000000s ]
INFO: [ app_init ] --END-- [ RunTime:0.000000s ]
INFO: [ app_begin ] --START--
INFO: Run Behavior\ReadHtmlCacheBehavior [ RunTime:0.000977s ]
INFO: [ app_begin ] --END-- [ RunTime:0.000977s ]
INFO: [ view_parse ] --START--
INFO: [ template_filter ] --START--
INFO: Run Behavior\ContentReplaceBehavior [ RunTime:0.000000s ]
INFO: [ template_filter ] --END-- [ RunTime:0.000000s ]
INFO: Run Behavior\ParseTemplateBehavior [ RunTime:0.006836s ]
INFO: [ view_parse ] --END-- [ RunTime:0.006836s ]
INFO: [ view_filter ] --START--
INFO: Run Behavior\WriteHtmlCacheBehavior [ RunTime:0.000977s ]
INFO: [ view_filter ] --END-- [ RunTime:0.000977s ]
INFO: [ app_end ] --START--
INFO: Run Behavior\ShowPageTraceBehavior [ RunTime:0.000000s ]
INFO: [ app_end ] --END-- [ RunTime:0.000976s ]

[ 2017-12-04T18:12:54+08:00 ] 120.52.18.52 /index.php?s=/super/WealthDetailed/cashHistory.html
INFO: [ app_init ] --START--
INFO: Run Behavior\BuildLiteBehavior [ RunTime:0.000000s ]
INFO: [ app_init ] --END-- [ RunTime:0.000977s ]
INFO: [ app_begin ] --START--
INFO: Run Behavior\ReadHtmlCacheBehavior [ RunTime:0.000976s ]
INFO: [ app_begin ] --END-- [ RunTime:0.000976s ]

[ 2017-12-04T18:12:54+08:00 ] 120.52.18.52 /index.php?s=/super/Login/index
INFO: [ app_init ] --START--
INFO: Run Behavior\BuildLiteBehavior [ RunTime:0.000000s ]
INFO: [ app_init ] --END-- [ RunTime:0.000000s ]
INFO: [ app_begin ] --START--
INFO: Run Behavior\ReadHtmlCacheBehavior [ RunTime:0.000000s ]
INFO: [ app_begin ] --END-- [ RunTime:0.000000s ]
INFO: [ view_parse ] --START--
INFO: [ template_filter ] --START--
INFO: Run Behavior\ContentReplaceBehavior [ RunTime:0.000000s ]
INFO: [ template_filter ] --END-- [ RunTime:0.000976s ]
INFO: Run Behavior\ParseTemplateBehavior [ RunTime:0.006835s ]
INFO: [ view_parse ] --END-- [ RunTime:0.006835s ]
INFO: [ view_filter ] --START--
INFO: Run Behavior\WriteHtmlCacheBehavior [ RunTime:0.000976s ]
INFO: [ view_filter ] --END-- [ RunTime:0.001953s ]
INFO: [ app_end ] --START--
INFO: Run Behavior\ShowPageTraceBehavior [ RunTime:0.000000s ]
INFO: [ app_end ] --END-- [ RunTime:0.000977s ]

[ 2017-12-04T18:13:01+08:00 ] 120.52.18.47 /index.php?s=/super/WealthDetailed/cashHistory.html
INFO: [ app_init ] --START--
INFO: Run Behavior\BuildLiteBehavior [ RunTime:0.000000s ]
INFO: [ app_init ] --END-- [ RunTime:0.000976s ]
INFO: [ app_begin ] --START--
INFO: Run Behavior\ReadHtmlCacheBehavior [ RunTime:0.000977s ]
INFO: [ app_begin ] --END-- [ RunTime:0.001953s ]

[ 2017-12-04T18:13:01+08:00 ] 120.52.18.47 /index.php?s=/super/Login/index
INFO: [ app_init ] --START--
INFO: Run Behavior\BuildLiteBehavior [ RunTime:0.000000s ]
INFO: [ app_init ] --END-- [ RunTime:0.000977s ]
INFO: [ app_begin ] --START--
INFO: Run Behavior\ReadHtmlCacheBehavior [ RunTime:0.000976s ]
INFO: [ app_begin ] --END-- [ RunTime:0.000976s ]
INFO: [ view_parse ] --START--
INFO: [ template_filter ] --START--
INFO: Run Behavior\ContentReplaceBehavior [ RunTime:0.000000s ]
INFO: [ template_filter ] --END-- [ RunTime:0.000000s ]
INFO: Run Behavior\ParseTemplateBehavior [ RunTime:0.007812s ]
INFO: [ view_parse ] --END-- [ RunTime:0.007812s ]
INFO: [ view_filter ] --START--
INFO: Run Behavior\WriteHtmlCacheBehavior [ RunTime:0.000000s ]
INFO: [ view_filter ] --END-- [ RunTime:0.000000s ]
INFO: [ app_end ] --START--
INFO: Run Behavior\ShowPageTraceBehavior [ RunTime:0.000000s ]
INFO: [ app_end ] --END-- [ RunTime:0.000000s ]

[ 2017-12-04T18:13:27+08:00 ] 61.160.224.141 /index.php?s=/super/Index/gameNotice
INFO: [ app_init ] --START--
INFO: Run Behavior\BuildLiteBehavior [ RunTime:0.000000s ]
INFO: [ app_init ] --END-- [ RunTime:0.001953s ]
INFO: [ app_begin ] --START--
INFO: Run Behavior\ReadHtmlCacheBehavior [ RunTime:0.000000s ]
INFO: [ app_begin ] --END-- [ RunTime:0.000000s ]

[ 2017-12-04T18:13:27+08:00 ] 61.160.224.141 /index.php?s=/super/Login/index
INFO: [ app_init ] --START--
INFO: Run Behavior\BuildLiteBehavior [ RunTime:0.000000s ]
INFO: [ app_init ] --END-- [ RunTime:0.000976s ]
INFO: [ app_begin ] --START--
INFO: Run Behavior\ReadHtmlCacheBehavior [ RunTime:0.000000s ]
INFO: [ app_begin ] --END-- [ RunTime:0.000000s ]
INFO: [ view_parse ] --START--
INFO: [ template_filter ] --START--
INFO: Run Behavior\ContentReplaceBehavior [ RunTime:0.000000s ]
INFO: [ template_filter ] --END-- [ RunTime:0.000000s ]
INFO: Run Behavior\ParseTemplateBehavior [ RunTime:0.006836s ]
INFO: [ view_parse ] --END-- [ RunTime:0.007813s ]
INFO: [ view_filter ] --START--
INFO: Run Behavior\WriteHtmlCacheBehavior [ RunTime:0.000976s ]
INFO: [ view_filter ] --END-- [ RunTime:0.000976s ]
INFO: [ app_end ] --START--
INFO: Run Behavior\ShowPageTraceBehavior [ RunTime:0.000000s ]
INFO: [ app_end ] --END-- [ RunTime:0.000000s ]

[ 2017-12-04T18:16:40+08:00 ] 61.160.224.135 /index.php?s=/super/login/idcheck
INFO: [ app_init ] --START--
INFO: Run Behavior\BuildLiteBehavior [ RunTime:0.000000s ]
INFO: [ app_init ] --END-- [ RunTime:0.000000s ]
INFO: [ app_begin ] --START--
INFO: Run Behavior\ReadHtmlCacheBehavior [ RunTime:0.000977s ]
INFO: [ app_begin ] --END-- [ RunTime:0.000977s ]

[ 2017-12-04T18:16:41+08:00 ] 61.160.224.135 /index.php?s=/super/login/index
INFO: [ app_init ] --START--
INFO: Run Behavior\BuildLiteBehavior [ RunTime:0.000000s ]
INFO: [ app_init ] --END-- [ RunTime:0.000000s ]
INFO: [ app_begin ] --START--
INFO: Run Behavior\ReadHtmlCacheBehavior [ RunTime:0.000976s ]
INFO: [ app_begin ] --END-- [ RunTime:0.000976s ]
INFO: [ view_parse ] --START--
INFO: [ template_filter ] --START--
INFO: Run Behavior\ContentReplaceBehavior [ RunTime:0.000000s ]
INFO: [ template_filter ] --END-- [ RunTime:0.000000s ]
INFO: Run Behavior\ParseTemplateBehavior [ RunTime:0.007812s ]
INFO: [ view_parse ] --END-- [ RunTime:0.007812s ]
INFO: [ view_filter ] --START--
INFO: Run Behavior\WriteHtmlCacheBehavior [ RunTime:0.000976s ]
INFO: [ view_filter ] --END-- [ RunTime:0.000976s ]
INFO: [ app_end ] --START--
INFO: Run Behavior\ShowPageTraceBehavior [ RunTime:0.000977s ]
INFO: [ app_end ] --END-- [ RunTime:0.000977s ]

[ 2017-12-04T18:37:37+08:00 ] 61.160.224.135 /index.php?s=/super/WealthDetailed/userCapitalOffset_Rechange/id/213&User-Agent=IUC%28U%3BiOS+5.1.1%3BZh-cn%3B320%2A480%3B%29%2FUCWEB8.9.1.271%2F42%2F800%0A
INFO: [ app_init ] --START--
INFO: Run Behavior\BuildLiteBehavior [ RunTime:0.000000s ]
INFO: [ app_init ] --END-- [ RunTime:0.000000s ]
INFO: [ app_begin ] --START--
INFO: Run Behavior\ReadHtmlCacheBehavior [ RunTime:0.000976s ]
INFO: [ app_begin ] --END-- [ RunTime:0.000976s ]

[ 2017-12-04T18:37:38+08:00 ] 61.160.224.135 /index.php?s=/super/Login/index
INFO: [ app_init ] --START--
INFO: Run Behavior\BuildLiteBehavior [ RunTime:0.000000s ]
INFO: [ app_init ] --END-- [ RunTime:0.000976s ]
INFO: [ app_begin ] --START--
INFO: Run Behavior\ReadHtmlCacheBehavior [ RunTime:0.000977s ]
INFO: [ app_begin ] --END-- [ RunTime:0.000977s ]
INFO: [ view_parse ] --START--
INFO: [ template_filter ] --START--
INFO: Run Behavior\ContentReplaceBehavior [ RunTime:0.000000s ]
INFO: [ template_filter ] --END-- [ RunTime:0.000000s ]
INFO: Run Behavior\ParseTemplateBehavior [ RunTime:0.018555s ]
INFO: [ view_parse ] --END-- [ RunTime:0.018555s ]
INFO: [ view_filter ] --START--
INFO: Run Behavior\WriteHtmlCacheBehavior [ RunTime:0.000976s ]
INFO: [ view_filter ] --END-- [ RunTime:0.001953s ]
INFO: [ app_end ] --START--
INFO: Run Behavior\ShowPageTraceBehavior [ RunTime:0.000000s ]
INFO: [ app_end ] --END-- [ RunTime:0.000000s ]

[ 2017-12-04T18:37:41+08:00 ] 61.160.224.136 /index.php?s=/super/WealthDetailed/userCapitalOffset_Rechange/id/213
INFO: [ app_init ] --START--
INFO: Run Behavior\BuildLiteBehavior [ RunTime:0.000000s ]
INFO: [ app_init ] --END-- [ RunTime:0.000000s ]
INFO: [ app_begin ] --START--
INFO: Run Behavior\ReadHtmlCacheBehavior [ RunTime:0.000000s ]
INFO: [ app_begin ] --END-- [ RunTime:0.000977s ]

[ 2017-12-04T18:37:41+08:00 ] 61.160.224.136 /index.php?s=/super/Login/index
INFO: [ app_init ] --START--
INFO: Run Behavior\BuildLiteBehavior [ RunTime:0.000000s ]
INFO: [ app_init ] --END-- [ RunTime:0.000000s ]
INFO: [ app_begin ] --START--
INFO: Run Behavior\ReadHtmlCacheBehavior [ RunTime:0.000976s ]
INFO: [ app_begin ] --END-- [ RunTime:0.000976s ]
INFO: [ view_parse ] --START--
INFO: [ template_filter ] --START--
INFO: Run Behavior\ContentReplaceBehavior [ RunTime:0.000000s ]
INFO: [ template_filter ] --END-- [ RunTime:0.000000s ]
INFO: Run Behavior\ParseTemplateBehavior [ RunTime:0.008790s ]
INFO: [ view_parse ] --END-- [ RunTime:0.008790s ]
INFO: [ view_filter ] --START--
INFO: Run Behavior\WriteHtmlCacheBehavior [ RunTime:0.000976s ]
INFO: [ view_filter ] --END-- [ RunTime:0.000976s ]
INFO: [ app_end ] --START--
INFO: Run Behavior\ShowPageTraceBehavior [ RunTime:0.000000s ]
INFO: [ app_end ] --END-- [ RunTime:0.000000s ]

[ 2017-12-04T19:29:38+08:00 ] 61.160.224.136 /index.php?s=/super/Login/index
INFO: [ app_init ] --START--
INFO: Run Behavior\BuildLiteBehavior [ RunTime:0.000000s ]
INFO: [ app_init ] --END-- [ RunTime:0.000976s ]
INFO: [ app_begin ] --START--
INFO: Run Behavior\ReadHtmlCacheBehavior [ RunTime:0.000977s ]
INFO: [ app_begin ] --END-- [ RunTime:0.000977s ]
INFO: [ view_parse ] --START--
INFO: [ template_filter ] --START--
INFO: Run Behavior\ContentReplaceBehavior [ RunTime:0.000000s ]
INFO: [ template_filter ] --END-- [ RunTime:0.000000s ]
INFO: Run Behavior\ParseTemplateBehavior [ RunTime:0.021483s ]
INFO: [ view_parse ] --END-- [ RunTime:0.021483s ]
INFO: [ view_filter ] --START--
INFO: Run Behavior\WriteHtmlCacheBehavior [ RunTime:0.000000s ]
INFO: [ view_filter ] --END-- [ RunTime:0.000000s ]
INFO: [ app_end ] --START--
INFO: Run Behavior\ShowPageTraceBehavior [ RunTime:0.000000s ]
INFO: [ app_end ] --END-- [ RunTime:0.000000s ]

[ 2017-12-04T20:38:56+08:00 ] 61.160.224.141 /index.php?s=/super/Login/index
INFO: [ app_init ] --START--
INFO: Run Behavior\BuildLiteBehavior [ RunTime:0.000000s ]
INFO: [ app_init ] --END-- [ RunTime:0.000000s ]
INFO: [ app_begin ] --START--
INFO: Run Behavior\ReadHtmlCacheBehavior [ RunTime:0.000977s ]
INFO: [ app_begin ] --END-- [ RunTime:0.000977s ]
INFO: [ view_parse ] --START--
INFO: [ template_filter ] --START--
INFO: Run Behavior\ContentReplaceBehavior [ RunTime:0.000977s ]
INFO: [ template_filter ] --END-- [ RunTime:0.000977s ]
INFO: Run Behavior\ParseTemplateBehavior [ RunTime:0.013672s ]
INFO: [ view_parse ] --END-- [ RunTime:0.013672s ]
INFO: [ view_filter ] --START--
INFO: Run Behavior\WriteHtmlCacheBehavior [ RunTime:0.001953s ]
INFO: [ view_filter ] --END-- [ RunTime:0.001953s ]
INFO: [ app_end ] --START--
INFO: Run Behavior\ShowPageTraceBehavior [ RunTime:0.000977s ]
INFO: [ app_end ] --END-- [ RunTime:0.000977s ]

[ 2017-12-04T20:39:08+08:00 ] 61.160.224.141 /index.php?s=/super/login/idcheck
INFO: [ app_init ] --START--
INFO: Run Behavior\BuildLiteBehavior [ RunTime:0.000000s ]
INFO: [ app_init ] --END-- [ RunTime:0.000976s ]
INFO: [ app_begin ] --START--
INFO: Run Behavior\ReadHtmlCacheBehavior [ RunTime:0.000000s ]
INFO: [ app_begin ] --END-- [ RunTime:0.000976s ]
SQL: SHOW COLUMNS FROM `syd_nzspuser` [ RunTime:0.0049s ]
SQL: SELECT * FROM `syd_nzspuser` WHERE ( sp_username='admin' ) LIMIT 1   [ RunTime:0.0010s ]
SQL: UPDATE `syd_nzspuser` SET `sp_logintime`='1512391148',`sp_loginip`='61.160.224.141' WHERE ( sp_id ='1' ) [ RunTime:0.0010s ]
INFO: [ app_end ] --START--
INFO: Run Behavior\ShowPageTraceBehavior [ RunTime:0.001953s ]
INFO: [ app_end ] --END-- [ RunTime:0.001953s ]

[ 2017-12-04T20:39:11+08:00 ] 61.160.224.141 /index.php?s=/super/index/backstageSammaryPage
INFO: [ app_init ] --START--
INFO: Run Behavior\BuildLiteBehavior [ RunTime:0.000000s ]
INFO: [ app_init ] --END-- [ RunTime:0.000977s ]
INFO: [ app_begin ] --START--
INFO: Run Behavior\ReadHtmlCacheBehavior [ RunTime:0.000000s ]
INFO: [ app_begin ] --END-- [ RunTime:0.000000s ]
SQL: SHOW COLUMNS FROM `syd_nzspuser` [ RunTime:0.0029s ]
SQL: SELECT `power` FROM `syd_nzspuser` WHERE ( sp_id=1 ) LIMIT 1   [ RunTime:0.0020s ]
INFO: [ view_parse ] --START--
INFO: [ template_filter ] --START--
INFO: Run Behavior\ContentReplaceBehavior [ RunTime:0.000000s ]
INFO: [ template_filter ] --END-- [ RunTime:0.000000s ]
INFO: Run Behavior\ParseTemplateBehavior [ RunTime:0.010742s ]
INFO: [ view_parse ] --END-- [ RunTime:0.010742s ]
INFO: [ view_filter ] --START--
INFO: Run Behavior\WriteHtmlCacheBehavior [ RunTime:0.000000s ]
INFO: [ view_filter ] --END-- [ RunTime:0.000000s ]
INFO: [ app_end ] --START--
INFO: Run Behavior\ShowPageTraceBehavior [ RunTime:0.000976s ]
INFO: [ app_end ] --END-- [ RunTime:0.000976s ]

[ 2017-12-04T20:39:12+08:00 ] 61.160.224.141 /index.php?s=/super/Index/gameNotice
INFO: [ app_init ] --START--
INFO: Run Behavior\BuildLiteBehavior [ RunTime:0.000000s ]
INFO: [ app_init ] --END-- [ RunTime:0.000976s ]
INFO: [ app_begin ] --START--
INFO: Run Behavior\ReadHtmlCacheBehavior [ RunTime:0.001953s ]
INFO: [ app_begin ] --END-- [ RunTime:0.001953s ]
SQL: SHOW COLUMNS FROM `syd_store` [ RunTime:0.0049s ]
NOTIC: [2] Missing argument 1 for Think\Model::where(), called in D:\wwwroot\jpyc03\wwwroot\game\Admin\Controller\IndexController.class.php on line 34 and defined D:\wwwroot\jpyc03\wwwroot\ThinkPHP\Library\Think\Model.class.php 第 1797 行.
NOTIC: [8] Undefined variable: where D:\wwwroot\jpyc03\wwwroot\ThinkPHP\Library\Think\Model.class.php 第 1805 行.
NOTIC: [8] Undefined variable: where D:\wwwroot\jpyc03\wwwroot\ThinkPHP\Library\Think\Model.class.php 第 1808 行.
NOTIC: [8] Undefined variable: where D:\wwwroot\jpyc03\wwwroot\ThinkPHP\Library\Think\Model.class.php 第 1816 行.
SQL: SELECT SUM(gold) AS tp_sum FROM `syd_store` LIMIT 1   [ RunTime:0.0029s ]
NOTIC: [2] Missing argument 1 for Think\Model::where(), called in D:\wwwroot\jpyc03\wwwroot\game\Admin\Controller\IndexController.class.php on line 35 and defined D:\wwwroot\jpyc03\wwwroot\ThinkPHP\Library\Think\Model.class.php 第 1797 行.
NOTIC: [8] Undefined variable: where D:\wwwroot\jpyc03\wwwroot\ThinkPHP\Library\Think\Model.class.php 第 1805 行.
NOTIC: [8] Undefined variable: where D:\wwwroot\jpyc03\wwwroot\ThinkPHP\Library\Think\Model.class.php 第 1808 行.
NOTIC: [8] Undefined variable: where D:\wwwroot\jpyc03\wwwroot\ThinkPHP\Library\Think\Model.class.php 第 1816 行.
SQL: SELECT SUM(report_money) AS tp_sum FROM `syd_store` LIMIT 1   [ RunTime:0.0000s ]
NOTIC: [2] Missing argument 1 for Think\Model::where(), called in D:\wwwroot\jpyc03\wwwroot\game\Admin\Controller\IndexController.class.php on line 36 and defined D:\wwwroot\jpyc03\wwwroot\ThinkPHP\Library\Think\Model.class.php 第 1797 行.
NOTIC: [8] Undefined variable: where D:\wwwroot\jpyc03\wwwroot\ThinkPHP\Library\Think\Model.class.php 第 1805 行.
NOTIC: [8] Undefined variable: where D:\wwwroot\jpyc03\wwwroot\ThinkPHP\Library\Think\Model.class.php 第 1808 行.
NOTIC: [8] Undefined variable: where D:\wwwroot\jpyc03\wwwroot\ThinkPHP\Library\Think\Model.class.php 第 1816 行.
SQL: SELECT SUM(buycar_money) AS tp_sum FROM `syd_store` LIMIT 1   [ RunTime:0.0000s ]
NOTIC: [2] Missing argument 1 for Think\Model::where(), called in D:\wwwroot\jpyc03\wwwroot\game\Admin\Controller\IndexController.class.php on line 37 and defined D:\wwwroot\jpyc03\wwwroot\ThinkPHP\Library\Think\Model.class.php 第 1797 行.
NOTIC: [8] Undefined variable: where D:\wwwroot\jpyc03\wwwroot\ThinkPHP\Library\Think\Model.class.php 第 1805 行.
NOTIC: [8] Undefined variable: where D:\wwwroot\jpyc03\wwwroot\ThinkPHP\Library\Think\Model.class.php 第 1808 行.
NOTIC: [8] Undefined variable: where D:\wwwroot\jpyc03\wwwroot\ThinkPHP\Library\Think\Model.class.php 第 1816 行.
SQL: SELECT SUM(bonus) AS tp_sum FROM `syd_store` LIMIT 1   [ RunTime:0.0000s ]
NOTIC: [2] Missing argument 1 for Think\Model::where(), called in D:\wwwroot\jpyc03\wwwroot\game\Admin\Controller\IndexController.class.php on line 38 and defined D:\wwwroot\jpyc03\wwwroot\ThinkPHP\Library\Think\Model.class.php 第 1797 行.
NOTIC: [8] Undefined variable: where D:\wwwroot\jpyc03\wwwroot\ThinkPHP\Library\Think\Model.class.php 第 1805 行.
NOTIC: [8] Undefined variable: where D:\wwwroot\jpyc03\wwwroot\ThinkPHP\Library\Think\Model.class.php 第 1808 行.
NOTIC: [8] Undefined variable: where D:\wwwroot\jpyc03\wwwroot\ThinkPHP\Library\Think\Model.class.php 第 1816 行.
SQL: SELECT SUM(frozen_money) AS tp_sum FROM `syd_store` LIMIT 1   [ RunTime:0.0000s ]
SQL: SHOW COLUMNS FROM `syd_transaction` [ RunTime:0.0049s ]
SQL: SELECT SUM(money) AS tp_sum FROM `syd_transaction` WHERE ( `time` > 1512316800 AND `time` < 1512403200  ) LIMIT 1   [ RunTime:0.0029s ]
SQL: SHOW COLUMNS FROM `syd_withdraw` [ RunTime:0.0039s ]
SQL: SELECT SUM(money) AS tp_sum FROM `syd_withdraw` WHERE ( `time` > 1512316800 AND `time` < 1512403200  ) LIMIT 1   [ RunTime:0.0029s ]
SQL: SHOW COLUMNS FROM `syd_user` [ RunTime:0.0039s ]
SQL: SELECT COUNT(*) AS tp_count FROM `syd_user` WHERE ( `time` > 1512316800 AND `time` < 1512403200  ) LIMIT 1   [ RunTime:0.0010s ]
SQL: SHOW COLUMNS FROM `syd_getbuycarmoney_record` [ RunTime:0.0029s ]
SQL: SELECT COUNT(*) AS tp_count FROM `syd_getbuycarmoney_record` WHERE ( `time` > 1512316800 AND `time` < 1512403200  ) LIMIT 1   [ RunTime:0.0010s ]
SQL: SHOW COLUMNS FROM `syd_getgold_record` [ RunTime:0.0020s ]
SQL: SELECT COUNT(*) AS tp_count FROM `syd_getgold_record` WHERE ( `time` > 1512316800 AND `time` < 1512403200  ) LIMIT 1   [ RunTime:0.0010s ]
SQL: SHOW COLUMNS FROM `syd_getbonus_record` [ RunTime:0.0039s ]
SQL: SELECT COUNT(*) AS tp_count FROM `syd_getbonus_record` WHERE ( `time` > 1512316800 AND `time` < 1512403200  ) LIMIT 1   [ RunTime:0.0010s ]
SQL: SHOW COLUMNS FROM `syd_upside_record` [ RunTime:0.0049s ]
SQL: SELECT SUM(money) AS tp_sum FROM `syd_upside_record` WHERE ( `time` > 1512316800 AND `time` < 1512403200  ) LIMIT 1   [ RunTime:0.0010s ]
INFO: [ view_parse ] --START--
INFO: [ template_filter ] --START--
INFO: Run Behavior\ContentReplaceBehavior [ RunTime:0.000000s ]
INFO: [ template_filter ] --END-- [ RunTime:0.000000s ]
INFO: Run Behavior\ParseTemplateBehavior [ RunTime:0.008788s ]
INFO: [ view_parse ] --END-- [ RunTime:0.008788s ]
INFO: [ view_filter ] --START--
INFO: Run Behavior\WriteHtmlCacheBehavior [ RunTime:0.001953s ]
INFO: [ view_filter ] --END-- [ RunTime:0.001953s ]
INFO: [ app_end ] --START--
INFO: Run Behavior\ShowPageTraceBehavior [ RunTime:0.000000s ]
INFO: [ app_end ] --END-- [ RunTime:0.000000s ]

[ 2017-12-04T20:39:29+08:00 ] 61.160.224.141 /index.php?s=/super/WealthDetailed/cashHistory.html
INFO: [ app_init ] --START--
INFO: Run Behavior\BuildLiteBehavior [ RunTime:0.000000s ]
INFO: [ app_init ] --END-- [ RunTime:0.000977s ]
INFO: [ app_begin ] --START--
INFO: Run Behavior\ReadHtmlCacheBehavior [ RunTime:0.000000s ]
INFO: [ app_begin ] --END-- [ RunTime:0.000000s ]
SQL: SHOW COLUMNS FROM `syd_withdraw` [ RunTime:0.0039s ]
SQL: SELECT COUNT(*) AS tp_count FROM `syd_withdraw` LIMIT 1   [ RunTime:0.0020s ]
NOTIC: [2] Missing argument 2 for Think\Page::setConfig(), called in D:\wwwroot\jpyc03\wwwroot\game\Common\Common\function.php on line 176 and defined D:\wwwroot\jpyc03\wwwroot\ThinkPHP\Library\Think\Page.class.php 第 58 行.
NOTIC: [2] Illegal offset type in isset or empty D:\wwwroot\jpyc03\wwwroot\ThinkPHP\Library\Think\Page.class.php 第 59 行.
SQL: SELECT `id`,`uid`,`realname`,`bank_name`,`bank_address`,`bank_card`,`money`,`status`,`time`,`reason`,`charge` FROM `syd_withdraw` ORDER BY id desc  LIMIT 0,10   [ RunTime:0.0000s ]
SQL: SHOW COLUMNS FROM `syd_user` [ RunTime:0.0049s ]
SQL: SELECT * FROM `syd_user` WHERE ( userid=194 ) LIMIT 1   [ RunTime:0.0020s ]
SQL: SELECT * FROM `syd_user` WHERE ( userid=199 ) LIMIT 1   [ RunTime:0.0020s ]
SQL: SELECT * FROM `syd_user` WHERE ( userid=190 ) LIMIT 1   [ RunTime:0.0000s ]
SQL: SELECT * FROM `syd_user` WHERE ( userid=198 ) LIMIT 1   [ RunTime:0.0020s ]
SQL: SELECT * FROM `syd_user` WHERE ( userid=199 ) LIMIT 1   [ RunTime:0.0000s ]
SQL: SELECT * FROM `syd_user` WHERE ( userid=194 ) LIMIT 1   [ RunTime:0.0000s ]
SQL: SELECT * FROM `syd_user` WHERE ( userid=198 ) LIMIT 1   [ RunTime:0.0000s ]
SQL: SELECT * FROM `syd_user` WHERE ( userid=196 ) LIMIT 1   [ RunTime:0.0000s ]
SQL: SELECT * FROM `syd_user` WHERE ( userid=198 ) LIMIT 1   [ RunTime:0.0000s ]
SQL: SELECT * FROM `syd_user` WHERE ( userid=201 ) LIMIT 1   [ RunTime:0.0000s ]
INFO: [ view_parse ] --START--
INFO: [ template_filter ] --START--
INFO: Run Behavior\ContentReplaceBehavior [ RunTime:0.000000s ]
INFO: [ template_filter ] --END-- [ RunTime:0.000977s ]
INFO: Run Behavior\ParseTemplateBehavior [ RunTime:0.009766s ]
INFO: [ view_parse ] --END-- [ RunTime:0.009766s ]
INFO: [ view_filter ] --START--
INFO: Run Behavior\WriteHtmlCacheBehavior [ RunTime:0.000000s ]
INFO: [ view_filter ] --END-- [ RunTime:0.000000s ]
INFO: [ app_end ] --START--
INFO: Run Behavior\ShowPageTraceBehavior [ RunTime:0.000977s ]
INFO: [ app_end ] --END-- [ RunTime:0.000977s ]

[ 2017-12-04T20:40:22+08:00 ] 61.160.224.141 /index.php?s=/super/WealthDetailed/updateCash/id/22
INFO: [ app_init ] --START--
INFO: Run Behavior\BuildLiteBehavior [ RunTime:0.000000s ]
INFO: [ app_init ] --END-- [ RunTime:0.000977s ]
INFO: [ app_begin ] --START--
INFO: Run Behavior\ReadHtmlCacheBehavior [ RunTime:0.000977s ]
INFO: [ app_begin ] --END-- [ RunTime:0.000977s ]
SQL: SHOW COLUMNS FROM `syd_nzspuser` [ RunTime:0.0029s ]
SQL: SELECT `power` FROM `syd_nzspuser` WHERE ( sp_id=1 ) LIMIT 1   [ RunTime:0.0010s ]
SQL: SHOW COLUMNS FROM `syd_withdraw` [ RunTime:0.0059s ]
SQL: UPDATE `syd_withdraw` SET `status`='1' WHERE ( id=22 ) [ RunTime:0.0029s ]
SQL: SELECT * FROM `syd_withdraw` WHERE ( id=22 ) LIMIT 1   [ RunTime:0.0010s ]
SQL: SHOW COLUMNS FROM `syd_management_operation` [ RunTime:0.0059s ]
SQL: INSERT INTO `syd_management_operation` (`sp_id`,`userid`,`type`,`time`) VALUES ('1','194','提现审核','1512391222') [ RunTime:0.0029s ]

[ 2017-12-04T20:40:23+08:00 ] 61.160.224.141 /index.php?s=/super/WealthDetailed/cashHistory
INFO: [ app_init ] --START--
INFO: Run Behavior\BuildLiteBehavior [ RunTime:0.000000s ]
INFO: [ app_init ] --END-- [ RunTime:0.000976s ]
INFO: [ app_begin ] --START--
INFO: Run Behavior\ReadHtmlCacheBehavior [ RunTime:0.000977s ]
INFO: [ app_begin ] --END-- [ RunTime:0.000977s ]
SQL: SHOW COLUMNS FROM `syd_withdraw` [ RunTime:0.0059s ]
SQL: SELECT COUNT(*) AS tp_count FROM `syd_withdraw` LIMIT 1   [ RunTime:0.0020s ]
NOTIC: [2] Missing argument 2 for Think\Page::setConfig(), called in D:\wwwroot\jpyc03\wwwroot\game\Common\Common\function.php on line 176 and defined D:\wwwroot\jpyc03\wwwroot\ThinkPHP\Library\Think\Page.class.php 第 58 行.
NOTIC: [2] Illegal offset type in isset or empty D:\wwwroot\jpyc03\wwwroot\ThinkPHP\Library\Think\Page.class.php 第 59 行.
SQL: SELECT `id`,`uid`,`realname`,`bank_name`,`bank_address`,`bank_card`,`money`,`status`,`time`,`reason`,`charge` FROM `syd_withdraw` ORDER BY id desc  LIMIT 0,10   [ RunTime:0.0000s ]
SQL: SHOW COLUMNS FROM `syd_user` [ RunTime:0.0059s ]
SQL: SELECT * FROM `syd_user` WHERE ( userid=194 ) LIMIT 1   [ RunTime:0.0010s ]
SQL: SELECT * FROM `syd_user` WHERE ( userid=199 ) LIMIT 1   [ RunTime:0.0000s ]
SQL: SELECT * FROM `syd_user` WHERE ( userid=190 ) LIMIT 1   [ RunTime:0.0000s ]
SQL: SELECT * FROM `syd_user` WHERE ( userid=198 ) LIMIT 1   [ RunTime:0.0000s ]
SQL: SELECT * FROM `syd_user` WHERE ( userid=199 ) LIMIT 1   [ RunTime:0.0000s ]
SQL: SELECT * FROM `syd_user` WHERE ( userid=194 ) LIMIT 1   [ RunTime:0.0000s ]
SQL: SELECT * FROM `syd_user` WHERE ( userid=198 ) LIMIT 1   [ RunTime:0.0000s ]
SQL: SELECT * FROM `syd_user` WHERE ( userid=196 ) LIMIT 1   [ RunTime:0.0000s ]
SQL: SELECT * FROM `syd_user` WHERE ( userid=198 ) LIMIT 1   [ RunTime:0.0000s ]
SQL: SELECT * FROM `syd_user` WHERE ( userid=201 ) LIMIT 1   [ RunTime:0.0000s ]
INFO: [ view_parse ] --START--
INFO: [ template_filter ] --START--
INFO: Run Behavior\ContentReplaceBehavior [ RunTime:0.000000s ]
INFO: [ template_filter ] --END-- [ RunTime:0.000000s ]
INFO: Run Behavior\ParseTemplateBehavior [ RunTime:0.011719s ]
INFO: [ view_parse ] --END-- [ RunTime:0.011719s ]
INFO: [ view_filter ] --START--
INFO: Run Behavior\WriteHtmlCacheBehavior [ RunTime:0.000000s ]
INFO: [ view_filter ] --END-- [ RunTime:0.000000s ]
INFO: [ app_end ] --START--
INFO: Run Behavior\ShowPageTraceBehavior [ RunTime:0.000000s ]
INFO: [ app_end ] --END-- [ RunTime:0.000976s ]

[ 2017-12-04T20:40:25+08:00 ] 61.160.224.141 /index.php?s=/super/UserAdministration/administrationPage.html
INFO: [ app_init ] --START--
INFO: Run Behavior\BuildLiteBehavior [ RunTime:0.000000s ]
INFO: [ app_init ] --END-- [ RunTime:0.000976s ]
INFO: [ app_begin ] --START--
INFO: Run Behavior\ReadHtmlCacheBehavior [ RunTime:0.000976s ]
INFO: [ app_begin ] --END-- [ RunTime:0.000976s ]
SQL: SHOW COLUMNS FROM `syd_user` [ RunTime:0.0049s ]
NOTIC: [8] Undefined variable: where D:\wwwroot\jpyc03\wwwroot\game\Admin\Controller\UserAdministrationController.class.php 第 27 行.
SQL: SELECT COUNT(*) AS tp_count FROM `syd_user` LIMIT 1   [ RunTime:0.0020s ]
NOTIC: [2] Missing argument 2 for Think\Page::setConfig(), called in D:\wwwroot\jpyc03\wwwroot\game\Common\Common\function.php on line 176 and defined D:\wwwroot\jpyc03\wwwroot\ThinkPHP\Library\Think\Page.class.php 第 58 行.
NOTIC: [2] Illegal offset type in isset or empty D:\wwwroot\jpyc03\wwwroot\ThinkPHP\Library\Think\Page.class.php 第 59 行.
NOTIC: [8] Undefined variable: where D:\wwwroot\jpyc03\wwwroot\game\Admin\Controller\UserAdministrationController.class.php 第 30 行.
SQL: SELECT `userid`,`account`,`username`,`lockuser`,`time`,`parent_id`,`identity_card`,`phone`,`daili_id` FROM `syd_user` ORDER BY userid desc  LIMIT 0,10   [ RunTime:0.0000s ]
SQL: SELECT `account` FROM `syd_user` WHERE ( userid=194 ) LIMIT 1   [ RunTime:0.0010s ]
SQL: SELECT `account` FROM `syd_user` WHERE ( userid=194 ) LIMIT 1   [ RunTime:0.0000s ]
SQL: SELECT `account` FROM `syd_user` WHERE ( userid=194 ) LIMIT 1   [ RunTime:0.0000s ]
SQL: SELECT `account` FROM `syd_user` WHERE ( userid=194 ) LIMIT 1   [ RunTime:0.0000s ]
SQL: SELECT `account` FROM `syd_user` WHERE ( userid=194 ) LIMIT 1   [ RunTime:0.0000s ]
SQL: SELECT `account` FROM `syd_user` WHERE ( userid=194 ) LIMIT 1   [ RunTime:0.0000s ]
SQL: SELECT `account` FROM `syd_user` WHERE ( userid=194 ) LIMIT 1   [ RunTime:0.0010s ]
SQL: SELECT `account` FROM `syd_user` WHERE ( userid=194 ) LIMIT 1   [ RunTime:0.0010s ]
SQL: SELECT `account` FROM `syd_user` WHERE ( userid=194 ) LIMIT 1   [ RunTime:0.0000s ]
INFO: [ view_parse ] --START--
INFO: [ template_filter ] --START--
INFO: Run Behavior\ContentReplaceBehavior [ RunTime:0.000000s ]
INFO: [ template_filter ] --END-- [ RunTime:0.000000s ]
NOTIC: [8] Undefined index: buycar_status D:\wwwroot\jpyc03\wwwroot\game\Runtime\Cache\Admin\84ae4299843d77ca40815b68eb67b7fb.php 第 55 行.
NOTIC: [8] Undefined index: buycar_status D:\wwwroot\jpyc03\wwwroot\game\Runtime\Cache\Admin\84ae4299843d77ca40815b68eb67b7fb.php 第 55 行.
NOTIC: [8] Undefined index: buycar_status D:\wwwroot\jpyc03\wwwroot\game\Runtime\Cache\Admin\84ae4299843d77ca40815b68eb67b7fb.php 第 55 行.
NOTIC: [8] Undefined index: buycar_status D:\wwwroot\jpyc03\wwwroot\game\Runtime\Cache\Admin\84ae4299843d77ca40815b68eb67b7fb.php 第 55 行.
NOTIC: [8] Undefined index: buycar_status D:\wwwroot\jpyc03\wwwroot\game\Runtime\Cache\Admin\84ae4299843d77ca40815b68eb67b7fb.php 第 55 行.
NOTIC: [8] Undefined index: buycar_status D:\wwwroot\jpyc03\wwwroot\game\Runtime\Cache\Admin\84ae4299843d77ca40815b68eb67b7fb.php 第 55 行.
NOTIC: [8] Undefined index: buycar_status D:\wwwroot\jpyc03\wwwroot\game\Runtime\Cache\Admin\84ae4299843d77ca40815b68eb67b7fb.php 第 55 行.
NOTIC: [8] Undefined index: buycar_status D:\wwwroot\jpyc03\wwwroot\game\Runtime\Cache\Admin\84ae4299843d77ca40815b68eb67b7fb.php 第 55 行.
NOTIC: [8] Undefined index: daili_account D:\wwwroot\jpyc03\wwwroot\game\Runtime\Cache\Admin\84ae4299843d77ca40815b68eb67b7fb.php 第 63 行.
NOTIC: [8] Undefined index: buycar_status D:\wwwroot\jpyc03\wwwroot\game\Runtime\Cache\Admin\84ae4299843d77ca40815b68eb67b7fb.php 第 55 行.
NOTIC: [8] Undefined index: buycar_status D:\wwwroot\jpyc03\wwwroot\game\Runtime\Cache\Admin\84ae4299843d77ca40815b68eb67b7fb.php 第 55 行.
INFO: Run Behavior\ParseTemplateBehavior [ RunTime:0.012696s ]
INFO: [ view_parse ] --END-- [ RunTime:0.012696s ]
INFO: [ view_filter ] --START--
INFO: Run Behavior\WriteHtmlCacheBehavior [ RunTime:0.000000s ]
INFO: [ view_filter ] --END-- [ RunTime:0.000000s ]
INFO: [ app_end ] --START--
INFO: Run Behavior\ShowPageTraceBehavior [ RunTime:0.000977s ]
INFO: [ app_end ] --END-- [ RunTime:0.001953s ]

[ 2017-12-04T20:40:44+08:00 ] 61.160.224.141 /index.php?s=/super/Index/outlogin
INFO: [ app_init ] --START--
INFO: Run Behavior\BuildLiteBehavior [ RunTime:0.000000s ]
INFO: [ app_init ] --END-- [ RunTime:0.000976s ]
INFO: [ app_begin ] --START--
INFO: Run Behavior\ReadHtmlCacheBehavior [ RunTime:0.000976s ]
INFO: [ app_begin ] --END-- [ RunTime:0.000976s ]

[ 2017-12-04T20:40:44+08:00 ] 61.160.224.141 /index.php?s=/super/Login/index
INFO: [ app_init ] --START--
INFO: Run Behavior\BuildLiteBehavior [ RunTime:0.000000s ]
INFO: [ app_init ] --END-- [ RunTime:0.000000s ]
INFO: [ app_begin ] --START--
INFO: Run Behavior\ReadHtmlCacheBehavior [ RunTime:0.000000s ]
INFO: [ app_begin ] --END-- [ RunTime:0.000977s ]
INFO: [ view_parse ] --START--
INFO: [ template_filter ] --START--
INFO: Run Behavior\ContentReplaceBehavior [ RunTime:0.000000s ]
INFO: [ template_filter ] --END-- [ RunTime:0.000000s ]
INFO: Run Behavior\ParseTemplateBehavior [ RunTime:0.006835s ]
INFO: [ view_parse ] --END-- [ RunTime:0.006835s ]
INFO: [ view_filter ] --START--
INFO: Run Behavior\WriteHtmlCacheBehavior [ RunTime:0.000000s ]
INFO: [ view_filter ] --END-- [ RunTime:0.000000s ]
INFO: [ app_end ] --START--
INFO: Run Behavior\ShowPageTraceBehavior [ RunTime:0.000977s ]
INFO: [ app_end ] --END-- [ RunTime:0.000977s ]

