[ 2017-12-03T21:23:31+08:00 ] 61.160.224.140 /index.php?s=/super/Login/index
INFO: [ app_init ] --START--
INFO: Run Behavior\BuildLiteBehavior [ RunTime:0.000000s ]
INFO: [ app_init ] --END-- [ RunTime:0.000000s ]
INFO: [ app_begin ] --START--
INFO: Run Behavior\ReadHtmlCacheBehavior [ RunTime:0.000000s ]
INFO: [ app_begin ] --END-- [ RunTime:0.000000s ]
INFO: [ view_parse ] --START--
INFO: [ template_filter ] --START--
INFO: Run Behavior\ContentReplaceBehavior [ RunTime:0.000977s ]
INFO: [ template_filter ] --END-- [ RunTime:0.000977s ]
INFO: Run Behavior\ParseTemplateBehavior [ RunTime:0.006836s ]
INFO: [ view_parse ] --END-- [ RunTime:0.006836s ]
INFO: [ view_filter ] --START--
INFO: Run Behavior\WriteHtmlCacheBehavior [ RunTime:0.000977s ]
INFO: [ view_filter ] --END-- [ RunTime:0.000977s ]
INFO: [ app_end ] --START--
INFO: Run Behavior\ShowPageTraceBehavior [ RunTime:0.000977s ]
INFO: [ app_end ] --END-- [ RunTime:0.000977s ]

[ 2017-12-03T21:23:40+08:00 ] 61.160.224.140 /index.php?s=/super/login/idcheck
INFO: [ app_init ] --START--
INFO: Run Behavior\BuildLiteBehavior [ RunTime:0.000000s ]
INFO: [ app_init ] --END-- [ RunTime:0.000977s ]
INFO: [ app_begin ] --START--
INFO: Run Behavior\ReadHtmlCacheBehavior [ RunTime:0.000000s ]
INFO: [ app_begin ] --END-- [ RunTime:0.000000s ]
SQL: SHOW COLUMNS FROM `syd_nzspuser` [ RunTime:0.0029s ]
SQL: SELECT * FROM `syd_nzspuser` WHERE ( sp_username='admin' ) LIMIT 1   [ RunTime:0.0010s ]
SQL: UPDATE `syd_nzspuser` SET `sp_logintime`='1512307420',`sp_loginip`='61.160.224.140' WHERE ( sp_id ='1' ) [ RunTime:0.0000s ]
INFO: [ app_end ] --START--
INFO: Run Behavior\ShowPageTraceBehavior [ RunTime:0.000000s ]
INFO: [ app_end ] --END-- [ RunTime:0.000000s ]

[ 2017-12-03T21:23:42+08:00 ] 61.160.224.140 /index.php?s=/super/index/backstageSammaryPage
INFO: [ app_init ] --START--
INFO: Run Behavior\BuildLiteBehavior [ RunTime:0.000000s ]
INFO: [ app_init ] --END-- [ RunTime:0.000977s ]
INFO: [ app_begin ] --START--
INFO: Run Behavior\ReadHtmlCacheBehavior [ RunTime:0.000976s ]
INFO: [ app_begin ] --END-- [ RunTime:0.000976s ]
SQL: SHOW COLUMNS FROM `syd_nzspuser` [ RunTime:0.0029s ]
SQL: SELECT `power` FROM `syd_nzspuser` WHERE ( sp_id=1 ) LIMIT 1   [ RunTime:0.0020s ]
INFO: [ view_parse ] --START--
INFO: [ template_filter ] --START--
INFO: Run Behavior\ContentReplaceBehavior [ RunTime:0.000976s ]
INFO: [ template_filter ] --END-- [ RunTime:0.000976s ]
INFO: Run Behavior\ParseTemplateBehavior [ RunTime:0.008789s ]
INFO: [ view_parse ] --END-- [ RunTime:0.008789s ]
INFO: [ view_filter ] --START--
INFO: Run Behavior\WriteHtmlCacheBehavior [ RunTime:0.000977s ]
INFO: [ view_filter ] --END-- [ RunTime:0.000977s ]
INFO: [ app_end ] --START--
INFO: Run Behavior\ShowPageTraceBehavior [ RunTime:0.000000s ]
INFO: [ app_end ] --END-- [ RunTime:0.000977s ]

[ 2017-12-03T21:23:43+08:00 ] 61.160.224.140 /index.php?s=/super/Index/gameNotice
INFO: [ app_init ] --START--
INFO: Run Behavior\BuildLiteBehavior [ RunTime:0.000000s ]
INFO: [ app_init ] --END-- [ RunTime:0.000000s ]
INFO: [ app_begin ] --START--
INFO: Run Behavior\ReadHtmlCacheBehavior [ RunTime:0.000000s ]
INFO: [ app_begin ] --END-- [ RunTime:0.000000s ]
SQL: SHOW COLUMNS FROM `syd_store` [ RunTime:0.0039s ]
NOTIC: [2] Missing argument 1 for Think\Model::where(), called in D:\wwwroot\jpyc03\wwwroot\game\Admin\Controller\IndexController.class.php on line 34 and defined D:\wwwroot\jpyc03\wwwroot\ThinkPHP\Library\Think\Model.class.php 第 1797 行.
NOTIC: [8] Undefined variable: where D:\wwwroot\jpyc03\wwwroot\ThinkPHP\Library\Think\Model.class.php 第 1805 行.
NOTIC: [8] Undefined variable: where D:\wwwroot\jpyc03\wwwroot\ThinkPHP\Library\Think\Model.class.php 第 1808 行.
NOTIC: [8] Undefined variable: where D:\wwwroot\jpyc03\wwwroot\ThinkPHP\Library\Think\Model.class.php 第 1816 行.
SQL: SELECT SUM(gold) AS tp_sum FROM `syd_store` LIMIT 1   [ RunTime:0.0000s ]
NOTIC: [2] Missing argument 1 for Think\Model::where(), called in D:\wwwroot\jpyc03\wwwroot\game\Admin\Controller\IndexController.class.php on line 35 and defined D:\wwwroot\jpyc03\wwwroot\ThinkPHP\Library\Think\Model.class.php 第 1797 行.
NOTIC: [8] Undefined variable: where D:\wwwroot\jpyc03\wwwroot\ThinkPHP\Library\Think\Model.class.php 第 1805 行.
NOTIC: [8] Undefined variable: where D:\wwwroot\jpyc03\wwwroot\ThinkPHP\Library\Think\Model.class.php 第 1808 行.
NOTIC: [8] Undefined variable: where D:\wwwroot\jpyc03\wwwroot\ThinkPHP\Library\Think\Model.class.php 第 1816 行.
SQL: SELECT SUM(report_money) AS tp_sum FROM `syd_store` LIMIT 1   [ RunTime:0.0000s ]
NOTIC: [2] Missing argument 1 for Think\Model::where(), called in D:\wwwroot\jpyc03\wwwroot\game\Admin\Controller\IndexController.class.php on line 36 and defined D:\wwwroot\jpyc03\wwwroot\ThinkPHP\Library\Think\Model.class.php 第 1797 行.
NOTIC: [8] Undefined variable: where D:\wwwroot\jpyc03\wwwroot\ThinkPHP\Library\Think\Model.class.php 第 1805 行.
NOTIC: [8] Undefined variable: where D:\wwwroot\jpyc03\wwwroot\ThinkPHP\Library\Think\Model.class.php 第 1808 行.
NOTIC: [8] Undefined variable: where D:\wwwroot\jpyc03\wwwroot\ThinkPHP\Library\Think\Model.class.php 第 1816 行.
SQL: SELECT SUM(buycar_money) AS tp_sum FROM `syd_store` LIMIT 1   [ RunTime:0.0000s ]
NOTIC: [2] Missing argument 1 for Think\Model::where(), called in D:\wwwroot\jpyc03\wwwroot\game\Admin\Controller\IndexController.class.php on line 37 and defined D:\wwwroot\jpyc03\wwwroot\ThinkPHP\Library\Think\Model.class.php 第 1797 行.
NOTIC: [8] Undefined variable: where D:\wwwroot\jpyc03\wwwroot\ThinkPHP\Library\Think\Model.class.php 第 1805 行.
NOTIC: [8] Undefined variable: where D:\wwwroot\jpyc03\wwwroot\ThinkPHP\Library\Think\Model.class.php 第 1808 行.
NOTIC: [8] Undefined variable: where D:\wwwroot\jpyc03\wwwroot\ThinkPHP\Library\Think\Model.class.php 第 1816 行.
SQL: SELECT SUM(bonus) AS tp_sum FROM `syd_store` LIMIT 1   [ RunTime:0.0000s ]
NOTIC: [2] Missing argument 1 for Think\Model::where(), called in D:\wwwroot\jpyc03\wwwroot\game\Admin\Controller\IndexController.class.php on line 38 and defined D:\wwwroot\jpyc03\wwwroot\ThinkPHP\Library\Think\Model.class.php 第 1797 行.
NOTIC: [8] Undefined variable: where D:\wwwroot\jpyc03\wwwroot\ThinkPHP\Library\Think\Model.class.php 第 1805 行.
NOTIC: [8] Undefined variable: where D:\wwwroot\jpyc03\wwwroot\ThinkPHP\Library\Think\Model.class.php 第 1808 行.
NOTIC: [8] Undefined variable: where D:\wwwroot\jpyc03\wwwroot\ThinkPHP\Library\Think\Model.class.php 第 1816 行.
SQL: SELECT SUM(frozen_money) AS tp_sum FROM `syd_store` LIMIT 1   [ RunTime:0.0000s ]
SQL: SHOW COLUMNS FROM `syd_transaction` [ RunTime:0.0049s ]
SQL: SELECT SUM(money) AS tp_sum FROM `syd_transaction` WHERE ( `time` > 1512230400 AND `time` < 1512316800  ) LIMIT 1   [ RunTime:0.0010s ]
SQL: SHOW COLUMNS FROM `syd_withdraw` [ RunTime:0.0039s ]
SQL: SELECT SUM(money) AS tp_sum FROM `syd_withdraw` WHERE ( `time` > 1512230400 AND `time` < 1512316800  ) LIMIT 1   [ RunTime:0.0059s ]
SQL: SHOW COLUMNS FROM `syd_user` [ RunTime:0.0156s ]
SQL: SELECT COUNT(*) AS tp_count FROM `syd_user` WHERE ( `time` > 1512230400 AND `time` < 1512316800  ) LIMIT 1   [ RunTime:0.0010s ]
SQL: SHOW COLUMNS FROM `syd_getbuycarmoney_record` [ RunTime:0.0029s ]
SQL: SELECT COUNT(*) AS tp_count FROM `syd_getbuycarmoney_record` WHERE ( `time` > 1512230400 AND `time` < 1512316800  ) LIMIT 1   [ RunTime:0.0000s ]
SQL: SHOW COLUMNS FROM `syd_getgold_record` [ RunTime:0.0049s ]
SQL: SELECT COUNT(*) AS tp_count FROM `syd_getgold_record` WHERE ( `time` > 1512230400 AND `time` < 1512316800  ) LIMIT 1   [ RunTime:0.0000s ]
SQL: SHOW COLUMNS FROM `syd_getbonus_record` [ RunTime:0.0029s ]
SQL: SELECT COUNT(*) AS tp_count FROM `syd_getbonus_record` WHERE ( `time` > 1512230400 AND `time` < 1512316800  ) LIMIT 1   [ RunTime:0.0000s ]
SQL: SHOW COLUMNS FROM `syd_upside_record` [ RunTime:0.0029s ]
SQL: SELECT SUM(money) AS tp_sum FROM `syd_upside_record` WHERE ( `time` > 1512230400 AND `time` < 1512316800  ) LIMIT 1   [ RunTime:0.0068s ]
INFO: [ view_parse ] --START--
INFO: [ template_filter ] --START--
INFO: Run Behavior\ContentReplaceBehavior [ RunTime:0.000000s ]
INFO: [ template_filter ] --END-- [ RunTime:0.000000s ]
INFO: Run Behavior\ParseTemplateBehavior [ RunTime:0.019532s ]
INFO: [ view_parse ] --END-- [ RunTime:0.019532s ]
INFO: [ view_filter ] --START--
INFO: Run Behavior\WriteHtmlCacheBehavior [ RunTime:0.000000s ]
INFO: [ view_filter ] --END-- [ RunTime:0.000000s ]
INFO: [ app_end ] --START--
INFO: Run Behavior\ShowPageTraceBehavior [ RunTime:0.001953s ]
INFO: [ app_end ] --END-- [ RunTime:0.001953s ]

[ 2017-12-03T21:23:49+08:00 ] 61.160.224.140 /index.php?s=/super/UserAdministration/buyCarApply.html
INFO: [ app_init ] --START--
INFO: Run Behavior\BuildLiteBehavior [ RunTime:0.000000s ]
INFO: [ app_init ] --END-- [ RunTime:0.000000s ]
INFO: [ app_begin ] --START--
INFO: Run Behavior\ReadHtmlCacheBehavior [ RunTime:0.000977s ]
INFO: [ app_begin ] --END-- [ RunTime:0.000977s ]
SQL: SHOW COLUMNS FROM `syd_applycar` [ RunTime:0.0039s ]
NOTIC: [8] Undefined variable: where D:\wwwroot\jpyc03\wwwroot\game\Admin\Controller\UserAdministrationController.class.php 第 681 行.
SQL: SELECT COUNT(*) AS tp_count FROM `syd_applycar` LIMIT 1   [ RunTime:0.0020s ]
NOTIC: [2] Missing argument 2 for Think\Page::setConfig(), called in D:\wwwroot\jpyc03\wwwroot\game\Common\Common\function.php on line 176 and defined D:\wwwroot\jpyc03\wwwroot\ThinkPHP\Library\Think\Page.class.php 第 58 行.
NOTIC: [2] Illegal offset type in isset or empty D:\wwwroot\jpyc03\wwwroot\ThinkPHP\Library\Think\Page.class.php 第 59 行.
NOTIC: [8] Undefined variable: where D:\wwwroot\jpyc03\wwwroot\game\Admin\Controller\UserAdministrationController.class.php 第 684 行.
SQL: SELECT `id`,`uid`,`username`,`phone`,`account`,`time`,`status` FROM `syd_applycar` ORDER BY id desc  LIMIT 0,10   [ RunTime:0.0000s ]
INFO: [ view_parse ] --START--
INFO: [ template_filter ] --START--
INFO: Run Behavior\ContentReplaceBehavior [ RunTime:0.000000s ]
INFO: [ template_filter ] --END-- [ RunTime:0.000976s ]
INFO: Run Behavior\ParseTemplateBehavior [ RunTime:0.011719s ]
INFO: [ view_parse ] --END-- [ RunTime:0.012695s ]
INFO: [ view_filter ] --START--
INFO: Run Behavior\WriteHtmlCacheBehavior [ RunTime:0.000000s ]
INFO: [ view_filter ] --END-- [ RunTime:0.000000s ]
INFO: [ app_end ] --START--
INFO: Run Behavior\ShowPageTraceBehavior [ RunTime:0.000000s ]
INFO: [ app_end ] --END-- [ RunTime:0.000977s ]

[ 2017-12-03T21:23:50+08:00 ] 61.160.224.140 /index.php?s=/super/UserAdministration/buyCarApply.html
INFO: [ app_init ] --START--
INFO: Run Behavior\BuildLiteBehavior [ RunTime:0.000000s ]
INFO: [ app_init ] --END-- [ RunTime:0.000000s ]
INFO: [ app_begin ] --START--
INFO: Run Behavior\ReadHtmlCacheBehavior [ RunTime:0.000000s ]
INFO: [ app_begin ] --END-- [ RunTime:0.000000s ]
SQL: SHOW COLUMNS FROM `syd_applycar` [ RunTime:0.0049s ]
NOTIC: [8] Undefined variable: where D:\wwwroot\jpyc03\wwwroot\game\Admin\Controller\UserAdministrationController.class.php 第 681 行.
SQL: SELECT COUNT(*) AS tp_count FROM `syd_applycar` LIMIT 1   [ RunTime:0.0020s ]
NOTIC: [2] Missing argument 2 for Think\Page::setConfig(), called in D:\wwwroot\jpyc03\wwwroot\game\Common\Common\function.php on line 176 and defined D:\wwwroot\jpyc03\wwwroot\ThinkPHP\Library\Think\Page.class.php 第 58 行.
NOTIC: [2] Illegal offset type in isset or empty D:\wwwroot\jpyc03\wwwroot\ThinkPHP\Library\Think\Page.class.php 第 59 行.
NOTIC: [8] Undefined variable: where D:\wwwroot\jpyc03\wwwroot\game\Admin\Controller\UserAdministrationController.class.php 第 684 行.
SQL: SELECT `id`,`uid`,`username`,`phone`,`account`,`time`,`status` FROM `syd_applycar` ORDER BY id desc  LIMIT 0,10   [ RunTime:0.0000s ]
INFO: [ view_parse ] --START--
INFO: [ template_filter ] --START--
INFO: Run Behavior\ContentReplaceBehavior [ RunTime:0.000000s ]
INFO: [ template_filter ] --END-- [ RunTime:0.000000s ]
INFO: Run Behavior\ParseTemplateBehavior [ RunTime:0.008789s ]
INFO: [ view_parse ] --END-- [ RunTime:0.008789s ]
INFO: [ view_filter ] --START--
INFO: Run Behavior\WriteHtmlCacheBehavior [ RunTime:0.000000s ]
INFO: [ view_filter ] --END-- [ RunTime:0.000000s ]
INFO: [ app_end ] --START--
INFO: Run Behavior\ShowPageTraceBehavior [ RunTime:0.000000s ]
INFO: [ app_end ] --END-- [ RunTime:0.000000s ]

[ 2017-12-03T21:23:50+08:00 ] 61.160.224.140 /index.php?s=/super/UserAdministration/buyCarApply.html
INFO: [ app_init ] --START--
INFO: Run Behavior\BuildLiteBehavior [ RunTime:0.000000s ]
INFO: [ app_init ] --END-- [ RunTime:0.000977s ]
INFO: [ app_begin ] --START--
INFO: Run Behavior\ReadHtmlCacheBehavior [ RunTime:0.001953s ]
INFO: [ app_begin ] --END-- [ RunTime:0.001953s ]
SQL: SHOW COLUMNS FROM `syd_applycar` [ RunTime:0.0068s ]
NOTIC: [8] Undefined variable: where D:\wwwroot\jpyc03\wwwroot\game\Admin\Controller\UserAdministrationController.class.php 第 681 行.
SQL: SELECT COUNT(*) AS tp_count FROM `syd_applycar` LIMIT 1   [ RunTime:0.0039s ]
NOTIC: [2] Missing argument 2 for Think\Page::setConfig(), called in D:\wwwroot\jpyc03\wwwroot\game\Common\Common\function.php on line 176 and defined D:\wwwroot\jpyc03\wwwroot\ThinkPHP\Library\Think\Page.class.php 第 58 行.
NOTIC: [2] Illegal offset type in isset or empty D:\wwwroot\jpyc03\wwwroot\ThinkPHP\Library\Think\Page.class.php 第 59 行.
NOTIC: [8] Undefined variable: where D:\wwwroot\jpyc03\wwwroot\game\Admin\Controller\UserAdministrationController.class.php 第 684 行.
SQL: SELECT `id`,`uid`,`username`,`phone`,`account`,`time`,`status` FROM `syd_applycar` ORDER BY id desc  LIMIT 0,10   [ RunTime:0.0000s ]
INFO: [ view_parse ] --START--
INFO: [ template_filter ] --START--
INFO: Run Behavior\ContentReplaceBehavior [ RunTime:0.000000s ]
INFO: [ template_filter ] --END-- [ RunTime:0.000000s ]
INFO: Run Behavior\ParseTemplateBehavior [ RunTime:0.011720s ]
INFO: [ view_parse ] --END-- [ RunTime:0.011720s ]
INFO: [ view_filter ] --START--
INFO: Run Behavior\WriteHtmlCacheBehavior [ RunTime:0.000976s ]
INFO: [ view_filter ] --END-- [ RunTime:0.000976s ]
INFO: [ app_end ] --START--
INFO: Run Behavior\ShowPageTraceBehavior [ RunTime:0.000000s ]
INFO: [ app_end ] --END-- [ RunTime:0.000000s ]

[ 2017-12-03T21:23:50+08:00 ] 61.160.224.140 /index.php?s=/super/UserAdministration/buyCarApply.html
INFO: [ app_init ] --START--
INFO: Run Behavior\BuildLiteBehavior [ RunTime:0.000000s ]
INFO: [ app_init ] --END-- [ RunTime:0.000977s ]
INFO: [ app_begin ] --START--
INFO: Run Behavior\ReadHtmlCacheBehavior [ RunTime:0.000977s ]
INFO: [ app_begin ] --END-- [ RunTime:0.000977s ]
SQL: SHOW COLUMNS FROM `syd_applycar` [ RunTime:0.0039s ]
NOTIC: [8] Undefined variable: where D:\wwwroot\jpyc03\wwwroot\game\Admin\Controller\UserAdministrationController.class.php 第 681 行.
SQL: SELECT COUNT(*) AS tp_count FROM `syd_applycar` LIMIT 1   [ RunTime:0.0020s ]
NOTIC: [2] Missing argument 2 for Think\Page::setConfig(), called in D:\wwwroot\jpyc03\wwwroot\game\Common\Common\function.php on line 176 and defined D:\wwwroot\jpyc03\wwwroot\ThinkPHP\Library\Think\Page.class.php 第 58 行.
NOTIC: [2] Illegal offset type in isset or empty D:\wwwroot\jpyc03\wwwroot\ThinkPHP\Library\Think\Page.class.php 第 59 行.
NOTIC: [8] Undefined variable: where D:\wwwroot\jpyc03\wwwroot\game\Admin\Controller\UserAdministrationController.class.php 第 684 行.
SQL: SELECT `id`,`uid`,`username`,`phone`,`account`,`time`,`status` FROM `syd_applycar` ORDER BY id desc  LIMIT 0,10   [ RunTime:0.0000s ]
INFO: [ view_parse ] --START--
INFO: [ template_filter ] --START--
INFO: Run Behavior\ContentReplaceBehavior [ RunTime:0.000000s ]
INFO: [ template_filter ] --END-- [ RunTime:0.000000s ]
INFO: Run Behavior\ParseTemplateBehavior [ RunTime:0.009766s ]
INFO: [ view_parse ] --END-- [ RunTime:0.009766s ]
INFO: [ view_filter ] --START--
INFO: Run Behavior\WriteHtmlCacheBehavior [ RunTime:0.000000s ]
INFO: [ view_filter ] --END-- [ RunTime:0.000000s ]
INFO: [ app_end ] --START--
INFO: Run Behavior\ShowPageTraceBehavior [ RunTime:0.000000s ]
INFO: [ app_end ] --END-- [ RunTime:0.000000s ]

[ 2017-12-03T21:24:13+08:00 ] 120.52.18.52 /index.php?s=/super/login/idcheck
INFO: [ app_init ] --START--
INFO: Run Behavior\BuildLiteBehavior [ RunTime:0.000000s ]
INFO: [ app_init ] --END-- [ RunTime:0.000000s ]
INFO: [ app_begin ] --START--
INFO: Run Behavior\ReadHtmlCacheBehavior [ RunTime:0.000976s ]
INFO: [ app_begin ] --END-- [ RunTime:0.000976s ]

[ 2017-12-03T21:24:14+08:00 ] 61.160.224.140 /index.php?s=/super/UserAdministration/examine/id/10
INFO: [ app_init ] --START--
INFO: Run Behavior\BuildLiteBehavior [ RunTime:0.000000s ]
INFO: [ app_init ] --END-- [ RunTime:0.000000s ]
INFO: [ app_begin ] --START--
INFO: Run Behavior\ReadHtmlCacheBehavior [ RunTime:0.000977s ]
INFO: [ app_begin ] --END-- [ RunTime:0.000977s ]
SQL: SHOW COLUMNS FROM `syd_nzspuser` [ RunTime:0.0039s ]
SQL: SELECT `power` FROM `syd_nzspuser` WHERE ( sp_id=1 ) LIMIT 1   [ RunTime:0.0029s ]
SQL: SHOW COLUMNS FROM `syd_applycar` [ RunTime:0.0020s ]
SQL: UPDATE `syd_applycar` SET `status`='1' WHERE ( id=10 ) [ RunTime:0.0029s ]
SQL: SELECT * FROM `syd_applycar` WHERE ( id=10 ) LIMIT 1   [ RunTime:0.0010s ]
SQL: SHOW COLUMNS FROM `syd_user` [ RunTime:0.0029s ]
SQL: UPDATE `syd_user` SET `buycar_status`='1' WHERE ( userid=194 ) [ RunTime:0.0010s ]
SQL: SHOW COLUMNS FROM `syd_management_operation` [ RunTime:0.0029s ]
SQL: INSERT INTO `syd_management_operation` (`sp_id`,`userid`,`type`,`time`) VALUES ('1','194','购车审核','1512307454') [ RunTime:0.0010s ]

[ 2017-12-03T21:24:15+08:00 ] 61.160.224.140 /index.php?s=/super/UserAdministration/buyCarApply
INFO: [ app_init ] --START--
INFO: Run Behavior\BuildLiteBehavior [ RunTime:0.000000s ]
INFO: [ app_init ] --END-- [ RunTime:0.000000s ]
INFO: [ app_begin ] --START--
INFO: Run Behavior\ReadHtmlCacheBehavior [ RunTime:0.000977s ]
INFO: [ app_begin ] --END-- [ RunTime:0.000977s ]
SQL: SHOW COLUMNS FROM `syd_applycar` [ RunTime:0.0029s ]
NOTIC: [8] Undefined variable: where D:\wwwroot\jpyc03\wwwroot\game\Admin\Controller\UserAdministrationController.class.php 第 681 行.
SQL: SELECT COUNT(*) AS tp_count FROM `syd_applycar` LIMIT 1   [ RunTime:0.0020s ]
NOTIC: [2] Missing argument 2 for Think\Page::setConfig(), called in D:\wwwroot\jpyc03\wwwroot\game\Common\Common\function.php on line 176 and defined D:\wwwroot\jpyc03\wwwroot\ThinkPHP\Library\Think\Page.class.php 第 58 行.
NOTIC: [2] Illegal offset type in isset or empty D:\wwwroot\jpyc03\wwwroot\ThinkPHP\Library\Think\Page.class.php 第 59 行.
NOTIC: [8] Undefined variable: where D:\wwwroot\jpyc03\wwwroot\game\Admin\Controller\UserAdministrationController.class.php 第 684 行.
SQL: SELECT `id`,`uid`,`username`,`phone`,`account`,`time`,`status` FROM `syd_applycar` ORDER BY id desc  LIMIT 0,10   [ RunTime:0.0010s ]
INFO: [ view_parse ] --START--
INFO: [ template_filter ] --START--
INFO: Run Behavior\ContentReplaceBehavior [ RunTime:0.000000s ]
INFO: [ template_filter ] --END-- [ RunTime:0.000000s ]
INFO: Run Behavior\ParseTemplateBehavior [ RunTime:0.009766s ]
INFO: [ view_parse ] --END-- [ RunTime:0.009766s ]
INFO: [ view_filter ] --START--
INFO: Run Behavior\WriteHtmlCacheBehavior [ RunTime:0.000000s ]
INFO: [ view_filter ] --END-- [ RunTime:0.000000s ]
INFO: [ app_end ] --START--
INFO: Run Behavior\ShowPageTraceBehavior [ RunTime:0.000976s ]
INFO: [ app_end ] --END-- [ RunTime:0.000976s ]

[ 2017-12-03T21:24:21+08:00 ] 61.160.224.140 /index.php?s=/super/Login/index
INFO: [ app_init ] --START--
INFO: Run Behavior\BuildLiteBehavior [ RunTime:0.000000s ]
INFO: [ app_init ] --END-- [ RunTime:0.000000s ]
INFO: [ app_begin ] --START--
INFO: Run Behavior\ReadHtmlCacheBehavior [ RunTime:0.000000s ]
INFO: [ app_begin ] --END-- [ RunTime:0.000000s ]
INFO: [ view_parse ] --START--
INFO: [ template_filter ] --START--
INFO: Run Behavior\ContentReplaceBehavior [ RunTime:0.000000s ]
INFO: [ template_filter ] --END-- [ RunTime:0.000977s ]
INFO: Run Behavior\ParseTemplateBehavior [ RunTime:0.006835s ]
INFO: [ view_parse ] --END-- [ RunTime:0.006835s ]
INFO: [ view_filter ] --START--
INFO: Run Behavior\WriteHtmlCacheBehavior [ RunTime:0.001953s ]
INFO: [ view_filter ] --END-- [ RunTime:0.001953s ]
INFO: [ app_end ] --START--
INFO: Run Behavior\ShowPageTraceBehavior [ RunTime:0.000977s ]
INFO: [ app_end ] --END-- [ RunTime:0.000977s ]

[ 2017-12-03T21:24:34+08:00 ] 120.52.18.52 /index.php?s=/super/login/index
INFO: [ app_init ] --START--
INFO: Run Behavior\BuildLiteBehavior [ RunTime:0.000000s ]
INFO: [ app_init ] --END-- [ RunTime:0.000977s ]
INFO: [ app_begin ] --START--
INFO: Run Behavior\ReadHtmlCacheBehavior [ RunTime:0.000976s ]
INFO: [ app_begin ] --END-- [ RunTime:0.000976s ]
INFO: [ view_parse ] --START--
INFO: [ template_filter ] --START--
INFO: Run Behavior\ContentReplaceBehavior [ RunTime:0.000000s ]
INFO: [ template_filter ] --END-- [ RunTime:0.000000s ]
INFO: Run Behavior\ParseTemplateBehavior [ RunTime:0.007812s ]
INFO: [ view_parse ] --END-- [ RunTime:0.007812s ]
INFO: [ view_filter ] --START--
INFO: Run Behavior\WriteHtmlCacheBehavior [ RunTime:0.000000s ]
INFO: [ view_filter ] --END-- [ RunTime:0.000000s ]
INFO: [ app_end ] --START--
INFO: Run Behavior\ShowPageTraceBehavior [ RunTime:0.000977s ]
INFO: [ app_end ] --END-- [ RunTime:0.000977s ]

[ 2017-12-03T21:25:20+08:00 ] 61.160.224.136 /index.php?s=/super/login/idcheck
INFO: [ app_init ] --START--
INFO: Run Behavior\BuildLiteBehavior [ RunTime:0.000000s ]
INFO: [ app_init ] --END-- [ RunTime:0.000000s ]
INFO: [ app_begin ] --START--
INFO: Run Behavior\ReadHtmlCacheBehavior [ RunTime:0.000977s ]
INFO: [ app_begin ] --END-- [ RunTime:0.000977s ]

[ 2017-12-03T21:25:20+08:00 ] 61.160.224.136 /index.php?s=/super/login/index
INFO: [ app_init ] --START--
INFO: Run Behavior\BuildLiteBehavior [ RunTime:0.000000s ]
INFO: [ app_init ] --END-- [ RunTime:0.000000s ]
INFO: [ app_begin ] --START--
INFO: Run Behavior\ReadHtmlCacheBehavior [ RunTime:0.000977s ]
INFO: [ app_begin ] --END-- [ RunTime:0.000977s ]
INFO: [ view_parse ] --START--
INFO: [ template_filter ] --START--
INFO: Run Behavior\ContentReplaceBehavior [ RunTime:0.000000s ]
INFO: [ template_filter ] --END-- [ RunTime:0.000000s ]
INFO: Run Behavior\ParseTemplateBehavior [ RunTime:0.007812s ]
INFO: [ view_parse ] --END-- [ RunTime:0.007812s ]
INFO: [ view_filter ] --START--
INFO: Run Behavior\WriteHtmlCacheBehavior [ RunTime:0.000000s ]
INFO: [ view_filter ] --END-- [ RunTime:0.000000s ]
INFO: [ app_end ] --START--
INFO: Run Behavior\ShowPageTraceBehavior [ RunTime:0.000976s ]
INFO: [ app_end ] --END-- [ RunTime:0.000976s ]

[ 2017-12-03T21:26:48+08:00 ] 61.160.224.141 /index.php?s=/super/Login/index
INFO: [ app_init ] --START--
INFO: Run Behavior\BuildLiteBehavior [ RunTime:0.000000s ]
INFO: [ app_init ] --END-- [ RunTime:0.000976s ]
INFO: [ app_begin ] --START--
INFO: Run Behavior\ReadHtmlCacheBehavior [ RunTime:0.000976s ]
INFO: [ app_begin ] --END-- [ RunTime:0.000976s ]
INFO: [ view_parse ] --START--
INFO: [ template_filter ] --START--
INFO: Run Behavior\ContentReplaceBehavior [ RunTime:0.000000s ]
INFO: [ template_filter ] --END-- [ RunTime:0.000000s ]
INFO: Run Behavior\ParseTemplateBehavior [ RunTime:0.008789s ]
INFO: [ view_parse ] --END-- [ RunTime:0.008789s ]
INFO: [ view_filter ] --START--
INFO: Run Behavior\WriteHtmlCacheBehavior [ RunTime:0.000000s ]
INFO: [ view_filter ] --END-- [ RunTime:0.000000s ]
INFO: [ app_end ] --START--
INFO: Run Behavior\ShowPageTraceBehavior [ RunTime:0.000976s ]
INFO: [ app_end ] --END-- [ RunTime:0.000976s ]

[ 2017-12-03T21:27:07+08:00 ] 61.160.224.141 /index.php?s=/super/UserAdministration/buyCarApply.html
INFO: [ app_init ] --START--
INFO: Run Behavior\BuildLiteBehavior [ RunTime:0.000000s ]
INFO: [ app_init ] --END-- [ RunTime:0.000000s ]
INFO: [ app_begin ] --START--
INFO: Run Behavior\ReadHtmlCacheBehavior [ RunTime:0.001953s ]
INFO: [ app_begin ] --END-- [ RunTime:0.001953s ]

[ 2017-12-03T21:27:08+08:00 ] 61.160.224.141 /index.php?s=/super/Login/index
INFO: [ app_init ] --START--
INFO: Run Behavior\BuildLiteBehavior [ RunTime:0.000000s ]
INFO: [ app_init ] --END-- [ RunTime:0.000976s ]
INFO: [ app_begin ] --START--
INFO: Run Behavior\ReadHtmlCacheBehavior [ RunTime:0.000000s ]
INFO: [ app_begin ] --END-- [ RunTime:0.000000s ]
INFO: [ view_parse ] --START--
INFO: [ template_filter ] --START--
INFO: Run Behavior\ContentReplaceBehavior [ RunTime:0.000000s ]
INFO: [ template_filter ] --END-- [ RunTime:0.000000s ]
INFO: Run Behavior\ParseTemplateBehavior [ RunTime:0.006836s ]
INFO: [ view_parse ] --END-- [ RunTime:0.006836s ]
INFO: [ view_filter ] --START--
INFO: Run Behavior\WriteHtmlCacheBehavior [ RunTime:0.000976s ]
INFO: [ view_filter ] --END-- [ RunTime:0.000976s ]
INFO: [ app_end ] --START--
INFO: Run Behavior\ShowPageTraceBehavior [ RunTime:0.000977s ]
INFO: [ app_end ] --END-- [ RunTime:0.000977s ]

[ 2017-12-03T21:27:33+08:00 ] 61.160.224.141 /index.php?s=/super/UserAdministration/buyCarApply
INFO: [ app_init ] --START--
INFO: Run Behavior\BuildLiteBehavior [ RunTime:0.000000s ]
INFO: [ app_init ] --END-- [ RunTime:0.000000s ]
INFO: [ app_begin ] --START--
INFO: Run Behavior\ReadHtmlCacheBehavior [ RunTime:0.000976s ]
INFO: [ app_begin ] --END-- [ RunTime:0.000976s ]

[ 2017-12-03T21:27:33+08:00 ] 61.160.224.141 /index.php?s=/super/Login/index
INFO: [ app_init ] --START--
INFO: Run Behavior\BuildLiteBehavior [ RunTime:0.000000s ]
INFO: [ app_init ] --END-- [ RunTime:0.000977s ]
INFO: [ app_begin ] --START--
INFO: Run Behavior\ReadHtmlCacheBehavior [ RunTime:0.000977s ]
INFO: [ app_begin ] --END-- [ RunTime:0.000977s ]
INFO: [ view_parse ] --START--
INFO: [ template_filter ] --START--
INFO: Run Behavior\ContentReplaceBehavior [ RunTime:0.000000s ]
INFO: [ template_filter ] --END-- [ RunTime:0.000000s ]
INFO: Run Behavior\ParseTemplateBehavior [ RunTime:0.006836s ]
INFO: [ view_parse ] --END-- [ RunTime:0.006836s ]
INFO: [ view_filter ] --START--
INFO: Run Behavior\WriteHtmlCacheBehavior [ RunTime:0.000977s ]
INFO: [ view_filter ] --END-- [ RunTime:0.000977s ]
INFO: [ app_end ] --START--
INFO: Run Behavior\ShowPageTraceBehavior [ RunTime:0.000976s ]
INFO: [ app_end ] --END-- [ RunTime:0.000976s ]

