[ 2018-02-13T14:13:24+08:00 ] 183.24.175.237 /index.php?s=/super/Login/index
INFO: [ app_init ] --START--
INFO: Run Behavior\BuildLiteBehavior [ RunTime:0.000000s ]
INFO: [ app_init ] --END-- [ RunTime:0.000000s ]
INFO: [ app_begin ] --START--
INFO: Run Behavior\ReadHtmlCacheBehavior [ RunTime:0.000977s ]
INFO: [ app_begin ] --END-- [ RunTime:0.000977s ]
INFO: [ view_parse ] --START--
INFO: [ template_filter ] --START--
INFO: Run Behavior\ContentReplaceBehavior [ RunTime:0.000000s ]
INFO: [ template_filter ] --END-- [ RunTime:0.000000s ]
INFO: Run Behavior\ParseTemplateBehavior [ RunTime:0.245117s ]
INFO: [ view_parse ] --END-- [ RunTime:0.245117s ]
INFO: [ view_filter ] --START--
INFO: Run Behavior\WriteHtmlCacheBehavior [ RunTime:0.000000s ]
INFO: [ view_filter ] --END-- [ RunTime:0.000000s ]
INFO: [ app_end ] --START--
INFO: Run Behavior\ShowPageTraceBehavior [ RunTime:0.000977s ]
INFO: [ app_end ] --END-- [ RunTime:0.000977s ]

[ 2018-02-13T14:13:28+08:00 ] 120.92.11.176 /index.php?s=/super/Login/index
INFO: [ app_init ] --START--
INFO: Run Behavior\BuildLiteBehavior [ RunTime:0.000000s ]
INFO: [ app_init ] --END-- [ RunTime:0.000977s ]
INFO: [ app_begin ] --START--
INFO: Run Behavior\ReadHtmlCacheBehavior [ RunTime:0.000000s ]
INFO: [ app_begin ] --END-- [ RunTime:0.000000s ]
INFO: [ view_parse ] --START--
INFO: [ template_filter ] --START--
INFO: Run Behavior\ContentReplaceBehavior [ RunTime:0.000000s ]
INFO: [ template_filter ] --END-- [ RunTime:0.000000s ]
INFO: Run Behavior\ParseTemplateBehavior [ RunTime:0.008789s ]
INFO: [ view_parse ] --END-- [ RunTime:0.008789s ]
INFO: [ view_filter ] --START--
INFO: Run Behavior\WriteHtmlCacheBehavior [ RunTime:0.000977s ]
INFO: [ view_filter ] --END-- [ RunTime:0.000977s ]
INFO: [ app_end ] --START--
INFO: Run Behavior\ShowPageTraceBehavior [ RunTime:0.000976s ]
INFO: [ app_end ] --END-- [ RunTime:0.000976s ]

[ 2018-02-13T14:13:37+08:00 ] 183.24.175.237 /index.php?s=/super/login/idcheck
INFO: [ app_init ] --START--
INFO: Run Behavior\BuildLiteBehavior [ RunTime:0.000000s ]
INFO: [ app_init ] --END-- [ RunTime:0.000977s ]
INFO: [ app_begin ] --START--
INFO: Run Behavior\ReadHtmlCacheBehavior [ RunTime:0.000000s ]
INFO: [ app_begin ] --END-- [ RunTime:0.000000s ]
SQL: SHOW COLUMNS FROM `syd_nzspuser` [ RunTime:0.0049s ]
SQL: SELECT * FROM `syd_nzspuser` WHERE ( sp_username='admin' ) LIMIT 1   [ RunTime:0.0020s ]
SQL: UPDATE `syd_nzspuser` SET `sp_logintime`='1518502417',`sp_loginip`='183.24.175.237' WHERE ( sp_id ='1' ) [ RunTime:0.0010s ]
INFO: [ app_end ] --START--
INFO: Run Behavior\ShowPageTraceBehavior [ RunTime:0.000977s ]
INFO: [ app_end ] --END-- [ RunTime:0.000977s ]

[ 2018-02-13T14:13:40+08:00 ] 183.24.175.237 /index.php?s=/super/index/backstageSammaryPage
INFO: [ app_init ] --START--
INFO: Run Behavior\BuildLiteBehavior [ RunTime:0.000000s ]
INFO: [ app_init ] --END-- [ RunTime:0.000000s ]
INFO: [ app_begin ] --START--
INFO: Run Behavior\ReadHtmlCacheBehavior [ RunTime:0.000976s ]
INFO: [ app_begin ] --END-- [ RunTime:0.000976s ]
SQL: SHOW COLUMNS FROM `syd_nzspuser` [ RunTime:0.0039s ]
SQL: SELECT `power` FROM `syd_nzspuser` WHERE ( sp_id=1 ) LIMIT 1   [ RunTime:0.0020s ]
INFO: [ view_parse ] --START--
INFO: [ template_filter ] --START--
INFO: Run Behavior\ContentReplaceBehavior [ RunTime:0.000000s ]
INFO: [ template_filter ] --END-- [ RunTime:0.000977s ]
INFO: Run Behavior\ParseTemplateBehavior [ RunTime:0.267578s ]
INFO: [ view_parse ] --END-- [ RunTime:0.267578s ]
INFO: [ view_filter ] --START--
INFO: Run Behavior\WriteHtmlCacheBehavior [ RunTime:0.000000s ]
INFO: [ view_filter ] --END-- [ RunTime:0.000000s ]
INFO: [ app_end ] --START--
INFO: Run Behavior\ShowPageTraceBehavior [ RunTime:0.000000s ]
INFO: [ app_end ] --END-- [ RunTime:0.000000s ]

[ 2018-02-13T14:13:40+08:00 ] 183.24.175.237 /index.php?s=/super/Index/gameNotice
INFO: [ app_init ] --START--
INFO: Run Behavior\BuildLiteBehavior [ RunTime:0.000000s ]
INFO: [ app_init ] --END-- [ RunTime:0.000000s ]
INFO: [ app_begin ] --START--
INFO: Run Behavior\ReadHtmlCacheBehavior [ RunTime:0.001954s ]
INFO: [ app_begin ] --END-- [ RunTime:0.001954s ]
SQL: SHOW COLUMNS FROM `syd_store` [ RunTime:0.0049s ]
NOTIC: [2] Missing argument 1 for Think\Model::where(), called in D:\wwwroot\jpyc03\wwwroot\game\Admin\Controller\IndexController.class.php on line 34 and defined D:\wwwroot\jpyc03\wwwroot\ThinkPHP\Library\Think\Model.class.php 第 1797 行.
NOTIC: [8] Undefined variable: where D:\wwwroot\jpyc03\wwwroot\ThinkPHP\Library\Think\Model.class.php 第 1805 行.
NOTIC: [8] Undefined variable: where D:\wwwroot\jpyc03\wwwroot\ThinkPHP\Library\Think\Model.class.php 第 1808 行.
NOTIC: [8] Undefined variable: where D:\wwwroot\jpyc03\wwwroot\ThinkPHP\Library\Think\Model.class.php 第 1816 行.
SQL: SELECT SUM(gold) AS tp_sum FROM `syd_store` LIMIT 1   [ RunTime:0.0020s ]
NOTIC: [2] Missing argument 1 for Think\Model::where(), called in D:\wwwroot\jpyc03\wwwroot\game\Admin\Controller\IndexController.class.php on line 35 and defined D:\wwwroot\jpyc03\wwwroot\ThinkPHP\Library\Think\Model.class.php 第 1797 行.
NOTIC: [8] Undefined variable: where D:\wwwroot\jpyc03\wwwroot\ThinkPHP\Library\Think\Model.class.php 第 1805 行.
NOTIC: [8] Undefined variable: where D:\wwwroot\jpyc03\wwwroot\ThinkPHP\Library\Think\Model.class.php 第 1808 行.
NOTIC: [8] Undefined variable: where D:\wwwroot\jpyc03\wwwroot\ThinkPHP\Library\Think\Model.class.php 第 1816 行.
SQL: SELECT SUM(report_money) AS tp_sum FROM `syd_store` LIMIT 1   [ RunTime:0.0010s ]
NOTIC: [2] Missing argument 1 for Think\Model::where(), called in D:\wwwroot\jpyc03\wwwroot\game\Admin\Controller\IndexController.class.php on line 36 and defined D:\wwwroot\jpyc03\wwwroot\ThinkPHP\Library\Think\Model.class.php 第 1797 行.
NOTIC: [8] Undefined variable: where D:\wwwroot\jpyc03\wwwroot\ThinkPHP\Library\Think\Model.class.php 第 1805 行.
NOTIC: [8] Undefined variable: where D:\wwwroot\jpyc03\wwwroot\ThinkPHP\Library\Think\Model.class.php 第 1808 行.
NOTIC: [8] Undefined variable: where D:\wwwroot\jpyc03\wwwroot\ThinkPHP\Library\Think\Model.class.php 第 1816 行.
SQL: SELECT SUM(buycar_money) AS tp_sum FROM `syd_store` LIMIT 1   [ RunTime:0.0000s ]
NOTIC: [2] Missing argument 1 for Think\Model::where(), called in D:\wwwroot\jpyc03\wwwroot\game\Admin\Controller\IndexController.class.php on line 37 and defined D:\wwwroot\jpyc03\wwwroot\ThinkPHP\Library\Think\Model.class.php 第 1797 行.
NOTIC: [8] Undefined variable: where D:\wwwroot\jpyc03\wwwroot\ThinkPHP\Library\Think\Model.class.php 第 1805 行.
NOTIC: [8] Undefined variable: where D:\wwwroot\jpyc03\wwwroot\ThinkPHP\Library\Think\Model.class.php 第 1808 行.
NOTIC: [8] Undefined variable: where D:\wwwroot\jpyc03\wwwroot\ThinkPHP\Library\Think\Model.class.php 第 1816 行.
SQL: SELECT SUM(bonus) AS tp_sum FROM `syd_store` LIMIT 1   [ RunTime:0.0010s ]
NOTIC: [2] Missing argument 1 for Think\Model::where(), called in D:\wwwroot\jpyc03\wwwroot\game\Admin\Controller\IndexController.class.php on line 38 and defined D:\wwwroot\jpyc03\wwwroot\ThinkPHP\Library\Think\Model.class.php 第 1797 行.
NOTIC: [8] Undefined variable: where D:\wwwroot\jpyc03\wwwroot\ThinkPHP\Library\Think\Model.class.php 第 1805 行.
NOTIC: [8] Undefined variable: where D:\wwwroot\jpyc03\wwwroot\ThinkPHP\Library\Think\Model.class.php 第 1808 行.
NOTIC: [8] Undefined variable: where D:\wwwroot\jpyc03\wwwroot\ThinkPHP\Library\Think\Model.class.php 第 1816 行.
SQL: SELECT SUM(frozen_money) AS tp_sum FROM `syd_store` LIMIT 1   [ RunTime:0.0000s ]
SQL: SHOW COLUMNS FROM `syd_transaction` [ RunTime:0.0068s ]
SQL: SELECT SUM(money) AS tp_sum FROM `syd_transaction` WHERE ( `time` > 1518451200 AND `time` < 1518537600  ) LIMIT 1   [ RunTime:0.0020s ]
SQL: SHOW COLUMNS FROM `syd_withdraw` [ RunTime:0.0049s ]
SQL: SELECT SUM(money) AS tp_sum FROM `syd_withdraw` WHERE ( `time` > 1518451200 AND `time` < 1518537600  ) LIMIT 1   [ RunTime:0.0010s ]
SQL: SHOW COLUMNS FROM `syd_user` [ RunTime:0.0039s ]
SQL: SELECT COUNT(*) AS tp_count FROM `syd_user` WHERE ( `time` > 1518451200 AND `time` < 1518537600  ) LIMIT 1   [ RunTime:0.0020s ]
SQL: SHOW COLUMNS FROM `syd_getbuycarmoney_record` [ RunTime:0.0039s ]
SQL: SELECT COUNT(*) AS tp_count FROM `syd_getbuycarmoney_record` WHERE ( `time` > 1518451200 AND `time` < 1518537600  ) LIMIT 1   [ RunTime:0.0020s ]
SQL: SHOW COLUMNS FROM `syd_getgold_record` [ RunTime:0.0029s ]
SQL: SELECT COUNT(*) AS tp_count FROM `syd_getgold_record` WHERE ( `time` > 1518451200 AND `time` < 1518537600  ) LIMIT 1   [ RunTime:0.0010s ]
SQL: SHOW COLUMNS FROM `syd_getbonus_record` [ RunTime:0.0029s ]
SQL: SELECT COUNT(*) AS tp_count FROM `syd_getbonus_record` WHERE ( `time` > 1518451200 AND `time` < 1518537600  ) LIMIT 1   [ RunTime:0.0010s ]
SQL: SHOW COLUMNS FROM `syd_upside_record` [ RunTime:0.0039s ]
SQL: SELECT SUM(money) AS tp_sum FROM `syd_upside_record` WHERE ( `time` > 1518451200 AND `time` < 1518537600  ) LIMIT 1   [ RunTime:0.0010s ]
INFO: [ view_parse ] --START--
INFO: [ template_filter ] --START--
INFO: Run Behavior\ContentReplaceBehavior [ RunTime:0.000000s ]
INFO: [ template_filter ] --END-- [ RunTime:0.000000s ]
INFO: Run Behavior\ParseTemplateBehavior [ RunTime:0.082031s ]
INFO: [ view_parse ] --END-- [ RunTime:0.082031s ]
INFO: [ view_filter ] --START--
INFO: Run Behavior\WriteHtmlCacheBehavior [ RunTime:0.000000s ]
INFO: [ view_filter ] --END-- [ RunTime:0.000000s ]
INFO: [ app_end ] --START--
INFO: Run Behavior\ShowPageTraceBehavior [ RunTime:0.000976s ]
INFO: [ app_end ] --END-- [ RunTime:0.000976s ]

[ 2018-02-13T14:13:53+08:00 ] 183.24.175.237 /index.php?s=/super/WealthDetailed/cashHistory.html
INFO: [ app_init ] --START--
INFO: Run Behavior\BuildLiteBehavior [ RunTime:0.000000s ]
INFO: [ app_init ] --END-- [ RunTime:0.000000s ]
INFO: [ app_begin ] --START--
INFO: Run Behavior\ReadHtmlCacheBehavior [ RunTime:0.001954s ]
INFO: [ app_begin ] --END-- [ RunTime:0.001954s ]
SQL: SHOW COLUMNS FROM `syd_withdraw` [ RunTime:0.0049s ]
SQL: SELECT COUNT(*) AS tp_count FROM `syd_withdraw` LIMIT 1   [ RunTime:0.0029s ]
NOTIC: [2] Missing argument 2 for Think\Page::setConfig(), called in D:\wwwroot\jpyc03\wwwroot\game\Common\Common\function.php on line 176 and defined D:\wwwroot\jpyc03\wwwroot\ThinkPHP\Library\Think\Page.class.php 第 58 行.
NOTIC: [2] Illegal offset type in isset or empty D:\wwwroot\jpyc03\wwwroot\ThinkPHP\Library\Think\Page.class.php 第 59 行.
SQL: SELECT `id`,`uid`,`realname`,`bank_name`,`bank_address`,`bank_card`,`money`,`status`,`time`,`reason`,`charge` FROM `syd_withdraw` ORDER BY id desc  LIMIT 0,10   [ RunTime:0.0000s ]
SQL: SHOW COLUMNS FROM `syd_user` [ RunTime:0.0068s ]
SQL: SELECT * FROM `syd_user` WHERE ( userid=194 ) LIMIT 1   [ RunTime:0.0029s ]
SQL: SELECT * FROM `syd_user` WHERE ( userid=196 ) LIMIT 1   [ RunTime:0.0010s ]
SQL: SELECT * FROM `syd_user` WHERE ( userid=204 ) LIMIT 1   [ RunTime:0.0000s ]
SQL: SELECT * FROM `syd_user` WHERE ( userid=193 ) LIMIT 1   [ RunTime:0.0000s ]
SQL: SELECT * FROM `syd_user` WHERE ( userid=194 ) LIMIT 1   [ RunTime:0.0010s ]
SQL: SELECT * FROM `syd_user` WHERE ( userid=199 ) LIMIT 1   [ RunTime:0.0000s ]
SQL: SELECT * FROM `syd_user` WHERE ( userid=190 ) LIMIT 1   [ RunTime:0.0000s ]
SQL: SELECT * FROM `syd_user` WHERE ( userid=198 ) LIMIT 1   [ RunTime:0.0000s ]
SQL: SELECT * FROM `syd_user` WHERE ( userid=199 ) LIMIT 1   [ RunTime:0.0000s ]
SQL: SELECT * FROM `syd_user` WHERE ( userid=194 ) LIMIT 1   [ RunTime:0.0010s ]
INFO: [ view_parse ] --START--
INFO: [ template_filter ] --START--
INFO: Run Behavior\ContentReplaceBehavior [ RunTime:0.000000s ]
INFO: [ template_filter ] --END-- [ RunTime:0.000000s ]
INFO: Run Behavior\ParseTemplateBehavior [ RunTime:0.016601s ]
INFO: [ view_parse ] --END-- [ RunTime:0.016601s ]
INFO: [ view_filter ] --START--
INFO: Run Behavior\WriteHtmlCacheBehavior [ RunTime:0.000000s ]
INFO: [ view_filter ] --END-- [ RunTime:0.000000s ]
INFO: [ app_end ] --START--
INFO: Run Behavior\ShowPageTraceBehavior [ RunTime:0.001953s ]
INFO: [ app_end ] --END-- [ RunTime:0.001953s ]

[ 2018-02-13T14:13:58+08:00 ] 14.215.176.19 /index.php?s=/super/Index/gameNotice
INFO: [ app_init ] --START--
INFO: Run Behavior\BuildLiteBehavior [ RunTime:0.000000s ]
INFO: [ app_init ] --END-- [ RunTime:0.000000s ]
INFO: [ app_begin ] --START--
INFO: Run Behavior\ReadHtmlCacheBehavior [ RunTime:0.000977s ]
INFO: [ app_begin ] --END-- [ RunTime:0.000977s ]

[ 2018-02-13T14:13:58+08:00 ] 14.215.176.19 /index.php?s=/super/Login/index
INFO: [ app_init ] --START--
INFO: Run Behavior\BuildLiteBehavior [ RunTime:0.000000s ]
INFO: [ app_init ] --END-- [ RunTime:0.000977s ]
INFO: [ app_begin ] --START--
INFO: Run Behavior\ReadHtmlCacheBehavior [ RunTime:0.000000s ]
INFO: [ app_begin ] --END-- [ RunTime:0.000000s ]
INFO: [ view_parse ] --START--
INFO: [ template_filter ] --START--
INFO: Run Behavior\ContentReplaceBehavior [ RunTime:0.000000s ]
INFO: [ template_filter ] --END-- [ RunTime:0.000000s ]
INFO: Run Behavior\ParseTemplateBehavior [ RunTime:0.007812s ]
INFO: [ view_parse ] --END-- [ RunTime:0.007812s ]
INFO: [ view_filter ] --START--
INFO: Run Behavior\WriteHtmlCacheBehavior [ RunTime:0.000000s ]
INFO: [ view_filter ] --END-- [ RunTime:0.000000s ]
INFO: [ app_end ] --START--
INFO: Run Behavior\ShowPageTraceBehavior [ RunTime:0.000977s ]
INFO: [ app_end ] --END-- [ RunTime:0.000977s ]

[ 2018-02-13T14:14:10+08:00 ] 111.206.36.15 /index.php?s=/super/WealthDetailed/cashHistory.html
INFO: [ app_init ] --START--
INFO: Run Behavior\BuildLiteBehavior [ RunTime:0.000000s ]
INFO: [ app_init ] --END-- [ RunTime:0.000976s ]
INFO: [ app_begin ] --START--
INFO: Run Behavior\ReadHtmlCacheBehavior [ RunTime:0.000977s ]
INFO: [ app_begin ] --END-- [ RunTime:0.000977s ]

[ 2018-02-13T14:14:10+08:00 ] 111.206.36.15 /index.php?s=/super/Login/index
INFO: [ app_init ] --START--
INFO: Run Behavior\BuildLiteBehavior [ RunTime:0.000000s ]
INFO: [ app_init ] --END-- [ RunTime:0.000976s ]
INFO: [ app_begin ] --START--
INFO: Run Behavior\ReadHtmlCacheBehavior [ RunTime:0.000000s ]
INFO: [ app_begin ] --END-- [ RunTime:0.000000s ]
INFO: [ view_parse ] --START--
INFO: [ template_filter ] --START--
INFO: Run Behavior\ContentReplaceBehavior [ RunTime:0.000000s ]
INFO: [ template_filter ] --END-- [ RunTime:0.000000s ]
INFO: Run Behavior\ParseTemplateBehavior [ RunTime:0.008789s ]
INFO: [ view_parse ] --END-- [ RunTime:0.008789s ]
INFO: [ view_filter ] --START--
INFO: Run Behavior\WriteHtmlCacheBehavior [ RunTime:0.000976s ]
INFO: [ view_filter ] --END-- [ RunTime:0.000976s ]
INFO: [ app_end ] --START--
INFO: Run Behavior\ShowPageTraceBehavior [ RunTime:0.000977s ]
INFO: [ app_end ] --END-- [ RunTime:0.000977s ]

[ 2018-02-13T14:14:24+08:00 ] 101.226.33.204 /index.php?s=/super/Login/index
INFO: [ app_init ] --START--
INFO: Run Behavior\BuildLiteBehavior [ RunTime:0.000000s ]
INFO: [ app_init ] --END-- [ RunTime:0.000000s ]
INFO: [ app_begin ] --START--
INFO: Run Behavior\ReadHtmlCacheBehavior [ RunTime:0.000976s ]
INFO: [ app_begin ] --END-- [ RunTime:0.000976s ]
INFO: [ view_parse ] --START--
INFO: [ template_filter ] --START--
INFO: Run Behavior\ContentReplaceBehavior [ RunTime:0.000000s ]
INFO: [ template_filter ] --END-- [ RunTime:0.000000s ]
INFO: Run Behavior\ParseTemplateBehavior [ RunTime:0.007813s ]
INFO: [ view_parse ] --END-- [ RunTime:0.007813s ]
INFO: [ view_filter ] --START--
INFO: Run Behavior\WriteHtmlCacheBehavior [ RunTime:0.000000s ]
INFO: [ view_filter ] --END-- [ RunTime:0.000000s ]
INFO: [ app_end ] --START--
INFO: Run Behavior\ShowPageTraceBehavior [ RunTime:0.000976s ]
INFO: [ app_end ] --END-- [ RunTime:0.000976s ]

[ 2018-02-13T14:14:40+08:00 ] 61.129.7.254 /index.php?s=/super/index/backstageSammaryPage
INFO: [ app_init ] --START--
INFO: Run Behavior\BuildLiteBehavior [ RunTime:0.000000s ]
INFO: [ app_init ] --END-- [ RunTime:0.000000s ]
INFO: [ app_begin ] --START--
INFO: Run Behavior\ReadHtmlCacheBehavior [ RunTime:0.000000s ]
INFO: [ app_begin ] --END-- [ RunTime:0.000000s ]

[ 2018-02-13T14:14:40+08:00 ] 61.129.8.203 /index.php?s=/super/Index/gameNotice
INFO: [ app_init ] --START--
INFO: Run Behavior\BuildLiteBehavior [ RunTime:0.000000s ]
INFO: [ app_init ] --END-- [ RunTime:0.000977s ]
INFO: [ app_begin ] --START--
INFO: Run Behavior\ReadHtmlCacheBehavior [ RunTime:0.000000s ]
INFO: [ app_begin ] --END-- [ RunTime:0.000000s ]

[ 2018-02-13T14:14:50+08:00 ] 180.97.35.37 /index.php?s=/super/Login/index
INFO: [ app_init ] --START--
INFO: Run Behavior\BuildLiteBehavior [ RunTime:0.000000s ]
INFO: [ app_init ] --END-- [ RunTime:0.000977s ]
INFO: [ app_begin ] --START--
INFO: Run Behavior\ReadHtmlCacheBehavior [ RunTime:0.000977s ]
INFO: [ app_begin ] --END-- [ RunTime:0.000977s ]
INFO: [ view_parse ] --START--
INFO: [ template_filter ] --START--
INFO: Run Behavior\ContentReplaceBehavior [ RunTime:0.000000s ]
INFO: [ template_filter ] --END-- [ RunTime:0.000977s ]
INFO: Run Behavior\ParseTemplateBehavior [ RunTime:0.006836s ]
INFO: [ view_parse ] --END-- [ RunTime:0.006836s ]
INFO: [ view_filter ] --START--
INFO: Run Behavior\WriteHtmlCacheBehavior [ RunTime:0.000976s ]
INFO: [ view_filter ] --END-- [ RunTime:0.000976s ]
INFO: [ app_end ] --START--
INFO: Run Behavior\ShowPageTraceBehavior [ RunTime:0.000977s ]
INFO: [ app_end ] --END-- [ RunTime:0.000977s ]

[ 2018-02-13T14:14:52+08:00 ] 101.226.33.227 /index.php?s=/super/WealthDetailed/cashHistory.html
INFO: [ app_init ] --START--
INFO: Run Behavior\BuildLiteBehavior [ RunTime:0.000000s ]
INFO: [ app_init ] --END-- [ RunTime:0.000000s ]
INFO: [ app_begin ] --START--
INFO: Run Behavior\ReadHtmlCacheBehavior [ RunTime:0.000976s ]
INFO: [ app_begin ] --END-- [ RunTime:0.000976s ]

[ 2018-02-13T14:15:18+08:00 ] 111.206.36.10 /index.php?s=/super/index/backstageSammaryPage
INFO: [ app_init ] --START--
INFO: Run Behavior\BuildLiteBehavior [ RunTime:0.000000s ]
INFO: [ app_init ] --END-- [ RunTime:0.002930s ]
INFO: [ app_begin ] --START--
INFO: Run Behavior\ReadHtmlCacheBehavior [ RunTime:0.000976s ]
INFO: [ app_begin ] --END-- [ RunTime:0.000976s ]

[ 2018-02-13T14:15:18+08:00 ] 111.206.36.10 /index.php?s=/super/Login/index
INFO: [ app_init ] --START--
INFO: Run Behavior\BuildLiteBehavior [ RunTime:0.000000s ]
INFO: [ app_init ] --END-- [ RunTime:0.000977s ]
INFO: [ app_begin ] --START--
INFO: Run Behavior\ReadHtmlCacheBehavior [ RunTime:0.000977s ]
INFO: [ app_begin ] --END-- [ RunTime:0.000977s ]
INFO: [ view_parse ] --START--
INFO: [ template_filter ] --START--
INFO: Run Behavior\ContentReplaceBehavior [ RunTime:0.000000s ]
INFO: [ template_filter ] --END-- [ RunTime:0.000000s ]
INFO: Run Behavior\ParseTemplateBehavior [ RunTime:0.007813s ]
INFO: [ view_parse ] --END-- [ RunTime:0.007813s ]
INFO: [ view_filter ] --START--
INFO: Run Behavior\WriteHtmlCacheBehavior [ RunTime:0.000000s ]
INFO: [ view_filter ] --END-- [ RunTime:0.000000s ]
INFO: [ app_end ] --START--
INFO: Run Behavior\ShowPageTraceBehavior [ RunTime:0.000976s ]
INFO: [ app_end ] --END-- [ RunTime:0.000976s ]

[ 2018-02-13T14:19:41+08:00 ] 183.24.175.237 /index.php?s=/super/UserAdministration/administrationPage.html
INFO: [ app_init ] --START--
INFO: Run Behavior\BuildLiteBehavior [ RunTime:0.000000s ]
INFO: [ app_init ] --END-- [ RunTime:0.000977s ]
INFO: [ app_begin ] --START--
INFO: Run Behavior\ReadHtmlCacheBehavior [ RunTime:0.000977s ]
INFO: [ app_begin ] --END-- [ RunTime:0.000977s ]
SQL: SHOW COLUMNS FROM `syd_user` [ RunTime:0.0059s ]
NOTIC: [8] Undefined variable: where D:\wwwroot\jpyc03\wwwroot\game\Admin\Controller\UserAdministrationController.class.php 第 27 行.
SQL: SELECT COUNT(*) AS tp_count FROM `syd_user` LIMIT 1   [ RunTime:0.0010s ]
NOTIC: [2] Missing argument 2 for Think\Page::setConfig(), called in D:\wwwroot\jpyc03\wwwroot\game\Common\Common\function.php on line 176 and defined D:\wwwroot\jpyc03\wwwroot\ThinkPHP\Library\Think\Page.class.php 第 58 行.
NOTIC: [2] Illegal offset type in isset or empty D:\wwwroot\jpyc03\wwwroot\ThinkPHP\Library\Think\Page.class.php 第 59 行.
NOTIC: [8] Undefined variable: where D:\wwwroot\jpyc03\wwwroot\game\Admin\Controller\UserAdministrationController.class.php 第 30 行.
SQL: SELECT `userid`,`account`,`username`,`lockuser`,`time`,`parent_id`,`identity_card`,`phone`,`daili_id` FROM `syd_user` ORDER BY userid desc  LIMIT 0,10   [ RunTime:0.0029s ]
SQL: SELECT `account` FROM `syd_user` WHERE ( userid=194 ) LIMIT 1   [ RunTime:0.0010s ]
SQL: SELECT `account` FROM `syd_user` WHERE ( userid=194 ) LIMIT 1   [ RunTime:0.0010s ]
SQL: SELECT `account` FROM `syd_user` WHERE ( userid=194 ) LIMIT 1   [ RunTime:0.0010s ]
SQL: SELECT `account` FROM `syd_user` WHERE ( userid=194 ) LIMIT 1   [ RunTime:0.0000s ]
SQL: SELECT `account` FROM `syd_user` WHERE ( userid=194 ) LIMIT 1   [ RunTime:0.0000s ]
SQL: SELECT `account` FROM `syd_user` WHERE ( userid=194 ) LIMIT 1   [ RunTime:0.0000s ]
SQL: SELECT `account` FROM `syd_user` WHERE ( userid=194 ) LIMIT 1   [ RunTime:0.0000s ]
SQL: SELECT `account` FROM `syd_user` WHERE ( userid=194 ) LIMIT 1   [ RunTime:0.0000s ]
SQL: SELECT `account` FROM `syd_user` WHERE ( userid=194 ) LIMIT 1   [ RunTime:0.0000s ]
INFO: [ view_parse ] --START--
INFO: [ template_filter ] --START--
INFO: Run Behavior\ContentReplaceBehavior [ RunTime:0.000000s ]
INFO: [ template_filter ] --END-- [ RunTime:0.000000s ]
NOTIC: [8] Undefined index: buycar_status D:\wwwroot\jpyc03\wwwroot\game\Runtime\Cache\Admin\84ae4299843d77ca40815b68eb67b7fb.php 第 55 行.
NOTIC: [8] Undefined index: buycar_status D:\wwwroot\jpyc03\wwwroot\game\Runtime\Cache\Admin\84ae4299843d77ca40815b68eb67b7fb.php 第 55 行.
NOTIC: [8] Undefined index: buycar_status D:\wwwroot\jpyc03\wwwroot\game\Runtime\Cache\Admin\84ae4299843d77ca40815b68eb67b7fb.php 第 55 行.
NOTIC: [8] Undefined index: buycar_status D:\wwwroot\jpyc03\wwwroot\game\Runtime\Cache\Admin\84ae4299843d77ca40815b68eb67b7fb.php 第 55 行.
NOTIC: [8] Undefined index: buycar_status D:\wwwroot\jpyc03\wwwroot\game\Runtime\Cache\Admin\84ae4299843d77ca40815b68eb67b7fb.php 第 55 行.
NOTIC: [8] Undefined index: buycar_status D:\wwwroot\jpyc03\wwwroot\game\Runtime\Cache\Admin\84ae4299843d77ca40815b68eb67b7fb.php 第 55 行.
NOTIC: [8] Undefined index: buycar_status D:\wwwroot\jpyc03\wwwroot\game\Runtime\Cache\Admin\84ae4299843d77ca40815b68eb67b7fb.php 第 55 行.
NOTIC: [8] Undefined index: buycar_status D:\wwwroot\jpyc03\wwwroot\game\Runtime\Cache\Admin\84ae4299843d77ca40815b68eb67b7fb.php 第 55 行.
NOTIC: [8] Undefined index: buycar_status D:\wwwroot\jpyc03\wwwroot\game\Runtime\Cache\Admin\84ae4299843d77ca40815b68eb67b7fb.php 第 55 行.
NOTIC: [8] Undefined index: daili_account D:\wwwroot\jpyc03\wwwroot\game\Runtime\Cache\Admin\84ae4299843d77ca40815b68eb67b7fb.php 第 63 行.
NOTIC: [8] Undefined index: buycar_status D:\wwwroot\jpyc03\wwwroot\game\Runtime\Cache\Admin\84ae4299843d77ca40815b68eb67b7fb.php 第 55 行.
INFO: Run Behavior\ParseTemplateBehavior [ RunTime:0.037109s ]
INFO: [ view_parse ] --END-- [ RunTime:0.037109s ]
INFO: [ view_filter ] --START--
INFO: Run Behavior\WriteHtmlCacheBehavior [ RunTime:0.000000s ]
INFO: [ view_filter ] --END-- [ RunTime:0.000000s ]
INFO: [ app_end ] --START--
INFO: Run Behavior\ShowPageTraceBehavior [ RunTime:0.000000s ]
INFO: [ app_end ] --END-- [ RunTime:0.000000s ]

[ 2018-02-13T14:20:32+08:00 ] 183.24.175.237 /index.php?s=/super/WealthDetailed/cashHistory.html
INFO: [ app_init ] --START--
INFO: Run Behavior\BuildLiteBehavior [ RunTime:0.000000s ]
INFO: [ app_init ] --END-- [ RunTime:0.000977s ]
INFO: [ app_begin ] --START--
INFO: Run Behavior\ReadHtmlCacheBehavior [ RunTime:0.000977s ]
INFO: [ app_begin ] --END-- [ RunTime:0.000977s ]
SQL: SHOW COLUMNS FROM `syd_withdraw` [ RunTime:0.0059s ]
SQL: SELECT COUNT(*) AS tp_count FROM `syd_withdraw` LIMIT 1   [ RunTime:0.0010s ]
NOTIC: [2] Missing argument 2 for Think\Page::setConfig(), called in D:\wwwroot\jpyc03\wwwroot\game\Common\Common\function.php on line 176 and defined D:\wwwroot\jpyc03\wwwroot\ThinkPHP\Library\Think\Page.class.php 第 58 行.
NOTIC: [2] Illegal offset type in isset or empty D:\wwwroot\jpyc03\wwwroot\ThinkPHP\Library\Think\Page.class.php 第 59 行.
SQL: SELECT `id`,`uid`,`realname`,`bank_name`,`bank_address`,`bank_card`,`money`,`status`,`time`,`reason`,`charge` FROM `syd_withdraw` ORDER BY id desc  LIMIT 0,10   [ RunTime:0.0010s ]
SQL: SHOW COLUMNS FROM `syd_user` [ RunTime:0.0049s ]
SQL: SELECT * FROM `syd_user` WHERE ( userid=194 ) LIMIT 1   [ RunTime:0.0039s ]
SQL: SELECT * FROM `syd_user` WHERE ( userid=196 ) LIMIT 1   [ RunTime:0.0000s ]
SQL: SELECT * FROM `syd_user` WHERE ( userid=204 ) LIMIT 1   [ RunTime:0.0000s ]
SQL: SELECT * FROM `syd_user` WHERE ( userid=193 ) LIMIT 1   [ RunTime:0.0010s ]
SQL: SELECT * FROM `syd_user` WHERE ( userid=194 ) LIMIT 1   [ RunTime:0.0000s ]
SQL: SELECT * FROM `syd_user` WHERE ( userid=199 ) LIMIT 1   [ RunTime:0.0000s ]
SQL: SELECT * FROM `syd_user` WHERE ( userid=190 ) LIMIT 1   [ RunTime:0.0000s ]
SQL: SELECT * FROM `syd_user` WHERE ( userid=198 ) LIMIT 1   [ RunTime:0.0000s ]
SQL: SELECT * FROM `syd_user` WHERE ( userid=199 ) LIMIT 1   [ RunTime:0.0000s ]
SQL: SELECT * FROM `syd_user` WHERE ( userid=194 ) LIMIT 1   [ RunTime:0.0000s ]
INFO: [ view_parse ] --START--
INFO: [ template_filter ] --START--
INFO: Run Behavior\ContentReplaceBehavior [ RunTime:0.000000s ]
INFO: [ template_filter ] --END-- [ RunTime:0.000000s ]
INFO: Run Behavior\ParseTemplateBehavior [ RunTime:0.010742s ]
INFO: [ view_parse ] --END-- [ RunTime:0.010742s ]
INFO: [ view_filter ] --START--
INFO: Run Behavior\WriteHtmlCacheBehavior [ RunTime:0.000977s ]
INFO: [ view_filter ] --END-- [ RunTime:0.000977s ]
INFO: [ app_end ] --START--
INFO: Run Behavior\ShowPageTraceBehavior [ RunTime:0.000976s ]
INFO: [ app_end ] --END-- [ RunTime:0.000976s ]

[ 2018-02-13T14:20:41+08:00 ] 101.226.33.206 /index.php?s=/super/UserAdministration/administrationPage.html
INFO: [ app_init ] --START--
INFO: Run Behavior\BuildLiteBehavior [ RunTime:0.000000s ]
INFO: [ app_init ] --END-- [ RunTime:0.000977s ]
INFO: [ app_begin ] --START--
INFO: Run Behavior\ReadHtmlCacheBehavior [ RunTime:0.000000s ]
INFO: [ app_begin ] --END-- [ RunTime:0.000000s ]

[ 2018-02-13T14:20:49+08:00 ] 14.215.176.8 /index.php?s=/super/UserAdministration/administrationPage.html
INFO: [ app_init ] --START--
INFO: Run Behavior\BuildLiteBehavior [ RunTime:0.000000s ]
INFO: [ app_init ] --END-- [ RunTime:0.000976s ]
INFO: [ app_begin ] --START--
INFO: Run Behavior\ReadHtmlCacheBehavior [ RunTime:0.000000s ]
INFO: [ app_begin ] --END-- [ RunTime:0.000000s ]

[ 2018-02-13T14:20:50+08:00 ] 14.215.176.8 /index.php?s=/super/Login/index
INFO: [ app_init ] --START--
INFO: Run Behavior\BuildLiteBehavior [ RunTime:0.000000s ]
INFO: [ app_init ] --END-- [ RunTime:0.000000s ]
INFO: [ app_begin ] --START--
INFO: Run Behavior\ReadHtmlCacheBehavior [ RunTime:0.000000s ]
INFO: [ app_begin ] --END-- [ RunTime:0.000000s ]
INFO: [ view_parse ] --START--
INFO: [ template_filter ] --START--
INFO: Run Behavior\ContentReplaceBehavior [ RunTime:0.000000s ]
INFO: [ template_filter ] --END-- [ RunTime:0.000000s ]
INFO: Run Behavior\ParseTemplateBehavior [ RunTime:0.012696s ]
INFO: [ view_parse ] --END-- [ RunTime:0.012696s ]
INFO: [ view_filter ] --START--
INFO: Run Behavior\WriteHtmlCacheBehavior [ RunTime:0.000976s ]
INFO: [ view_filter ] --END-- [ RunTime:0.000976s ]
INFO: [ app_end ] --START--
INFO: Run Behavior\ShowPageTraceBehavior [ RunTime:0.000000s ]
INFO: [ app_end ] --END-- [ RunTime:0.000000s ]

[ 2018-02-13T14:28:34+08:00 ] 183.24.175.237 /index.php?s=/super/UserAdministration/administrationPage.html
INFO: [ app_init ] --START--
INFO: Run Behavior\BuildLiteBehavior [ RunTime:0.000000s ]
INFO: [ app_init ] --END-- [ RunTime:0.000977s ]
INFO: [ app_begin ] --START--
INFO: Run Behavior\ReadHtmlCacheBehavior [ RunTime:0.000976s ]
INFO: [ app_begin ] --END-- [ RunTime:0.000976s ]
SQL: SHOW COLUMNS FROM `syd_user` [ RunTime:0.0049s ]
NOTIC: [8] Undefined variable: where D:\wwwroot\jpyc03\wwwroot\game\Admin\Controller\UserAdministrationController.class.php 第 27 行.
SQL: SELECT COUNT(*) AS tp_count FROM `syd_user` LIMIT 1   [ RunTime:0.0020s ]
NOTIC: [2] Missing argument 2 for Think\Page::setConfig(), called in D:\wwwroot\jpyc03\wwwroot\game\Common\Common\function.php on line 176 and defined D:\wwwroot\jpyc03\wwwroot\ThinkPHP\Library\Think\Page.class.php 第 58 行.
NOTIC: [2] Illegal offset type in isset or empty D:\wwwroot\jpyc03\wwwroot\ThinkPHP\Library\Think\Page.class.php 第 59 行.
NOTIC: [8] Undefined variable: where D:\wwwroot\jpyc03\wwwroot\game\Admin\Controller\UserAdministrationController.class.php 第 30 行.
SQL: SELECT `userid`,`account`,`username`,`lockuser`,`time`,`parent_id`,`identity_card`,`phone`,`daili_id` FROM `syd_user` ORDER BY userid desc  LIMIT 0,10   [ RunTime:0.0000s ]
SQL: SELECT `account` FROM `syd_user` WHERE ( userid=194 ) LIMIT 1   [ RunTime:0.0000s ]
SQL: SELECT `account` FROM `syd_user` WHERE ( userid=194 ) LIMIT 1   [ RunTime:0.0000s ]
SQL: SELECT `account` FROM `syd_user` WHERE ( userid=194 ) LIMIT 1   [ RunTime:0.0000s ]
SQL: SELECT `account` FROM `syd_user` WHERE ( userid=194 ) LIMIT 1   [ RunTime:0.0000s ]
SQL: SELECT `account` FROM `syd_user` WHERE ( userid=194 ) LIMIT 1   [ RunTime:0.0000s ]
SQL: SELECT `account` FROM `syd_user` WHERE ( userid=194 ) LIMIT 1   [ RunTime:0.0000s ]
SQL: SELECT `account` FROM `syd_user` WHERE ( userid=194 ) LIMIT 1   [ RunTime:0.0010s ]
SQL: SELECT `account` FROM `syd_user` WHERE ( userid=194 ) LIMIT 1   [ RunTime:0.0000s ]
SQL: SELECT `account` FROM `syd_user` WHERE ( userid=194 ) LIMIT 1   [ RunTime:0.0000s ]
INFO: [ view_parse ] --START--
INFO: [ template_filter ] --START--
INFO: Run Behavior\ContentReplaceBehavior [ RunTime:0.000000s ]
INFO: [ template_filter ] --END-- [ RunTime:0.000000s ]
NOTIC: [8] Undefined index: buycar_status D:\wwwroot\jpyc03\wwwroot\game\Runtime\Cache\Admin\84ae4299843d77ca40815b68eb67b7fb.php 第 55 行.
NOTIC: [8] Undefined index: buycar_status D:\wwwroot\jpyc03\wwwroot\game\Runtime\Cache\Admin\84ae4299843d77ca40815b68eb67b7fb.php 第 55 行.
NOTIC: [8] Undefined index: buycar_status D:\wwwroot\jpyc03\wwwroot\game\Runtime\Cache\Admin\84ae4299843d77ca40815b68eb67b7fb.php 第 55 行.
NOTIC: [8] Undefined index: buycar_status D:\wwwroot\jpyc03\wwwroot\game\Runtime\Cache\Admin\84ae4299843d77ca40815b68eb67b7fb.php 第 55 行.
NOTIC: [8] Undefined index: buycar_status D:\wwwroot\jpyc03\wwwroot\game\Runtime\Cache\Admin\84ae4299843d77ca40815b68eb67b7fb.php 第 55 行.
NOTIC: [8] Undefined index: buycar_status D:\wwwroot\jpyc03\wwwroot\game\Runtime\Cache\Admin\84ae4299843d77ca40815b68eb67b7fb.php 第 55 行.
NOTIC: [8] Undefined index: buycar_status D:\wwwroot\jpyc03\wwwroot\game\Runtime\Cache\Admin\84ae4299843d77ca40815b68eb67b7fb.php 第 55 行.
NOTIC: [8] Undefined index: buycar_status D:\wwwroot\jpyc03\wwwroot\game\Runtime\Cache\Admin\84ae4299843d77ca40815b68eb67b7fb.php 第 55 行.
NOTIC: [8] Undefined index: buycar_status D:\wwwroot\jpyc03\wwwroot\game\Runtime\Cache\Admin\84ae4299843d77ca40815b68eb67b7fb.php 第 55 行.
NOTIC: [8] Undefined index: daili_account D:\wwwroot\jpyc03\wwwroot\game\Runtime\Cache\Admin\84ae4299843d77ca40815b68eb67b7fb.php 第 63 行.
NOTIC: [8] Undefined index: buycar_status D:\wwwroot\jpyc03\wwwroot\game\Runtime\Cache\Admin\84ae4299843d77ca40815b68eb67b7fb.php 第 55 行.
INFO: Run Behavior\ParseTemplateBehavior [ RunTime:0.013672s ]
INFO: [ view_parse ] --END-- [ RunTime:0.013672s ]
INFO: [ view_filter ] --START--
INFO: Run Behavior\WriteHtmlCacheBehavior [ RunTime:0.000000s ]
INFO: [ view_filter ] --END-- [ RunTime:0.000000s ]
INFO: [ app_end ] --START--
INFO: Run Behavior\ShowPageTraceBehavior [ RunTime:0.000977s ]
INFO: [ app_end ] --END-- [ RunTime:0.000977s ]

[ 2018-02-13T14:31:35+08:00 ] 183.24.175.237 /index.php?s=/super/WealthDetailed/cashHistory.html
INFO: [ app_init ] --START--
INFO: Run Behavior\BuildLiteBehavior [ RunTime:0.000000s ]
INFO: [ app_init ] --END-- [ RunTime:0.000000s ]
INFO: [ app_begin ] --START--
INFO: Run Behavior\ReadHtmlCacheBehavior [ RunTime:0.000976s ]
INFO: [ app_begin ] --END-- [ RunTime:0.000976s ]
SQL: SHOW COLUMNS FROM `syd_withdraw` [ RunTime:0.0049s ]
SQL: SELECT COUNT(*) AS tp_count FROM `syd_withdraw` LIMIT 1   [ RunTime:0.0020s ]
NOTIC: [2] Missing argument 2 for Think\Page::setConfig(), called in D:\wwwroot\jpyc03\wwwroot\game\Common\Common\function.php on line 176 and defined D:\wwwroot\jpyc03\wwwroot\ThinkPHP\Library\Think\Page.class.php 第 58 行.
NOTIC: [2] Illegal offset type in isset or empty D:\wwwroot\jpyc03\wwwroot\ThinkPHP\Library\Think\Page.class.php 第 59 行.
SQL: SELECT `id`,`uid`,`realname`,`bank_name`,`bank_address`,`bank_card`,`money`,`status`,`time`,`reason`,`charge` FROM `syd_withdraw` ORDER BY id desc  LIMIT 0,10   [ RunTime:0.0000s ]
SQL: SHOW COLUMNS FROM `syd_user` [ RunTime:0.0049s ]
SQL: SELECT * FROM `syd_user` WHERE ( userid=194 ) LIMIT 1   [ RunTime:0.0010s ]
SQL: SELECT * FROM `syd_user` WHERE ( userid=196 ) LIMIT 1   [ RunTime:0.0000s ]
SQL: SELECT * FROM `syd_user` WHERE ( userid=204 ) LIMIT 1   [ RunTime:0.0000s ]
SQL: SELECT * FROM `syd_user` WHERE ( userid=193 ) LIMIT 1   [ RunTime:0.0010s ]
SQL: SELECT * FROM `syd_user` WHERE ( userid=194 ) LIMIT 1   [ RunTime:0.0000s ]
SQL: SELECT * FROM `syd_user` WHERE ( userid=199 ) LIMIT 1   [ RunTime:0.0000s ]
SQL: SELECT * FROM `syd_user` WHERE ( userid=190 ) LIMIT 1   [ RunTime:0.0000s ]
SQL: SELECT * FROM `syd_user` WHERE ( userid=198 ) LIMIT 1   [ RunTime:0.0000s ]
SQL: SELECT * FROM `syd_user` WHERE ( userid=199 ) LIMIT 1   [ RunTime:0.0000s ]
SQL: SELECT * FROM `syd_user` WHERE ( userid=194 ) LIMIT 1   [ RunTime:0.0000s ]
INFO: [ view_parse ] --START--
INFO: [ template_filter ] --START--
INFO: Run Behavior\ContentReplaceBehavior [ RunTime:0.000000s ]
INFO: [ template_filter ] --END-- [ RunTime:0.000000s ]
INFO: Run Behavior\ParseTemplateBehavior [ RunTime:0.010742s ]
INFO: [ view_parse ] --END-- [ RunTime:0.010742s ]
INFO: [ view_filter ] --START--
INFO: Run Behavior\WriteHtmlCacheBehavior [ RunTime:0.000977s ]
INFO: [ view_filter ] --END-- [ RunTime:0.000977s ]
INFO: [ app_end ] --START--
INFO: Run Behavior\ShowPageTraceBehavior [ RunTime:0.000977s ]
INFO: [ app_end ] --END-- [ RunTime:0.000977s ]

[ 2018-02-13T22:40:06+08:00 ] 113.96.219.247 /index.php?s=/super/Login/index
INFO: [ app_init ] --START--
INFO: Run Behavior\BuildLiteBehavior [ RunTime:0.000000s ]
INFO: [ app_init ] --END-- [ RunTime:0.001953s ]
INFO: [ app_begin ] --START--
INFO: Run Behavior\ReadHtmlCacheBehavior [ RunTime:0.000000s ]
INFO: [ app_begin ] --END-- [ RunTime:0.000000s ]
INFO: [ view_parse ] --START--
INFO: [ template_filter ] --START--
INFO: Run Behavior\ContentReplaceBehavior [ RunTime:0.000000s ]
INFO: [ template_filter ] --END-- [ RunTime:0.000000s ]
INFO: Run Behavior\ParseTemplateBehavior [ RunTime:0.018555s ]
INFO: [ view_parse ] --END-- [ RunTime:0.018555s ]
INFO: [ view_filter ] --START--
INFO: Run Behavior\WriteHtmlCacheBehavior [ RunTime:0.000000s ]
INFO: [ view_filter ] --END-- [ RunTime:0.000000s ]
INFO: [ app_end ] --START--
INFO: Run Behavior\ShowPageTraceBehavior [ RunTime:0.000977s ]
INFO: [ app_end ] --END-- [ RunTime:0.000977s ]

[ 2018-02-13T22:40:20+08:00 ] 113.96.219.247 /index.php?s=/super/login/idcheck
INFO: [ app_init ] --START--
INFO: Run Behavior\BuildLiteBehavior [ RunTime:0.000000s ]
INFO: [ app_init ] --END-- [ RunTime:0.000976s ]
INFO: [ app_begin ] --START--
INFO: Run Behavior\ReadHtmlCacheBehavior [ RunTime:0.000000s ]
INFO: [ app_begin ] --END-- [ RunTime:0.000000s ]
SQL: SHOW COLUMNS FROM `syd_nzspuser` [ RunTime:0.0029s ]
SQL: SELECT * FROM `syd_nzspuser` WHERE ( sp_username='admin' ) LIMIT 1   [ RunTime:0.0010s ]
SQL: UPDATE `syd_nzspuser` SET `sp_logintime`='1518532820',`sp_loginip`='113.96.219.247' WHERE ( sp_id ='1' ) [ RunTime:0.0020s ]
INFO: [ app_end ] --START--
INFO: Run Behavior\ShowPageTraceBehavior [ RunTime:0.000000s ]
INFO: [ app_end ] --END-- [ RunTime:0.000000s ]

[ 2018-02-13T22:40:21+08:00 ] 113.96.219.247 /index.php?s=/super/index/backstageSammaryPage
INFO: [ app_init ] --START--
INFO: Run Behavior\BuildLiteBehavior [ RunTime:0.000000s ]
INFO: [ app_init ] --END-- [ RunTime:0.000977s ]
INFO: [ app_begin ] --START--
INFO: Run Behavior\ReadHtmlCacheBehavior [ RunTime:0.000000s ]
INFO: [ app_begin ] --END-- [ RunTime:0.000000s ]
SQL: SHOW COLUMNS FROM `syd_nzspuser` [ RunTime:0.0059s ]
SQL: SELECT `power` FROM `syd_nzspuser` WHERE ( sp_id=1 ) LIMIT 1   [ RunTime:0.0020s ]
INFO: [ view_parse ] --START--
INFO: [ template_filter ] --START--
INFO: Run Behavior\ContentReplaceBehavior [ RunTime:0.000977s ]
INFO: [ template_filter ] --END-- [ RunTime:0.000977s ]
INFO: Run Behavior\ParseTemplateBehavior [ RunTime:0.008789s ]
INFO: [ view_parse ] --END-- [ RunTime:0.008789s ]
INFO: [ view_filter ] --START--
INFO: Run Behavior\WriteHtmlCacheBehavior [ RunTime:0.000976s ]
INFO: [ view_filter ] --END-- [ RunTime:0.000976s ]
INFO: [ app_end ] --START--
INFO: Run Behavior\ShowPageTraceBehavior [ RunTime:0.000977s ]
INFO: [ app_end ] --END-- [ RunTime:0.000977s ]

[ 2018-02-13T22:40:22+08:00 ] 113.96.219.247 /index.php?s=/super/Index/gameNotice
INFO: [ app_init ] --START--
INFO: Run Behavior\BuildLiteBehavior [ RunTime:0.000000s ]
INFO: [ app_init ] --END-- [ RunTime:0.000000s ]
INFO: [ app_begin ] --START--
INFO: Run Behavior\ReadHtmlCacheBehavior [ RunTime:0.000976s ]
INFO: [ app_begin ] --END-- [ RunTime:0.000976s ]
SQL: SHOW COLUMNS FROM `syd_store` [ RunTime:0.0059s ]
NOTIC: [2] Missing argument 1 for Think\Model::where(), called in D:\wwwroot\jpyc03\wwwroot\game\Admin\Controller\IndexController.class.php on line 34 and defined D:\wwwroot\jpyc03\wwwroot\ThinkPHP\Library\Think\Model.class.php 第 1797 行.
NOTIC: [8] Undefined variable: where D:\wwwroot\jpyc03\wwwroot\ThinkPHP\Library\Think\Model.class.php 第 1805 行.
NOTIC: [8] Undefined variable: where D:\wwwroot\jpyc03\wwwroot\ThinkPHP\Library\Think\Model.class.php 第 1808 行.
NOTIC: [8] Undefined variable: where D:\wwwroot\jpyc03\wwwroot\ThinkPHP\Library\Think\Model.class.php 第 1816 行.
SQL: SELECT SUM(gold) AS tp_sum FROM `syd_store` LIMIT 1   [ RunTime:0.0020s ]
NOTIC: [2] Missing argument 1 for Think\Model::where(), called in D:\wwwroot\jpyc03\wwwroot\game\Admin\Controller\IndexController.class.php on line 35 and defined D:\wwwroot\jpyc03\wwwroot\ThinkPHP\Library\Think\Model.class.php 第 1797 行.
NOTIC: [8] Undefined variable: where D:\wwwroot\jpyc03\wwwroot\ThinkPHP\Library\Think\Model.class.php 第 1805 行.
NOTIC: [8] Undefined variable: where D:\wwwroot\jpyc03\wwwroot\ThinkPHP\Library\Think\Model.class.php 第 1808 行.
NOTIC: [8] Undefined variable: where D:\wwwroot\jpyc03\wwwroot\ThinkPHP\Library\Think\Model.class.php 第 1816 行.
SQL: SELECT SUM(report_money) AS tp_sum FROM `syd_store` LIMIT 1   [ RunTime:0.0000s ]
NOTIC: [2] Missing argument 1 for Think\Model::where(), called in D:\wwwroot\jpyc03\wwwroot\game\Admin\Controller\IndexController.class.php on line 36 and defined D:\wwwroot\jpyc03\wwwroot\ThinkPHP\Library\Think\Model.class.php 第 1797 行.
NOTIC: [8] Undefined variable: where D:\wwwroot\jpyc03\wwwroot\ThinkPHP\Library\Think\Model.class.php 第 1805 行.
NOTIC: [8] Undefined variable: where D:\wwwroot\jpyc03\wwwroot\ThinkPHP\Library\Think\Model.class.php 第 1808 行.
NOTIC: [8] Undefined variable: where D:\wwwroot\jpyc03\wwwroot\ThinkPHP\Library\Think\Model.class.php 第 1816 行.
SQL: SELECT SUM(buycar_money) AS tp_sum FROM `syd_store` LIMIT 1   [ RunTime:0.0010s ]
NOTIC: [2] Missing argument 1 for Think\Model::where(), called in D:\wwwroot\jpyc03\wwwroot\game\Admin\Controller\IndexController.class.php on line 37 and defined D:\wwwroot\jpyc03\wwwroot\ThinkPHP\Library\Think\Model.class.php 第 1797 行.
NOTIC: [8] Undefined variable: where D:\wwwroot\jpyc03\wwwroot\ThinkPHP\Library\Think\Model.class.php 第 1805 行.
NOTIC: [8] Undefined variable: where D:\wwwroot\jpyc03\wwwroot\ThinkPHP\Library\Think\Model.class.php 第 1808 行.
NOTIC: [8] Undefined variable: where D:\wwwroot\jpyc03\wwwroot\ThinkPHP\Library\Think\Model.class.php 第 1816 行.
SQL: SELECT SUM(bonus) AS tp_sum FROM `syd_store` LIMIT 1   [ RunTime:0.0000s ]
NOTIC: [2] Missing argument 1 for Think\Model::where(), called in D:\wwwroot\jpyc03\wwwroot\game\Admin\Controller\IndexController.class.php on line 38 and defined D:\wwwroot\jpyc03\wwwroot\ThinkPHP\Library\Think\Model.class.php 第 1797 行.
NOTIC: [8] Undefined variable: where D:\wwwroot\jpyc03\wwwroot\ThinkPHP\Library\Think\Model.class.php 第 1805 行.
NOTIC: [8] Undefined variable: where D:\wwwroot\jpyc03\wwwroot\ThinkPHP\Library\Think\Model.class.php 第 1808 行.
NOTIC: [8] Undefined variable: where D:\wwwroot\jpyc03\wwwroot\ThinkPHP\Library\Think\Model.class.php 第 1816 行.
SQL: SELECT SUM(frozen_money) AS tp_sum FROM `syd_store` LIMIT 1   [ RunTime:0.0000s ]
SQL: SHOW COLUMNS FROM `syd_transaction` [ RunTime:0.0049s ]
SQL: SELECT SUM(money) AS tp_sum FROM `syd_transaction` WHERE ( `time` > 1518451200 AND `time` < 1518537600  ) LIMIT 1   [ RunTime:0.0010s ]
SQL: SHOW COLUMNS FROM `syd_withdraw` [ RunTime:0.0059s ]
SQL: SELECT SUM(money) AS tp_sum FROM `syd_withdraw` WHERE ( `time` > 1518451200 AND `time` < 1518537600  ) LIMIT 1   [ RunTime:0.0029s ]
SQL: SHOW COLUMNS FROM `syd_user` [ RunTime:0.0078s ]
SQL: SELECT COUNT(*) AS tp_count FROM `syd_user` WHERE ( `time` > 1518451200 AND `time` < 1518537600  ) LIMIT 1   [ RunTime:0.0029s ]
SQL: SHOW COLUMNS FROM `syd_getbuycarmoney_record` [ RunTime:0.0068s ]
SQL: SELECT COUNT(*) AS tp_count FROM `syd_getbuycarmoney_record` WHERE ( `time` > 1518451200 AND `time` < 1518537600  ) LIMIT 1   [ RunTime:0.0049s ]
SQL: SHOW COLUMNS FROM `syd_getgold_record` [ RunTime:0.0059s ]
SQL: SELECT COUNT(*) AS tp_count FROM `syd_getgold_record` WHERE ( `time` > 1518451200 AND `time` < 1518537600  ) LIMIT 1   [ RunTime:0.0029s ]
SQL: SHOW COLUMNS FROM `syd_getbonus_record` [ RunTime:0.0029s ]
SQL: SELECT COUNT(*) AS tp_count FROM `syd_getbonus_record` WHERE ( `time` > 1518451200 AND `time` < 1518537600  ) LIMIT 1   [ RunTime:0.0010s ]
SQL: SHOW COLUMNS FROM `syd_upside_record` [ RunTime:0.0020s ]
SQL: SELECT SUM(money) AS tp_sum FROM `syd_upside_record` WHERE ( `time` > 1518451200 AND `time` < 1518537600  ) LIMIT 1   [ RunTime:0.0010s ]
INFO: [ view_parse ] --START--
INFO: [ template_filter ] --START--
INFO: Run Behavior\ContentReplaceBehavior [ RunTime:0.000000s ]
INFO: [ template_filter ] --END-- [ RunTime:0.000000s ]
INFO: Run Behavior\ParseTemplateBehavior [ RunTime:0.009766s ]
INFO: [ view_parse ] --END-- [ RunTime:0.009766s ]
INFO: [ view_filter ] --START--
INFO: Run Behavior\WriteHtmlCacheBehavior [ RunTime:0.000000s ]
INFO: [ view_filter ] --END-- [ RunTime:0.000000s ]
INFO: [ app_end ] --START--
INFO: Run Behavior\ShowPageTraceBehavior [ RunTime:0.000977s ]
INFO: [ app_end ] --END-- [ RunTime:0.000977s ]

[ 2018-02-13T22:40:27+08:00 ] 113.96.219.247 /index.php?s=/super/UserAdministration/administrationPage.html
INFO: [ app_init ] --START--
INFO: Run Behavior\BuildLiteBehavior [ RunTime:0.000000s ]
INFO: [ app_init ] --END-- [ RunTime:0.000977s ]
INFO: [ app_begin ] --START--
INFO: Run Behavior\ReadHtmlCacheBehavior [ RunTime:0.000000s ]
INFO: [ app_begin ] --END-- [ RunTime:0.000000s ]
SQL: SHOW COLUMNS FROM `syd_user` [ RunTime:0.0049s ]
NOTIC: [8] Undefined variable: where D:\wwwroot\jpyc03\wwwroot\game\Admin\Controller\UserAdministrationController.class.php 第 27 行.
SQL: SELECT COUNT(*) AS tp_count FROM `syd_user` LIMIT 1   [ RunTime:0.0029s ]
NOTIC: [2] Missing argument 2 for Think\Page::setConfig(), called in D:\wwwroot\jpyc03\wwwroot\game\Common\Common\function.php on line 176 and defined D:\wwwroot\jpyc03\wwwroot\ThinkPHP\Library\Think\Page.class.php 第 58 行.
NOTIC: [2] Illegal offset type in isset or empty D:\wwwroot\jpyc03\wwwroot\ThinkPHP\Library\Think\Page.class.php 第 59 行.
NOTIC: [8] Undefined variable: where D:\wwwroot\jpyc03\wwwroot\game\Admin\Controller\UserAdministrationController.class.php 第 30 行.
SQL: SELECT `userid`,`account`,`username`,`lockuser`,`time`,`parent_id`,`identity_card`,`phone`,`daili_id` FROM `syd_user` ORDER BY userid desc  LIMIT 0,10   [ RunTime:0.0000s ]
SQL: SELECT `account` FROM `syd_user` WHERE ( userid=194 ) LIMIT 1   [ RunTime:0.0000s ]
SQL: SELECT `account` FROM `syd_user` WHERE ( userid=194 ) LIMIT 1   [ RunTime:0.0000s ]
SQL: SELECT `account` FROM `syd_user` WHERE ( userid=194 ) LIMIT 1   [ RunTime:0.0000s ]
SQL: SELECT `account` FROM `syd_user` WHERE ( userid=194 ) LIMIT 1   [ RunTime:0.0000s ]
SQL: SELECT `account` FROM `syd_user` WHERE ( userid=194 ) LIMIT 1   [ RunTime:0.0000s ]
SQL: SELECT `account` FROM `syd_user` WHERE ( userid=194 ) LIMIT 1   [ RunTime:0.0020s ]
SQL: SELECT `account` FROM `syd_user` WHERE ( userid=194 ) LIMIT 1   [ RunTime:0.0000s ]
SQL: SELECT `account` FROM `syd_user` WHERE ( userid=194 ) LIMIT 1   [ RunTime:0.0010s ]
SQL: SELECT `account` FROM `syd_user` WHERE ( userid=194 ) LIMIT 1   [ RunTime:0.0000s ]
INFO: [ view_parse ] --START--
INFO: [ template_filter ] --START--
INFO: Run Behavior\ContentReplaceBehavior [ RunTime:0.000000s ]
INFO: [ template_filter ] --END-- [ RunTime:0.000000s ]
NOTIC: [8] Undefined index: buycar_status D:\wwwroot\jpyc03\wwwroot\game\Runtime\Cache\Admin\84ae4299843d77ca40815b68eb67b7fb.php 第 55 行.
NOTIC: [8] Undefined index: buycar_status D:\wwwroot\jpyc03\wwwroot\game\Runtime\Cache\Admin\84ae4299843d77ca40815b68eb67b7fb.php 第 55 行.
NOTIC: [8] Undefined index: buycar_status D:\wwwroot\jpyc03\wwwroot\game\Runtime\Cache\Admin\84ae4299843d77ca40815b68eb67b7fb.php 第 55 行.
NOTIC: [8] Undefined index: buycar_status D:\wwwroot\jpyc03\wwwroot\game\Runtime\Cache\Admin\84ae4299843d77ca40815b68eb67b7fb.php 第 55 行.
NOTIC: [8] Undefined index: buycar_status D:\wwwroot\jpyc03\wwwroot\game\Runtime\Cache\Admin\84ae4299843d77ca40815b68eb67b7fb.php 第 55 行.
NOTIC: [8] Undefined index: buycar_status D:\wwwroot\jpyc03\wwwroot\game\Runtime\Cache\Admin\84ae4299843d77ca40815b68eb67b7fb.php 第 55 行.
NOTIC: [8] Undefined index: buycar_status D:\wwwroot\jpyc03\wwwroot\game\Runtime\Cache\Admin\84ae4299843d77ca40815b68eb67b7fb.php 第 55 行.
NOTIC: [8] Undefined index: buycar_status D:\wwwroot\jpyc03\wwwroot\game\Runtime\Cache\Admin\84ae4299843d77ca40815b68eb67b7fb.php 第 55 行.
NOTIC: [8] Undefined index: buycar_status D:\wwwroot\jpyc03\wwwroot\game\Runtime\Cache\Admin\84ae4299843d77ca40815b68eb67b7fb.php 第 55 行.
NOTIC: [8] Undefined index: daili_account D:\wwwroot\jpyc03\wwwroot\game\Runtime\Cache\Admin\84ae4299843d77ca40815b68eb67b7fb.php 第 63 行.
NOTIC: [8] Undefined index: buycar_status D:\wwwroot\jpyc03\wwwroot\game\Runtime\Cache\Admin\84ae4299843d77ca40815b68eb67b7fb.php 第 55 行.
INFO: Run Behavior\ParseTemplateBehavior [ RunTime:0.010742s ]
INFO: [ view_parse ] --END-- [ RunTime:0.010742s ]
INFO: [ view_filter ] --START--
INFO: Run Behavior\WriteHtmlCacheBehavior [ RunTime:0.000000s ]
INFO: [ view_filter ] --END-- [ RunTime:0.000000s ]
INFO: [ app_end ] --START--
INFO: Run Behavior\ShowPageTraceBehavior [ RunTime:0.000977s ]
INFO: [ app_end ] --END-- [ RunTime:0.000977s ]

[ 2018-02-13T22:41:00+08:00 ] 113.96.219.247 /index.php?s=/super/UserAdministration/userRecommendStructure.html
INFO: [ app_init ] --START--
INFO: Run Behavior\BuildLiteBehavior [ RunTime:0.000000s ]
INFO: [ app_init ] --END-- [ RunTime:0.000976s ]
INFO: [ app_begin ] --START--
INFO: Run Behavior\ReadHtmlCacheBehavior [ RunTime:0.000000s ]
INFO: [ app_begin ] --END-- [ RunTime:0.000000s ]
INFO: [ view_parse ] --START--
INFO: [ template_filter ] --START--
INFO: Run Behavior\ContentReplaceBehavior [ RunTime:0.000000s ]
INFO: [ template_filter ] --END-- [ RunTime:0.000000s ]
NOTIC: [8] Undefined variable: structureInfo D:\wwwroot\jpyc03\wwwroot\game\Runtime\Cache\Admin\8baa507d15108485b01caca01d4d600b.php 第 39 行.
NOTIC: [8] Undefined variable: structureInfo D:\wwwroot\jpyc03\wwwroot\game\Runtime\Cache\Admin\8baa507d15108485b01caca01d4d600b.php 第 42 行.
NOTIC: [8] Undefined variable: structureInfo D:\wwwroot\jpyc03\wwwroot\game\Runtime\Cache\Admin\8baa507d15108485b01caca01d4d600b.php 第 45 行.
NOTIC: [8] Undefined variable: structureInfo D:\wwwroot\jpyc03\wwwroot\game\Runtime\Cache\Admin\8baa507d15108485b01caca01d4d600b.php 第 45 行.
NOTIC: [8] Undefined variable: structureInfo D:\wwwroot\jpyc03\wwwroot\game\Runtime\Cache\Admin\8baa507d15108485b01caca01d4d600b.php 第 48 行.
NOTIC: [8] Use of undefined constant 注册 - assumed '注册' D:\wwwroot\jpyc03\wwwroot\game\Runtime\Cache\Admin\8baa507d15108485b01caca01d4d600b.php 第 57 行.
NOTIC: [8] Undefined variable: structureInfo D:\wwwroot\jpyc03\wwwroot\game\Runtime\Cache\Admin\8baa507d15108485b01caca01d4d600b.php 第 60 行.
NOTIC: [8] Undefined variable: structureInfo D:\wwwroot\jpyc03\wwwroot\game\Runtime\Cache\Admin\8baa507d15108485b01caca01d4d600b.php 第 63 行.
NOTIC: [8] Undefined variable: structureInfo D:\wwwroot\jpyc03\wwwroot\game\Runtime\Cache\Admin\8baa507d15108485b01caca01d4d600b.php 第 63 行.
NOTIC: [8] Undefined variable: structureInfo D:\wwwroot\jpyc03\wwwroot\game\Runtime\Cache\Admin\8baa507d15108485b01caca01d4d600b.php 第 66 行.
NOTIC: [8] Use of undefined constant 注册 - assumed '注册' D:\wwwroot\jpyc03\wwwroot\game\Runtime\Cache\Admin\8baa507d15108485b01caca01d4d600b.php 第 73 行.
NOTIC: [8] Undefined variable: structureInfo D:\wwwroot\jpyc03\wwwroot\game\Runtime\Cache\Admin\8baa507d15108485b01caca01d4d600b.php 第 76 行.
NOTIC: [8] Undefined variable: structureInfo D:\wwwroot\jpyc03\wwwroot\game\Runtime\Cache\Admin\8baa507d15108485b01caca01d4d600b.php 第 79 行.
NOTIC: [8] Undefined variable: structureInfo D:\wwwroot\jpyc03\wwwroot\game\Runtime\Cache\Admin\8baa507d15108485b01caca01d4d600b.php 第 79 行.
NOTIC: [8] Undefined variable: structureInfo D:\wwwroot\jpyc03\wwwroot\game\Runtime\Cache\Admin\8baa507d15108485b01caca01d4d600b.php 第 82 行.
NOTIC: [8] Use of undefined constant 注册 - assumed '注册' D:\wwwroot\jpyc03\wwwroot\game\Runtime\Cache\Admin\8baa507d15108485b01caca01d4d600b.php 第 95 行.
NOTIC: [8] Undefined variable: structureInfo D:\wwwroot\jpyc03\wwwroot\game\Runtime\Cache\Admin\8baa507d15108485b01caca01d4d600b.php 第 98 行.
NOTIC: [8] Undefined variable: structureInfo D:\wwwroot\jpyc03\wwwroot\game\Runtime\Cache\Admin\8baa507d15108485b01caca01d4d600b.php 第 101 行.
NOTIC: [8] Undefined variable: structureInfo D:\wwwroot\jpyc03\wwwroot\game\Runtime\Cache\Admin\8baa507d15108485b01caca01d4d600b.php 第 101 行.
NOTIC: [8] Undefined variable: structureInfo D:\wwwroot\jpyc03\wwwroot\game\Runtime\Cache\Admin\8baa507d15108485b01caca01d4d600b.php 第 104 行.
NOTIC: [8] Use of undefined constant 注册 - assumed '注册' D:\wwwroot\jpyc03\wwwroot\game\Runtime\Cache\Admin\8baa507d15108485b01caca01d4d600b.php 第 111 行.
NOTIC: [8] Undefined variable: structureInfo D:\wwwroot\jpyc03\wwwroot\game\Runtime\Cache\Admin\8baa507d15108485b01caca01d4d600b.php 第 114 行.
NOTIC: [8] Undefined variable: structureInfo D:\wwwroot\jpyc03\wwwroot\game\Runtime\Cache\Admin\8baa507d15108485b01caca01d4d600b.php 第 117 行.
NOTIC: [8] Undefined variable: structureInfo D:\wwwroot\jpyc03\wwwroot\game\Runtime\Cache\Admin\8baa507d15108485b01caca01d4d600b.php 第 117 行.
NOTIC: [8] Undefined variable: structureInfo D:\wwwroot\jpyc03\wwwroot\game\Runtime\Cache\Admin\8baa507d15108485b01caca01d4d600b.php 第 120 行.
NOTIC: [8] Use of undefined constant 注册 - assumed '注册' D:\wwwroot\jpyc03\wwwroot\game\Runtime\Cache\Admin\8baa507d15108485b01caca01d4d600b.php 第 126 行.
NOTIC: [8] Undefined variable: structureInfo D:\wwwroot\jpyc03\wwwroot\game\Runtime\Cache\Admin\8baa507d15108485b01caca01d4d600b.php 第 129 行.
NOTIC: [8] Undefined variable: structureInfo D:\wwwroot\jpyc03\wwwroot\game\Runtime\Cache\Admin\8baa507d15108485b01caca01d4d600b.php 第 132 行.
NOTIC: [8] Undefined variable: structureInfo D:\wwwroot\jpyc03\wwwroot\game\Runtime\Cache\Admin\8baa507d15108485b01caca01d4d600b.php 第 132 行.
NOTIC: [8] Undefined variable: structureInfo D:\wwwroot\jpyc03\wwwroot\game\Runtime\Cache\Admin\8baa507d15108485b01caca01d4d600b.php 第 135 行.
INFO: Run Behavior\ParseTemplateBehavior [ RunTime:0.024414s ]
INFO: [ view_parse ] --END-- [ RunTime:0.025390s ]
INFO: [ view_filter ] --START--
INFO: Run Behavior\WriteHtmlCacheBehavior [ RunTime:0.000977s ]
INFO: [ view_filter ] --END-- [ RunTime:0.000977s ]
INFO: [ app_end ] --START--
INFO: Run Behavior\ShowPageTraceBehavior [ RunTime:0.000976s ]
INFO: [ app_end ] --END-- [ RunTime:0.000976s ]

[ 2018-02-13T22:41:06+08:00 ] 113.96.219.247 /index.php?s=/super/WealthDetailed/userActivationDetails.html
INFO: [ app_init ] --START--
INFO: Run Behavior\BuildLiteBehavior [ RunTime:0.000000s ]
INFO: [ app_init ] --END-- [ RunTime:0.000000s ]
INFO: [ app_begin ] --START--
INFO: Run Behavior\ReadHtmlCacheBehavior [ RunTime:0.000976s ]
INFO: [ app_begin ] --END-- [ RunTime:0.000976s ]
SQL: SHOW COLUMNS FROM `syd_activation_record` [ RunTime:0.0059s ]
SQL: SELECT COUNT(*) AS tp_count FROM `syd_activation_record` LIMIT 1   [ RunTime:0.0098s ]
NOTIC: [2] Missing argument 2 for Think\Page::setConfig(), called in D:\wwwroot\jpyc03\wwwroot\game\Common\Common\function.php on line 176 and defined D:\wwwroot\jpyc03\wwwroot\ThinkPHP\Library\Think\Page.class.php 第 58 行.
NOTIC: [2] Illegal offset type in isset or empty D:\wwwroot\jpyc03\wwwroot\ThinkPHP\Library\Think\Page.class.php 第 59 行.
SQL: SELECT `id`,`uid`,`account`,`username`,`time` FROM `syd_activation_record` ORDER BY id desc  LIMIT 0,10   [ RunTime:0.0000s ]
INFO: [ view_parse ] --START--
INFO: [ template_filter ] --START--
INFO: Run Behavior\ContentReplaceBehavior [ RunTime:0.000000s ]
INFO: [ template_filter ] --END-- [ RunTime:0.000000s ]
INFO: Run Behavior\ParseTemplateBehavior [ RunTime:0.025390s ]
INFO: [ view_parse ] --END-- [ RunTime:0.025390s ]
INFO: [ view_filter ] --START--
INFO: Run Behavior\WriteHtmlCacheBehavior [ RunTime:0.000977s ]
INFO: [ view_filter ] --END-- [ RunTime:0.000977s ]
INFO: [ app_end ] --START--
INFO: Run Behavior\ShowPageTraceBehavior [ RunTime:0.000000s ]
INFO: [ app_end ] --END-- [ RunTime:0.000000s ]

[ 2018-02-13T22:41:10+08:00 ] 113.96.219.247 /index.php?s=/super/UserAdministration/administrationPage.html
INFO: [ app_init ] --START--
INFO: Run Behavior\BuildLiteBehavior [ RunTime:0.000000s ]
INFO: [ app_init ] --END-- [ RunTime:0.000977s ]
INFO: [ app_begin ] --START--
INFO: Run Behavior\ReadHtmlCacheBehavior [ RunTime:0.000976s ]
INFO: [ app_begin ] --END-- [ RunTime:0.000976s ]
SQL: SHOW COLUMNS FROM `syd_user` [ RunTime:0.0078s ]
NOTIC: [8] Undefined variable: where D:\wwwroot\jpyc03\wwwroot\game\Admin\Controller\UserAdministrationController.class.php 第 27 行.
SQL: SELECT COUNT(*) AS tp_count FROM `syd_user` LIMIT 1   [ RunTime:0.0020s ]
NOTIC: [2] Missing argument 2 for Think\Page::setConfig(), called in D:\wwwroot\jpyc03\wwwroot\game\Common\Common\function.php on line 176 and defined D:\wwwroot\jpyc03\wwwroot\ThinkPHP\Library\Think\Page.class.php 第 58 行.
NOTIC: [2] Illegal offset type in isset or empty D:\wwwroot\jpyc03\wwwroot\ThinkPHP\Library\Think\Page.class.php 第 59 行.
NOTIC: [8] Undefined variable: where D:\wwwroot\jpyc03\wwwroot\game\Admin\Controller\UserAdministrationController.class.php 第 30 行.
SQL: SELECT `userid`,`account`,`username`,`lockuser`,`time`,`parent_id`,`identity_card`,`phone`,`daili_id` FROM `syd_user` ORDER BY userid desc  LIMIT 0,10   [ RunTime:0.0000s ]
SQL: SELECT `account` FROM `syd_user` WHERE ( userid=194 ) LIMIT 1   [ RunTime:0.0000s ]
SQL: SELECT `account` FROM `syd_user` WHERE ( userid=194 ) LIMIT 1   [ RunTime:0.0000s ]
SQL: SELECT `account` FROM `syd_user` WHERE ( userid=194 ) LIMIT 1   [ RunTime:0.0000s ]
SQL: SELECT `account` FROM `syd_user` WHERE ( userid=194 ) LIMIT 1   [ RunTime:0.0000s ]
SQL: SELECT `account` FROM `syd_user` WHERE ( userid=194 ) LIMIT 1   [ RunTime:0.0000s ]
SQL: SELECT `account` FROM `syd_user` WHERE ( userid=194 ) LIMIT 1   [ RunTime:0.0000s ]
SQL: SELECT `account` FROM `syd_user` WHERE ( userid=194 ) LIMIT 1   [ RunTime:0.0000s ]
SQL: SELECT `account` FROM `syd_user` WHERE ( userid=194 ) LIMIT 1   [ RunTime:0.0010s ]
SQL: SELECT `account` FROM `syd_user` WHERE ( userid=194 ) LIMIT 1   [ RunTime:0.0000s ]
INFO: [ view_parse ] --START--
INFO: [ template_filter ] --START--
INFO: Run Behavior\ContentReplaceBehavior [ RunTime:0.000000s ]
INFO: [ template_filter ] --END-- [ RunTime:0.000000s ]
NOTIC: [8] Undefined index: buycar_status D:\wwwroot\jpyc03\wwwroot\game\Runtime\Cache\Admin\84ae4299843d77ca40815b68eb67b7fb.php 第 55 行.
NOTIC: [8] Undefined index: buycar_status D:\wwwroot\jpyc03\wwwroot\game\Runtime\Cache\Admin\84ae4299843d77ca40815b68eb67b7fb.php 第 55 行.
NOTIC: [8] Undefined index: buycar_status D:\wwwroot\jpyc03\wwwroot\game\Runtime\Cache\Admin\84ae4299843d77ca40815b68eb67b7fb.php 第 55 行.
NOTIC: [8] Undefined index: buycar_status D:\wwwroot\jpyc03\wwwroot\game\Runtime\Cache\Admin\84ae4299843d77ca40815b68eb67b7fb.php 第 55 行.
NOTIC: [8] Undefined index: buycar_status D:\wwwroot\jpyc03\wwwroot\game\Runtime\Cache\Admin\84ae4299843d77ca40815b68eb67b7fb.php 第 55 行.
NOTIC: [8] Undefined index: buycar_status D:\wwwroot\jpyc03\wwwroot\game\Runtime\Cache\Admin\84ae4299843d77ca40815b68eb67b7fb.php 第 55 行.
NOTIC: [8] Undefined index: buycar_status D:\wwwroot\jpyc03\wwwroot\game\Runtime\Cache\Admin\84ae4299843d77ca40815b68eb67b7fb.php 第 55 行.
NOTIC: [8] Undefined index: buycar_status D:\wwwroot\jpyc03\wwwroot\game\Runtime\Cache\Admin\84ae4299843d77ca40815b68eb67b7fb.php 第 55 行.
NOTIC: [8] Undefined index: buycar_status D:\wwwroot\jpyc03\wwwroot\game\Runtime\Cache\Admin\84ae4299843d77ca40815b68eb67b7fb.php 第 55 行.
NOTIC: [8] Undefined index: daili_account D:\wwwroot\jpyc03\wwwroot\game\Runtime\Cache\Admin\84ae4299843d77ca40815b68eb67b7fb.php 第 63 行.
NOTIC: [8] Undefined index: buycar_status D:\wwwroot\jpyc03\wwwroot\game\Runtime\Cache\Admin\84ae4299843d77ca40815b68eb67b7fb.php 第 55 行.
INFO: Run Behavior\ParseTemplateBehavior [ RunTime:0.013672s ]
INFO: [ view_parse ] --END-- [ RunTime:0.013672s ]
INFO: [ view_filter ] --START--
INFO: Run Behavior\WriteHtmlCacheBehavior [ RunTime:0.000977s ]
INFO: [ view_filter ] --END-- [ RunTime:0.000977s ]
INFO: [ app_end ] --START--
INFO: Run Behavior\ShowPageTraceBehavior [ RunTime:0.000976s ]
INFO: [ app_end ] --END-- [ RunTime:0.000976s ]

[ 2018-02-13T22:41:20+08:00 ] 58.247.212.98 /index.php?s=/super/login/idcheck
INFO: [ app_init ] --START--
INFO: Run Behavior\BuildLiteBehavior [ RunTime:0.000000s ]
INFO: [ app_init ] --END-- [ RunTime:0.000000s ]
INFO: [ app_begin ] --START--
INFO: Run Behavior\ReadHtmlCacheBehavior [ RunTime:0.000976s ]
INFO: [ app_begin ] --END-- [ RunTime:0.000976s ]

[ 2018-02-13T22:41:21+08:00 ] 58.247.212.98 /index.php?s=/super/Index/gameNotice
INFO: [ app_init ] --START--
INFO: Run Behavior\BuildLiteBehavior [ RunTime:0.000000s ]
INFO: [ app_init ] --END-- [ RunTime:0.000977s ]
INFO: [ app_begin ] --START--
INFO: Run Behavior\ReadHtmlCacheBehavior [ RunTime:0.000000s ]
INFO: [ app_begin ] --END-- [ RunTime:0.000000s ]

[ 2018-02-13T22:41:26+08:00 ] 120.204.17.68 /index.php?s=/super/UserAdministration/administrationPage.html
INFO: [ app_init ] --START--
INFO: Run Behavior\BuildLiteBehavior [ RunTime:0.000977s ]
INFO: [ app_init ] --END-- [ RunTime:0.000977s ]
INFO: [ app_begin ] --START--
INFO: Run Behavior\ReadHtmlCacheBehavior [ RunTime:0.000000s ]
INFO: [ app_begin ] --END-- [ RunTime:0.000000s ]

[ 2018-02-13T22:41:59+08:00 ] 120.204.17.73 /index.php?s=/super/UserAdministration/userRecommendStructure.html
INFO: [ app_init ] --START--
INFO: Run Behavior\BuildLiteBehavior [ RunTime:0.000000s ]
INFO: [ app_init ] --END-- [ RunTime:0.000977s ]
INFO: [ app_begin ] --START--
INFO: Run Behavior\ReadHtmlCacheBehavior [ RunTime:0.000000s ]
INFO: [ app_begin ] --END-- [ RunTime:0.000976s ]

[ 2018-02-13T22:42:04+08:00 ] 113.96.219.247 /index.php?s=/super/UserAdministration/administrationPage.html
INFO: [ app_init ] --START--
INFO: Run Behavior\BuildLiteBehavior [ RunTime:0.000000s ]
INFO: [ app_init ] --END-- [ RunTime:0.000000s ]
INFO: [ app_begin ] --START--
INFO: Run Behavior\ReadHtmlCacheBehavior [ RunTime:0.000977s ]
INFO: [ app_begin ] --END-- [ RunTime:0.000977s ]
SQL: SHOW COLUMNS FROM `syd_user` [ RunTime:0.0049s ]
NOTIC: [8] Undefined variable: where D:\wwwroot\jpyc03\wwwroot\game\Admin\Controller\UserAdministrationController.class.php 第 27 行.
SQL: SELECT COUNT(*) AS tp_count FROM `syd_user` LIMIT 1   [ RunTime:0.0000s ]
NOTIC: [2] Missing argument 2 for Think\Page::setConfig(), called in D:\wwwroot\jpyc03\wwwroot\game\Common\Common\function.php on line 176 and defined D:\wwwroot\jpyc03\wwwroot\ThinkPHP\Library\Think\Page.class.php 第 58 行.
NOTIC: [2] Illegal offset type in isset or empty D:\wwwroot\jpyc03\wwwroot\ThinkPHP\Library\Think\Page.class.php 第 59 行.
NOTIC: [8] Undefined variable: where D:\wwwroot\jpyc03\wwwroot\game\Admin\Controller\UserAdministrationController.class.php 第 30 行.
SQL: SELECT `userid`,`account`,`username`,`lockuser`,`time`,`parent_id`,`identity_card`,`phone`,`daili_id` FROM `syd_user` ORDER BY userid desc  LIMIT 0,10   [ RunTime:0.0000s ]
SQL: SELECT `account` FROM `syd_user` WHERE ( userid=194 ) LIMIT 1   [ RunTime:0.0000s ]
SQL: SELECT `account` FROM `syd_user` WHERE ( userid=194 ) LIMIT 1   [ RunTime:0.0000s ]
SQL: SELECT `account` FROM `syd_user` WHERE ( userid=194 ) LIMIT 1   [ RunTime:0.0000s ]
SQL: SELECT `account` FROM `syd_user` WHERE ( userid=194 ) LIMIT 1   [ RunTime:0.0010s ]
SQL: SELECT `account` FROM `syd_user` WHERE ( userid=194 ) LIMIT 1   [ RunTime:0.0000s ]
SQL: SELECT `account` FROM `syd_user` WHERE ( userid=194 ) LIMIT 1   [ RunTime:0.0000s ]
SQL: SELECT `account` FROM `syd_user` WHERE ( userid=194 ) LIMIT 1   [ RunTime:0.0000s ]
SQL: SELECT `account` FROM `syd_user` WHERE ( userid=194 ) LIMIT 1   [ RunTime:0.0010s ]
SQL: SELECT `account` FROM `syd_user` WHERE ( userid=194 ) LIMIT 1   [ RunTime:0.0000s ]
INFO: [ view_parse ] --START--
INFO: [ template_filter ] --START--
INFO: Run Behavior\ContentReplaceBehavior [ RunTime:0.000000s ]
INFO: [ template_filter ] --END-- [ RunTime:0.000000s ]
NOTIC: [8] Undefined index: buycar_status D:\wwwroot\jpyc03\wwwroot\game\Runtime\Cache\Admin\84ae4299843d77ca40815b68eb67b7fb.php 第 55 行.
NOTIC: [8] Undefined index: buycar_status D:\wwwroot\jpyc03\wwwroot\game\Runtime\Cache\Admin\84ae4299843d77ca40815b68eb67b7fb.php 第 55 行.
NOTIC: [8] Undefined index: buycar_status D:\wwwroot\jpyc03\wwwroot\game\Runtime\Cache\Admin\84ae4299843d77ca40815b68eb67b7fb.php 第 55 行.
NOTIC: [8] Undefined index: buycar_status D:\wwwroot\jpyc03\wwwroot\game\Runtime\Cache\Admin\84ae4299843d77ca40815b68eb67b7fb.php 第 55 行.
NOTIC: [8] Undefined index: buycar_status D:\wwwroot\jpyc03\wwwroot\game\Runtime\Cache\Admin\84ae4299843d77ca40815b68eb67b7fb.php 第 55 行.
NOTIC: [8] Undefined index: buycar_status D:\wwwroot\jpyc03\wwwroot\game\Runtime\Cache\Admin\84ae4299843d77ca40815b68eb67b7fb.php 第 55 行.
NOTIC: [8] Undefined index: buycar_status D:\wwwroot\jpyc03\wwwroot\game\Runtime\Cache\Admin\84ae4299843d77ca40815b68eb67b7fb.php 第 55 行.
NOTIC: [8] Undefined index: buycar_status D:\wwwroot\jpyc03\wwwroot\game\Runtime\Cache\Admin\84ae4299843d77ca40815b68eb67b7fb.php 第 55 行.
NOTIC: [8] Undefined index: buycar_status D:\wwwroot\jpyc03\wwwroot\game\Runtime\Cache\Admin\84ae4299843d77ca40815b68eb67b7fb.php 第 55 行.
NOTIC: [8] Undefined index: daili_account D:\wwwroot\jpyc03\wwwroot\game\Runtime\Cache\Admin\84ae4299843d77ca40815b68eb67b7fb.php 第 63 行.
NOTIC: [8] Undefined index: buycar_status D:\wwwroot\jpyc03\wwwroot\game\Runtime\Cache\Admin\84ae4299843d77ca40815b68eb67b7fb.php 第 55 行.
INFO: Run Behavior\ParseTemplateBehavior [ RunTime:0.010743s ]
INFO: [ view_parse ] --END-- [ RunTime:0.010743s ]
INFO: [ view_filter ] --START--
INFO: Run Behavior\WriteHtmlCacheBehavior [ RunTime:0.000000s ]
INFO: [ view_filter ] --END-- [ RunTime:0.000000s ]
INFO: [ app_end ] --START--
INFO: Run Behavior\ShowPageTraceBehavior [ RunTime:0.000976s ]
INFO: [ app_end ] --END-- [ RunTime:0.000976s ]

[ 2018-02-13T22:42:05+08:00 ] 120.204.17.68 /index.php?s=/super/WealthDetailed/userActivationDetails.html
INFO: [ app_init ] --START--
INFO: Run Behavior\BuildLiteBehavior [ RunTime:0.000000s ]
INFO: [ app_init ] --END-- [ RunTime:0.000000s ]
INFO: [ app_begin ] --START--
INFO: Run Behavior\ReadHtmlCacheBehavior [ RunTime:0.000977s ]
INFO: [ app_begin ] --END-- [ RunTime:0.000977s ]

[ 2018-02-13T22:42:15+08:00 ] 113.96.219.247 /index.php?s=/super/Index/gameNotice
INFO: [ app_init ] --START--
INFO: Run Behavior\BuildLiteBehavior [ RunTime:0.000000s ]
INFO: [ app_init ] --END-- [ RunTime:0.000000s ]
INFO: [ app_begin ] --START--
INFO: Run Behavior\ReadHtmlCacheBehavior [ RunTime:0.000977s ]
INFO: [ app_begin ] --END-- [ RunTime:0.000977s ]
SQL: SHOW COLUMNS FROM `syd_store` [ RunTime:0.0029s ]
NOTIC: [2] Missing argument 1 for Think\Model::where(), called in D:\wwwroot\jpyc03\wwwroot\game\Admin\Controller\IndexController.class.php on line 34 and defined D:\wwwroot\jpyc03\wwwroot\ThinkPHP\Library\Think\Model.class.php 第 1797 行.
NOTIC: [8] Undefined variable: where D:\wwwroot\jpyc03\wwwroot\ThinkPHP\Library\Think\Model.class.php 第 1805 行.
NOTIC: [8] Undefined variable: where D:\wwwroot\jpyc03\wwwroot\ThinkPHP\Library\Think\Model.class.php 第 1808 行.
NOTIC: [8] Undefined variable: where D:\wwwroot\jpyc03\wwwroot\ThinkPHP\Library\Think\Model.class.php 第 1816 行.
SQL: SELECT SUM(gold) AS tp_sum FROM `syd_store` LIMIT 1   [ RunTime:0.0020s ]
NOTIC: [2] Missing argument 1 for Think\Model::where(), called in D:\wwwroot\jpyc03\wwwroot\game\Admin\Controller\IndexController.class.php on line 35 and defined D:\wwwroot\jpyc03\wwwroot\ThinkPHP\Library\Think\Model.class.php 第 1797 行.
NOTIC: [8] Undefined variable: where D:\wwwroot\jpyc03\wwwroot\ThinkPHP\Library\Think\Model.class.php 第 1805 行.
NOTIC: [8] Undefined variable: where D:\wwwroot\jpyc03\wwwroot\ThinkPHP\Library\Think\Model.class.php 第 1808 行.
NOTIC: [8] Undefined variable: where D:\wwwroot\jpyc03\wwwroot\ThinkPHP\Library\Think\Model.class.php 第 1816 行.
SQL: SELECT SUM(report_money) AS tp_sum FROM `syd_store` LIMIT 1   [ RunTime:0.0000s ]
NOTIC: [2] Missing argument 1 for Think\Model::where(), called in D:\wwwroot\jpyc03\wwwroot\game\Admin\Controller\IndexController.class.php on line 36 and defined D:\wwwroot\jpyc03\wwwroot\ThinkPHP\Library\Think\Model.class.php 第 1797 行.
NOTIC: [8] Undefined variable: where D:\wwwroot\jpyc03\wwwroot\ThinkPHP\Library\Think\Model.class.php 第 1805 行.
NOTIC: [8] Undefined variable: where D:\wwwroot\jpyc03\wwwroot\ThinkPHP\Library\Think\Model.class.php 第 1808 行.
NOTIC: [8] Undefined variable: where D:\wwwroot\jpyc03\wwwroot\ThinkPHP\Library\Think\Model.class.php 第 1816 行.
SQL: SELECT SUM(buycar_money) AS tp_sum FROM `syd_store` LIMIT 1   [ RunTime:0.0010s ]
NOTIC: [2] Missing argument 1 for Think\Model::where(), called in D:\wwwroot\jpyc03\wwwroot\game\Admin\Controller\IndexController.class.php on line 37 and defined D:\wwwroot\jpyc03\wwwroot\ThinkPHP\Library\Think\Model.class.php 第 1797 行.
NOTIC: [8] Undefined variable: where D:\wwwroot\jpyc03\wwwroot\ThinkPHP\Library\Think\Model.class.php 第 1805 行.
NOTIC: [8] Undefined variable: where D:\wwwroot\jpyc03\wwwroot\ThinkPHP\Library\Think\Model.class.php 第 1808 行.
NOTIC: [8] Undefined variable: where D:\wwwroot\jpyc03\wwwroot\ThinkPHP\Library\Think\Model.class.php 第 1816 行.
SQL: SELECT SUM(bonus) AS tp_sum FROM `syd_store` LIMIT 1   [ RunTime:0.0000s ]
NOTIC: [2] Missing argument 1 for Think\Model::where(), called in D:\wwwroot\jpyc03\wwwroot\game\Admin\Controller\IndexController.class.php on line 38 and defined D:\wwwroot\jpyc03\wwwroot\ThinkPHP\Library\Think\Model.class.php 第 1797 行.
NOTIC: [8] Undefined variable: where D:\wwwroot\jpyc03\wwwroot\ThinkPHP\Library\Think\Model.class.php 第 1805 行.
NOTIC: [8] Undefined variable: where D:\wwwroot\jpyc03\wwwroot\ThinkPHP\Library\Think\Model.class.php 第 1808 行.
NOTIC: [8] Undefined variable: where D:\wwwroot\jpyc03\wwwroot\ThinkPHP\Library\Think\Model.class.php 第 1816 行.
SQL: SELECT SUM(frozen_money) AS tp_sum FROM `syd_store` LIMIT 1   [ RunTime:0.0000s ]
SQL: SHOW COLUMNS FROM `syd_transaction` [ RunTime:0.0068s ]
SQL: SELECT SUM(money) AS tp_sum FROM `syd_transaction` WHERE ( `time` > 1518451200 AND `time` < 1518537600  ) LIMIT 1   [ RunTime:0.0039s ]
SQL: SHOW COLUMNS FROM `syd_withdraw` [ RunTime:0.0059s ]
SQL: SELECT SUM(money) AS tp_sum FROM `syd_withdraw` WHERE ( `time` > 1518451200 AND `time` < 1518537600  ) LIMIT 1   [ RunTime:0.0029s ]
SQL: SHOW COLUMNS FROM `syd_user` [ RunTime:0.0049s ]
SQL: SELECT COUNT(*) AS tp_count FROM `syd_user` WHERE ( `time` > 1518451200 AND `time` < 1518537600  ) LIMIT 1   [ RunTime:0.0000s ]
SQL: SHOW COLUMNS FROM `syd_getbuycarmoney_record` [ RunTime:0.0029s ]
SQL: SELECT COUNT(*) AS tp_count FROM `syd_getbuycarmoney_record` WHERE ( `time` > 1518451200 AND `time` < 1518537600  ) LIMIT 1   [ RunTime:0.0020s ]
SQL: SHOW COLUMNS FROM `syd_getgold_record` [ RunTime:0.0020s ]
SQL: SELECT COUNT(*) AS tp_count FROM `syd_getgold_record` WHERE ( `time` > 1518451200 AND `time` < 1518537600  ) LIMIT 1   [ RunTime:0.0029s ]
SQL: SHOW COLUMNS FROM `syd_getbonus_record` [ RunTime:0.0049s ]
SQL: SELECT COUNT(*) AS tp_count FROM `syd_getbonus_record` WHERE ( `time` > 1518451200 AND `time` < 1518537600  ) LIMIT 1   [ RunTime:0.0020s ]
SQL: SHOW COLUMNS FROM `syd_upside_record` [ RunTime:0.0049s ]
SQL: SELECT SUM(money) AS tp_sum FROM `syd_upside_record` WHERE ( `time` > 1518451200 AND `time` < 1518537600  ) LIMIT 1   [ RunTime:0.0029s ]
INFO: [ view_parse ] --START--
INFO: [ template_filter ] --START--
INFO: Run Behavior\ContentReplaceBehavior [ RunTime:0.000000s ]
INFO: [ template_filter ] --END-- [ RunTime:0.000000s ]
INFO: Run Behavior\ParseTemplateBehavior [ RunTime:0.006836s ]
INFO: [ view_parse ] --END-- [ RunTime:0.006836s ]
INFO: [ view_filter ] --START--
INFO: Run Behavior\WriteHtmlCacheBehavior [ RunTime:0.000000s ]
INFO: [ view_filter ] --END-- [ RunTime:0.000000s ]
INFO: [ app_end ] --START--
INFO: Run Behavior\ShowPageTraceBehavior [ RunTime:0.001953s ]
INFO: [ app_end ] --END-- [ RunTime:0.001953s ]

[ 2018-02-13T22:44:09+08:00 ] 101.226.65.107 /index.php?s=/super/UserAdministration/administrationPage.html
INFO: [ app_init ] --START--
INFO: Run Behavior\BuildLiteBehavior [ RunTime:0.000000s ]
INFO: [ app_init ] --END-- [ RunTime:0.000977s ]
INFO: [ app_begin ] --START--
INFO: Run Behavior\ReadHtmlCacheBehavior [ RunTime:0.000976s ]
INFO: [ app_begin ] --END-- [ RunTime:0.000976s ]

[ 2018-02-13T22:44:09+08:00 ] 101.226.65.107 /index.php?s=/super/Login/index
INFO: [ app_init ] --START--
INFO: Run Behavior\BuildLiteBehavior [ RunTime:0.000000s ]
INFO: [ app_init ] --END-- [ RunTime:0.000000s ]
INFO: [ app_begin ] --START--
INFO: Run Behavior\ReadHtmlCacheBehavior [ RunTime:0.000976s ]
INFO: [ app_begin ] --END-- [ RunTime:0.000976s ]
INFO: [ view_parse ] --START--
INFO: [ template_filter ] --START--
INFO: Run Behavior\ContentReplaceBehavior [ RunTime:0.000000s ]
INFO: [ template_filter ] --END-- [ RunTime:0.000000s ]
INFO: Run Behavior\ParseTemplateBehavior [ RunTime:0.009766s ]
INFO: [ view_parse ] --END-- [ RunTime:0.009766s ]
INFO: [ view_filter ] --START--
INFO: Run Behavior\WriteHtmlCacheBehavior [ RunTime:0.000976s ]
INFO: [ view_filter ] --END-- [ RunTime:0.000976s ]
INFO: [ app_end ] --START--
INFO: Run Behavior\ShowPageTraceBehavior [ RunTime:0.000977s ]
INFO: [ app_end ] --END-- [ RunTime:0.000977s ]

[ 2018-02-13T22:44:42+08:00 ] 101.226.65.107 /index.php?s=/super/UserAdministration/userRecommendStructure.html
INFO: [ app_init ] --START--
INFO: Run Behavior\BuildLiteBehavior [ RunTime:0.000000s ]
INFO: [ app_init ] --END-- [ RunTime:0.000976s ]
INFO: [ app_begin ] --START--
INFO: Run Behavior\ReadHtmlCacheBehavior [ RunTime:0.001953s ]
INFO: [ app_begin ] --END-- [ RunTime:0.001953s ]

[ 2018-02-13T22:44:43+08:00 ] 101.226.65.107 /index.php?s=/super/Login/index
INFO: [ app_init ] --START--
INFO: Run Behavior\BuildLiteBehavior [ RunTime:0.000000s ]
INFO: [ app_init ] --END-- [ RunTime:0.000000s ]
INFO: [ app_begin ] --START--
INFO: Run Behavior\ReadHtmlCacheBehavior [ RunTime:0.000976s ]
INFO: [ app_begin ] --END-- [ RunTime:0.000976s ]
INFO: [ view_parse ] --START--
INFO: [ template_filter ] --START--
INFO: Run Behavior\ContentReplaceBehavior [ RunTime:0.000000s ]
INFO: [ template_filter ] --END-- [ RunTime:0.000000s ]
INFO: Run Behavior\ParseTemplateBehavior [ RunTime:0.008789s ]
INFO: [ view_parse ] --END-- [ RunTime:0.008789s ]
INFO: [ view_filter ] --START--
INFO: Run Behavior\WriteHtmlCacheBehavior [ RunTime:0.000976s ]
INFO: [ view_filter ] --END-- [ RunTime:0.000976s ]
INFO: [ app_end ] --START--
INFO: Run Behavior\ShowPageTraceBehavior [ RunTime:0.000977s ]
INFO: [ app_end ] --END-- [ RunTime:0.000977s ]

