[ 2018-03-21T22:22:28+08:00 ] ::1 /mc/index.php?s=/super
INFO: [ app_init ] --START--
INFO: Run Behavior\BuildLiteBehavior [ RunTime:0.000013s ]
INFO: [ app_init ] --END-- [ RunTime:0.001086s ]
INFO: [ app_begin ] --START--
INFO: Run Behavior\ReadHtmlCacheBehavior [ RunTime:0.001292s ]
INFO: [ app_begin ] --END-- [ RunTime:0.001377s ]

[ 2018-03-21T22:22:28+08:00 ] ::1 /mc/index.php?s=/super/Login/index
INFO: [ app_init ] --START--
INFO: Run Behavior\BuildLiteBehavior [ RunTime:0.000013s ]
INFO: [ app_init ] --END-- [ RunTime:0.000696s ]
INFO: [ app_begin ] --START--
INFO: Run Behavior\ReadHtmlCacheBehavior [ RunTime:0.000760s ]
INFO: [ app_begin ] --END-- [ RunTime:0.000804s ]
INFO: [ view_parse ] --START--
INFO: [ template_filter ] --START--
INFO: Run Behavior\ContentReplaceBehavior [ RunTime:0.000042s ]
INFO: [ template_filter ] --END-- [ RunTime:0.000096s ]
INFO: Run Behavior\ParseTemplateBehavior [ RunTime:0.022656s ]
INFO: [ view_parse ] --END-- [ RunTime:0.022732s ]
INFO: [ view_filter ] --START--
INFO: Run Behavior\WriteHtmlCacheBehavior [ RunTime:0.000715s ]
INFO: [ view_filter ] --END-- [ RunTime:0.000756s ]
INFO: [ app_end ] --START--
INFO: Run Behavior\ShowPageTraceBehavior [ RunTime:0.000921s ]
INFO: [ app_end ] --END-- [ RunTime:0.000967s ]

[ 2018-03-21T22:24:23+08:00 ] ::1 /mc/index.php?s=/super/Login/index
INFO: [ app_init ] --START--
INFO: Run Behavior\BuildLiteBehavior [ RunTime:0.000014s ]
INFO: [ app_init ] --END-- [ RunTime:0.000850s ]
INFO: [ app_begin ] --START--
INFO: Run Behavior\ReadHtmlCacheBehavior [ RunTime:0.000926s ]
INFO: [ app_begin ] --END-- [ RunTime:0.000987s ]
INFO: [ view_parse ] --START--
INFO: [ template_filter ] --START--
INFO: Run Behavior\ContentReplaceBehavior [ RunTime:0.000065s ]
INFO: [ template_filter ] --END-- [ RunTime:0.000122s ]
INFO: Run Behavior\ParseTemplateBehavior [ RunTime:0.008736s ]
INFO: [ view_parse ] --END-- [ RunTime:0.008821s ]
INFO: [ view_filter ] --START--
INFO: Run Behavior\WriteHtmlCacheBehavior [ RunTime:0.000690s ]
INFO: [ view_filter ] --END-- [ RunTime:0.000774s ]
INFO: [ app_end ] --START--
INFO: Run Behavior\ShowPageTraceBehavior [ RunTime:0.000915s ]
INFO: [ app_end ] --END-- [ RunTime:0.000956s ]

[ 2018-03-21T22:24:27+08:00 ] ::1 /mc/index.php?s=/super/login/idcheck
INFO: [ app_init ] --START--
INFO: Run Behavior\BuildLiteBehavior [ RunTime:0.000013s ]
INFO: [ app_init ] --END-- [ RunTime:0.000736s ]
INFO: [ app_begin ] --START--
INFO: Run Behavior\ReadHtmlCacheBehavior [ RunTime:0.000807s ]
INFO: [ app_begin ] --END-- [ RunTime:0.000858s ]
SQL: SHOW COLUMNS FROM `syd_nzspuser` [ RunTime:0.0105s ]
SQL: SELECT * FROM `syd_nzspuser` WHERE ( sp_username='admin' ) LIMIT 1   [ RunTime:0.0005s ]
SQL: UPDATE `syd_nzspuser` SET `sp_logintime`='1521642267',`sp_loginip`='0.0.0.0' WHERE ( sp_id ='1' ) [ RunTime:0.0079s ]
INFO: [ app_end ] --START--
INFO: Run Behavior\ShowPageTraceBehavior [ RunTime:0.001110s ]
INFO: [ app_end ] --END-- [ RunTime:0.001163s ]

[ 2018-03-21T22:24:29+08:00 ] ::1 /mc/index.php?s=/super/index/backstageSammaryPage
INFO: [ app_init ] --START--
INFO: Run Behavior\BuildLiteBehavior [ RunTime:0.000018s ]
INFO: [ app_init ] --END-- [ RunTime:0.001196s ]
INFO: [ app_begin ] --START--
INFO: Run Behavior\ReadHtmlCacheBehavior [ RunTime:0.001798s ]
INFO: [ app_begin ] --END-- [ RunTime:0.001915s ]
SQL: SHOW COLUMNS FROM `syd_nzspuser` [ RunTime:0.0099s ]
SQL: SELECT `power` FROM `syd_nzspuser` WHERE ( sp_id=1 ) LIMIT 1   [ RunTime:0.0004s ]
INFO: [ view_parse ] --START--
INFO: [ template_filter ] --START--
INFO: Run Behavior\ContentReplaceBehavior [ RunTime:0.000076s ]
INFO: [ template_filter ] --END-- [ RunTime:0.000148s ]
INFO: Run Behavior\ParseTemplateBehavior [ RunTime:0.034231s ]
INFO: [ view_parse ] --END-- [ RunTime:0.034320s ]
INFO: [ view_filter ] --START--
INFO: Run Behavior\WriteHtmlCacheBehavior [ RunTime:0.001288s ]
INFO: [ view_filter ] --END-- [ RunTime:0.001356s ]
INFO: [ app_end ] --START--
INFO: Run Behavior\ShowPageTraceBehavior [ RunTime:0.001874s ]
INFO: [ app_end ] --END-- [ RunTime:0.001943s ]

[ 2018-03-21T22:24:29+08:00 ] ::1 /mc/index.php?s=/super/Index/gameNotice
INFO: [ app_init ] --START--
INFO: Run Behavior\BuildLiteBehavior [ RunTime:0.000035s ]
INFO: [ app_init ] --END-- [ RunTime:0.001870s ]
INFO: [ app_begin ] --START--
INFO: Run Behavior\ReadHtmlCacheBehavior [ RunTime:0.002381s ]
INFO: [ app_begin ] --END-- [ RunTime:0.002538s ]
SQL: SHOW COLUMNS FROM `syd_store` [ RunTime:0.0108s ]
NOTIC: [2] Missing argument 1 for Think\Model::where(), called in D:\xampp\htdocs\mc\game\Admin\Controller\IndexController.class.php on line 34 and defined D:\xampp\htdocs\mc\ThinkPHP\Library\Think\Model.class.php 第 1797 行.
NOTIC: [8] Undefined variable: where D:\xampp\htdocs\mc\ThinkPHP\Library\Think\Model.class.php 第 1805 行.
NOTIC: [8] Undefined variable: where D:\xampp\htdocs\mc\ThinkPHP\Library\Think\Model.class.php 第 1808 行.
NOTIC: [8] Undefined variable: where D:\xampp\htdocs\mc\ThinkPHP\Library\Think\Model.class.php 第 1816 行.
SQL: SELECT SUM(gold) AS tp_sum FROM `syd_store` LIMIT 1   [ RunTime:0.0057s ]
NOTIC: [2] Missing argument 1 for Think\Model::where(), called in D:\xampp\htdocs\mc\game\Admin\Controller\IndexController.class.php on line 35 and defined D:\xampp\htdocs\mc\ThinkPHP\Library\Think\Model.class.php 第 1797 行.
NOTIC: [8] Undefined variable: where D:\xampp\htdocs\mc\ThinkPHP\Library\Think\Model.class.php 第 1805 行.
NOTIC: [8] Undefined variable: where D:\xampp\htdocs\mc\ThinkPHP\Library\Think\Model.class.php 第 1808 行.
NOTIC: [8] Undefined variable: where D:\xampp\htdocs\mc\ThinkPHP\Library\Think\Model.class.php 第 1816 行.
SQL: SELECT SUM(report_money) AS tp_sum FROM `syd_store` LIMIT 1   [ RunTime:0.0006s ]
NOTIC: [2] Missing argument 1 for Think\Model::where(), called in D:\xampp\htdocs\mc\game\Admin\Controller\IndexController.class.php on line 36 and defined D:\xampp\htdocs\mc\ThinkPHP\Library\Think\Model.class.php 第 1797 行.
NOTIC: [8] Undefined variable: where D:\xampp\htdocs\mc\ThinkPHP\Library\Think\Model.class.php 第 1805 行.
NOTIC: [8] Undefined variable: where D:\xampp\htdocs\mc\ThinkPHP\Library\Think\Model.class.php 第 1808 行.
NOTIC: [8] Undefined variable: where D:\xampp\htdocs\mc\ThinkPHP\Library\Think\Model.class.php 第 1816 行.
SQL: SELECT SUM(buycar_money) AS tp_sum FROM `syd_store` LIMIT 1   [ RunTime:0.0005s ]
NOTIC: [2] Missing argument 1 for Think\Model::where(), called in D:\xampp\htdocs\mc\game\Admin\Controller\IndexController.class.php on line 37 and defined D:\xampp\htdocs\mc\ThinkPHP\Library\Think\Model.class.php 第 1797 行.
NOTIC: [8] Undefined variable: where D:\xampp\htdocs\mc\ThinkPHP\Library\Think\Model.class.php 第 1805 行.
NOTIC: [8] Undefined variable: where D:\xampp\htdocs\mc\ThinkPHP\Library\Think\Model.class.php 第 1808 行.
NOTIC: [8] Undefined variable: where D:\xampp\htdocs\mc\ThinkPHP\Library\Think\Model.class.php 第 1816 行.
SQL: SELECT SUM(bonus) AS tp_sum FROM `syd_store` LIMIT 1   [ RunTime:0.0005s ]
NOTIC: [2] Missing argument 1 for Think\Model::where(), called in D:\xampp\htdocs\mc\game\Admin\Controller\IndexController.class.php on line 38 and defined D:\xampp\htdocs\mc\ThinkPHP\Library\Think\Model.class.php 第 1797 行.
NOTIC: [8] Undefined variable: where D:\xampp\htdocs\mc\ThinkPHP\Library\Think\Model.class.php 第 1805 行.
NOTIC: [8] Undefined variable: where D:\xampp\htdocs\mc\ThinkPHP\Library\Think\Model.class.php 第 1808 行.
NOTIC: [8] Undefined variable: where D:\xampp\htdocs\mc\ThinkPHP\Library\Think\Model.class.php 第 1816 行.
SQL: SELECT SUM(frozen_money) AS tp_sum FROM `syd_store` LIMIT 1   [ RunTime:0.0004s ]
SQL: SHOW COLUMNS FROM `syd_transaction` [ RunTime:0.0123s ]
SQL: SELECT SUM(money) AS tp_sum FROM `syd_transaction` WHERE ( `time` > 1521561600 AND `time` < 1521648000  ) LIMIT 1   [ RunTime:0.0019s ]
SQL: SHOW COLUMNS FROM `syd_withdraw` [ RunTime:0.0145s ]
SQL: SELECT SUM(money) AS tp_sum FROM `syd_withdraw` WHERE ( `time` > 1521561600 AND `time` < 1521648000  ) LIMIT 1   [ RunTime:0.0006s ]
SQL: SHOW COLUMNS FROM `syd_user` [ RunTime:0.0161s ]
SQL: SELECT COUNT(*) AS tp_count FROM `syd_user` WHERE ( `time` > 1521561600 AND `time` < 1521648000  ) LIMIT 1   [ RunTime:0.0033s ]
SQL: SHOW COLUMNS FROM `syd_getbuycarmoney_record` [ RunTime:0.0215s ]
SQL: SELECT COUNT(*) AS tp_count FROM `syd_getbuycarmoney_record` WHERE ( `time` > 1521561600 AND `time` < 1521648000  ) LIMIT 1   [ RunTime:0.0006s ]
SQL: SHOW COLUMNS FROM `syd_getgold_record` [ RunTime:0.0206s ]
SQL: SELECT COUNT(*) AS tp_count FROM `syd_getgold_record` WHERE ( `time` > 1521561600 AND `time` < 1521648000  ) LIMIT 1   [ RunTime:0.0005s ]
SQL: SHOW COLUMNS FROM `syd_getbonus_record` [ RunTime:0.0173s ]
SQL: SELECT COUNT(*) AS tp_count FROM `syd_getbonus_record` WHERE ( `time` > 1521561600 AND `time` < 1521648000  ) LIMIT 1   [ RunTime:0.0019s ]
SQL: SHOW COLUMNS FROM `syd_upside_record` [ RunTime:0.0186s ]
SQL: SELECT SUM(money) AS tp_sum FROM `syd_upside_record` WHERE ( `time` > 1521561600 AND `time` < 1521648000  ) LIMIT 1   [ RunTime:0.0006s ]
INFO: [ view_parse ] --START--
INFO: [ template_filter ] --START--
INFO: Run Behavior\ContentReplaceBehavior [ RunTime:0.000071s ]
INFO: [ template_filter ] --END-- [ RunTime:0.000126s ]
INFO: Run Behavior\ParseTemplateBehavior [ RunTime:0.013977s ]
INFO: [ view_parse ] --END-- [ RunTime:0.014057s ]
INFO: [ view_filter ] --START--
INFO: Run Behavior\WriteHtmlCacheBehavior [ RunTime:0.000912s ]
INFO: [ view_filter ] --END-- [ RunTime:0.000967s ]
INFO: [ app_end ] --START--
INFO: Run Behavior\ShowPageTraceBehavior [ RunTime:0.001149s ]
INFO: [ app_end ] --END-- [ RunTime:0.001208s ]

[ 2018-03-21T22:24:32+08:00 ] ::1 /mc/index.php?s=/super/UserAdministration/administrationPage.html
INFO: [ app_init ] --START--
INFO: Run Behavior\BuildLiteBehavior [ RunTime:0.000032s ]
INFO: [ app_init ] --END-- [ RunTime:0.001746s ]
INFO: [ app_begin ] --START--
INFO: Run Behavior\ReadHtmlCacheBehavior [ RunTime:0.001507s ]
INFO: [ app_begin ] --END-- [ RunTime:0.001597s ]
SQL: SHOW COLUMNS FROM `syd_user` [ RunTime:0.0298s ]
NOTIC: [8] Undefined variable: where D:\xampp\htdocs\mc\game\Admin\Controller\UserAdministrationController.class.php 第 27 行.
SQL: SELECT COUNT(*) AS tp_count FROM `syd_user` LIMIT 1   [ RunTime:0.0008s ]
NOTIC: [2] Missing argument 2 for Think\Page::setConfig(), called in D:\xampp\htdocs\mc\game\Common\Common\function.php on line 176 and defined D:\xampp\htdocs\mc\ThinkPHP\Library\Think\Page.class.php 第 58 行.
NOTIC: [2] Illegal offset type in isset or empty D:\xampp\htdocs\mc\ThinkPHP\Library\Think\Page.class.php 第 59 行.
NOTIC: [8] Undefined variable: where D:\xampp\htdocs\mc\game\Admin\Controller\UserAdministrationController.class.php 第 30 行.
SQL: SELECT `userid`,`account`,`username`,`lockuser`,`time`,`parent_id`,`identity_card`,`phone`,`daili_id` FROM `syd_user` ORDER BY userid desc  LIMIT 0,10   [ RunTime:0.0013s ]
SQL: SELECT `account` FROM `syd_user` WHERE ( userid=194 ) LIMIT 1   [ RunTime:0.0009s ]
SQL: SELECT `account` FROM `syd_user` WHERE ( userid=194 ) LIMIT 1   [ RunTime:0.0007s ]
SQL: SELECT `account` FROM `syd_user` WHERE ( userid=194 ) LIMIT 1   [ RunTime:0.0006s ]
SQL: SELECT `account` FROM `syd_user` WHERE ( userid=194 ) LIMIT 1   [ RunTime:0.0006s ]
SQL: SELECT `account` FROM `syd_user` WHERE ( userid=194 ) LIMIT 1   [ RunTime:0.0005s ]
SQL: SELECT `account` FROM `syd_user` WHERE ( userid=194 ) LIMIT 1   [ RunTime:0.0005s ]
SQL: SELECT `account` FROM `syd_user` WHERE ( userid=194 ) LIMIT 1   [ RunTime:0.0006s ]
SQL: SELECT `account` FROM `syd_user` WHERE ( userid=194 ) LIMIT 1   [ RunTime:0.0028s ]
SQL: SELECT `account` FROM `syd_user` WHERE ( userid=194 ) LIMIT 1   [ RunTime:0.0027s ]
INFO: [ view_parse ] --START--
INFO: [ template_filter ] --START--
INFO: Run Behavior\ContentReplaceBehavior [ RunTime:0.000076s ]
INFO: [ template_filter ] --END-- [ RunTime:0.000173s ]
NOTIC: [8] Undefined index: buycar_status D:\xampp\htdocs\mc\game\Runtime\Cache\Admin\84ae4299843d77ca40815b68eb67b7fb.php 第 55 行.
NOTIC: [8] Undefined index: buycar_status D:\xampp\htdocs\mc\game\Runtime\Cache\Admin\84ae4299843d77ca40815b68eb67b7fb.php 第 55 行.
NOTIC: [8] Undefined index: buycar_status D:\xampp\htdocs\mc\game\Runtime\Cache\Admin\84ae4299843d77ca40815b68eb67b7fb.php 第 55 行.
NOTIC: [8] Undefined index: buycar_status D:\xampp\htdocs\mc\game\Runtime\Cache\Admin\84ae4299843d77ca40815b68eb67b7fb.php 第 55 行.
NOTIC: [8] Undefined index: buycar_status D:\xampp\htdocs\mc\game\Runtime\Cache\Admin\84ae4299843d77ca40815b68eb67b7fb.php 第 55 行.
NOTIC: [8] Undefined index: buycar_status D:\xampp\htdocs\mc\game\Runtime\Cache\Admin\84ae4299843d77ca40815b68eb67b7fb.php 第 55 行.
NOTIC: [8] Undefined index: buycar_status D:\xampp\htdocs\mc\game\Runtime\Cache\Admin\84ae4299843d77ca40815b68eb67b7fb.php 第 55 行.
NOTIC: [8] Undefined index: buycar_status D:\xampp\htdocs\mc\game\Runtime\Cache\Admin\84ae4299843d77ca40815b68eb67b7fb.php 第 55 行.
NOTIC: [8] Undefined index: buycar_status D:\xampp\htdocs\mc\game\Runtime\Cache\Admin\84ae4299843d77ca40815b68eb67b7fb.php 第 55 行.
NOTIC: [8] Undefined index: daili_account D:\xampp\htdocs\mc\game\Runtime\Cache\Admin\84ae4299843d77ca40815b68eb67b7fb.php 第 63 行.
NOTIC: [8] Undefined index: buycar_status D:\xampp\htdocs\mc\game\Runtime\Cache\Admin\84ae4299843d77ca40815b68eb67b7fb.php 第 55 行.
INFO: Run Behavior\ParseTemplateBehavior [ RunTime:0.032148s ]
INFO: [ view_parse ] --END-- [ RunTime:0.032276s ]
INFO: [ view_filter ] --START--
INFO: Run Behavior\WriteHtmlCacheBehavior [ RunTime:0.001571s ]
INFO: [ view_filter ] --END-- [ RunTime:0.001642s ]
INFO: [ app_end ] --START--
INFO: Run Behavior\ShowPageTraceBehavior [ RunTime:0.001889s ]
INFO: [ app_end ] --END-- [ RunTime:0.001978s ]

[ 2018-03-21T22:24:40+08:00 ] ::1 /mc/index.php?s=/super/UserAdministration/administrationPage/p/4
INFO: [ app_init ] --START--
INFO: Run Behavior\BuildLiteBehavior [ RunTime:0.000018s ]
INFO: [ app_init ] --END-- [ RunTime:0.001082s ]
INFO: [ app_begin ] --START--
INFO: Run Behavior\ReadHtmlCacheBehavior [ RunTime:0.000947s ]
INFO: [ app_begin ] --END-- [ RunTime:0.001006s ]
SQL: SHOW COLUMNS FROM `syd_user` [ RunTime:0.0105s ]
NOTIC: [8] Undefined variable: where D:\xampp\htdocs\mc\game\Admin\Controller\UserAdministrationController.class.php 第 27 行.
SQL: SELECT COUNT(*) AS tp_count FROM `syd_user` LIMIT 1   [ RunTime:0.0003s ]
NOTIC: [2] Missing argument 2 for Think\Page::setConfig(), called in D:\xampp\htdocs\mc\game\Common\Common\function.php on line 176 and defined D:\xampp\htdocs\mc\ThinkPHP\Library\Think\Page.class.php 第 58 行.
NOTIC: [2] Illegal offset type in isset or empty D:\xampp\htdocs\mc\ThinkPHP\Library\Think\Page.class.php 第 59 行.
NOTIC: [8] Undefined variable: where D:\xampp\htdocs\mc\game\Admin\Controller\UserAdministrationController.class.php 第 30 行.
SQL: SELECT `userid`,`account`,`username`,`lockuser`,`time`,`parent_id`,`identity_card`,`phone`,`daili_id` FROM `syd_user` ORDER BY userid desc  LIMIT 30,10   [ RunTime:0.0008s ]
INFO: [ view_parse ] --START--
INFO: [ template_filter ] --START--
INFO: Run Behavior\ContentReplaceBehavior [ RunTime:0.000047s ]
INFO: [ template_filter ] --END-- [ RunTime:0.000083s ]
NOTIC: [8] Undefined index: buycar_status D:\xampp\htdocs\mc\game\Runtime\Cache\Admin\84ae4299843d77ca40815b68eb67b7fb.php 第 55 行.
NOTIC: [8] Undefined index: daili_account D:\xampp\htdocs\mc\game\Runtime\Cache\Admin\84ae4299843d77ca40815b68eb67b7fb.php 第 63 行.
NOTIC: [8] Undefined index: buycar_status D:\xampp\htdocs\mc\game\Runtime\Cache\Admin\84ae4299843d77ca40815b68eb67b7fb.php 第 55 行.
NOTIC: [8] Undefined index: daili_account D:\xampp\htdocs\mc\game\Runtime\Cache\Admin\84ae4299843d77ca40815b68eb67b7fb.php 第 63 行.
NOTIC: [8] Undefined index: buycar_status D:\xampp\htdocs\mc\game\Runtime\Cache\Admin\84ae4299843d77ca40815b68eb67b7fb.php 第 55 行.
NOTIC: [8] Undefined index: daili_account D:\xampp\htdocs\mc\game\Runtime\Cache\Admin\84ae4299843d77ca40815b68eb67b7fb.php 第 63 行.
NOTIC: [8] Undefined index: buycar_status D:\xampp\htdocs\mc\game\Runtime\Cache\Admin\84ae4299843d77ca40815b68eb67b7fb.php 第 55 行.
NOTIC: [8] Undefined index: daili_account D:\xampp\htdocs\mc\game\Runtime\Cache\Admin\84ae4299843d77ca40815b68eb67b7fb.php 第 63 行.
NOTIC: [8] Undefined index: buycar_status D:\xampp\htdocs\mc\game\Runtime\Cache\Admin\84ae4299843d77ca40815b68eb67b7fb.php 第 55 行.
NOTIC: [8] Undefined index: daili_account D:\xampp\htdocs\mc\game\Runtime\Cache\Admin\84ae4299843d77ca40815b68eb67b7fb.php 第 63 行.
NOTIC: [8] Undefined index: buycar_status D:\xampp\htdocs\mc\game\Runtime\Cache\Admin\84ae4299843d77ca40815b68eb67b7fb.php 第 55 行.
NOTIC: [8] Undefined index: daili_account D:\xampp\htdocs\mc\game\Runtime\Cache\Admin\84ae4299843d77ca40815b68eb67b7fb.php 第 63 行.
NOTIC: [8] Undefined index: buycar_status D:\xampp\htdocs\mc\game\Runtime\Cache\Admin\84ae4299843d77ca40815b68eb67b7fb.php 第 55 行.
NOTIC: [8] Undefined index: daili_account D:\xampp\htdocs\mc\game\Runtime\Cache\Admin\84ae4299843d77ca40815b68eb67b7fb.php 第 63 行.
NOTIC: [8] Undefined index: buycar_status D:\xampp\htdocs\mc\game\Runtime\Cache\Admin\84ae4299843d77ca40815b68eb67b7fb.php 第 55 行.
NOTIC: [8] Undefined index: daili_account D:\xampp\htdocs\mc\game\Runtime\Cache\Admin\84ae4299843d77ca40815b68eb67b7fb.php 第 63 行.
NOTIC: [8] Undefined index: buycar_status D:\xampp\htdocs\mc\game\Runtime\Cache\Admin\84ae4299843d77ca40815b68eb67b7fb.php 第 55 行.
NOTIC: [8] Undefined index: daili_account D:\xampp\htdocs\mc\game\Runtime\Cache\Admin\84ae4299843d77ca40815b68eb67b7fb.php 第 63 行.
INFO: Run Behavior\ParseTemplateBehavior [ RunTime:0.010952s ]
INFO: [ view_parse ] --END-- [ RunTime:0.010994s ]
INFO: [ view_filter ] --START--
INFO: Run Behavior\WriteHtmlCacheBehavior [ RunTime:0.000624s ]
INFO: [ view_filter ] --END-- [ RunTime:0.000657s ]
INFO: [ app_end ] --START--
INFO: Run Behavior\ShowPageTraceBehavior [ RunTime:0.000735s ]
INFO: [ app_end ] --END-- [ RunTime:0.000776s ]

[ 2018-03-21T22:24:42+08:00 ] ::1 /mc/index.php?s=/super/UserAdministration/administrationPage/p/3
INFO: [ app_init ] --START--
INFO: Run Behavior\BuildLiteBehavior [ RunTime:0.000019s ]
INFO: [ app_init ] --END-- [ RunTime:0.001215s ]
INFO: [ app_begin ] --START--
INFO: Run Behavior\ReadHtmlCacheBehavior [ RunTime:0.001209s ]
INFO: [ app_begin ] --END-- [ RunTime:0.001282s ]
SQL: SHOW COLUMNS FROM `syd_user` [ RunTime:0.0864s ]
NOTIC: [8] Undefined variable: where D:\xampp\htdocs\mc\game\Admin\Controller\UserAdministrationController.class.php 第 27 行.
SQL: SELECT COUNT(*) AS tp_count FROM `syd_user` LIMIT 1   [ RunTime:0.0010s ]
NOTIC: [2] Missing argument 2 for Think\Page::setConfig(), called in D:\xampp\htdocs\mc\game\Common\Common\function.php on line 176 and defined D:\xampp\htdocs\mc\ThinkPHP\Library\Think\Page.class.php 第 58 行.
NOTIC: [2] Illegal offset type in isset or empty D:\xampp\htdocs\mc\ThinkPHP\Library\Think\Page.class.php 第 59 行.
NOTIC: [8] Undefined variable: where D:\xampp\htdocs\mc\game\Admin\Controller\UserAdministrationController.class.php 第 30 行.
SQL: SELECT `userid`,`account`,`username`,`lockuser`,`time`,`parent_id`,`identity_card`,`phone`,`daili_id` FROM `syd_user` ORDER BY userid desc  LIMIT 20,10   [ RunTime:0.0026s ]
SQL: SELECT `account` FROM `syd_user` WHERE ( userid=194 ) LIMIT 1   [ RunTime:0.0011s ]
SQL: SELECT `account` FROM `syd_user` WHERE ( userid=194 ) LIMIT 1   [ RunTime:0.0011s ]
SQL: SELECT `account` FROM `syd_user` WHERE ( userid=194 ) LIMIT 1   [ RunTime:0.0011s ]
SQL: SELECT `account` FROM `syd_user` WHERE ( userid=194 ) LIMIT 1   [ RunTime:0.0010s ]
SQL: SELECT `account` FROM `syd_user` WHERE ( userid=194 ) LIMIT 1   [ RunTime:0.0011s ]
SQL: SELECT `account` FROM `syd_user` WHERE ( userid=194 ) LIMIT 1   [ RunTime:0.0011s ]
SQL: SELECT `account` FROM `syd_user` WHERE ( userid=194 ) LIMIT 1   [ RunTime:0.0010s ]
INFO: [ view_parse ] --START--
INFO: [ template_filter ] --START--
INFO: Run Behavior\ContentReplaceBehavior [ RunTime:0.000227s ]
INFO: [ template_filter ] --END-- [ RunTime:0.000370s ]
NOTIC: [8] Undefined index: buycar_status D:\xampp\htdocs\mc\game\Runtime\Cache\Admin\84ae4299843d77ca40815b68eb67b7fb.php 第 55 行.
NOTIC: [8] Undefined index: buycar_status D:\xampp\htdocs\mc\game\Runtime\Cache\Admin\84ae4299843d77ca40815b68eb67b7fb.php 第 55 行.
NOTIC: [8] Undefined index: buycar_status D:\xampp\htdocs\mc\game\Runtime\Cache\Admin\84ae4299843d77ca40815b68eb67b7fb.php 第 55 行.
NOTIC: [8] Undefined index: buycar_status D:\xampp\htdocs\mc\game\Runtime\Cache\Admin\84ae4299843d77ca40815b68eb67b7fb.php 第 55 行.
NOTIC: [8] Undefined index: buycar_status D:\xampp\htdocs\mc\game\Runtime\Cache\Admin\84ae4299843d77ca40815b68eb67b7fb.php 第 55 行.
NOTIC: [8] Undefined index: buycar_status D:\xampp\htdocs\mc\game\Runtime\Cache\Admin\84ae4299843d77ca40815b68eb67b7fb.php 第 55 行.
NOTIC: [8] Undefined index: buycar_status D:\xampp\htdocs\mc\game\Runtime\Cache\Admin\84ae4299843d77ca40815b68eb67b7fb.php 第 55 行.
NOTIC: [8] Undefined index: buycar_status D:\xampp\htdocs\mc\game\Runtime\Cache\Admin\84ae4299843d77ca40815b68eb67b7fb.php 第 55 行.
NOTIC: [8] Undefined index: daili_account D:\xampp\htdocs\mc\game\Runtime\Cache\Admin\84ae4299843d77ca40815b68eb67b7fb.php 第 63 行.
NOTIC: [8] Undefined index: buycar_status D:\xampp\htdocs\mc\game\Runtime\Cache\Admin\84ae4299843d77ca40815b68eb67b7fb.php 第 55 行.
NOTIC: [8] Undefined index: daili_account D:\xampp\htdocs\mc\game\Runtime\Cache\Admin\84ae4299843d77ca40815b68eb67b7fb.php 第 63 行.
NOTIC: [8] Undefined index: buycar_status D:\xampp\htdocs\mc\game\Runtime\Cache\Admin\84ae4299843d77ca40815b68eb67b7fb.php 第 55 行.
NOTIC: [8] Undefined index: daili_account D:\xampp\htdocs\mc\game\Runtime\Cache\Admin\84ae4299843d77ca40815b68eb67b7fb.php 第 63 行.
INFO: Run Behavior\ParseTemplateBehavior [ RunTime:0.031453s ]
INFO: [ view_parse ] --END-- [ RunTime:0.031550s ]
INFO: [ view_filter ] --START--
INFO: Run Behavior\WriteHtmlCacheBehavior [ RunTime:0.000921s ]
INFO: [ view_filter ] --END-- [ RunTime:0.000977s ]
INFO: [ app_end ] --START--
INFO: Run Behavior\ShowPageTraceBehavior [ RunTime:0.001378s ]
INFO: [ app_end ] --END-- [ RunTime:0.001467s ]

[ 2018-03-21T22:25:24+08:00 ] ::1 /mc/index.php?s=/super/UserAdministration/userRecommendStructure.html
INFO: [ app_init ] --START--
INFO: Run Behavior\BuildLiteBehavior [ RunTime:0.000017s ]
INFO: [ app_init ] --END-- [ RunTime:0.000993s ]
INFO: [ app_begin ] --START--
INFO: Run Behavior\ReadHtmlCacheBehavior [ RunTime:0.002604s ]
INFO: [ app_begin ] --END-- [ RunTime:0.002883s ]
INFO: [ view_parse ] --START--
INFO: [ template_filter ] --START--
INFO: Run Behavior\ContentReplaceBehavior [ RunTime:0.000101s ]
INFO: [ template_filter ] --END-- [ RunTime:0.000192s ]
NOTIC: [8] Undefined variable: structureInfo D:\xampp\htdocs\mc\game\Runtime\Cache\Admin\8baa507d15108485b01caca01d4d600b.php 第 39 行.
NOTIC: [8] Undefined variable: structureInfo D:\xampp\htdocs\mc\game\Runtime\Cache\Admin\8baa507d15108485b01caca01d4d600b.php 第 42 行.
NOTIC: [8] Undefined variable: structureInfo D:\xampp\htdocs\mc\game\Runtime\Cache\Admin\8baa507d15108485b01caca01d4d600b.php 第 45 行.
NOTIC: [8] Undefined variable: structureInfo D:\xampp\htdocs\mc\game\Runtime\Cache\Admin\8baa507d15108485b01caca01d4d600b.php 第 45 行.
NOTIC: [8] Undefined variable: structureInfo D:\xampp\htdocs\mc\game\Runtime\Cache\Admin\8baa507d15108485b01caca01d4d600b.php 第 48 行.
NOTIC: [8] Use of undefined constant 注册 - assumed '注册' D:\xampp\htdocs\mc\game\Runtime\Cache\Admin\8baa507d15108485b01caca01d4d600b.php 第 57 行.
NOTIC: [8] Undefined variable: structureInfo D:\xampp\htdocs\mc\game\Runtime\Cache\Admin\8baa507d15108485b01caca01d4d600b.php 第 60 行.
NOTIC: [8] Undefined variable: structureInfo D:\xampp\htdocs\mc\game\Runtime\Cache\Admin\8baa507d15108485b01caca01d4d600b.php 第 63 行.
NOTIC: [8] Undefined variable: structureInfo D:\xampp\htdocs\mc\game\Runtime\Cache\Admin\8baa507d15108485b01caca01d4d600b.php 第 63 行.
NOTIC: [8] Undefined variable: structureInfo D:\xampp\htdocs\mc\game\Runtime\Cache\Admin\8baa507d15108485b01caca01d4d600b.php 第 66 行.
NOTIC: [8] Use of undefined constant 注册 - assumed '注册' D:\xampp\htdocs\mc\game\Runtime\Cache\Admin\8baa507d15108485b01caca01d4d600b.php 第 73 行.
NOTIC: [8] Undefined variable: structureInfo D:\xampp\htdocs\mc\game\Runtime\Cache\Admin\8baa507d15108485b01caca01d4d600b.php 第 76 行.
NOTIC: [8] Undefined variable: structureInfo D:\xampp\htdocs\mc\game\Runtime\Cache\Admin\8baa507d15108485b01caca01d4d600b.php 第 79 行.
NOTIC: [8] Undefined variable: structureInfo D:\xampp\htdocs\mc\game\Runtime\Cache\Admin\8baa507d15108485b01caca01d4d600b.php 第 79 行.
NOTIC: [8] Undefined variable: structureInfo D:\xampp\htdocs\mc\game\Runtime\Cache\Admin\8baa507d15108485b01caca01d4d600b.php 第 82 行.
NOTIC: [8] Use of undefined constant 注册 - assumed '注册' D:\xampp\htdocs\mc\game\Runtime\Cache\Admin\8baa507d15108485b01caca01d4d600b.php 第 95 行.
NOTIC: [8] Undefined variable: structureInfo D:\xampp\htdocs\mc\game\Runtime\Cache\Admin\8baa507d15108485b01caca01d4d600b.php 第 98 行.
NOTIC: [8] Undefined variable: structureInfo D:\xampp\htdocs\mc\game\Runtime\Cache\Admin\8baa507d15108485b01caca01d4d600b.php 第 101 行.
NOTIC: [8] Undefined variable: structureInfo D:\xampp\htdocs\mc\game\Runtime\Cache\Admin\8baa507d15108485b01caca01d4d600b.php 第 101 行.
NOTIC: [8] Undefined variable: structureInfo D:\xampp\htdocs\mc\game\Runtime\Cache\Admin\8baa507d15108485b01caca01d4d600b.php 第 104 行.
NOTIC: [8] Use of undefined constant 注册 - assumed '注册' D:\xampp\htdocs\mc\game\Runtime\Cache\Admin\8baa507d15108485b01caca01d4d600b.php 第 111 行.
NOTIC: [8] Undefined variable: structureInfo D:\xampp\htdocs\mc\game\Runtime\Cache\Admin\8baa507d15108485b01caca01d4d600b.php 第 114 行.
NOTIC: [8] Undefined variable: structureInfo D:\xampp\htdocs\mc\game\Runtime\Cache\Admin\8baa507d15108485b01caca01d4d600b.php 第 117 行.
NOTIC: [8] Undefined variable: structureInfo D:\xampp\htdocs\mc\game\Runtime\Cache\Admin\8baa507d15108485b01caca01d4d600b.php 第 117 行.
NOTIC: [8] Undefined variable: structureInfo D:\xampp\htdocs\mc\game\Runtime\Cache\Admin\8baa507d15108485b01caca01d4d600b.php 第 120 行.
NOTIC: [8] Use of undefined constant 注册 - assumed '注册' D:\xampp\htdocs\mc\game\Runtime\Cache\Admin\8baa507d15108485b01caca01d4d600b.php 第 126 行.
NOTIC: [8] Undefined variable: structureInfo D:\xampp\htdocs\mc\game\Runtime\Cache\Admin\8baa507d15108485b01caca01d4d600b.php 第 129 行.
NOTIC: [8] Undefined variable: structureInfo D:\xampp\htdocs\mc\game\Runtime\Cache\Admin\8baa507d15108485b01caca01d4d600b.php 第 132 行.
NOTIC: [8] Undefined variable: structureInfo D:\xampp\htdocs\mc\game\Runtime\Cache\Admin\8baa507d15108485b01caca01d4d600b.php 第 132 行.
NOTIC: [8] Undefined variable: structureInfo D:\xampp\htdocs\mc\game\Runtime\Cache\Admin\8baa507d15108485b01caca01d4d600b.php 第 135 行.
INFO: Run Behavior\ParseTemplateBehavior [ RunTime:0.036389s ]
INFO: [ view_parse ] --END-- [ RunTime:0.036540s ]
INFO: [ view_filter ] --START--
INFO: Run Behavior\WriteHtmlCacheBehavior [ RunTime:0.002842s ]
INFO: [ view_filter ] --END-- [ RunTime:0.002931s ]
INFO: [ app_end ] --START--
INFO: Run Behavior\ShowPageTraceBehavior [ RunTime:0.001488s ]
INFO: [ app_end ] --END-- [ RunTime:0.001562s ]

[ 2018-03-21T22:25:25+08:00 ] ::1 /mc/index.php?s=/super/UserAdministration/agentExamine.html
INFO: [ app_init ] --START--
INFO: Run Behavior\BuildLiteBehavior [ RunTime:0.000039s ]
INFO: [ app_init ] --END-- [ RunTime:0.001211s ]
INFO: [ app_begin ] --START--
INFO: Run Behavior\ReadHtmlCacheBehavior [ RunTime:0.001340s ]
INFO: [ app_begin ] --END-- [ RunTime:0.001476s ]
SQL: SHOW COLUMNS FROM `syd_apply_agent` [ RunTime:0.0222s ]
SQL: SELECT COUNT(*) AS tp_count FROM `syd_apply_agent` WHERE `status` = 0 LIMIT 1   [ RunTime:0.0012s ]
NOTIC: [2] Missing argument 2 for Think\Page::setConfig(), called in D:\xampp\htdocs\mc\game\Common\Common\function.php on line 176 and defined D:\xampp\htdocs\mc\ThinkPHP\Library\Think\Page.class.php 第 58 行.
NOTIC: [2] Illegal offset type in isset or empty D:\xampp\htdocs\mc\ThinkPHP\Library\Think\Page.class.php 第 59 行.
SQL: SELECT `id`,`uid`,`type`,`province`,`city`,`area`,`time`,`status` FROM `syd_apply_agent` WHERE `status` = 0 ORDER BY id desc  LIMIT 0,10   [ RunTime:0.0009s ]
SQL: SHOW COLUMNS FROM `syd_user` [ RunTime:0.0298s ]
SQL: SELECT * FROM `syd_user` WHERE ( userid=222 ) LIMIT 1   [ RunTime:0.0010s ]
SQL: SELECT * FROM `syd_user` WHERE ( userid=219 ) LIMIT 1   [ RunTime:0.0006s ]
SQL: SELECT * FROM `syd_user` WHERE ( userid=206 ) LIMIT 1   [ RunTime:0.0006s ]
SQL: SELECT * FROM `syd_user` WHERE ( userid=198 ) LIMIT 1   [ RunTime:0.0037s ]
SQL: SELECT * FROM `syd_user` WHERE ( userid=218 ) LIMIT 1   [ RunTime:0.0025s ]
SQL: SELECT * FROM `syd_user` WHERE ( userid=216 ) LIMIT 1   [ RunTime:0.0009s ]
SQL: SELECT * FROM `syd_user` WHERE ( userid=204 ) LIMIT 1   [ RunTime:0.0008s ]
SQL: SELECT * FROM `syd_user` WHERE ( userid=199 ) LIMIT 1   [ RunTime:0.0012s ]
SQL: SELECT * FROM `syd_user` WHERE ( userid=194 ) LIMIT 1   [ RunTime:0.0011s ]
INFO: [ view_parse ] --START--
INFO: [ template_filter ] --START--
INFO: Run Behavior\ContentReplaceBehavior [ RunTime:0.000054s ]
INFO: [ template_filter ] --END-- [ RunTime:0.000123s ]
INFO: Run Behavior\ParseTemplateBehavior [ RunTime:0.029964s ]
INFO: [ view_parse ] --END-- [ RunTime:0.030054s ]
INFO: [ view_filter ] --START--
INFO: Run Behavior\WriteHtmlCacheBehavior [ RunTime:0.001231s ]
INFO: [ view_filter ] --END-- [ RunTime:0.001320s ]
INFO: [ app_end ] --START--
INFO: Run Behavior\ShowPageTraceBehavior [ RunTime:0.001336s ]
INFO: [ app_end ] --END-- [ RunTime:0.001411s ]

[ 2018-03-21T22:25:53+08:00 ] ::1 /mc/index.php?s=/super/ParameterProbability/operationLogPage.html
INFO: [ app_init ] --START--
INFO: Run Behavior\BuildLiteBehavior [ RunTime:0.000037s ]
INFO: [ app_init ] --END-- [ RunTime:0.001667s ]
INFO: [ app_begin ] --START--
INFO: Run Behavior\ReadHtmlCacheBehavior [ RunTime:0.001041s ]
INFO: [ app_begin ] --END-- [ RunTime:0.001137s ]
SQL: SHOW COLUMNS FROM `syd_management_operation` [ RunTime:0.0229s ]
SQL: SELECT COUNT(*) AS tp_count FROM `syd_management_operation` LIMIT 1   [ RunTime:0.0007s ]
NOTIC: [2] Missing argument 2 for Think\Page::setConfig(), called in D:\xampp\htdocs\mc\game\Common\Common\function.php on line 176 and defined D:\xampp\htdocs\mc\ThinkPHP\Library\Think\Page.class.php 第 58 行.
NOTIC: [2] Illegal offset type in isset or empty D:\xampp\htdocs\mc\ThinkPHP\Library\Think\Page.class.php 第 59 行.
SQL: SELECT * FROM `syd_management_operation` ORDER BY id desc  LIMIT 0,10   [ RunTime:0.0012s ]
SQL: SHOW COLUMNS FROM `syd_nzspuser` [ RunTime:0.0261s ]
SQL: SELECT `sp_username` FROM `syd_nzspuser` WHERE ( sp_id=1 ) LIMIT 1   [ RunTime:0.0007s ]
SQL: SHOW COLUMNS FROM `syd_user` [ RunTime:0.0230s ]
SQL: SELECT `account` FROM `syd_user` WHERE ( userid=194 ) LIMIT 1   [ RunTime:0.0007s ]
SQL: SELECT `sp_username` FROM `syd_nzspuser` WHERE ( sp_id=1 ) LIMIT 1   [ RunTime:0.0033s ]
SQL: SELECT `account` FROM `syd_user` WHERE ( userid=196 ) LIMIT 1   [ RunTime:0.0020s ]
SQL: SELECT `sp_username` FROM `syd_nzspuser` WHERE ( sp_id=1 ) LIMIT 1   [ RunTime:0.0007s ]
SQL: SELECT `account` FROM `syd_user` WHERE ( userid=204 ) LIMIT 1   [ RunTime:0.0007s ]
SQL: SELECT `sp_username` FROM `syd_nzspuser` WHERE ( sp_id=1 ) LIMIT 1   [ RunTime:0.0008s ]
SQL: SELECT `account` FROM `syd_user` WHERE ( userid=196 ) LIMIT 1   [ RunTime:0.0008s ]
SQL: SELECT `sp_username` FROM `syd_nzspuser` WHERE ( sp_id=1 ) LIMIT 1   [ RunTime:0.0007s ]
SQL: SELECT `account` FROM `syd_user` WHERE ( userid=193 ) LIMIT 1   [ RunTime:0.0006s ]
SQL: SELECT `sp_username` FROM `syd_nzspuser` WHERE ( sp_id=1 ) LIMIT 1   [ RunTime:0.0007s ]
SQL: SELECT `account` FROM `syd_user` WHERE ( userid=204 ) LIMIT 1   [ RunTime:0.0005s ]
SQL: SELECT `sp_username` FROM `syd_nzspuser` WHERE ( sp_id=1 ) LIMIT 1   [ RunTime:0.0004s ]
SQL: SELECT `account` FROM `syd_user` WHERE ( userid=222 ) LIMIT 1   [ RunTime:0.0004s ]
SQL: SELECT `sp_username` FROM `syd_nzspuser` WHERE ( sp_id=1 ) LIMIT 1   [ RunTime:0.0006s ]
SQL: SELECT `account` FROM `syd_user` WHERE ( userid=193 ) LIMIT 1   [ RunTime:0.0033s ]
SQL: SELECT `sp_username` FROM `syd_nzspuser` WHERE ( sp_id=1 ) LIMIT 1   [ RunTime:0.0022s ]
SQL: SELECT `account` FROM `syd_user` WHERE ( userid=194 ) LIMIT 1   [ RunTime:0.0007s ]
SQL: SELECT `sp_username` FROM `syd_nzspuser` WHERE ( sp_id=1 ) LIMIT 1   [ RunTime:0.0007s ]
SQL: SELECT `account` FROM `syd_user` WHERE ( userid=206 ) LIMIT 1   [ RunTime:0.0008s ]
INFO: [ view_parse ] --START--
INFO: [ template_filter ] --START--
INFO: Run Behavior\ContentReplaceBehavior [ RunTime:0.000173s ]
INFO: [ template_filter ] --END-- [ RunTime:0.000346s ]
INFO: Run Behavior\ParseTemplateBehavior [ RunTime:0.019322s ]
INFO: [ view_parse ] --END-- [ RunTime:0.019442s ]
INFO: [ view_filter ] --START--
INFO: Run Behavior\WriteHtmlCacheBehavior [ RunTime:0.001290s ]
INFO: [ view_filter ] --END-- [ RunTime:0.001360s ]
INFO: [ app_end ] --START--
INFO: Run Behavior\ShowPageTraceBehavior [ RunTime:0.001209s ]
INFO: [ app_end ] --END-- [ RunTime:0.001265s ]

[ 2018-03-21T22:25:59+08:00 ] ::1 /mc/index.php?s=/super/WealthDetailed/userDetails.html
INFO: [ app_init ] --START--
INFO: Run Behavior\BuildLiteBehavior [ RunTime:0.000063s ]
INFO: [ app_init ] --END-- [ RunTime:0.001204s ]
INFO: [ app_begin ] --START--
INFO: Run Behavior\ReadHtmlCacheBehavior [ RunTime:0.002367s ]
INFO: [ app_begin ] --END-- [ RunTime:0.002590s ]
SQL: SHOW COLUMNS FROM `syd_registration_record` [ RunTime:0.0224s ]
SQL: SELECT COUNT(*) AS tp_count FROM `syd_registration_record` LIMIT 1   [ RunTime:0.0008s ]
NOTIC: [2] Missing argument 2 for Think\Page::setConfig(), called in D:\xampp\htdocs\mc\game\Common\Common\function.php on line 176 and defined D:\xampp\htdocs\mc\ThinkPHP\Library\Think\Page.class.php 第 58 行.
NOTIC: [2] Illegal offset type in isset or empty D:\xampp\htdocs\mc\ThinkPHP\Library\Think\Page.class.php 第 59 行.
SQL: SELECT `id`,`uid`,`account`,`username`,`time` FROM `syd_registration_record` ORDER BY id desc  LIMIT 0,10   [ RunTime:0.0011s ]
INFO: [ view_parse ] --START--
INFO: [ template_filter ] --START--
INFO: Run Behavior\ContentReplaceBehavior [ RunTime:0.000120s ]
INFO: [ template_filter ] --END-- [ RunTime:0.000295s ]
INFO: Run Behavior\ParseTemplateBehavior [ RunTime:0.020246s ]
INFO: [ view_parse ] --END-- [ RunTime:0.020347s ]
INFO: [ view_filter ] --START--
INFO: Run Behavior\WriteHtmlCacheBehavior [ RunTime:0.002358s ]
INFO: [ view_filter ] --END-- [ RunTime:0.002626s ]
INFO: [ app_end ] --START--
INFO: Run Behavior\ShowPageTraceBehavior [ RunTime:0.003672s ]
INFO: [ app_end ] --END-- [ RunTime:0.003772s ]

[ 2018-03-21T22:26:00+08:00 ] ::1 /mc/index.php?s=/super/WealthDetailed/userActivationDetails.html
INFO: [ app_init ] --START--
INFO: Run Behavior\BuildLiteBehavior [ RunTime:0.000018s ]
INFO: [ app_init ] --END-- [ RunTime:0.002279s ]
INFO: [ app_begin ] --START--
INFO: Run Behavior\ReadHtmlCacheBehavior [ RunTime:0.003164s ]
INFO: [ app_begin ] --END-- [ RunTime:0.003513s ]
SQL: SHOW COLUMNS FROM `syd_activation_record` [ RunTime:0.0230s ]
SQL: SELECT COUNT(*) AS tp_count FROM `syd_activation_record` LIMIT 1   [ RunTime:0.0006s ]
NOTIC: [2] Missing argument 2 for Think\Page::setConfig(), called in D:\xampp\htdocs\mc\game\Common\Common\function.php on line 176 and defined D:\xampp\htdocs\mc\ThinkPHP\Library\Think\Page.class.php 第 58 行.
NOTIC: [2] Illegal offset type in isset or empty D:\xampp\htdocs\mc\ThinkPHP\Library\Think\Page.class.php 第 59 行.
SQL: SELECT `id`,`uid`,`account`,`username`,`time` FROM `syd_activation_record` ORDER BY id desc  LIMIT 0,10   [ RunTime:0.0009s ]
INFO: [ view_parse ] --START--
INFO: [ template_filter ] --START--
INFO: Run Behavior\ContentReplaceBehavior [ RunTime:0.000068s ]
INFO: [ template_filter ] --END-- [ RunTime:0.000148s ]
INFO: Run Behavior\ParseTemplateBehavior [ RunTime:0.023751s ]
INFO: [ view_parse ] --END-- [ RunTime:0.023954s ]
INFO: [ view_filter ] --START--
INFO: Run Behavior\WriteHtmlCacheBehavior [ RunTime:0.000920s ]
INFO: [ view_filter ] --END-- [ RunTime:0.000984s ]
INFO: [ app_end ] --START--
INFO: Run Behavior\ShowPageTraceBehavior [ RunTime:0.001175s ]
INFO: [ app_end ] --END-- [ RunTime:0.001233s ]

[ 2018-03-21T22:26:01+08:00 ] ::1 /mc/index.php?s=/super/WealthDetailed/userChargeHistory.html
INFO: [ app_init ] --START--
INFO: Run Behavior\BuildLiteBehavior [ RunTime:0.000013s ]
INFO: [ app_init ] --END-- [ RunTime:0.000776s ]
INFO: [ app_begin ] --START--
INFO: Run Behavior\ReadHtmlCacheBehavior [ RunTime:0.001082s ]
INFO: [ app_begin ] --END-- [ RunTime:0.001176s ]
SQL: SHOW COLUMNS FROM `syd_charge` [ RunTime:0.0402s ]
SQL: SELECT COUNT(*) AS tp_count FROM `syd_charge` LIMIT 1   [ RunTime:0.0010s ]
NOTIC: [2] Missing argument 2 for Think\Page::setConfig(), called in D:\xampp\htdocs\mc\game\Common\Common\function.php on line 176 and defined D:\xampp\htdocs\mc\ThinkPHP\Library\Think\Page.class.php 第 58 行.
NOTIC: [2] Illegal offset type in isset or empty D:\xampp\htdocs\mc\ThinkPHP\Library\Think\Page.class.php 第 59 行.
SQL: SELECT `id`,`uid`,`phone`,`money`,`time`,`status` FROM `syd_charge` ORDER BY id desc  LIMIT 0,10   [ RunTime:0.0009s ]
INFO: [ view_parse ] --START--
INFO: [ template_filter ] --START--
INFO: Run Behavior\ContentReplaceBehavior [ RunTime:0.000192s ]
INFO: [ template_filter ] --END-- [ RunTime:0.000690s ]
INFO: Run Behavior\ParseTemplateBehavior [ RunTime:0.024835s ]
INFO: [ view_parse ] --END-- [ RunTime:0.024906s ]
INFO: [ view_filter ] --START--
INFO: Run Behavior\WriteHtmlCacheBehavior [ RunTime:0.000843s ]
INFO: [ view_filter ] --END-- [ RunTime:0.000904s ]
INFO: [ app_end ] --START--
INFO: Run Behavior\ShowPageTraceBehavior [ RunTime:0.002441s ]
INFO: [ app_end ] --END-- [ RunTime:0.002635s ]

[ 2018-03-21T22:26:02+08:00 ] ::1 /mc/index.php?s=/super/WealthDetailed/userTransactionHistory.html
INFO: [ app_init ] --START--
INFO: Run Behavior\BuildLiteBehavior [ RunTime:0.000017s ]
INFO: [ app_init ] --END-- [ RunTime:0.000957s ]
INFO: [ app_begin ] --START--
INFO: Run Behavior\ReadHtmlCacheBehavior [ RunTime:0.001168s ]
INFO: [ app_begin ] --END-- [ RunTime:0.001241s ]
SQL: SHOW COLUMNS FROM `syd_transaction` [ RunTime:0.0224s ]
SQL: SELECT COUNT(*) AS tp_count FROM `syd_transaction` LIMIT 1   [ RunTime:0.0010s ]
NOTIC: [2] Missing argument 2 for Think\Page::setConfig(), called in D:\xampp\htdocs\mc\game\Common\Common\function.php on line 176 and defined D:\xampp\htdocs\mc\ThinkPHP\Library\Think\Page.class.php 第 58 行.
NOTIC: [2] Illegal offset type in isset or empty D:\xampp\htdocs\mc\ThinkPHP\Library\Think\Page.class.php 第 59 行.
SQL: SELECT * FROM `syd_transaction` ORDER BY id desc  LIMIT 0,10   [ RunTime:0.0027s ]
INFO: [ view_parse ] --START--
INFO: [ template_filter ] --START--
INFO: Run Behavior\ContentReplaceBehavior [ RunTime:0.000192s ]
INFO: [ template_filter ] --END-- [ RunTime:0.000493s ]
INFO: Run Behavior\ParseTemplateBehavior [ RunTime:0.023182s ]
INFO: [ view_parse ] --END-- [ RunTime:0.023294s ]
INFO: [ view_filter ] --START--
INFO: Run Behavior\WriteHtmlCacheBehavior [ RunTime:0.001048s ]
INFO: [ view_filter ] --END-- [ RunTime:0.001103s ]
INFO: [ app_end ] --START--
INFO: Run Behavior\ShowPageTraceBehavior [ RunTime:0.001164s ]
INFO: [ app_end ] --END-- [ RunTime:0.001228s ]

[ 2018-03-21T22:26:03+08:00 ] ::1 /mc/index.php?s=/super/WealthDetailed/userCapitalOffset.html
INFO: [ app_init ] --START--
INFO: Run Behavior\BuildLiteBehavior [ RunTime:0.000023s ]
INFO: [ app_init ] --END-- [ RunTime:0.002851s ]
INFO: [ app_begin ] --START--
INFO: Run Behavior\ReadHtmlCacheBehavior [ RunTime:0.001375s ]
INFO: [ app_begin ] --END-- [ RunTime:0.001462s ]
SQL: SHOW COLUMNS FROM `syd_store` [ RunTime:0.0209s ]
SQL: SELECT COUNT(*) AS tp_count FROM `syd_store` LIMIT 1   [ RunTime:0.0012s ]
NOTIC: [2] Missing argument 2 for Think\Page::setConfig(), called in D:\xampp\htdocs\mc\game\Common\Common\function.php on line 176 and defined D:\xampp\htdocs\mc\ThinkPHP\Library\Think\Page.class.php 第 58 行.
NOTIC: [2] Illegal offset type in isset or empty D:\xampp\htdocs\mc\ThinkPHP\Library\Think\Page.class.php 第 59 行.
SQL: SELECT * FROM `syd_store` ORDER BY id desc  LIMIT 0,10   [ RunTime:0.0011s ]
SQL: SHOW COLUMNS FROM `syd_user` [ RunTime:0.0268s ]
SQL: SELECT * FROM `syd_user` WHERE ( userid=222 ) LIMIT 1   [ RunTime:0.0012s ]
SQL: SELECT * FROM `syd_user` WHERE ( userid=221 ) LIMIT 1   [ RunTime:0.0008s ]
SQL: SELECT * FROM `syd_user` WHERE ( userid=220 ) LIMIT 1   [ RunTime:0.0035s ]
SQL: SELECT * FROM `syd_user` WHERE ( userid=219 ) LIMIT 1   [ RunTime:0.0008s ]
SQL: SELECT * FROM `syd_user` WHERE ( userid=218 ) LIMIT 1   [ RunTime:0.0007s ]
SQL: SELECT * FROM `syd_user` WHERE ( userid=217 ) LIMIT 1   [ RunTime:0.0007s ]
SQL: SELECT * FROM `syd_user` WHERE ( userid=216 ) LIMIT 1   [ RunTime:0.0009s ]
SQL: SELECT * FROM `syd_user` WHERE ( userid=215 ) LIMIT 1   [ RunTime:0.0010s ]
SQL: SELECT * FROM `syd_user` WHERE ( userid=214 ) LIMIT 1   [ RunTime:0.0028s ]
SQL: SELECT * FROM `syd_user` WHERE ( userid=213 ) LIMIT 1   [ RunTime:0.0009s ]
INFO: [ view_parse ] --START--
INFO: [ template_filter ] --START--
INFO: Run Behavior\ContentReplaceBehavior [ RunTime:0.000203s ]
INFO: [ template_filter ] --END-- [ RunTime:0.000445s ]
INFO: Run Behavior\ParseTemplateBehavior [ RunTime:0.022101s ]
INFO: [ view_parse ] --END-- [ RunTime:0.022185s ]
INFO: [ view_filter ] --START--
INFO: Run Behavior\WriteHtmlCacheBehavior [ RunTime:0.000905s ]
INFO: [ view_filter ] --END-- [ RunTime:0.000965s ]
INFO: [ app_end ] --START--
INFO: Run Behavior\ShowPageTraceBehavior [ RunTime:0.001257s ]
INFO: [ app_end ] --END-- [ RunTime:0.001320s ]

[ 2018-03-21T22:26:04+08:00 ] ::1 /mc/index.php?s=/super/WealthDetailed/remittanceHistory.html
INFO: [ app_init ] --START--
INFO: Run Behavior\BuildLiteBehavior [ RunTime:0.000017s ]
INFO: [ app_init ] --END-- [ RunTime:0.001187s ]
INFO: [ app_begin ] --START--
INFO: Run Behavior\ReadHtmlCacheBehavior [ RunTime:0.001160s ]
INFO: [ app_begin ] --END-- [ RunTime:0.001231s ]
SQL: SHOW COLUMNS FROM `syd_remittance` [ RunTime:0.0231s ]
SQL: SELECT COUNT(*) AS tp_count FROM `syd_remittance` LIMIT 1   [ RunTime:0.0017s ]
NOTIC: [2] Missing argument 2 for Think\Page::setConfig(), called in D:\xampp\htdocs\mc\game\Common\Common\function.php on line 176 and defined D:\xampp\htdocs\mc\ThinkPHP\Library\Think\Page.class.php 第 58 行.
NOTIC: [2] Illegal offset type in isset or empty D:\xampp\htdocs\mc\ThinkPHP\Library\Think\Page.class.php 第 59 行.
SQL: SELECT `id`,`receivables_account`,`receivables_username`,`remittance_money`,`remittance_bank`,`remittance_user` FROM `syd_remittance` ORDER BY id desc  LIMIT 0,10   [ RunTime:0.0011s ]
INFO: [ view_parse ] --START--
INFO: [ template_filter ] --START--
INFO: Run Behavior\ContentReplaceBehavior [ RunTime:0.000056s ]
INFO: [ template_filter ] --END-- [ RunTime:0.000118s ]
NOTIC: [8] Undefined index: time D:\xampp\htdocs\mc\game\Runtime\Cache\Admin\9dd062dd437bc2c4eebb5ea28b204b3d.php 第 65 行.
INFO: Run Behavior\ParseTemplateBehavior [ RunTime:0.048660s ]
INFO: [ view_parse ] --END-- [ RunTime:0.048733s ]
INFO: [ view_filter ] --START--
INFO: Run Behavior\WriteHtmlCacheBehavior [ RunTime:0.001120s ]
INFO: [ view_filter ] --END-- [ RunTime:0.001341s ]
INFO: [ app_end ] --START--
INFO: Run Behavior\ShowPageTraceBehavior [ RunTime:0.003073s ]
INFO: [ app_end ] --END-- [ RunTime:0.003174s ]

[ 2018-03-21T22:26:05+08:00 ] ::1 /mc/index.php?s=/super/WealthDetailed/userCapitalOffset.html
INFO: [ app_init ] --START--
INFO: Run Behavior\BuildLiteBehavior [ RunTime:0.000018s ]
INFO: [ app_init ] --END-- [ RunTime:0.002808s ]
INFO: [ app_begin ] --START--
INFO: Run Behavior\ReadHtmlCacheBehavior [ RunTime:0.001122s ]
INFO: [ app_begin ] --END-- [ RunTime:0.001194s ]
SQL: SHOW COLUMNS FROM `syd_store` [ RunTime:0.0214s ]
SQL: SELECT COUNT(*) AS tp_count FROM `syd_store` LIMIT 1   [ RunTime:0.0007s ]
NOTIC: [2] Missing argument 2 for Think\Page::setConfig(), called in D:\xampp\htdocs\mc\game\Common\Common\function.php on line 176 and defined D:\xampp\htdocs\mc\ThinkPHP\Library\Think\Page.class.php 第 58 行.
NOTIC: [2] Illegal offset type in isset or empty D:\xampp\htdocs\mc\ThinkPHP\Library\Think\Page.class.php 第 59 行.
SQL: SELECT * FROM `syd_store` ORDER BY id desc  LIMIT 0,10   [ RunTime:0.0009s ]
SQL: SHOW COLUMNS FROM `syd_user` [ RunTime:0.0262s ]
SQL: SELECT * FROM `syd_user` WHERE ( userid=222 ) LIMIT 1   [ RunTime:0.0012s ]
SQL: SELECT * FROM `syd_user` WHERE ( userid=221 ) LIMIT 1   [ RunTime:0.0011s ]
SQL: SELECT * FROM `syd_user` WHERE ( userid=220 ) LIMIT 1   [ RunTime:0.0031s ]
SQL: SELECT * FROM `syd_user` WHERE ( userid=219 ) LIMIT 1   [ RunTime:0.0007s ]
SQL: SELECT * FROM `syd_user` WHERE ( userid=218 ) LIMIT 1   [ RunTime:0.0007s ]
SQL: SELECT * FROM `syd_user` WHERE ( userid=217 ) LIMIT 1   [ RunTime:0.0008s ]
SQL: SELECT * FROM `syd_user` WHERE ( userid=216 ) LIMIT 1   [ RunTime:0.0011s ]
SQL: SELECT * FROM `syd_user` WHERE ( userid=215 ) LIMIT 1   [ RunTime:0.0026s ]
SQL: SELECT * FROM `syd_user` WHERE ( userid=214 ) LIMIT 1   [ RunTime:0.0011s ]
SQL: SELECT * FROM `syd_user` WHERE ( userid=213 ) LIMIT 1   [ RunTime:0.0009s ]
INFO: [ view_parse ] --START--
INFO: [ template_filter ] --START--
INFO: Run Behavior\ContentReplaceBehavior [ RunTime:0.000189s ]
INFO: [ template_filter ] --END-- [ RunTime:0.000375s ]
INFO: Run Behavior\ParseTemplateBehavior [ RunTime:0.021207s ]
INFO: [ view_parse ] --END-- [ RunTime:0.021278s ]
INFO: [ view_filter ] --START--
INFO: Run Behavior\WriteHtmlCacheBehavior [ RunTime:0.000947s ]
INFO: [ view_filter ] --END-- [ RunTime:0.001029s ]
INFO: [ app_end ] --START--
INFO: Run Behavior\ShowPageTraceBehavior [ RunTime:0.001361s ]
INFO: [ app_end ] --END-- [ RunTime:0.001427s ]

[ 2018-03-21T22:26:10+08:00 ] ::1 /mc/index.php?s=/super/WealthDetailed/userChargeHistory.html
INFO: [ app_init ] --START--
INFO: Run Behavior\BuildLiteBehavior [ RunTime:0.000017s ]
INFO: [ app_init ] --END-- [ RunTime:0.001244s ]
INFO: [ app_begin ] --START--
INFO: Run Behavior\ReadHtmlCacheBehavior [ RunTime:0.001089s ]
INFO: [ app_begin ] --END-- [ RunTime:0.001158s ]
SQL: SHOW COLUMNS FROM `syd_charge` [ RunTime:0.0309s ]
SQL: SELECT COUNT(*) AS tp_count FROM `syd_charge` LIMIT 1   [ RunTime:0.0005s ]
NOTIC: [2] Missing argument 2 for Think\Page::setConfig(), called in D:\xampp\htdocs\mc\game\Common\Common\function.php on line 176 and defined D:\xampp\htdocs\mc\ThinkPHP\Library\Think\Page.class.php 第 58 行.
NOTIC: [2] Illegal offset type in isset or empty D:\xampp\htdocs\mc\ThinkPHP\Library\Think\Page.class.php 第 59 行.
SQL: SELECT `id`,`uid`,`phone`,`money`,`time`,`status` FROM `syd_charge` ORDER BY id desc  LIMIT 0,10   [ RunTime:0.0019s ]
INFO: [ view_parse ] --START--
INFO: [ template_filter ] --START--
INFO: Run Behavior\ContentReplaceBehavior [ RunTime:0.000219s ]
INFO: [ template_filter ] --END-- [ RunTime:0.000498s ]
INFO: Run Behavior\ParseTemplateBehavior [ RunTime:0.023942s ]
INFO: [ view_parse ] --END-- [ RunTime:0.024172s ]
INFO: [ view_filter ] --START--
INFO: Run Behavior\WriteHtmlCacheBehavior [ RunTime:0.001043s ]
INFO: [ view_filter ] --END-- [ RunTime:0.001107s ]
INFO: [ app_end ] --START--
INFO: Run Behavior\ShowPageTraceBehavior [ RunTime:0.001201s ]
INFO: [ app_end ] --END-- [ RunTime:0.001260s ]

[ 2018-03-21T22:26:12+08:00 ] ::1 /mc/index.php?s=/super/WealthDetailed/remittanceHistory.html
INFO: [ app_init ] --START--
INFO: Run Behavior\BuildLiteBehavior [ RunTime:0.000025s ]
INFO: [ app_init ] --END-- [ RunTime:0.003209s ]
INFO: [ app_begin ] --START--
INFO: Run Behavior\ReadHtmlCacheBehavior [ RunTime:0.001153s ]
INFO: [ app_begin ] --END-- [ RunTime:0.001260s ]
SQL: SHOW COLUMNS FROM `syd_remittance` [ RunTime:0.0228s ]
SQL: SELECT COUNT(*) AS tp_count FROM `syd_remittance` LIMIT 1   [ RunTime:0.0005s ]
NOTIC: [2] Missing argument 2 for Think\Page::setConfig(), called in D:\xampp\htdocs\mc\game\Common\Common\function.php on line 176 and defined D:\xampp\htdocs\mc\ThinkPHP\Library\Think\Page.class.php 第 58 行.
NOTIC: [2] Illegal offset type in isset or empty D:\xampp\htdocs\mc\ThinkPHP\Library\Think\Page.class.php 第 59 行.
SQL: SELECT `id`,`receivables_account`,`receivables_username`,`remittance_money`,`remittance_bank`,`remittance_user` FROM `syd_remittance` ORDER BY id desc  LIMIT 0,10   [ RunTime:0.0008s ]
INFO: [ view_parse ] --START--
INFO: [ template_filter ] --START--
INFO: Run Behavior\ContentReplaceBehavior [ RunTime:0.000055s ]
INFO: [ template_filter ] --END-- [ RunTime:0.000118s ]
NOTIC: [8] Undefined index: time D:\xampp\htdocs\mc\game\Runtime\Cache\Admin\9dd062dd437bc2c4eebb5ea28b204b3d.php 第 65 行.
INFO: Run Behavior\ParseTemplateBehavior [ RunTime:0.020261s ]
INFO: [ view_parse ] --END-- [ RunTime:0.020557s ]
INFO: [ view_filter ] --START--
INFO: Run Behavior\WriteHtmlCacheBehavior [ RunTime:0.001808s ]
INFO: [ view_filter ] --END-- [ RunTime:0.001901s ]
INFO: [ app_end ] --START--
INFO: Run Behavior\ShowPageTraceBehavior [ RunTime:0.002342s ]
INFO: [ app_end ] --END-- [ RunTime:0.002505s ]

[ 2018-03-21T22:26:13+08:00 ] ::1 /mc/index.php?s=/super/WealthDetailed/cashHistory.html
INFO: [ app_init ] --START--
INFO: Run Behavior\BuildLiteBehavior [ RunTime:0.000021s ]
INFO: [ app_init ] --END-- [ RunTime:0.001297s ]
INFO: [ app_begin ] --START--
INFO: Run Behavior\ReadHtmlCacheBehavior [ RunTime:0.001257s ]
INFO: [ app_begin ] --END-- [ RunTime:0.001338s ]
SQL: SHOW COLUMNS FROM `syd_withdraw` [ RunTime:0.0214s ]
SQL: SELECT COUNT(*) AS tp_count FROM `syd_withdraw` LIMIT 1   [ RunTime:0.0007s ]
NOTIC: [2] Missing argument 2 for Think\Page::setConfig(), called in D:\xampp\htdocs\mc\game\Common\Common\function.php on line 176 and defined D:\xampp\htdocs\mc\ThinkPHP\Library\Think\Page.class.php 第 58 行.
NOTIC: [2] Illegal offset type in isset or empty D:\xampp\htdocs\mc\ThinkPHP\Library\Think\Page.class.php 第 59 行.
SQL: SELECT `id`,`uid`,`realname`,`bank_name`,`bank_address`,`bank_card`,`money`,`status`,`time`,`reason`,`charge` FROM `syd_withdraw` ORDER BY id desc  LIMIT 0,10   [ RunTime:0.0013s ]
SQL: SHOW COLUMNS FROM `syd_user` [ RunTime:0.0274s ]
SQL: SELECT * FROM `syd_user` WHERE ( userid=194 ) LIMIT 1   [ RunTime:0.0009s ]
SQL: SELECT * FROM `syd_user` WHERE ( userid=196 ) LIMIT 1   [ RunTime:0.0007s ]
SQL: SELECT * FROM `syd_user` WHERE ( userid=204 ) LIMIT 1   [ RunTime:0.0007s ]
SQL: SELECT * FROM `syd_user` WHERE ( userid=193 ) LIMIT 1   [ RunTime:0.0007s ]
SQL: SELECT * FROM `syd_user` WHERE ( userid=194 ) LIMIT 1   [ RunTime:0.0008s ]
SQL: SELECT * FROM `syd_user` WHERE ( userid=199 ) LIMIT 1   [ RunTime:0.0021s ]
SQL: SELECT * FROM `syd_user` WHERE ( userid=190 ) LIMIT 1   [ RunTime:0.0010s ]
SQL: SELECT * FROM `syd_user` WHERE ( userid=198 ) LIMIT 1   [ RunTime:0.0014s ]
SQL: SELECT * FROM `syd_user` WHERE ( userid=199 ) LIMIT 1   [ RunTime:0.0011s ]
SQL: SELECT * FROM `syd_user` WHERE ( userid=194 ) LIMIT 1   [ RunTime:0.0021s ]
INFO: [ view_parse ] --START--
INFO: [ template_filter ] --START--
INFO: Run Behavior\ContentReplaceBehavior [ RunTime:0.000059s ]
INFO: [ template_filter ] --END-- [ RunTime:0.000145s ]
INFO: Run Behavior\ParseTemplateBehavior [ RunTime:0.020085s ]
INFO: [ view_parse ] --END-- [ RunTime:0.020225s ]
INFO: [ view_filter ] --START--
INFO: Run Behavior\WriteHtmlCacheBehavior [ RunTime:0.002663s ]
INFO: [ view_filter ] --END-- [ RunTime:0.002815s ]
INFO: [ app_end ] --START--
INFO: Run Behavior\ShowPageTraceBehavior [ RunTime:0.002951s ]
INFO: [ app_end ] --END-- [ RunTime:0.003084s ]

[ 2018-03-21T22:26:16+08:00 ] ::1 /mc/index.php?s=/super/NoticControl/addNoticePage.html
INFO: [ app_init ] --START--
INFO: Run Behavior\BuildLiteBehavior [ RunTime:0.000013s ]
INFO: [ app_init ] --END-- [ RunTime:0.000742s ]
INFO: [ app_begin ] --START--
INFO: Run Behavior\ReadHtmlCacheBehavior [ RunTime:0.001511s ]
INFO: [ app_begin ] --END-- [ RunTime:0.001642s ]
INFO: [ view_parse ] --START--
INFO: [ template_filter ] --START--
INFO: Run Behavior\ContentReplaceBehavior [ RunTime:0.000069s ]
INFO: [ template_filter ] --END-- [ RunTime:0.000154s ]
INFO: Run Behavior\ParseTemplateBehavior [ RunTime:0.019153s ]
INFO: [ view_parse ] --END-- [ RunTime:0.019461s ]
INFO: [ view_filter ] --START--
INFO: Run Behavior\WriteHtmlCacheBehavior [ RunTime:0.002698s ]
INFO: [ view_filter ] --END-- [ RunTime:0.002819s ]
INFO: [ app_end ] --START--
INFO: Run Behavior\ShowPageTraceBehavior [ RunTime:0.001205s ]
INFO: [ app_end ] --END-- [ RunTime:0.001255s ]

[ 2018-03-21T22:26:17+08:00 ] ::1 /mc/index.php?s=/super/NoticControl/noticeListPage.html
INFO: [ app_init ] --START--
INFO: Run Behavior\BuildLiteBehavior [ RunTime:0.000038s ]
INFO: [ app_init ] --END-- [ RunTime:0.002187s ]
INFO: [ app_begin ] --START--
INFO: Run Behavior\ReadHtmlCacheBehavior [ RunTime:0.002955s ]
INFO: [ app_begin ] --END-- [ RunTime:0.004379s ]
SQL: SHOW COLUMNS FROM `syd_new` [ RunTime:0.0394s ]
SQL: SELECT COUNT(*) AS tp_count FROM `syd_new` LIMIT 1   [ RunTime:0.0010s ]
NOTIC: [2] Missing argument 2 for Think\Page::setConfig(), called in D:\xampp\htdocs\mc\game\Common\Common\function.php on line 176 and defined D:\xampp\htdocs\mc\ThinkPHP\Library\Think\Page.class.php 第 58 行.
NOTIC: [2] Illegal offset type in isset or empty D:\xampp\htdocs\mc\ThinkPHP\Library\Think\Page.class.php 第 59 行.
SQL: SELECT `id`,`title`,`content`,`add_time` FROM `syd_new` ORDER BY id desc  LIMIT 0,10   [ RunTime:0.0012s ]
INFO: [ view_parse ] --START--
INFO: [ template_filter ] --START--
INFO: Run Behavior\ContentReplaceBehavior [ RunTime:0.000202s ]
INFO: [ template_filter ] --END-- [ RunTime:0.000400s ]
INFO: Run Behavior\ParseTemplateBehavior [ RunTime:0.030292s ]
INFO: [ view_parse ] --END-- [ RunTime:0.030511s ]
INFO: [ view_filter ] --START--
INFO: Run Behavior\WriteHtmlCacheBehavior [ RunTime:0.002109s ]
INFO: [ view_filter ] --END-- [ RunTime:0.002242s ]
INFO: [ app_end ] --START--
INFO: Run Behavior\ShowPageTraceBehavior [ RunTime:0.006767s ]
INFO: [ app_end ] --END-- [ RunTime:0.006910s ]

[ 2018-03-21T22:26:18+08:00 ] ::1 /mc/index.php?s=/super/NoticControl/emailToUserListPage.html
INFO: [ app_init ] --START--
INFO: Run Behavior\BuildLiteBehavior [ RunTime:0.000025s ]
INFO: [ app_init ] --END-- [ RunTime:0.003636s ]
INFO: [ app_begin ] --START--
INFO: Run Behavior\ReadHtmlCacheBehavior [ RunTime:0.001473s ]
INFO: [ app_begin ] --END-- [ RunTime:0.001565s ]
SQL: SHOW COLUMNS FROM `syd_useremail` [ RunTime:0.0256s ]
SQL: SELECT COUNT(*) AS tp_count FROM `syd_useremail` LIMIT 1   [ RunTime:0.0013s ]
NOTIC: [2] Missing argument 2 for Think\Page::setConfig(), called in D:\xampp\htdocs\mc\game\Common\Common\function.php on line 176 and defined D:\xampp\htdocs\mc\ThinkPHP\Library\Think\Page.class.php 第 58 行.
NOTIC: [2] Illegal offset type in isset or empty D:\xampp\htdocs\mc\ThinkPHP\Library\Think\Page.class.php 第 59 行.
SQL: SELECT `id`,`sp_id`,`title`,`content`,`time`,`status`,`uid` FROM `syd_useremail` ORDER BY id desc  LIMIT 0,10   [ RunTime:0.0008s ]
INFO: [ view_parse ] --START--
INFO: [ template_filter ] --START--
INFO: Run Behavior\ContentReplaceBehavior [ RunTime:0.000070s ]
INFO: [ template_filter ] --END-- [ RunTime:0.000172s ]
INFO: Run Behavior\ParseTemplateBehavior [ RunTime:0.023295s ]
INFO: [ view_parse ] --END-- [ RunTime:0.023509s ]
INFO: [ view_filter ] --START--
INFO: Run Behavior\WriteHtmlCacheBehavior [ RunTime:0.002630s ]
INFO: [ view_filter ] --END-- [ RunTime:0.002725s ]
INFO: [ app_end ] --START--
INFO: Run Behavior\ShowPageTraceBehavior [ RunTime:0.003963s ]
INFO: [ app_end ] --END-- [ RunTime:0.004037s ]

